[2024-12-09T21:02:15.207+0000] {local_task_job_runner.py:123} INFO - ::group::Pre task execution logs
[2024-12-09T21:02:15.222+0000] {taskinstance.py:2613} INFO - Dependencies all met for dep_context=non-requeueable deps ti=<TaskInstance: etl_data_pipeline_mongodb_complex.send_email_on_success manual__2024-12-09T21:01:59.078708+00:00 [queued]>
[2024-12-09T21:02:15.228+0000] {taskinstance.py:2613} INFO - Dependencies all met for dep_context=requeueable deps ti=<TaskInstance: etl_data_pipeline_mongodb_complex.send_email_on_success manual__2024-12-09T21:01:59.078708+00:00 [queued]>
[2024-12-09T21:02:15.229+0000] {taskinstance.py:2866} INFO - Starting attempt 1 of 2
[2024-12-09T21:02:15.239+0000] {taskinstance.py:2889} INFO - Executing <Task(EmailOperator): send_email_on_success> on 2024-12-09 21:01:59.078708+00:00
[2024-12-09T21:02:15.246+0000] {warnings.py:112} WARNING - /home/***/.local/lib/python3.12/site-packages/***/task/task_runner/standard_task_runner.py:70: DeprecationWarning: This process (pid=163) is multi-threaded, use of fork() may lead to deadlocks in the child.
  pid = os.fork()

[2024-12-09T21:02:15.248+0000] {standard_task_runner.py:72} INFO - Started process 165 to run task
[2024-12-09T21:02:15.248+0000] {standard_task_runner.py:104} INFO - Running: ['***', 'tasks', 'run', 'etl_data_pipeline_mongodb_complex', 'send_email_on_success', 'manual__2024-12-09T21:01:59.078708+00:00', '--job-id', '357', '--raw', '--subdir', 'DAGS_FOLDER/etl_data_pipeline_mongodb_complex.py', '--cfg-path', '/tmp/tmps4hqqb4w']
[2024-12-09T21:02:15.249+0000] {standard_task_runner.py:105} INFO - Job 357: Subtask send_email_on_success
[2024-12-09T21:02:15.292+0000] {task_command.py:467} INFO - Running <TaskInstance: etl_data_pipeline_mongodb_complex.send_email_on_success manual__2024-12-09T21:01:59.078708+00:00 [running]> on host 90de14a479be
[2024-12-09T21:02:15.544+0000] {taskinstance.py:3132} INFO - Exporting env vars: AIRFLOW_CTX_DAG_OWNER='***' AIRFLOW_CTX_DAG_ID='etl_data_pipeline_mongodb_complex' AIRFLOW_CTX_TASK_ID='send_email_on_success' AIRFLOW_CTX_EXECUTION_DATE='2024-12-09T21:01:59.078708+00:00' AIRFLOW_CTX_TRY_NUMBER='1' AIRFLOW_CTX_DAG_RUN_ID='manual__2024-12-09T21:01:59.078708+00:00'
[2024-12-09T21:02:15.545+0000] {logging_mixin.py:190} INFO - Task instance is in running state
[2024-12-09T21:02:15.545+0000] {logging_mixin.py:190} INFO -  Previous state of the Task instance: queued
[2024-12-09T21:02:15.546+0000] {logging_mixin.py:190} INFO - Current task name:send_email_on_success state:running start_date:2024-12-09 21:02:15.222833+00:00
[2024-12-09T21:02:15.546+0000] {logging_mixin.py:190} INFO - Dag name:etl_data_pipeline_mongodb_complex and current dag run status:running
[2024-12-09T21:02:15.547+0000] {taskinstance.py:731} INFO - ::endgroup::
[2024-12-09T21:02:15.554+0000] {warnings.py:112} WARNING - /home/***/.local/lib/python3.12/site-packages/***/utils/email.py:155: RemovedInAirflow3Warning: Fetching SMTP credentials from configuration variables will be deprecated in a future release. Please set credentials using a connection instead.
  send_mime_email(e_from=mail_from, e_to=recipients, mime_msg=msg, conn_id=conn_id, dryrun=dryrun)

[2024-12-09T21:02:15.555+0000] {configuration.py:1073} WARNING - section/key [smtp/smtp_user] not found in config
[2024-12-09T21:02:15.555+0000] {email.py:272} INFO - Email alerting: attempt 1
[2024-12-09T21:02:15.659+0000] {email.py:283} INFO - Sent an alert email to ['bigdata@ismagi.net']
[2024-12-09T21:02:15.672+0000] {taskinstance.py:340} INFO - ::group::Post task execution logs
[2024-12-09T21:02:15.673+0000] {taskinstance.py:352} INFO - Marking task as SUCCESS. dag_id=etl_data_pipeline_mongodb_complex, task_id=send_email_on_success, run_id=manual__2024-12-09T21:01:59.078708+00:00, execution_date=20241209T210159, start_date=20241209T210215, end_date=20241209T210215
[2024-12-09T21:02:15.681+0000] {logging_mixin.py:190} INFO - Task instance in success state
[2024-12-09T21:02:15.681+0000] {logging_mixin.py:190} INFO -  Previous state of the Task instance: running
[2024-12-09T21:02:15.682+0000] {logging_mixin.py:190} INFO - Dag name:etl_data_pipeline_mongodb_complex queued_at:2024-12-09 21:01:59.094001+00:00
[2024-12-09T21:02:15.682+0000] {logging_mixin.py:190} INFO - Task hostname:90de14a479be operator:EmailOperator
[2024-12-09T21:02:15.703+0000] {local_task_job_runner.py:266} INFO - Task exited with return code 0
[2024-12-09T21:02:15.853+0000] {taskinstance.py:3895} INFO - 0 downstream tasks scheduled from follow-on schedule check
[2024-12-09T21:02:15.856+0000] {local_task_job_runner.py:245} INFO - ::endgroup::
