[2024-12-07T20:07:18.882+0000] {local_task_job_runner.py:123} INFO - ::group::Pre task execution logs
[2024-12-07T20:07:18.894+0000] {taskinstance.py:2613} INFO - Dependencies all met for dep_context=non-requeueable deps ti=<TaskInstance: etl_data_pipeline.transform_data scheduled__2024-12-06T00:00:00+00:00 [queued]>
[2024-12-07T20:07:18.900+0000] {taskinstance.py:2613} INFO - Dependencies all met for dep_context=requeueable deps ti=<TaskInstance: etl_data_pipeline.transform_data scheduled__2024-12-06T00:00:00+00:00 [queued]>
[2024-12-07T20:07:18.901+0000] {taskinstance.py:2866} INFO - Starting attempt 1 of 2
[2024-12-07T20:07:18.912+0000] {taskinstance.py:2889} INFO - Executing <Task(PythonOperator): transform_data> on 2024-12-06 00:00:00+00:00
[2024-12-07T20:07:18.921+0000] {warnings.py:112} WARNING - /home/***/.local/lib/python3.12/site-packages/***/task/task_runner/standard_task_runner.py:70: DeprecationWarning: This process (pid=129) is multi-threaded, use of fork() may lead to deadlocks in the child.
  pid = os.fork()

[2024-12-07T20:07:18.922+0000] {standard_task_runner.py:72} INFO - Started process 150 to run task
[2024-12-07T20:07:18.922+0000] {standard_task_runner.py:104} INFO - Running: ['***', 'tasks', 'run', 'etl_data_pipeline', 'transform_data', 'scheduled__2024-12-06T00:00:00+00:00', '--job-id', '209', '--raw', '--subdir', 'DAGS_FOLDER/etl_data_pipeline.py', '--cfg-path', '/tmp/tmpqg5pyo46']
[2024-12-07T20:07:18.923+0000] {standard_task_runner.py:105} INFO - Job 209: Subtask transform_data
[2024-12-07T20:07:18.960+0000] {task_command.py:467} INFO - Running <TaskInstance: etl_data_pipeline.transform_data scheduled__2024-12-06T00:00:00+00:00 [running]> on host 8553af9ff67b
[2024-12-07T20:07:19.024+0000] {taskinstance.py:3132} INFO - Exporting env vars: AIRFLOW_CTX_DAG_OWNER='***' AIRFLOW_CTX_DAG_ID='etl_data_pipeline' AIRFLOW_CTX_TASK_ID='transform_data' AIRFLOW_CTX_EXECUTION_DATE='2024-12-06T00:00:00+00:00' AIRFLOW_CTX_TRY_NUMBER='1' AIRFLOW_CTX_DAG_RUN_ID='scheduled__2024-12-06T00:00:00+00:00'
[2024-12-07T20:07:19.026+0000] {logging_mixin.py:190} INFO - Task instance is in running state
[2024-12-07T20:07:19.027+0000] {logging_mixin.py:190} INFO -  Previous state of the Task instance: queued
[2024-12-07T20:07:19.027+0000] {logging_mixin.py:190} INFO - Current task name:transform_data state:running start_date:2024-12-07 20:07:18.895208+00:00
[2024-12-07T20:07:19.028+0000] {logging_mixin.py:190} INFO - Dag name:etl_data_pipeline and current dag run status:running
[2024-12-07T20:07:19.028+0000] {taskinstance.py:731} INFO - ::endgroup::
[2024-12-07T20:07:19.037+0000] {logging_mixin.py:190} INFO - Données brutes :
[2024-12-07T20:07:19.049+0000] {logging_mixin.py:190} INFO -    Index   Height(Inches)"   "Weight(Pounds)"
0      1             65.78             112.99
1      2             71.52             136.49
2      3             69.40             153.03
3      4             68.22             142.34
4      5             67.79             144.30
[2024-12-07T20:07:19.055+0000] {logging_mixin.py:190} INFO - Données nettoyées et sauvegardées sous /tmp/cleaned_data.csv
[2024-12-07T20:07:19.056+0000] {python.py:240} INFO - Done. Returned value was: None
[2024-12-07T20:07:19.064+0000] {taskinstance.py:340} INFO - ::group::Post task execution logs
[2024-12-07T20:07:19.065+0000] {taskinstance.py:352} INFO - Marking task as SUCCESS. dag_id=etl_data_pipeline, task_id=transform_data, run_id=scheduled__2024-12-06T00:00:00+00:00, execution_date=20241206T000000, start_date=20241207T200718, end_date=20241207T200719
[2024-12-07T20:07:19.073+0000] {logging_mixin.py:190} INFO - Task instance in success state
[2024-12-07T20:07:19.073+0000] {logging_mixin.py:190} INFO -  Previous state of the Task instance: running
[2024-12-07T20:07:19.074+0000] {logging_mixin.py:190} INFO - Dag name:etl_data_pipeline queued_at:2024-12-07 20:07:06.981416+00:00
[2024-12-07T20:07:19.074+0000] {logging_mixin.py:190} INFO - Task hostname:8553af9ff67b operator:PythonOperator
[2024-12-07T20:07:19.097+0000] {local_task_job_runner.py:266} INFO - Task exited with return code 0
[2024-12-07T20:07:19.114+0000] {taskinstance.py:3895} INFO - 1 downstream tasks scheduled from follow-on schedule check
[2024-12-07T20:07:19.116+0000] {local_task_job_runner.py:245} INFO - ::endgroup::
