[2024-12-07T20:07:21.609+0000] {local_task_job_runner.py:123} INFO - ::group::Pre task execution logs
[2024-12-07T20:07:21.633+0000] {taskinstance.py:2613} INFO - Dependencies all met for dep_context=non-requeueable deps ti=<TaskInstance: example_branch_python_operator_decorator.branching_ext_python scheduled__2024-12-03T00:00:00+00:00 [queued]>
[2024-12-07T20:07:21.644+0000] {taskinstance.py:2613} INFO - Dependencies all met for dep_context=requeueable deps ti=<TaskInstance: example_branch_python_operator_decorator.branching_ext_python scheduled__2024-12-03T00:00:00+00:00 [queued]>
[2024-12-07T20:07:21.645+0000] {taskinstance.py:2866} INFO - Starting attempt 1 of 1
[2024-12-07T20:07:21.663+0000] {taskinstance.py:2889} INFO - Executing <Task(_BranchExternalPythonDecoratedOperator): branching_ext_python> on 2024-12-03 00:00:00+00:00
[2024-12-07T20:07:21.672+0000] {warnings.py:112} WARNING - /home/***/.local/lib/python3.12/site-packages/***/task/task_runner/standard_task_runner.py:70: DeprecationWarning: This process (pid=164) is multi-threaded, use of fork() may lead to deadlocks in the child.
  pid = os.fork()

[2024-12-07T20:07:21.675+0000] {standard_task_runner.py:72} INFO - Started process 176 to run task
[2024-12-07T20:07:21.676+0000] {standard_task_runner.py:104} INFO - Running: ['***', 'tasks', 'run', 'example_branch_python_operator_decorator', 'branching_ext_python', 'scheduled__2024-12-03T00:00:00+00:00', '--job-id', '215', '--raw', '--subdir', '/home/***/.local/lib/python3.12/site-packages/***/example_dags/example_branch_operator_decorator.py', '--cfg-path', '/tmp/tmpi7oy7ria']
[2024-12-07T20:07:21.677+0000] {standard_task_runner.py:105} INFO - Job 215: Subtask branching_ext_python
[2024-12-07T20:07:21.742+0000] {task_command.py:467} INFO - Running <TaskInstance: example_branch_python_operator_decorator.branching_ext_python scheduled__2024-12-03T00:00:00+00:00 [running]> on host 8553af9ff67b
[2024-12-07T20:07:21.843+0000] {taskinstance.py:3132} INFO - Exporting env vars: AIRFLOW_CTX_DAG_OWNER='***' AIRFLOW_CTX_DAG_ID='example_branch_python_operator_decorator' AIRFLOW_CTX_TASK_ID='branching_ext_python' AIRFLOW_CTX_EXECUTION_DATE='2024-12-03T00:00:00+00:00' AIRFLOW_CTX_TRY_NUMBER='1' AIRFLOW_CTX_DAG_RUN_ID='scheduled__2024-12-03T00:00:00+00:00'
[2024-12-07T20:07:21.845+0000] {logging_mixin.py:190} INFO - Task instance is in running state
[2024-12-07T20:07:21.845+0000] {logging_mixin.py:190} INFO -  Previous state of the Task instance: queued
[2024-12-07T20:07:21.846+0000] {logging_mixin.py:190} INFO - Current task name:branching_ext_python state:running start_date:2024-12-07 20:07:21.634225+00:00
[2024-12-07T20:07:21.846+0000] {logging_mixin.py:190} INFO - Dag name:example_branch_python_operator_decorator and current dag run status:running
[2024-12-07T20:07:21.847+0000] {taskinstance.py:731} INFO - ::endgroup::
[2024-12-07T20:07:22.294+0000] {python.py:513} INFO - Use 'pickle' as serializer.
[2024-12-07T20:07:22.301+0000] {process_utils.py:186} INFO - Executing cmd: /home/***/.local/bin/python /tmp/venv-call0r1eu1v1/script.py /tmp/venv-call0r1eu1v1/script.in /tmp/venv-call0r1eu1v1/script.out /tmp/venv-call0r1eu1v1/string_args.txt /tmp/venv-call0r1eu1v1/termination.log
[2024-12-07T20:07:22.302+0000] {process_utils.py:190} INFO - Output:
[2024-12-07T20:07:23.626+0000] {process_utils.py:194} INFO - /home/***/.local/lib/python3.12/site-packages/***/configuration.py:859 FutureWarning: section/key [core/sql_alchemy_conn] has been deprecated, you should use[database/sql_alchemy_conn] instead. Please update your `conf.get*` call to use the new name
[2024-12-07T20:07:24.961+0000] {python.py:240} INFO - Done. Returned value was: ext_py_d
[2024-12-07T20:07:24.962+0000] {branch.py:38} INFO - Branch into ext_py_d
[2024-12-07T20:07:24.963+0000] {skipmixin.py:230} INFO - Following branch ('ext_py_d',)
[2024-12-07T20:07:24.975+0000] {skipmixin.py:278} INFO - Skipping tasks [('ext_py_c', -1), ('ext_py_a', -1), ('ext_py_b', -1)]
[2024-12-07T20:07:25.000+0000] {taskinstance.py:340} INFO - ::group::Post task execution logs
[2024-12-07T20:07:25.001+0000] {taskinstance.py:352} INFO - Marking task as SUCCESS. dag_id=example_branch_python_operator_decorator, task_id=branching_ext_python, run_id=scheduled__2024-12-03T00:00:00+00:00, execution_date=20241203T000000, start_date=20241207T200721, end_date=20241207T200725
[2024-12-07T20:07:25.008+0000] {logging_mixin.py:190} INFO - Task instance in success state
[2024-12-07T20:07:25.009+0000] {logging_mixin.py:190} INFO -  Previous state of the Task instance: running
[2024-12-07T20:07:25.009+0000] {logging_mixin.py:190} INFO - Dag name:example_branch_python_operator_decorator queued_at:2024-12-07 20:07:05.619403+00:00
[2024-12-07T20:07:25.009+0000] {logging_mixin.py:190} INFO - Task hostname:8553af9ff67b operator:_BranchExternalPythonDecoratedOperator
[2024-12-07T20:07:25.020+0000] {local_task_job_runner.py:266} INFO - Task exited with return code 0
[2024-12-07T20:07:25.046+0000] {taskinstance.py:3895} INFO - 1 downstream tasks scheduled from follow-on schedule check
[2024-12-07T20:07:25.049+0000] {local_task_job_runner.py:245} INFO - ::endgroup::
