[2024-12-07T20:07:14.549+0000] {local_task_job_runner.py:123} INFO - ::group::Pre task execution logs
[2024-12-07T20:07:14.573+0000] {taskinstance.py:2613} INFO - Dependencies all met for dep_context=non-requeueable deps ti=<TaskInstance: conditional_dataset_and_time_based_timetable.conditional_dataset_and_time_based_timetable scheduled__2024-12-04T01:00:00+00:00 [queued]>
[2024-12-07T20:07:14.584+0000] {taskinstance.py:2613} INFO - Dependencies all met for dep_context=requeueable deps ti=<TaskInstance: conditional_dataset_and_time_based_timetable.conditional_dataset_and_time_based_timetable scheduled__2024-12-04T01:00:00+00:00 [queued]>
[2024-12-07T20:07:14.585+0000] {taskinstance.py:2866} INFO - Starting attempt 1 of 1
[2024-12-07T20:07:14.608+0000] {taskinstance.py:2889} INFO - Executing <Task(BashOperator): conditional_dataset_and_time_based_timetable> on 2024-12-04 01:00:00+00:00
[2024-12-07T20:07:14.625+0000] {warnings.py:112} WARNING - /home/***/.local/lib/python3.12/site-packages/***/task/task_runner/standard_task_runner.py:70: DeprecationWarning: This process (pid=82) is multi-threaded, use of fork() may lead to deadlocks in the child.
  pid = os.fork()

[2024-12-07T20:07:14.628+0000] {standard_task_runner.py:72} INFO - Started process 94 to run task
[2024-12-07T20:07:14.628+0000] {standard_task_runner.py:104} INFO - Running: ['***', 'tasks', 'run', 'conditional_dataset_and_time_based_timetable', 'conditional_dataset_and_time_based_timetable', 'scheduled__2024-12-04T01:00:00+00:00', '--job-id', '199', '--raw', '--subdir', '/home/***/.local/lib/python3.12/site-packages/***/example_dags/example_datasets.py', '--cfg-path', '/tmp/tmpue331pof']
[2024-12-07T20:07:14.630+0000] {standard_task_runner.py:105} INFO - Job 199: Subtask conditional_dataset_and_time_based_timetable
[2024-12-07T20:07:14.707+0000] {task_command.py:467} INFO - Running <TaskInstance: conditional_dataset_and_time_based_timetable.conditional_dataset_and_time_based_timetable scheduled__2024-12-04T01:00:00+00:00 [running]> on host 8553af9ff67b
[2024-12-07T20:07:15.220+0000] {taskinstance.py:3132} INFO - Exporting env vars: AIRFLOW_CTX_DAG_OWNER='***' AIRFLOW_CTX_DAG_ID='conditional_dataset_and_time_based_timetable' AIRFLOW_CTX_TASK_ID='conditional_dataset_and_time_based_timetable' AIRFLOW_CTX_EXECUTION_DATE='2024-12-04T01:00:00+00:00' AIRFLOW_CTX_TRY_NUMBER='1' AIRFLOW_CTX_DAG_RUN_ID='scheduled__2024-12-04T01:00:00+00:00'
[2024-12-07T20:07:15.222+0000] {logging_mixin.py:190} INFO - Task instance is in running state
[2024-12-07T20:07:15.222+0000] {logging_mixin.py:190} INFO -  Previous state of the Task instance: queued
[2024-12-07T20:07:15.223+0000] {logging_mixin.py:190} INFO - Current task name:conditional_dataset_and_time_based_timetable state:running start_date:2024-12-07 20:07:14.573913+00:00
[2024-12-07T20:07:15.223+0000] {logging_mixin.py:190} INFO - Dag name:conditional_dataset_and_time_based_timetable and current dag run status:running
[2024-12-07T20:07:15.224+0000] {taskinstance.py:731} INFO - ::endgroup::
[2024-12-07T20:07:15.225+0000] {subprocess.py:78} INFO - Tmp dir root location: /tmp
[2024-12-07T20:07:15.226+0000] {subprocess.py:88} INFO - Running command: ['/usr/bin/bash', '-c', 'sleep 5']
[2024-12-07T20:07:15.242+0000] {subprocess.py:99} INFO - Output:
[2024-12-07T20:07:20.247+0000] {subprocess.py:110} INFO - Command exited with return code 0
[2024-12-07T20:07:20.305+0000] {taskinstance.py:340} INFO - ::group::Post task execution logs
[2024-12-07T20:07:20.307+0000] {taskinstance.py:352} INFO - Marking task as SUCCESS. dag_id=conditional_dataset_and_time_based_timetable, task_id=conditional_dataset_and_time_based_timetable, run_id=scheduled__2024-12-04T01:00:00+00:00, execution_date=20241204T010000, start_date=20241207T200714, end_date=20241207T200720
[2024-12-07T20:07:20.355+0000] {logging_mixin.py:190} INFO - Task instance in success state
[2024-12-07T20:07:20.356+0000] {logging_mixin.py:190} INFO -  Previous state of the Task instance: running
[2024-12-07T20:07:20.357+0000] {logging_mixin.py:190} INFO - Dag name:conditional_dataset_and_time_based_timetable queued_at:2024-12-07 20:07:06.369567+00:00
[2024-12-07T20:07:20.358+0000] {logging_mixin.py:190} INFO - Task hostname:8553af9ff67b operator:BashOperator
[2024-12-07T20:07:20.387+0000] {local_task_job_runner.py:266} INFO - Task exited with return code 0
[2024-12-07T20:07:20.661+0000] {taskinstance.py:3895} INFO - 0 downstream tasks scheduled from follow-on schedule check
[2024-12-07T20:07:20.663+0000] {local_task_job_runner.py:245} INFO - ::endgroup::
