[2024-12-09T20:31:16.767+0000] {local_task_job_runner.py:123} INFO - ::group::Pre task execution logs
[2024-12-09T20:31:16.781+0000] {taskinstance.py:2613} INFO - Dependencies all met for dep_context=non-requeueable deps ti=<TaskInstance: etl_data_pipeline_mongodb_complex.transform_data scheduled__2024-12-08T00:00:00+00:00 [queued]>
[2024-12-09T20:31:16.787+0000] {taskinstance.py:2613} INFO - Dependencies all met for dep_context=requeueable deps ti=<TaskInstance: etl_data_pipeline_mongodb_complex.transform_data scheduled__2024-12-08T00:00:00+00:00 [queued]>
[2024-12-09T20:31:16.787+0000] {taskinstance.py:2866} INFO - Starting attempt 1 of 2
[2024-12-09T20:31:16.798+0000] {taskinstance.py:2889} INFO - Executing <Task(PythonOperator): transform_data> on 2024-12-08 00:00:00+00:00
[2024-12-09T20:31:16.805+0000] {warnings.py:112} WARNING - /home/***/.local/lib/python3.12/site-packages/***/task/task_runner/standard_task_runner.py:70: DeprecationWarning: This process (pid=476) is multi-threaded, use of fork() may lead to deadlocks in the child.
  pid = os.fork()

[2024-12-09T20:31:16.807+0000] {standard_task_runner.py:72} INFO - Started process 479 to run task
[2024-12-09T20:31:16.807+0000] {standard_task_runner.py:104} INFO - Running: ['***', 'tasks', 'run', 'etl_data_pipeline_mongodb_complex', 'transform_data', 'scheduled__2024-12-08T00:00:00+00:00', '--job-id', '273', '--raw', '--subdir', 'DAGS_FOLDER/etl_data_pipeline_mongodb_complex.py', '--cfg-path', '/tmp/tmp5fg1q4zk']
[2024-12-09T20:31:16.808+0000] {standard_task_runner.py:105} INFO - Job 273: Subtask transform_data
[2024-12-09T20:31:16.850+0000] {task_command.py:467} INFO - Running <TaskInstance: etl_data_pipeline_mongodb_complex.transform_data scheduled__2024-12-08T00:00:00+00:00 [running]> on host 8553af9ff67b
[2024-12-09T20:31:17.117+0000] {taskinstance.py:3132} INFO - Exporting env vars: AIRFLOW_CTX_DAG_OWNER='***' AIRFLOW_CTX_DAG_ID='etl_data_pipeline_mongodb_complex' AIRFLOW_CTX_TASK_ID='transform_data' AIRFLOW_CTX_EXECUTION_DATE='2024-12-08T00:00:00+00:00' AIRFLOW_CTX_TRY_NUMBER='1' AIRFLOW_CTX_DAG_RUN_ID='scheduled__2024-12-08T00:00:00+00:00'
[2024-12-09T20:31:17.118+0000] {logging_mixin.py:190} INFO - Task instance is in running state
[2024-12-09T20:31:17.119+0000] {logging_mixin.py:190} INFO -  Previous state of the Task instance: queued
[2024-12-09T20:31:17.119+0000] {logging_mixin.py:190} INFO - Current task name:transform_data state:running start_date:2024-12-09 20:31:16.781774+00:00
[2024-12-09T20:31:17.120+0000] {logging_mixin.py:190} INFO - Dag name:etl_data_pipeline_mongodb_complex and current dag run status:running
[2024-12-09T20:31:17.120+0000] {taskinstance.py:731} INFO - ::endgroup::
[2024-12-09T20:31:17.130+0000] {logging_mixin.py:190} INFO - Données brutes combinées :
[2024-12-09T20:31:17.153+0000] {logging_mixin.py:190} INFO -   Month   "1958"   "1959"   "1960"  ...  "Test3"  "Test4"  "Final"  "Grade"
0   JAN    340.0    360.0    417.0  ...      NaN      NaN     None     None
1   FEB    318.0    342.0    391.0  ...      NaN      NaN     None     None
2   MAR    362.0    406.0    419.0  ...      NaN      NaN     None     None
3   APR    348.0    396.0    461.0  ...      NaN      NaN     None     None
4   MAY    363.0    420.0    472.0  ...      NaN      NaN     None     None

[5 rows x 13 columns]
[2024-12-09T20:31:17.155+0000] {logging_mixin.py:190} INFO - Données nettoyées et sauvegardées sous /tmp/cleaned_data.json
[2024-12-09T20:31:17.155+0000] {python.py:240} INFO - Done. Returned value was: {'nb_lignes': 0}
[2024-12-09T20:31:17.172+0000] {taskinstance.py:340} INFO - ::group::Post task execution logs
[2024-12-09T20:31:17.173+0000] {taskinstance.py:352} INFO - Marking task as SUCCESS. dag_id=etl_data_pipeline_mongodb_complex, task_id=transform_data, run_id=scheduled__2024-12-08T00:00:00+00:00, execution_date=20241208T000000, start_date=20241209T203116, end_date=20241209T203117
[2024-12-09T20:31:17.180+0000] {logging_mixin.py:190} INFO - Task instance in success state
[2024-12-09T20:31:17.181+0000] {logging_mixin.py:190} INFO -  Previous state of the Task instance: running
[2024-12-09T20:31:17.181+0000] {logging_mixin.py:190} INFO - Dag name:etl_data_pipeline_mongodb_complex queued_at:2024-12-09 20:31:07.094350+00:00
[2024-12-09T20:31:17.181+0000] {logging_mixin.py:190} INFO - Task hostname:8553af9ff67b operator:PythonOperator
[2024-12-09T20:31:17.222+0000] {local_task_job_runner.py:266} INFO - Task exited with return code 0
[2024-12-09T20:31:17.398+0000] {taskinstance.py:3895} INFO - 0 downstream tasks scheduled from follow-on schedule check
[2024-12-09T20:31:17.400+0000] {local_task_job_runner.py:245} INFO - ::endgroup::
