[2024-12-09T20:24:25.214+0000] {local_task_job_runner.py:123} INFO - ::group::Pre task execution logs
[2024-12-09T20:24:25.243+0000] {taskinstance.py:2613} INFO - Dependencies all met for dep_context=non-requeueable deps ti=<TaskInstance: tutorial.templated scheduled__2024-12-07T00:00:00+00:00 [queued]>
[2024-12-09T20:24:25.255+0000] {taskinstance.py:2613} INFO - Dependencies all met for dep_context=requeueable deps ti=<TaskInstance: tutorial.templated scheduled__2024-12-07T00:00:00+00:00 [queued]>
[2024-12-09T20:24:25.256+0000] {taskinstance.py:2866} INFO - Starting attempt 1 of 2
[2024-12-09T20:24:25.284+0000] {taskinstance.py:2889} INFO - Executing <Task(BashOperator): templated> on 2024-12-07 00:00:00+00:00
[2024-12-09T20:24:25.338+0000] {warnings.py:112} WARNING - /home/***/.local/lib/python3.12/site-packages/***/task/task_runner/standard_task_runner.py:70: DeprecationWarning: This process (pid=72) is multi-threaded, use of fork() may lead to deadlocks in the child.
  pid = os.fork()

[2024-12-09T20:24:25.342+0000] {standard_task_runner.py:72} INFO - Started process 97 to run task
[2024-12-09T20:24:25.346+0000] {standard_task_runner.py:104} INFO - Running: ['***', 'tasks', 'run', 'tutorial', 'templated', 'scheduled__2024-12-07T00:00:00+00:00', '--job-id', '241', '--raw', '--subdir', '/home/***/.local/lib/python3.12/site-packages/***/example_dags/tutorial.py', '--cfg-path', '/tmp/tmpl8myaahz']
[2024-12-09T20:24:25.350+0000] {standard_task_runner.py:105} INFO - Job 241: Subtask templated
[2024-12-09T20:24:25.469+0000] {task_command.py:467} INFO - Running <TaskInstance: tutorial.templated scheduled__2024-12-07T00:00:00+00:00 [running]> on host 8553af9ff67b
[2024-12-09T20:24:25.656+0000] {taskinstance.py:3132} INFO - Exporting env vars: AIRFLOW_CTX_DAG_EMAIL='***@example.com' AIRFLOW_CTX_DAG_OWNER='***' AIRFLOW_CTX_DAG_ID='tutorial' AIRFLOW_CTX_TASK_ID='templated' AIRFLOW_CTX_EXECUTION_DATE='2024-12-07T00:00:00+00:00' AIRFLOW_CTX_TRY_NUMBER='1' AIRFLOW_CTX_DAG_RUN_ID='scheduled__2024-12-07T00:00:00+00:00'
[2024-12-09T20:24:25.660+0000] {logging_mixin.py:190} INFO - Task instance is in running state
[2024-12-09T20:24:25.661+0000] {logging_mixin.py:190} INFO -  Previous state of the Task instance: queued
[2024-12-09T20:24:25.662+0000] {logging_mixin.py:190} INFO - Current task name:templated state:running start_date:2024-12-09 20:24:25.244096+00:00
[2024-12-09T20:24:25.663+0000] {logging_mixin.py:190} INFO - Dag name:tutorial and current dag run status:running
[2024-12-09T20:24:25.664+0000] {taskinstance.py:731} INFO - ::endgroup::
[2024-12-09T20:24:25.665+0000] {subprocess.py:78} INFO - Tmp dir root location: /tmp
[2024-12-09T20:24:25.668+0000] {subprocess.py:88} INFO - Running command: ['/usr/bin/bash', '-c', '\n\n    echo "2024-12-07"\n    echo "2024-12-14"\n\n    echo "2024-12-07"\n    echo "2024-12-14"\n\n    echo "2024-12-07"\n    echo "2024-12-14"\n\n    echo "2024-12-07"\n    echo "2024-12-14"\n\n    echo "2024-12-07"\n    echo "2024-12-14"\n']
[2024-12-09T20:24:25.710+0000] {subprocess.py:99} INFO - Output:
[2024-12-09T20:24:25.712+0000] {subprocess.py:106} INFO - 2024-12-07
[2024-12-09T20:24:25.713+0000] {subprocess.py:106} INFO - 2024-12-14
[2024-12-09T20:24:25.713+0000] {subprocess.py:106} INFO - 2024-12-07
[2024-12-09T20:24:25.715+0000] {subprocess.py:106} INFO - 2024-12-14
[2024-12-09T20:24:25.715+0000] {subprocess.py:106} INFO - 2024-12-07
[2024-12-09T20:24:25.716+0000] {subprocess.py:106} INFO - 2024-12-14
[2024-12-09T20:24:25.717+0000] {subprocess.py:106} INFO - 2024-12-07
[2024-12-09T20:24:25.718+0000] {subprocess.py:106} INFO - 2024-12-14
[2024-12-09T20:24:25.719+0000] {subprocess.py:106} INFO - 2024-12-07
[2024-12-09T20:24:25.719+0000] {subprocess.py:106} INFO - 2024-12-14
[2024-12-09T20:24:25.720+0000] {subprocess.py:110} INFO - Command exited with return code 0
[2024-12-09T20:24:25.799+0000] {taskinstance.py:340} INFO - ::group::Post task execution logs
[2024-12-09T20:24:25.800+0000] {taskinstance.py:352} INFO - Marking task as SUCCESS. dag_id=tutorial, task_id=templated, run_id=scheduled__2024-12-07T00:00:00+00:00, execution_date=20241207T000000, start_date=20241209T202425, end_date=20241209T202425
[2024-12-09T20:24:25.823+0000] {logging_mixin.py:190} INFO - Task instance in success state
[2024-12-09T20:24:25.824+0000] {logging_mixin.py:190} INFO -  Previous state of the Task instance: running
[2024-12-09T20:24:25.825+0000] {logging_mixin.py:190} INFO - Dag name:tutorial queued_at:2024-12-09 20:10:06.984912+00:00
[2024-12-09T20:24:25.826+0000] {logging_mixin.py:190} INFO - Task hostname:8553af9ff67b operator:BashOperator
[2024-12-09T20:24:25.858+0000] {local_task_job_runner.py:266} INFO - Task exited with return code 0
[2024-12-09T20:24:25.903+0000] {taskinstance.py:3895} INFO - 0 downstream tasks scheduled from follow-on schedule check
[2024-12-09T20:24:25.906+0000] {local_task_job_runner.py:245} INFO - ::endgroup::
