[2024-12-09T20:10:15.951+0000] {local_task_job_runner.py:123} INFO - ::group::Pre task execution logs
[2024-12-09T20:10:15.987+0000] {taskinstance.py:2613} INFO - Dependencies all met for dep_context=non-requeueable deps ti=<TaskInstance: example_branch_python_operator_decorator.branching_virtualenv scheduled__2024-12-06T00:00:00+00:00 [queued]>
[2024-12-09T20:10:16.011+0000] {taskinstance.py:2613} INFO - Dependencies all met for dep_context=requeueable deps ti=<TaskInstance: example_branch_python_operator_decorator.branching_virtualenv scheduled__2024-12-06T00:00:00+00:00 [queued]>
[2024-12-09T20:10:16.012+0000] {taskinstance.py:2866} INFO - Starting attempt 1 of 1
[2024-12-09T20:10:16.045+0000] {taskinstance.py:2889} INFO - Executing <Task(_BranchPythonVirtualenvDecoratedOperator): branching_virtualenv> on 2024-12-06 00:00:00+00:00
[2024-12-09T20:10:16.059+0000] {warnings.py:112} WARNING - /home/***/.local/lib/python3.12/site-packages/***/task/task_runner/standard_task_runner.py:70: DeprecationWarning: This process (pid=85) is multi-threaded, use of fork() may lead to deadlocks in the child.
  pid = os.fork()

[2024-12-09T20:10:16.062+0000] {standard_task_runner.py:72} INFO - Started process 112 to run task
[2024-12-09T20:10:16.064+0000] {standard_task_runner.py:104} INFO - Running: ['***', 'tasks', 'run', 'example_branch_python_operator_decorator', 'branching_virtualenv', 'scheduled__2024-12-06T00:00:00+00:00', '--job-id', '227', '--raw', '--subdir', '/home/***/.local/lib/python3.12/site-packages/***/example_dags/example_branch_operator_decorator.py', '--cfg-path', '/tmp/tmpq_aqpqjx']
[2024-12-09T20:10:16.066+0000] {standard_task_runner.py:105} INFO - Job 227: Subtask branching_virtualenv
[2024-12-09T20:10:16.151+0000] {task_command.py:467} INFO - Running <TaskInstance: example_branch_python_operator_decorator.branching_virtualenv scheduled__2024-12-06T00:00:00+00:00 [running]> on host 8553af9ff67b
[2024-12-09T20:10:16.314+0000] {taskinstance.py:3132} INFO - Exporting env vars: AIRFLOW_CTX_DAG_OWNER='***' AIRFLOW_CTX_DAG_ID='example_branch_python_operator_decorator' AIRFLOW_CTX_TASK_ID='branching_virtualenv' AIRFLOW_CTX_EXECUTION_DATE='2024-12-06T00:00:00+00:00' AIRFLOW_CTX_TRY_NUMBER='1' AIRFLOW_CTX_DAG_RUN_ID='scheduled__2024-12-06T00:00:00+00:00'
[2024-12-09T20:10:16.317+0000] {logging_mixin.py:190} INFO - Task instance is in running state
[2024-12-09T20:10:16.318+0000] {logging_mixin.py:190} INFO -  Previous state of the Task instance: queued
[2024-12-09T20:10:16.319+0000] {logging_mixin.py:190} INFO - Current task name:branching_virtualenv state:running start_date:2024-12-09 20:10:15.989064+00:00
[2024-12-09T20:10:16.320+0000] {logging_mixin.py:190} INFO - Dag name:example_branch_python_operator_decorator and current dag run status:running
[2024-12-09T20:10:16.320+0000] {taskinstance.py:731} INFO - ::endgroup::
[2024-12-09T20:10:16.334+0000] {python.py:809} INFO - Python virtual environment will be cached in /tmp/venv-ebe3c33d
[2024-12-09T20:10:16.338+0000] {process_utils.py:186} INFO - Executing cmd: /home/***/.local/bin/python -m virtualenv /tmp/venv-ebe3c33d --system-site-packages --python=python
[2024-12-09T20:10:16.340+0000] {process_utils.py:190} INFO - Output:
[2024-12-09T20:10:17.731+0000] {process_utils.py:194} INFO - created virtual environment CPython3.12.7.final.0-64 in 616ms
[2024-12-09T20:10:17.731+0000] {process_utils.py:194} INFO -   creator CPython3Posix(dest=/tmp/venv-ebe3c33d, clear=False, no_vcs_ignore=False, global=True)
[2024-12-09T20:10:17.732+0000] {process_utils.py:194} INFO -   seeder FromAppData(download=False, pip=bundle, via=copy, app_data_dir=/home/***/.local/share/virtualenv)
[2024-12-09T20:10:17.732+0000] {process_utils.py:194} INFO -     added seed packages: pip==24.3.1
[2024-12-09T20:10:17.733+0000] {process_utils.py:194} INFO -   activators BashActivator,CShellActivator,FishActivator,NushellActivator,PowerShellActivator,PythonActivator
[2024-12-09T20:10:17.772+0000] {process_utils.py:186} INFO - Executing cmd: /tmp/venv-ebe3c33d/bin/pip install -r /tmp/venv-ebe3c33d/requirements.txt
[2024-12-09T20:10:17.774+0000] {process_utils.py:190} INFO - Output:
[2024-12-09T20:10:19.748+0000] {process_utils.py:194} INFO - Collecting numpy~=1.24.4 (from -r /tmp/venv-ebe3c33d/requirements.txt (line 1))
[2024-12-09T20:10:19.949+0000] {process_utils.py:194} INFO -   Downloading numpy-1.24.4.tar.gz (10.9 MB)
[2024-12-09T20:10:22.054+0000] {process_utils.py:194} INFO -      ━━━━━━━━━━━━━━━━━━━━━━━━━━━━━━━━━━━━━━━━ 10.9/10.9 MB 5.4 MB/s eta 0:00:00
[2024-12-09T20:10:22.873+0000] {process_utils.py:194} INFO -   Installing build dependencies: started
