[2024-12-07T20:07:17.940+0000] {local_task_job_runner.py:123} INFO - ::group::Pre task execution logs
[2024-12-07T20:07:17.959+0000] {taskinstance.py:2613} INFO - Dependencies all met for dep_context=non-requeueable deps ti=<TaskInstance: tutorial.sleep scheduled__2024-12-03T00:00:00+00:00 [queued]>
[2024-12-07T20:07:17.966+0000] {taskinstance.py:2613} INFO - Dependencies all met for dep_context=requeueable deps ti=<TaskInstance: tutorial.sleep scheduled__2024-12-03T00:00:00+00:00 [queued]>
[2024-12-07T20:07:17.967+0000] {taskinstance.py:2866} INFO - Starting attempt 1 of 4
[2024-12-07T20:07:17.980+0000] {taskinstance.py:2889} INFO - Executing <Task(BashOperator): sleep> on 2024-12-03 00:00:00+00:00
[2024-12-07T20:07:17.991+0000] {warnings.py:112} WARNING - /home/***/.local/lib/python3.12/site-packages/***/task/task_runner/standard_task_runner.py:70: DeprecationWarning: This process (pid=122) is multi-threaded, use of fork() may lead to deadlocks in the child.
  pid = os.fork()

[2024-12-07T20:07:17.993+0000] {standard_task_runner.py:72} INFO - Started process 145 to run task
[2024-12-07T20:07:17.994+0000] {standard_task_runner.py:104} INFO - Running: ['***', 'tasks', 'run', 'tutorial', 'sleep', 'scheduled__2024-12-03T00:00:00+00:00', '--job-id', '206', '--raw', '--subdir', '/home/***/.local/lib/python3.12/site-packages/***/example_dags/tutorial.py', '--cfg-path', '/tmp/tmp511axnm2']
[2024-12-07T20:07:17.995+0000] {standard_task_runner.py:105} INFO - Job 206: Subtask sleep
[2024-12-07T20:07:18.050+0000] {task_command.py:467} INFO - Running <TaskInstance: tutorial.sleep scheduled__2024-12-03T00:00:00+00:00 [running]> on host 8553af9ff67b
[2024-12-07T20:07:18.144+0000] {taskinstance.py:3132} INFO - Exporting env vars: AIRFLOW_CTX_DAG_EMAIL='***@example.com' AIRFLOW_CTX_DAG_OWNER='***' AIRFLOW_CTX_DAG_ID='tutorial' AIRFLOW_CTX_TASK_ID='sleep' AIRFLOW_CTX_EXECUTION_DATE='2024-12-03T00:00:00+00:00' AIRFLOW_CTX_TRY_NUMBER='1' AIRFLOW_CTX_DAG_RUN_ID='scheduled__2024-12-03T00:00:00+00:00'
[2024-12-07T20:07:18.146+0000] {logging_mixin.py:190} INFO - Task instance is in running state
[2024-12-07T20:07:18.146+0000] {logging_mixin.py:190} INFO -  Previous state of the Task instance: queued
[2024-12-07T20:07:18.146+0000] {logging_mixin.py:190} INFO - Current task name:sleep state:running start_date:2024-12-07 20:07:17.960296+00:00
[2024-12-07T20:07:18.147+0000] {logging_mixin.py:190} INFO - Dag name:tutorial and current dag run status:running
[2024-12-07T20:07:18.148+0000] {taskinstance.py:731} INFO - ::endgroup::
[2024-12-07T20:07:18.149+0000] {subprocess.py:78} INFO - Tmp dir root location: /tmp
[2024-12-07T20:07:18.149+0000] {subprocess.py:88} INFO - Running command: ['/usr/bin/bash', '-c', 'sleep 5']
[2024-12-07T20:07:18.165+0000] {subprocess.py:99} INFO - Output:
[2024-12-07T20:07:23.168+0000] {subprocess.py:110} INFO - Command exited with return code 0
[2024-12-07T20:07:23.189+0000] {taskinstance.py:340} INFO - ::group::Post task execution logs
[2024-12-07T20:07:23.190+0000] {taskinstance.py:352} INFO - Marking task as SUCCESS. dag_id=tutorial, task_id=sleep, run_id=scheduled__2024-12-03T00:00:00+00:00, execution_date=20241203T000000, start_date=20241207T200717, end_date=20241207T200723
[2024-12-07T20:07:23.199+0000] {logging_mixin.py:190} INFO - Task instance in success state
[2024-12-07T20:07:23.199+0000] {logging_mixin.py:190} INFO -  Previous state of the Task instance: running
[2024-12-07T20:07:23.200+0000] {logging_mixin.py:190} INFO - Dag name:tutorial queued_at:2024-12-07 20:07:05.604851+00:00
[2024-12-07T20:07:23.200+0000] {logging_mixin.py:190} INFO - Task hostname:8553af9ff67b operator:BashOperator
[2024-12-07T20:07:23.219+0000] {local_task_job_runner.py:266} INFO - Task exited with return code 0
[2024-12-07T20:07:23.233+0000] {taskinstance.py:3895} INFO - 0 downstream tasks scheduled from follow-on schedule check
[2024-12-07T20:07:23.235+0000] {local_task_job_runner.py:245} INFO - ::endgroup::
