[2024-12-03T13:56:45.232+0000] {local_task_job_runner.py:123} INFO - ::group::Pre task execution logs
[2024-12-03T13:56:45.249+0000] {taskinstance.py:2613} INFO - Dependencies all met for dep_context=non-requeueable deps ti=<TaskInstance: etl_data_pipeline_mongodb.transform_data scheduled__2024-12-02T00:00:00+00:00 [queued]>
[2024-12-03T13:56:45.258+0000] {taskinstance.py:2613} INFO - Dependencies all met for dep_context=requeueable deps ti=<TaskInstance: etl_data_pipeline_mongodb.transform_data scheduled__2024-12-02T00:00:00+00:00 [queued]>
[2024-12-03T13:56:45.258+0000] {taskinstance.py:2866} INFO - Starting attempt 1 of 2
[2024-12-03T13:56:45.278+0000] {taskinstance.py:2889} INFO - Executing <Task(PythonOperator): transform_data> on 2024-12-02 00:00:00+00:00
[2024-12-03T13:56:45.292+0000] {warnings.py:112} WARNING - /home/***/.local/lib/python3.12/site-packages/***/task/task_runner/standard_task_runner.py:70: DeprecationWarning: This process (pid=86) is multi-threaded, use of fork() may lead to deadlocks in the child.
  pid = os.fork()

[2024-12-03T13:56:45.296+0000] {standard_task_runner.py:72} INFO - Started process 88 to run task
[2024-12-03T13:56:45.295+0000] {standard_task_runner.py:104} INFO - Running: ['***', 'tasks', 'run', 'etl_data_pipeline_mongodb', 'transform_data', 'scheduled__2024-12-02T00:00:00+00:00', '--job-id', '164', '--raw', '--subdir', 'DAGS_FOLDER/etl_data_pipeline_mongodb.py', '--cfg-path', '/tmp/tmpo8t2o57g']
[2024-12-03T13:56:45.297+0000] {standard_task_runner.py:105} INFO - Job 164: Subtask transform_data
[2024-12-03T13:56:45.602+0000] {task_command.py:467} INFO - Running <TaskInstance: etl_data_pipeline_mongodb.transform_data scheduled__2024-12-02T00:00:00+00:00 [running]> on host ed9532b68cd8
[2024-12-03T13:56:45.673+0000] {taskinstance.py:3132} INFO - Exporting env vars: AIRFLOW_CTX_DAG_OWNER='***' AIRFLOW_CTX_DAG_ID='etl_data_pipeline_mongodb' AIRFLOW_CTX_TASK_ID='transform_data' AIRFLOW_CTX_EXECUTION_DATE='2024-12-02T00:00:00+00:00' AIRFLOW_CTX_TRY_NUMBER='1' AIRFLOW_CTX_DAG_RUN_ID='scheduled__2024-12-02T00:00:00+00:00'
[2024-12-03T13:56:45.674+0000] {logging_mixin.py:190} INFO - Task instance is in running state
[2024-12-03T13:56:45.674+0000] {logging_mixin.py:190} INFO -  Previous state of the Task instance: queued
[2024-12-03T13:56:45.675+0000] {logging_mixin.py:190} INFO - Current task name:transform_data state:running start_date:2024-12-03 13:56:45.250539+00:00
[2024-12-03T13:56:45.675+0000] {logging_mixin.py:190} INFO - Dag name:etl_data_pipeline_mongodb and current dag run status:running
[2024-12-03T13:56:45.676+0000] {taskinstance.py:731} INFO - ::endgroup::
[2024-12-03T13:56:45.681+0000] {logging_mixin.py:190} INFO - Données brutes :
[2024-12-03T13:56:45.691+0000] {logging_mixin.py:190} INFO -    Index   Height(Inches)"   "Weight(Pounds)"
0      1             65.78             112.99
1      2             71.52             136.49
2      3             69.40             153.03
3      4             68.22             142.34
4      5             67.79             144.30
[2024-12-03T13:56:45.692+0000] {logging_mixin.py:190} INFO - Données nettoyées et sauvegardées sous /tmp/cleaned_data.json
[2024-12-03T13:56:45.693+0000] {python.py:240} INFO - Done. Returned value was: None
[2024-12-03T13:56:45.702+0000] {taskinstance.py:340} INFO - ::group::Post task execution logs
[2024-12-03T13:56:45.703+0000] {taskinstance.py:352} INFO - Marking task as SUCCESS. dag_id=etl_data_pipeline_mongodb, task_id=transform_data, run_id=scheduled__2024-12-02T00:00:00+00:00, execution_date=20241202T000000, start_date=20241203T135645, end_date=20241203T135645
[2024-12-03T13:56:45.714+0000] {logging_mixin.py:190} INFO - Task instance in success state
[2024-12-03T13:56:45.714+0000] {logging_mixin.py:190} INFO -  Previous state of the Task instance: running
[2024-12-03T13:56:45.715+0000] {logging_mixin.py:190} INFO - Dag name:etl_data_pipeline_mongodb queued_at:2024-12-03 13:56:36.463726+00:00
[2024-12-03T13:56:45.715+0000] {logging_mixin.py:190} INFO - Task hostname:ed9532b68cd8 operator:PythonOperator
[2024-12-03T13:56:45.753+0000] {local_task_job_runner.py:266} INFO - Task exited with return code 0
[2024-12-03T13:56:45.775+0000] {taskinstance.py:3895} INFO - 1 downstream tasks scheduled from follow-on schedule check
[2024-12-03T13:56:45.779+0000] {local_task_job_runner.py:245} INFO - ::endgroup::
