[2024-12-03T13:56:41.530+0000] {local_task_job_runner.py:123} INFO - ::group::Pre task execution logs
[2024-12-03T13:56:41.553+0000] {taskinstance.py:2613} INFO - Dependencies all met for dep_context=non-requeueable deps ti=<TaskInstance: etl_data_pipeline_mongodb.extract_data scheduled__2024-12-02T00:00:00+00:00 [queued]>
[2024-12-03T13:56:41.566+0000] {taskinstance.py:2613} INFO - Dependencies all met for dep_context=requeueable deps ti=<TaskInstance: etl_data_pipeline_mongodb.extract_data scheduled__2024-12-02T00:00:00+00:00 [queued]>
[2024-12-03T13:56:41.568+0000] {taskinstance.py:2866} INFO - Starting attempt 1 of 2
[2024-12-03T13:56:41.590+0000] {taskinstance.py:2889} INFO - Executing <Task(PythonOperator): extract_data> on 2024-12-02 00:00:00+00:00
[2024-12-03T13:56:41.603+0000] {warnings.py:112} WARNING - /home/***/.local/lib/python3.12/site-packages/***/task/task_runner/standard_task_runner.py:70: DeprecationWarning: This process (pid=76) is multi-threaded, use of fork() may lead to deadlocks in the child.
  pid = os.fork()

[2024-12-03T13:56:41.605+0000] {standard_task_runner.py:72} INFO - Started process 81 to run task
[2024-12-03T13:56:41.606+0000] {standard_task_runner.py:104} INFO - Running: ['***', 'tasks', 'run', 'etl_data_pipeline_mongodb', 'extract_data', 'scheduled__2024-12-02T00:00:00+00:00', '--job-id', '162', '--raw', '--subdir', 'DAGS_FOLDER/etl_data_pipeline_mongodb.py', '--cfg-path', '/tmp/tmpwqzyuij_']
[2024-12-03T13:56:41.608+0000] {standard_task_runner.py:105} INFO - Job 162: Subtask extract_data
[2024-12-03T13:56:41.669+0000] {task_command.py:467} INFO - Running <TaskInstance: etl_data_pipeline_mongodb.extract_data scheduled__2024-12-02T00:00:00+00:00 [running]> on host ed9532b68cd8
[2024-12-03T13:56:41.785+0000] {taskinstance.py:3132} INFO - Exporting env vars: AIRFLOW_CTX_DAG_OWNER='***' AIRFLOW_CTX_DAG_ID='etl_data_pipeline_mongodb' AIRFLOW_CTX_TASK_ID='extract_data' AIRFLOW_CTX_EXECUTION_DATE='2024-12-02T00:00:00+00:00' AIRFLOW_CTX_TRY_NUMBER='1' AIRFLOW_CTX_DAG_RUN_ID='scheduled__2024-12-02T00:00:00+00:00'
[2024-12-03T13:56:41.787+0000] {logging_mixin.py:190} INFO - Task instance is in running state
[2024-12-03T13:56:41.787+0000] {logging_mixin.py:190} INFO -  Previous state of the Task instance: queued
[2024-12-03T13:56:41.788+0000] {logging_mixin.py:190} INFO - Current task name:extract_data state:running start_date:2024-12-03 13:56:41.554237+00:00
[2024-12-03T13:56:41.788+0000] {logging_mixin.py:190} INFO - Dag name:etl_data_pipeline_mongodb and current dag run status:running
[2024-12-03T13:56:41.788+0000] {taskinstance.py:731} INFO - ::endgroup::
[2024-12-03T13:56:42.874+0000] {logging_mixin.py:190} INFO - Fichier téléchargé et sauvegardé sous /tmp/data.csv
[2024-12-03T13:56:42.876+0000] {python.py:240} INFO - Done. Returned value was: None
[2024-12-03T13:56:42.891+0000] {taskinstance.py:340} INFO - ::group::Post task execution logs
[2024-12-03T13:56:42.892+0000] {taskinstance.py:352} INFO - Marking task as SUCCESS. dag_id=etl_data_pipeline_mongodb, task_id=extract_data, run_id=scheduled__2024-12-02T00:00:00+00:00, execution_date=20241202T000000, start_date=20241203T135641, end_date=20241203T135642
[2024-12-03T13:56:42.915+0000] {logging_mixin.py:190} INFO - Task instance in success state
[2024-12-03T13:56:42.916+0000] {logging_mixin.py:190} INFO -  Previous state of the Task instance: running
[2024-12-03T13:56:42.916+0000] {logging_mixin.py:190} INFO - Dag name:etl_data_pipeline_mongodb queued_at:2024-12-03 13:56:36.463726+00:00
[2024-12-03T13:56:42.916+0000] {logging_mixin.py:190} INFO - Task hostname:ed9532b68cd8 operator:PythonOperator
[2024-12-03T13:56:42.945+0000] {local_task_job_runner.py:266} INFO - Task exited with return code 0
[2024-12-03T13:56:42.975+0000] {taskinstance.py:3895} INFO - 1 downstream tasks scheduled from follow-on schedule check
[2024-12-03T13:56:42.979+0000] {local_task_job_runner.py:245} INFO - ::endgroup::
