[2024-12-07T20:07:14.541+0000] {local_task_job_runner.py:123} INFO - ::group::Pre task execution logs
[2024-12-07T20:07:14.566+0000] {taskinstance.py:2613} INFO - Dependencies all met for dep_context=non-requeueable deps ti=<TaskInstance: tutorial.print_date scheduled__2024-12-06T00:00:00+00:00 [queued]>
[2024-12-07T20:07:14.577+0000] {taskinstance.py:2613} INFO - Dependencies all met for dep_context=requeueable deps ti=<TaskInstance: tutorial.print_date scheduled__2024-12-06T00:00:00+00:00 [queued]>
[2024-12-07T20:07:14.578+0000] {taskinstance.py:2866} INFO - Starting attempt 1 of 2
[2024-12-07T20:07:14.846+0000] {taskinstance.py:2889} INFO - Executing <Task(BashOperator): print_date> on 2024-12-06 00:00:00+00:00
[2024-12-07T20:07:14.865+0000] {warnings.py:112} WARNING - /home/***/.local/lib/python3.12/site-packages/***/task/task_runner/standard_task_runner.py:70: DeprecationWarning: This process (pid=81) is multi-threaded, use of fork() may lead to deadlocks in the child.
  pid = os.fork()

[2024-12-07T20:07:14.866+0000] {standard_task_runner.py:104} INFO - Running: ['***', 'tasks', 'run', 'tutorial', 'print_date', 'scheduled__2024-12-06T00:00:00+00:00', '--job-id', '197', '--raw', '--subdir', '/home/***/.local/lib/python3.12/site-packages/***/example_dags/tutorial.py', '--cfg-path', '/tmp/tmpcx6p6fev']
[2024-12-07T20:07:14.868+0000] {standard_task_runner.py:72} INFO - Started process 103 to run task
[2024-12-07T20:07:14.868+0000] {standard_task_runner.py:105} INFO - Job 197: Subtask print_date
[2024-12-07T20:07:14.955+0000] {task_command.py:467} INFO - Running <TaskInstance: tutorial.print_date scheduled__2024-12-06T00:00:00+00:00 [running]> on host 8553af9ff67b
[2024-12-07T20:07:15.087+0000] {taskinstance.py:3132} INFO - Exporting env vars: AIRFLOW_CTX_DAG_EMAIL='***@example.com' AIRFLOW_CTX_DAG_OWNER='***' AIRFLOW_CTX_DAG_ID='tutorial' AIRFLOW_CTX_TASK_ID='print_date' AIRFLOW_CTX_EXECUTION_DATE='2024-12-06T00:00:00+00:00' AIRFLOW_CTX_TRY_NUMBER='1' AIRFLOW_CTX_DAG_RUN_ID='scheduled__2024-12-06T00:00:00+00:00'
[2024-12-07T20:07:15.090+0000] {logging_mixin.py:190} INFO - Task instance is in running state
[2024-12-07T20:07:15.090+0000] {logging_mixin.py:190} INFO -  Previous state of the Task instance: queued
[2024-12-07T20:07:15.091+0000] {logging_mixin.py:190} INFO - Current task name:print_date state:running start_date:2024-12-07 20:07:14.567298+00:00
[2024-12-07T20:07:15.091+0000] {logging_mixin.py:190} INFO - Dag name:tutorial and current dag run status:running
[2024-12-07T20:07:15.092+0000] {taskinstance.py:731} INFO - ::endgroup::
[2024-12-07T20:07:15.093+0000] {subprocess.py:78} INFO - Tmp dir root location: /tmp
[2024-12-07T20:07:15.094+0000] {subprocess.py:88} INFO - Running command: ['/usr/bin/bash', '-c', 'date']
[2024-12-07T20:07:15.112+0000] {subprocess.py:99} INFO - Output:
[2024-12-07T20:07:15.118+0000] {subprocess.py:106} INFO - Sat Dec  7 20:07:15 UTC 2024
[2024-12-07T20:07:15.120+0000] {subprocess.py:110} INFO - Command exited with return code 0
[2024-12-07T20:07:15.150+0000] {taskinstance.py:340} INFO - ::group::Post task execution logs
[2024-12-07T20:07:15.151+0000] {taskinstance.py:352} INFO - Marking task as SUCCESS. dag_id=tutorial, task_id=print_date, run_id=scheduled__2024-12-06T00:00:00+00:00, execution_date=20241206T000000, start_date=20241207T200714, end_date=20241207T200715
[2024-12-07T20:07:15.162+0000] {logging_mixin.py:190} INFO - Task instance in success state
[2024-12-07T20:07:15.162+0000] {logging_mixin.py:190} INFO -  Previous state of the Task instance: running
[2024-12-07T20:07:15.163+0000] {logging_mixin.py:190} INFO - Dag name:tutorial queued_at:2024-12-07 20:07:06.976516+00:00
[2024-12-07T20:07:15.163+0000] {logging_mixin.py:190} INFO - Task hostname:8553af9ff67b operator:BashOperator
[2024-12-07T20:07:15.207+0000] {local_task_job_runner.py:266} INFO - Task exited with return code 0
[2024-12-07T20:07:15.232+0000] {taskinstance.py:3895} INFO - 2 downstream tasks scheduled from follow-on schedule check
[2024-12-07T20:07:15.235+0000] {local_task_job_runner.py:245} INFO - ::endgroup::
