[2024-12-07T20:07:17.456+0000] {local_task_job_runner.py:123} INFO - ::group::Pre task execution logs
[2024-12-07T20:07:17.484+0000] {taskinstance.py:2613} INFO - Dependencies all met for dep_context=non-requeueable deps ti=<TaskInstance: example_branch_python_operator_decorator.branch_d scheduled__2024-12-06T00:00:00+00:00 [queued]>
[2024-12-07T20:07:17.497+0000] {taskinstance.py:2613} INFO - Dependencies all met for dep_context=requeueable deps ti=<TaskInstance: example_branch_python_operator_decorator.branch_d scheduled__2024-12-06T00:00:00+00:00 [queued]>
[2024-12-07T20:07:17.497+0000] {taskinstance.py:2866} INFO - Starting attempt 1 of 1
[2024-12-07T20:07:17.515+0000] {taskinstance.py:2889} INFO - Executing <Task(_PythonDecoratedOperator): branch_d> on 2024-12-06 00:00:00+00:00
[2024-12-07T20:07:17.527+0000] {warnings.py:112} WARNING - /home/***/.local/lib/python3.12/site-packages/***/task/task_runner/standard_task_runner.py:70: DeprecationWarning: This process (pid=115) is multi-threaded, use of fork() may lead to deadlocks in the child.
  pid = os.fork()

[2024-12-07T20:07:17.530+0000] {standard_task_runner.py:72} INFO - Started process 140 to run task
[2024-12-07T20:07:17.530+0000] {standard_task_runner.py:104} INFO - Running: ['***', 'tasks', 'run', 'example_branch_python_operator_decorator', 'branch_d', 'scheduled__2024-12-06T00:00:00+00:00', '--job-id', '205', '--raw', '--subdir', '/home/***/.local/lib/python3.12/site-packages/***/example_dags/example_branch_operator_decorator.py', '--cfg-path', '/tmp/tmp2sw8y_iv']
[2024-12-07T20:07:17.532+0000] {standard_task_runner.py:105} INFO - Job 205: Subtask branch_d
[2024-12-07T20:07:17.594+0000] {task_command.py:467} INFO - Running <TaskInstance: example_branch_python_operator_decorator.branch_d scheduled__2024-12-06T00:00:00+00:00 [running]> on host 8553af9ff67b
[2024-12-07T20:07:17.691+0000] {taskinstance.py:3132} INFO - Exporting env vars: AIRFLOW_CTX_DAG_OWNER='***' AIRFLOW_CTX_DAG_ID='example_branch_python_operator_decorator' AIRFLOW_CTX_TASK_ID='branch_d' AIRFLOW_CTX_EXECUTION_DATE='2024-12-06T00:00:00+00:00' AIRFLOW_CTX_TRY_NUMBER='1' AIRFLOW_CTX_DAG_RUN_ID='scheduled__2024-12-06T00:00:00+00:00'
[2024-12-07T20:07:17.693+0000] {logging_mixin.py:190} INFO - Task instance is in running state
[2024-12-07T20:07:17.694+0000] {logging_mixin.py:190} INFO -  Previous state of the Task instance: queued
[2024-12-07T20:07:17.694+0000] {logging_mixin.py:190} INFO - Current task name:branch_d state:running start_date:2024-12-07 20:07:17.485358+00:00
[2024-12-07T20:07:17.695+0000] {logging_mixin.py:190} INFO - Dag name:example_branch_python_operator_decorator and current dag run status:running
[2024-12-07T20:07:17.695+0000] {taskinstance.py:731} INFO - ::endgroup::
[2024-12-07T20:07:17.696+0000] {logging_mixin.py:190} INFO - doing something in Python
[2024-12-07T20:07:17.697+0000] {python.py:240} INFO - Done. Returned value was: None
[2024-12-07T20:07:17.710+0000] {taskinstance.py:340} INFO - ::group::Post task execution logs
[2024-12-07T20:07:17.710+0000] {taskinstance.py:352} INFO - Marking task as SUCCESS. dag_id=example_branch_python_operator_decorator, task_id=branch_d, run_id=scheduled__2024-12-06T00:00:00+00:00, execution_date=20241206T000000, start_date=20241207T200717, end_date=20241207T200717
[2024-12-07T20:07:17.719+0000] {logging_mixin.py:190} INFO - Task instance in success state
[2024-12-07T20:07:17.720+0000] {logging_mixin.py:190} INFO -  Previous state of the Task instance: running
[2024-12-07T20:07:17.721+0000] {logging_mixin.py:190} INFO - Dag name:example_branch_python_operator_decorator queued_at:2024-12-07 20:07:06.968261+00:00
[2024-12-07T20:07:17.721+0000] {logging_mixin.py:190} INFO - Task hostname:8553af9ff67b operator:_PythonDecoratedOperator
[2024-12-07T20:07:17.746+0000] {local_task_job_runner.py:266} INFO - Task exited with return code 0
[2024-12-07T20:07:17.781+0000] {taskinstance.py:3895} INFO - 0 downstream tasks scheduled from follow-on schedule check
[2024-12-07T20:07:17.783+0000] {local_task_job_runner.py:245} INFO - ::endgroup::
