[2024-12-09T20:33:50.884+0000] {local_task_job_runner.py:123} INFO - ::group::Pre task execution logs
[2024-12-09T20:33:50.895+0000] {taskinstance.py:2613} INFO - Dependencies all met for dep_context=non-requeueable deps ti=<TaskInstance: etl_data_pipeline_mongodb_complex.wait_for_file manual__2024-12-09T20:33:46.290275+00:00 [queued]>
[2024-12-09T20:33:50.901+0000] {taskinstance.py:2613} INFO - Dependencies all met for dep_context=requeueable deps ti=<TaskInstance: etl_data_pipeline_mongodb_complex.wait_for_file manual__2024-12-09T20:33:46.290275+00:00 [queued]>
[2024-12-09T20:33:50.901+0000] {taskinstance.py:2866} INFO - Starting attempt 1 of 2
[2024-12-09T20:33:50.911+0000] {taskinstance.py:2889} INFO - Executing <Task(FileSensor): wait_for_file> on 2024-12-09 20:33:46.290275+00:00
[2024-12-09T20:33:50.918+0000] {warnings.py:112} WARNING - /home/***/.local/lib/python3.12/site-packages/***/task/task_runner/standard_task_runner.py:70: DeprecationWarning: This process (pid=538) is multi-threaded, use of fork() may lead to deadlocks in the child.
  pid = os.fork()

[2024-12-09T20:33:50.919+0000] {standard_task_runner.py:72} INFO - Started process 540 to run task
[2024-12-09T20:33:50.920+0000] {standard_task_runner.py:104} INFO - Running: ['***', 'tasks', 'run', 'etl_data_pipeline_mongodb_complex', 'wait_for_file', 'manual__2024-12-09T20:33:46.290275+00:00', '--job-id', '280', '--raw', '--subdir', 'DAGS_FOLDER/etl_data_pipeline_mongodb_complex.py', '--cfg-path', '/tmp/tmprsaj114g']
[2024-12-09T20:33:50.921+0000] {standard_task_runner.py:105} INFO - Job 280: Subtask wait_for_file
[2024-12-09T20:33:50.957+0000] {task_command.py:467} INFO - Running <TaskInstance: etl_data_pipeline_mongodb_complex.wait_for_file manual__2024-12-09T20:33:46.290275+00:00 [running]> on host 8553af9ff67b
[2024-12-09T20:33:51.209+0000] {taskinstance.py:3132} INFO - Exporting env vars: AIRFLOW_CTX_DAG_OWNER='***' AIRFLOW_CTX_DAG_ID='etl_data_pipeline_mongodb_complex' AIRFLOW_CTX_TASK_ID='wait_for_file' AIRFLOW_CTX_EXECUTION_DATE='2024-12-09T20:33:46.290275+00:00' AIRFLOW_CTX_TRY_NUMBER='1' AIRFLOW_CTX_DAG_RUN_ID='manual__2024-12-09T20:33:46.290275+00:00'
[2024-12-09T20:33:51.210+0000] {logging_mixin.py:190} INFO - Task instance is in running state
[2024-12-09T20:33:51.211+0000] {logging_mixin.py:190} INFO -  Previous state of the Task instance: queued
[2024-12-09T20:33:51.211+0000] {logging_mixin.py:190} INFO - Current task name:wait_for_file state:running start_date:2024-12-09 20:33:50.896109+00:00
[2024-12-09T20:33:51.211+0000] {logging_mixin.py:190} INFO - Dag name:etl_data_pipeline_mongodb_complex and current dag run status:running
[2024-12-09T20:33:51.212+0000] {taskinstance.py:731} INFO - ::endgroup::
[2024-12-09T20:33:51.212+0000] {baseoperator.py:416} WARNING - FileSensor.execute cannot be called outside TaskInstance!
[2024-12-09T20:33:51.219+0000] {base.py:84} INFO - Retrieving connection 'fs_default'
[2024-12-09T20:33:51.219+0000] {filesystem.py:109} INFO - Poking for file /tmp/source1.csv
[2024-12-09T20:33:51.220+0000] {filesystem.py:113} INFO - Found File /tmp/source1.csv last modified: 20241209203349
[2024-12-09T20:33:51.220+0000] {base.py:336} INFO - Success criteria met. Exiting.
[2024-12-09T20:33:51.221+0000] {filesystem.py:109} INFO - Poking for file /tmp/source1.csv
[2024-12-09T20:33:51.221+0000] {filesystem.py:113} INFO - Found File /tmp/source1.csv last modified: 20241209203349
[2024-12-09T20:33:51.229+0000] {taskinstance.py:340} INFO - ::group::Post task execution logs
[2024-12-09T20:33:51.229+0000] {taskinstance.py:352} INFO - Marking task as SUCCESS. dag_id=etl_data_pipeline_mongodb_complex, task_id=wait_for_file, run_id=manual__2024-12-09T20:33:46.290275+00:00, execution_date=20241209T203346, start_date=20241209T203350, end_date=20241209T203351
[2024-12-09T20:33:51.237+0000] {logging_mixin.py:190} INFO - Task instance in success state
[2024-12-09T20:33:51.238+0000] {logging_mixin.py:190} INFO -  Previous state of the Task instance: running
[2024-12-09T20:33:51.238+0000] {logging_mixin.py:190} INFO - Dag name:etl_data_pipeline_mongodb_complex queued_at:2024-12-09 20:33:46.307700+00:00
[2024-12-09T20:33:51.238+0000] {logging_mixin.py:190} INFO - Task hostname:8553af9ff67b operator:FileSensor
[2024-12-09T20:33:51.254+0000] {local_task_job_runner.py:266} INFO - Task exited with return code 0
[2024-12-09T20:33:51.433+0000] {taskinstance.py:3895} INFO - 1 downstream tasks scheduled from follow-on schedule check
[2024-12-09T20:33:51.436+0000] {local_task_job_runner.py:245} INFO - ::endgroup::
