[2024-12-09T20:49:57.753+0000] {local_task_job_runner.py:123} INFO - ::group::Pre task execution logs
[2024-12-09T20:49:57.769+0000] {taskinstance.py:2613} INFO - Dependencies all met for dep_context=non-requeueable deps ti=<TaskInstance: etl_data_pipeline_mongodb_complex.extract_data_source_2 manual__2024-12-09T20:49:55.370737+00:00 [queued]>
[2024-12-09T20:49:57.780+0000] {taskinstance.py:2613} INFO - Dependencies all met for dep_context=requeueable deps ti=<TaskInstance: etl_data_pipeline_mongodb_complex.extract_data_source_2 manual__2024-12-09T20:49:55.370737+00:00 [queued]>
[2024-12-09T20:49:57.780+0000] {taskinstance.py:2866} INFO - Starting attempt 1 of 2
[2024-12-09T20:49:57.797+0000] {taskinstance.py:2889} INFO - Executing <Task(PythonOperator): extract_data_source_2> on 2024-12-09 20:49:55.370737+00:00
[2024-12-09T20:49:57.803+0000] {warnings.py:112} WARNING - /home/***/.local/lib/python3.12/site-packages/***/task/task_runner/standard_task_runner.py:70: DeprecationWarning: This process (pid=937) is multi-threaded, use of fork() may lead to deadlocks in the child.
  pid = os.fork()

[2024-12-09T20:49:57.806+0000] {standard_task_runner.py:72} INFO - Started process 941 to run task
[2024-12-09T20:49:57.807+0000] {standard_task_runner.py:104} INFO - Running: ['***', 'tasks', 'run', 'etl_data_pipeline_mongodb_complex', 'extract_data_source_2', 'manual__2024-12-09T20:49:55.370737+00:00', '--job-id', '326', '--raw', '--subdir', 'DAGS_FOLDER/etl_data_pipeline_mongodb_complex.py', '--cfg-path', '/tmp/tmpcvhkn39v']
[2024-12-09T20:49:57.808+0000] {standard_task_runner.py:105} INFO - Job 326: Subtask extract_data_source_2
[2024-12-09T20:49:57.855+0000] {task_command.py:467} INFO - Running <TaskInstance: etl_data_pipeline_mongodb_complex.extract_data_source_2 manual__2024-12-09T20:49:55.370737+00:00 [running]> on host 8553af9ff67b
[2024-12-09T20:49:58.186+0000] {taskinstance.py:3132} INFO - Exporting env vars: AIRFLOW_CTX_DAG_OWNER='***' AIRFLOW_CTX_DAG_ID='etl_data_pipeline_mongodb_complex' AIRFLOW_CTX_TASK_ID='extract_data_source_2' AIRFLOW_CTX_EXECUTION_DATE='2024-12-09T20:49:55.370737+00:00' AIRFLOW_CTX_TRY_NUMBER='1' AIRFLOW_CTX_DAG_RUN_ID='manual__2024-12-09T20:49:55.370737+00:00'
[2024-12-09T20:49:58.187+0000] {logging_mixin.py:190} INFO - Task instance is in running state
[2024-12-09T20:49:58.187+0000] {logging_mixin.py:190} INFO -  Previous state of the Task instance: queued
[2024-12-09T20:49:58.187+0000] {logging_mixin.py:190} INFO - Current task name:extract_data_source_2 state:running start_date:2024-12-09 20:49:57.770283+00:00
[2024-12-09T20:49:58.188+0000] {logging_mixin.py:190} INFO - Dag name:etl_data_pipeline_mongodb_complex and current dag run status:running
[2024-12-09T20:49:58.188+0000] {taskinstance.py:731} INFO - ::endgroup::
[2024-12-09T20:49:58.697+0000] {logging_mixin.py:190} INFO - Source 2 téléchargée.
[2024-12-09T20:49:58.698+0000] {python.py:240} INFO - Done. Returned value was: None
[2024-12-09T20:49:58.706+0000] {taskinstance.py:340} INFO - ::group::Post task execution logs
[2024-12-09T20:49:58.706+0000] {taskinstance.py:352} INFO - Marking task as SUCCESS. dag_id=etl_data_pipeline_mongodb_complex, task_id=extract_data_source_2, run_id=manual__2024-12-09T20:49:55.370737+00:00, execution_date=20241209T204955, start_date=20241209T204957, end_date=20241209T204958
[2024-12-09T20:49:58.714+0000] {logging_mixin.py:190} INFO - Task instance in success state
[2024-12-09T20:49:58.714+0000] {logging_mixin.py:190} INFO -  Previous state of the Task instance: running
[2024-12-09T20:49:58.715+0000] {logging_mixin.py:190} INFO - Dag name:etl_data_pipeline_mongodb_complex queued_at:2024-12-09 20:49:55.378942+00:00
[2024-12-09T20:49:58.715+0000] {logging_mixin.py:190} INFO - Task hostname:8553af9ff67b operator:PythonOperator
[2024-12-09T20:49:58.745+0000] {local_task_job_runner.py:266} INFO - Task exited with return code 0
[2024-12-09T20:49:58.915+0000] {taskinstance.py:3895} INFO - 1 downstream tasks scheduled from follow-on schedule check
[2024-12-09T20:49:58.917+0000] {local_task_job_runner.py:245} INFO - ::endgroup::
