[2024-12-09T21:00:59.687+0000] {local_task_job_runner.py:123} INFO - ::group::Pre task execution logs
[2024-12-09T21:00:59.702+0000] {taskinstance.py:2613} INFO - Dependencies all met for dep_context=non-requeueable deps ti=<TaskInstance: etl_data_pipeline_mongodb_complex.send_email_on_success manual__2024-12-09T21:00:41.632133+00:00 [queued]>
[2024-12-09T21:00:59.713+0000] {taskinstance.py:2613} INFO - Dependencies all met for dep_context=requeueable deps ti=<TaskInstance: etl_data_pipeline_mongodb_complex.send_email_on_success manual__2024-12-09T21:00:41.632133+00:00 [queued]>
[2024-12-09T21:00:59.715+0000] {taskinstance.py:2866} INFO - Starting attempt 1 of 2
[2024-12-09T21:00:59.726+0000] {taskinstance.py:2889} INFO - Executing <Task(EmailOperator): send_email_on_success> on 2024-12-09 21:00:41.632133+00:00
[2024-12-09T21:00:59.734+0000] {warnings.py:112} WARNING - /home/***/.local/lib/python3.12/site-packages/***/task/task_runner/standard_task_runner.py:70: DeprecationWarning: This process (pid=114) is multi-threaded, use of fork() may lead to deadlocks in the child.
  pid = os.fork()

[2024-12-09T21:00:59.736+0000] {standard_task_runner.py:72} INFO - Started process 116 to run task
[2024-12-09T21:00:59.737+0000] {standard_task_runner.py:104} INFO - Running: ['***', 'tasks', 'run', 'etl_data_pipeline_mongodb_complex', 'send_email_on_success', 'manual__2024-12-09T21:00:41.632133+00:00', '--job-id', '349', '--raw', '--subdir', 'DAGS_FOLDER/etl_data_pipeline_mongodb_complex.py', '--cfg-path', '/tmp/tmp90wu_b29']
[2024-12-09T21:00:59.738+0000] {standard_task_runner.py:105} INFO - Job 349: Subtask send_email_on_success
[2024-12-09T21:00:59.777+0000] {task_command.py:467} INFO - Running <TaskInstance: etl_data_pipeline_mongodb_complex.send_email_on_success manual__2024-12-09T21:00:41.632133+00:00 [running]> on host 90de14a479be
[2024-12-09T21:01:00.082+0000] {taskinstance.py:3132} INFO - Exporting env vars: AIRFLOW_CTX_DAG_OWNER='***' AIRFLOW_CTX_DAG_ID='etl_data_pipeline_mongodb_complex' AIRFLOW_CTX_TASK_ID='send_email_on_success' AIRFLOW_CTX_EXECUTION_DATE='2024-12-09T21:00:41.632133+00:00' AIRFLOW_CTX_TRY_NUMBER='1' AIRFLOW_CTX_DAG_RUN_ID='manual__2024-12-09T21:00:41.632133+00:00'
[2024-12-09T21:01:00.083+0000] {logging_mixin.py:190} INFO - Task instance is in running state
[2024-12-09T21:01:00.084+0000] {logging_mixin.py:190} INFO -  Previous state of the Task instance: queued
[2024-12-09T21:01:00.084+0000] {logging_mixin.py:190} INFO - Current task name:send_email_on_success state:running start_date:2024-12-09 21:00:59.703221+00:00
[2024-12-09T21:01:00.085+0000] {logging_mixin.py:190} INFO - Dag name:etl_data_pipeline_mongodb_complex and current dag run status:running
[2024-12-09T21:01:00.085+0000] {taskinstance.py:731} INFO - ::endgroup::
[2024-12-09T21:01:00.092+0000] {warnings.py:112} WARNING - /home/***/.local/lib/python3.12/site-packages/***/utils/email.py:155: RemovedInAirflow3Warning: Fetching SMTP credentials from configuration variables will be deprecated in a future release. Please set credentials using a connection instead.
  send_mime_email(e_from=mail_from, e_to=recipients, mime_msg=msg, conn_id=conn_id, dryrun=dryrun)

[2024-12-09T21:01:00.093+0000] {configuration.py:1073} WARNING - section/key [smtp/smtp_user] not found in config
[2024-12-09T21:01:00.093+0000] {email.py:272} INFO - Email alerting: attempt 1
[2024-12-09T21:01:00.201+0000] {email.py:283} INFO - Sent an alert email to ['mahefa.fernando@gmail.com']
[2024-12-09T21:01:00.226+0000] {taskinstance.py:340} INFO - ::group::Post task execution logs
[2024-12-09T21:01:00.227+0000] {taskinstance.py:352} INFO - Marking task as SUCCESS. dag_id=etl_data_pipeline_mongodb_complex, task_id=send_email_on_success, run_id=manual__2024-12-09T21:00:41.632133+00:00, execution_date=20241209T210041, start_date=20241209T210059, end_date=20241209T210100
[2024-12-09T21:01:00.236+0000] {logging_mixin.py:190} INFO - Task instance in success state
[2024-12-09T21:01:00.237+0000] {logging_mixin.py:190} INFO -  Previous state of the Task instance: running
[2024-12-09T21:01:00.237+0000] {logging_mixin.py:190} INFO - Dag name:etl_data_pipeline_mongodb_complex queued_at:2024-12-09 21:00:41.647542+00:00
[2024-12-09T21:01:00.238+0000] {logging_mixin.py:190} INFO - Task hostname:90de14a479be operator:EmailOperator
[2024-12-09T21:01:00.272+0000] {local_task_job_runner.py:266} INFO - Task exited with return code 0
[2024-12-09T21:01:00.473+0000] {taskinstance.py:3895} INFO - 0 downstream tasks scheduled from follow-on schedule check
[2024-12-09T21:01:00.475+0000] {local_task_job_runner.py:245} INFO - ::endgroup::
