[2024-12-03T13:58:43.892+0000] {local_task_job_runner.py:123} INFO - ::group::Pre task execution logs
[2024-12-03T13:58:43.941+0000] {taskinstance.py:2613} INFO - Dependencies all met for dep_context=non-requeueable deps ti=<TaskInstance: etl_data_pipeline_mongodb.transform_data manual__2024-12-03T13:57:47.510594+00:00 [queued]>
[2024-12-03T13:58:43.963+0000] {taskinstance.py:2613} INFO - Dependencies all met for dep_context=requeueable deps ti=<TaskInstance: etl_data_pipeline_mongodb.transform_data manual__2024-12-03T13:57:47.510594+00:00 [queued]>
[2024-12-03T13:58:43.967+0000] {taskinstance.py:2866} INFO - Starting attempt 1 of 2
[2024-12-03T13:58:44.001+0000] {taskinstance.py:2889} INFO - Executing <Task(PythonOperator): transform_data> on 2024-12-03 13:57:47.510594+00:00
[2024-12-03T13:58:44.087+0000] {warnings.py:112} WARNING - /home/***/.local/lib/python3.12/site-packages/***/task/task_runner/standard_task_runner.py:70: DeprecationWarning: This process (pid=131) is multi-threaded, use of fork() may lead to deadlocks in the child.
  pid = os.fork()

[2024-12-03T13:58:44.109+0000] {standard_task_runner.py:72} INFO - Started process 136 to run task
[2024-12-03T13:58:44.112+0000] {standard_task_runner.py:104} INFO - Running: ['***', 'tasks', 'run', 'etl_data_pipeline_mongodb', 'transform_data', 'manual__2024-12-03T13:57:47.510594+00:00', '--job-id', '169', '--raw', '--subdir', 'DAGS_FOLDER/etl_data_pipeline_mongodb.py', '--cfg-path', '/tmp/tmp1xd40530']
[2024-12-03T13:58:44.117+0000] {standard_task_runner.py:105} INFO - Job 169: Subtask transform_data
[2024-12-03T13:58:46.028+0000] {task_command.py:467} INFO - Running <TaskInstance: etl_data_pipeline_mongodb.transform_data manual__2024-12-03T13:57:47.510594+00:00 [running]> on host ed9532b68cd8
[2024-12-03T13:58:46.154+0000] {taskinstance.py:3132} INFO - Exporting env vars: AIRFLOW_CTX_DAG_OWNER='***' AIRFLOW_CTX_DAG_ID='etl_data_pipeline_mongodb' AIRFLOW_CTX_TASK_ID='transform_data' AIRFLOW_CTX_EXECUTION_DATE='2024-12-03T13:57:47.510594+00:00' AIRFLOW_CTX_TRY_NUMBER='1' AIRFLOW_CTX_DAG_RUN_ID='manual__2024-12-03T13:57:47.510594+00:00'
[2024-12-03T13:58:46.156+0000] {logging_mixin.py:190} INFO - Task instance is in running state
[2024-12-03T13:58:46.157+0000] {logging_mixin.py:190} INFO -  Previous state of the Task instance: queued
[2024-12-03T13:58:46.157+0000] {logging_mixin.py:190} INFO - Current task name:transform_data state:running start_date:2024-12-03 13:58:43.942584+00:00
[2024-12-03T13:58:46.158+0000] {logging_mixin.py:190} INFO - Dag name:etl_data_pipeline_mongodb and current dag run status:running
[2024-12-03T13:58:46.159+0000] {taskinstance.py:731} INFO - ::endgroup::
[2024-12-03T13:58:46.173+0000] {logging_mixin.py:190} INFO - Données brutes :
[2024-12-03T13:58:46.192+0000] {logging_mixin.py:190} INFO -    Index   Height(Inches)"   "Weight(Pounds)"
0      1             65.78             112.99
1      2             71.52             136.49
2      3             69.40             153.03
3      4             68.22             142.34
4      5             67.79             144.30
[2024-12-03T13:58:46.198+0000] {logging_mixin.py:190} INFO - Données nettoyées et sauvegardées sous /tmp/cleaned_data.json
[2024-12-03T13:58:46.199+0000] {python.py:240} INFO - Done. Returned value was: None
[2024-12-03T13:58:46.215+0000] {taskinstance.py:340} INFO - ::group::Post task execution logs
[2024-12-03T13:58:46.216+0000] {taskinstance.py:352} INFO - Marking task as SUCCESS. dag_id=etl_data_pipeline_mongodb, task_id=transform_data, run_id=manual__2024-12-03T13:57:47.510594+00:00, execution_date=20241203T135747, start_date=20241203T135843, end_date=20241203T135846
[2024-12-03T13:58:46.232+0000] {logging_mixin.py:190} INFO - Task instance in success state
[2024-12-03T13:58:46.233+0000] {logging_mixin.py:190} INFO -  Previous state of the Task instance: running
[2024-12-03T13:58:46.234+0000] {logging_mixin.py:190} INFO - Dag name:etl_data_pipeline_mongodb queued_at:2024-12-03 13:57:47.616904+00:00
[2024-12-03T13:58:46.235+0000] {logging_mixin.py:190} INFO - Task hostname:ed9532b68cd8 operator:PythonOperator
[2024-12-03T13:58:46.289+0000] {local_task_job_runner.py:266} INFO - Task exited with return code 0
[2024-12-03T13:58:46.705+0000] {taskinstance.py:3895} INFO - 1 downstream tasks scheduled from follow-on schedule check
[2024-12-03T13:58:46.710+0000] {local_task_job_runner.py:245} INFO - ::endgroup::
