[2024-12-09T20:24:25.225+0000] {local_task_job_runner.py:123} INFO - ::group::Pre task execution logs
[2024-12-09T20:24:25.619+0000] {taskinstance.py:2613} INFO - Dependencies all met for dep_context=non-requeueable deps ti=<TaskInstance: tutorial.sleep scheduled__2024-12-08T00:00:00+00:00 [queued]>
[2024-12-09T20:24:25.636+0000] {taskinstance.py:2613} INFO - Dependencies all met for dep_context=requeueable deps ti=<TaskInstance: tutorial.sleep scheduled__2024-12-08T00:00:00+00:00 [queued]>
[2024-12-09T20:24:25.637+0000] {taskinstance.py:2866} INFO - Starting attempt 1 of 4
[2024-12-09T20:24:25.661+0000] {taskinstance.py:2889} INFO - Executing <Task(BashOperator): sleep> on 2024-12-08 00:00:00+00:00
[2024-12-09T20:24:25.690+0000] {warnings.py:112} WARNING - /home/***/.local/lib/python3.12/site-packages/***/task/task_runner/standard_task_runner.py:70: DeprecationWarning: This process (pid=69) is multi-threaded, use of fork() may lead to deadlocks in the child.
  pid = os.fork()

[2024-12-09T20:24:25.693+0000] {standard_task_runner.py:72} INFO - Started process 115 to run task
[2024-12-09T20:24:25.693+0000] {standard_task_runner.py:104} INFO - Running: ['***', 'tasks', 'run', 'tutorial', 'sleep', 'scheduled__2024-12-08T00:00:00+00:00', '--job-id', '245', '--raw', '--subdir', '/home/***/.local/lib/python3.12/site-packages/***/example_dags/tutorial.py', '--cfg-path', '/tmp/tmptx59z31r']
[2024-12-09T20:24:25.695+0000] {standard_task_runner.py:105} INFO - Job 245: Subtask sleep
[2024-12-09T20:24:25.834+0000] {task_command.py:467} INFO - Running <TaskInstance: tutorial.sleep scheduled__2024-12-08T00:00:00+00:00 [running]> on host 8553af9ff67b
[2024-12-09T20:24:26.050+0000] {taskinstance.py:3132} INFO - Exporting env vars: AIRFLOW_CTX_DAG_EMAIL='***@example.com' AIRFLOW_CTX_DAG_OWNER='***' AIRFLOW_CTX_DAG_ID='tutorial' AIRFLOW_CTX_TASK_ID='sleep' AIRFLOW_CTX_EXECUTION_DATE='2024-12-08T00:00:00+00:00' AIRFLOW_CTX_TRY_NUMBER='1' AIRFLOW_CTX_DAG_RUN_ID='scheduled__2024-12-08T00:00:00+00:00'
[2024-12-09T20:24:26.054+0000] {logging_mixin.py:190} INFO - Task instance is in running state
[2024-12-09T20:24:26.055+0000] {logging_mixin.py:190} INFO -  Previous state of the Task instance: queued
[2024-12-09T20:24:26.055+0000] {logging_mixin.py:190} INFO - Current task name:sleep state:running start_date:2024-12-09 20:24:25.620276+00:00
[2024-12-09T20:24:26.056+0000] {logging_mixin.py:190} INFO - Dag name:tutorial and current dag run status:running
[2024-12-09T20:24:26.056+0000] {taskinstance.py:731} INFO - ::endgroup::
[2024-12-09T20:24:26.057+0000] {subprocess.py:78} INFO - Tmp dir root location: /tmp
[2024-12-09T20:24:26.059+0000] {subprocess.py:88} INFO - Running command: ['/usr/bin/bash', '-c', 'sleep 5']
[2024-12-09T20:24:26.087+0000] {subprocess.py:99} INFO - Output:
[2024-12-09T20:24:31.095+0000] {subprocess.py:110} INFO - Command exited with return code 0
[2024-12-09T20:24:31.118+0000] {taskinstance.py:340} INFO - ::group::Post task execution logs
[2024-12-09T20:24:31.119+0000] {taskinstance.py:352} INFO - Marking task as SUCCESS. dag_id=tutorial, task_id=sleep, run_id=scheduled__2024-12-08T00:00:00+00:00, execution_date=20241208T000000, start_date=20241209T202425, end_date=20241209T202431
[2024-12-09T20:24:31.129+0000] {logging_mixin.py:190} INFO - Task instance in success state
[2024-12-09T20:24:31.129+0000] {logging_mixin.py:190} INFO -  Previous state of the Task instance: running
[2024-12-09T20:24:31.129+0000] {logging_mixin.py:190} INFO - Dag name:tutorial queued_at:2024-12-09 20:10:07.342959+00:00
[2024-12-09T20:24:31.130+0000] {logging_mixin.py:190} INFO - Task hostname:8553af9ff67b operator:BashOperator
[2024-12-09T20:24:31.159+0000] {local_task_job_runner.py:266} INFO - Task exited with return code 0
[2024-12-09T20:24:31.172+0000] {taskinstance.py:3895} INFO - 0 downstream tasks scheduled from follow-on schedule check
[2024-12-09T20:24:31.174+0000] {local_task_job_runner.py:245} INFO - ::endgroup::
