[2024-12-09T20:33:48.682+0000] {local_task_job_runner.py:123} INFO - ::group::Pre task execution logs
[2024-12-09T20:33:48.698+0000] {taskinstance.py:2613} INFO - Dependencies all met for dep_context=non-requeueable deps ti=<TaskInstance: etl_data_pipeline_mongodb_complex.extract_data_source_2 manual__2024-12-09T20:33:46.290275+00:00 [queued]>
[2024-12-09T20:33:48.705+0000] {taskinstance.py:2613} INFO - Dependencies all met for dep_context=requeueable deps ti=<TaskInstance: etl_data_pipeline_mongodb_complex.extract_data_source_2 manual__2024-12-09T20:33:46.290275+00:00 [queued]>
[2024-12-09T20:33:48.706+0000] {taskinstance.py:2866} INFO - Starting attempt 1 of 2
[2024-12-09T20:33:48.725+0000] {taskinstance.py:2889} INFO - Executing <Task(PythonOperator): extract_data_source_2> on 2024-12-09 20:33:46.290275+00:00
[2024-12-09T20:33:48.732+0000] {warnings.py:112} WARNING - /home/***/.local/lib/python3.12/site-packages/***/task/task_runner/standard_task_runner.py:70: DeprecationWarning: This process (pid=531) is multi-threaded, use of fork() may lead to deadlocks in the child.
  pid = os.fork()

[2024-12-09T20:33:48.733+0000] {standard_task_runner.py:72} INFO - Started process 536 to run task
[2024-12-09T20:33:48.733+0000] {standard_task_runner.py:104} INFO - Running: ['***', 'tasks', 'run', 'etl_data_pipeline_mongodb_complex', 'extract_data_source_2', 'manual__2024-12-09T20:33:46.290275+00:00', '--job-id', '278', '--raw', '--subdir', 'DAGS_FOLDER/etl_data_pipeline_mongodb_complex.py', '--cfg-path', '/tmp/tmp99fzv235']
[2024-12-09T20:33:48.734+0000] {standard_task_runner.py:105} INFO - Job 278: Subtask extract_data_source_2
[2024-12-09T20:33:49.029+0000] {task_command.py:467} INFO - Running <TaskInstance: etl_data_pipeline_mongodb_complex.extract_data_source_2 manual__2024-12-09T20:33:46.290275+00:00 [running]> on host 8553af9ff67b
[2024-12-09T20:33:49.092+0000] {taskinstance.py:3132} INFO - Exporting env vars: AIRFLOW_CTX_DAG_OWNER='***' AIRFLOW_CTX_DAG_ID='etl_data_pipeline_mongodb_complex' AIRFLOW_CTX_TASK_ID='extract_data_source_2' AIRFLOW_CTX_EXECUTION_DATE='2024-12-09T20:33:46.290275+00:00' AIRFLOW_CTX_TRY_NUMBER='1' AIRFLOW_CTX_DAG_RUN_ID='manual__2024-12-09T20:33:46.290275+00:00'
[2024-12-09T20:33:49.093+0000] {logging_mixin.py:190} INFO - Task instance is in running state
[2024-12-09T20:33:49.093+0000] {logging_mixin.py:190} INFO -  Previous state of the Task instance: queued
[2024-12-09T20:33:49.093+0000] {logging_mixin.py:190} INFO - Current task name:extract_data_source_2 state:running start_date:2024-12-09 20:33:48.699185+00:00
[2024-12-09T20:33:49.094+0000] {logging_mixin.py:190} INFO - Dag name:etl_data_pipeline_mongodb_complex and current dag run status:running
[2024-12-09T20:33:49.094+0000] {taskinstance.py:731} INFO - ::endgroup::
[2024-12-09T20:33:49.572+0000] {logging_mixin.py:190} INFO - Source 2 téléchargée.
[2024-12-09T20:33:49.573+0000] {python.py:240} INFO - Done. Returned value was: None
[2024-12-09T20:33:49.580+0000] {taskinstance.py:340} INFO - ::group::Post task execution logs
[2024-12-09T20:33:49.581+0000] {taskinstance.py:352} INFO - Marking task as SUCCESS. dag_id=etl_data_pipeline_mongodb_complex, task_id=extract_data_source_2, run_id=manual__2024-12-09T20:33:46.290275+00:00, execution_date=20241209T203346, start_date=20241209T203348, end_date=20241209T203349
[2024-12-09T20:33:49.588+0000] {logging_mixin.py:190} INFO - Task instance in success state
[2024-12-09T20:33:49.589+0000] {logging_mixin.py:190} INFO -  Previous state of the Task instance: running
[2024-12-09T20:33:49.589+0000] {logging_mixin.py:190} INFO - Dag name:etl_data_pipeline_mongodb_complex queued_at:2024-12-09 20:33:46.307700+00:00
[2024-12-09T20:33:49.589+0000] {logging_mixin.py:190} INFO - Task hostname:8553af9ff67b operator:PythonOperator
[2024-12-09T20:33:49.631+0000] {local_task_job_runner.py:266} INFO - Task exited with return code 0
[2024-12-09T20:33:49.639+0000] {local_task_job_runner.py:245} INFO - ::endgroup::
