[2024-12-03T13:58:51.970+0000] {local_task_job_runner.py:123} INFO - ::group::Pre task execution logs
[2024-12-03T13:58:51.997+0000] {taskinstance.py:2613} INFO - Dependencies all met for dep_context=non-requeueable deps ti=<TaskInstance: etl_data_pipeline_mongodb.transform_data manual__2024-12-03T13:58:08.870853+00:00 [queued]>
[2024-12-03T13:58:52.005+0000] {taskinstance.py:2613} INFO - Dependencies all met for dep_context=requeueable deps ti=<TaskInstance: etl_data_pipeline_mongodb.transform_data manual__2024-12-03T13:58:08.870853+00:00 [queued]>
[2024-12-03T13:58:52.006+0000] {taskinstance.py:2866} INFO - Starting attempt 1 of 2
[2024-12-03T13:58:52.024+0000] {taskinstance.py:2889} INFO - Executing <Task(PythonOperator): transform_data> on 2024-12-03 13:58:08.870853+00:00
[2024-12-03T13:58:52.037+0000] {warnings.py:112} WARNING - /home/***/.local/lib/python3.12/site-packages/***/task/task_runner/standard_task_runner.py:70: DeprecationWarning: This process (pid=146) is multi-threaded, use of fork() may lead to deadlocks in the child.
  pid = os.fork()

[2024-12-03T13:58:52.049+0000] {standard_task_runner.py:104} INFO - Running: ['***', 'tasks', 'run', 'etl_data_pipeline_mongodb', 'transform_data', 'manual__2024-12-03T13:58:08.870853+00:00', '--job-id', '173', '--raw', '--subdir', 'DAGS_FOLDER/etl_data_pipeline_mongodb.py', '--cfg-path', '/tmp/tmp933okj6z']
[2024-12-03T13:58:52.052+0000] {standard_task_runner.py:105} INFO - Job 173: Subtask transform_data
[2024-12-03T13:58:52.052+0000] {standard_task_runner.py:72} INFO - Started process 152 to run task
[2024-12-03T13:58:53.582+0000] {task_command.py:467} INFO - Running <TaskInstance: etl_data_pipeline_mongodb.transform_data manual__2024-12-03T13:58:08.870853+00:00 [running]> on host ed9532b68cd8
[2024-12-03T13:58:53.712+0000] {taskinstance.py:3132} INFO - Exporting env vars: AIRFLOW_CTX_DAG_OWNER='***' AIRFLOW_CTX_DAG_ID='etl_data_pipeline_mongodb' AIRFLOW_CTX_TASK_ID='transform_data' AIRFLOW_CTX_EXECUTION_DATE='2024-12-03T13:58:08.870853+00:00' AIRFLOW_CTX_TRY_NUMBER='1' AIRFLOW_CTX_DAG_RUN_ID='manual__2024-12-03T13:58:08.870853+00:00'
[2024-12-03T13:58:53.716+0000] {logging_mixin.py:190} INFO - Task instance is in running state
[2024-12-03T13:58:53.717+0000] {logging_mixin.py:190} INFO -  Previous state of the Task instance: queued
[2024-12-03T13:58:53.718+0000] {logging_mixin.py:190} INFO - Current task name:transform_data state:running start_date:2024-12-03 13:58:51.998082+00:00
[2024-12-03T13:58:53.718+0000] {logging_mixin.py:190} INFO - Dag name:etl_data_pipeline_mongodb and current dag run status:running
[2024-12-03T13:58:53.719+0000] {taskinstance.py:731} INFO - ::endgroup::
[2024-12-03T13:58:53.739+0000] {logging_mixin.py:190} INFO - Données brutes :
[2024-12-03T13:58:53.762+0000] {logging_mixin.py:190} INFO -    Index   Height(Inches)"   "Weight(Pounds)"
0      1             65.78             112.99
1      2             71.52             136.49
2      3             69.40             153.03
3      4             68.22             142.34
4      5             67.79             144.30
[2024-12-03T13:58:53.767+0000] {logging_mixin.py:190} INFO - Données nettoyées et sauvegardées sous /tmp/cleaned_data.json
[2024-12-03T13:58:53.768+0000] {python.py:240} INFO - Done. Returned value was: None
[2024-12-03T13:58:53.792+0000] {taskinstance.py:340} INFO - ::group::Post task execution logs
[2024-12-03T13:58:53.793+0000] {taskinstance.py:352} INFO - Marking task as SUCCESS. dag_id=etl_data_pipeline_mongodb, task_id=transform_data, run_id=manual__2024-12-03T13:58:08.870853+00:00, execution_date=20241203T135808, start_date=20241203T135851, end_date=20241203T135853
[2024-12-03T13:58:53.812+0000] {logging_mixin.py:190} INFO - Task instance in success state
[2024-12-03T13:58:53.813+0000] {logging_mixin.py:190} INFO -  Previous state of the Task instance: running
[2024-12-03T13:58:53.813+0000] {logging_mixin.py:190} INFO - Dag name:etl_data_pipeline_mongodb queued_at:2024-12-03 13:58:08.952796+00:00
[2024-12-03T13:58:53.814+0000] {logging_mixin.py:190} INFO - Task hostname:ed9532b68cd8 operator:PythonOperator
[2024-12-03T13:58:53.841+0000] {local_task_job_runner.py:266} INFO - Task exited with return code 0
[2024-12-03T13:58:54.048+0000] {taskinstance.py:3895} INFO - 1 downstream tasks scheduled from follow-on schedule check
[2024-12-03T13:58:54.053+0000] {local_task_job_runner.py:245} INFO - ::endgroup::
