[2024-12-09T20:41:09.728+0000] {local_task_job_runner.py:123} INFO - ::group::Pre task execution logs
[2024-12-09T20:41:09.741+0000] {taskinstance.py:2613} INFO - Dependencies all met for dep_context=non-requeueable deps ti=<TaskInstance: etl_data_pipeline_mongodb_complex.extract_data_source_2 manual__2024-12-09T20:41:07.385832+00:00 [queued]>
[2024-12-09T20:41:09.747+0000] {taskinstance.py:2613} INFO - Dependencies all met for dep_context=requeueable deps ti=<TaskInstance: etl_data_pipeline_mongodb_complex.extract_data_source_2 manual__2024-12-09T20:41:07.385832+00:00 [queued]>
[2024-12-09T20:41:09.748+0000] {taskinstance.py:2866} INFO - Starting attempt 1 of 2
[2024-12-09T20:41:09.760+0000] {taskinstance.py:2889} INFO - Executing <Task(PythonOperator): extract_data_source_2> on 2024-12-09 20:41:07.385832+00:00
[2024-12-09T20:41:09.769+0000] {warnings.py:112} WARNING - /home/***/.local/lib/python3.12/site-packages/***/task/task_runner/standard_task_runner.py:70: DeprecationWarning: This process (pid=721) is multi-threaded, use of fork() may lead to deadlocks in the child.
  pid = os.fork()

[2024-12-09T20:41:09.771+0000] {standard_task_runner.py:72} INFO - Started process 724 to run task
[2024-12-09T20:41:09.771+0000] {standard_task_runner.py:104} INFO - Running: ['***', 'tasks', 'run', 'etl_data_pipeline_mongodb_complex', 'extract_data_source_2', 'manual__2024-12-09T20:41:07.385832+00:00', '--job-id', '301', '--raw', '--subdir', 'DAGS_FOLDER/etl_data_pipeline_mongodb_complex.py', '--cfg-path', '/tmp/tmp63zhpa_h']
[2024-12-09T20:41:09.772+0000] {standard_task_runner.py:105} INFO - Job 301: Subtask extract_data_source_2
[2024-12-09T20:41:09.819+0000] {task_command.py:467} INFO - Running <TaskInstance: etl_data_pipeline_mongodb_complex.extract_data_source_2 manual__2024-12-09T20:41:07.385832+00:00 [running]> on host 8553af9ff67b
[2024-12-09T20:41:10.209+0000] {taskinstance.py:3132} INFO - Exporting env vars: AIRFLOW_CTX_DAG_OWNER='***' AIRFLOW_CTX_DAG_ID='etl_data_pipeline_mongodb_complex' AIRFLOW_CTX_TASK_ID='extract_data_source_2' AIRFLOW_CTX_EXECUTION_DATE='2024-12-09T20:41:07.385832+00:00' AIRFLOW_CTX_TRY_NUMBER='1' AIRFLOW_CTX_DAG_RUN_ID='manual__2024-12-09T20:41:07.385832+00:00'
[2024-12-09T20:41:10.210+0000] {logging_mixin.py:190} INFO - Task instance is in running state
[2024-12-09T20:41:10.211+0000] {logging_mixin.py:190} INFO -  Previous state of the Task instance: queued
[2024-12-09T20:41:10.211+0000] {logging_mixin.py:190} INFO - Current task name:extract_data_source_2 state:running start_date:2024-12-09 20:41:09.741805+00:00
[2024-12-09T20:41:10.212+0000] {logging_mixin.py:190} INFO - Dag name:etl_data_pipeline_mongodb_complex and current dag run status:running
[2024-12-09T20:41:10.212+0000] {taskinstance.py:731} INFO - ::endgroup::
[2024-12-09T20:41:10.741+0000] {logging_mixin.py:190} INFO - Source 2 téléchargée.
[2024-12-09T20:41:10.742+0000] {python.py:240} INFO - Done. Returned value was: None
[2024-12-09T20:41:10.750+0000] {taskinstance.py:340} INFO - ::group::Post task execution logs
[2024-12-09T20:41:10.751+0000] {taskinstance.py:352} INFO - Marking task as SUCCESS. dag_id=etl_data_pipeline_mongodb_complex, task_id=extract_data_source_2, run_id=manual__2024-12-09T20:41:07.385832+00:00, execution_date=20241209T204107, start_date=20241209T204109, end_date=20241209T204110
[2024-12-09T20:41:10.759+0000] {logging_mixin.py:190} INFO - Task instance in success state
[2024-12-09T20:41:10.759+0000] {logging_mixin.py:190} INFO -  Previous state of the Task instance: running
[2024-12-09T20:41:10.759+0000] {logging_mixin.py:190} INFO - Dag name:etl_data_pipeline_mongodb_complex queued_at:2024-12-09 20:41:07.401070+00:00
[2024-12-09T20:41:10.760+0000] {logging_mixin.py:190} INFO - Task hostname:8553af9ff67b operator:PythonOperator
[2024-12-09T20:41:10.790+0000] {local_task_job_runner.py:266} INFO - Task exited with return code 0
[2024-12-09T20:41:10.800+0000] {local_task_job_runner.py:245} INFO - ::endgroup::
