[2024-12-09T20:31:18.498+0000] {local_task_job_runner.py:123} INFO - ::group::Pre task execution logs
[2024-12-09T20:31:18.511+0000] {taskinstance.py:2613} INFO - Dependencies all met for dep_context=non-requeueable deps ti=<TaskInstance: etl_data_pipeline_mongodb_complex.branch_task scheduled__2024-12-08T00:00:00+00:00 [queued]>
[2024-12-09T20:31:18.518+0000] {taskinstance.py:2613} INFO - Dependencies all met for dep_context=requeueable deps ti=<TaskInstance: etl_data_pipeline_mongodb_complex.branch_task scheduled__2024-12-08T00:00:00+00:00 [queued]>
[2024-12-09T20:31:18.519+0000] {taskinstance.py:2866} INFO - Starting attempt 1 of 2
[2024-12-09T20:31:18.534+0000] {taskinstance.py:2889} INFO - Executing <Task(BranchPythonOperator): branch_task> on 2024-12-08 00:00:00+00:00
[2024-12-09T20:31:18.542+0000] {warnings.py:112} WARNING - /home/***/.local/lib/python3.12/site-packages/***/task/task_runner/standard_task_runner.py:70: DeprecationWarning: This process (pid=483) is multi-threaded, use of fork() may lead to deadlocks in the child.
  pid = os.fork()

[2024-12-09T20:31:18.544+0000] {standard_task_runner.py:72} INFO - Started process 487 to run task
[2024-12-09T20:31:18.544+0000] {standard_task_runner.py:104} INFO - Running: ['***', 'tasks', 'run', 'etl_data_pipeline_mongodb_complex', 'branch_task', 'scheduled__2024-12-08T00:00:00+00:00', '--job-id', '275', '--raw', '--subdir', 'DAGS_FOLDER/etl_data_pipeline_mongodb_complex.py', '--cfg-path', '/tmp/tmpr_d_n8sx']
[2024-12-09T20:31:18.545+0000] {standard_task_runner.py:105} INFO - Job 275: Subtask branch_task
[2024-12-09T20:31:18.600+0000] {task_command.py:467} INFO - Running <TaskInstance: etl_data_pipeline_mongodb_complex.branch_task scheduled__2024-12-08T00:00:00+00:00 [running]> on host 8553af9ff67b
[2024-12-09T20:31:18.914+0000] {taskinstance.py:3132} INFO - Exporting env vars: AIRFLOW_CTX_DAG_OWNER='***' AIRFLOW_CTX_DAG_ID='etl_data_pipeline_mongodb_complex' AIRFLOW_CTX_TASK_ID='branch_task' AIRFLOW_CTX_EXECUTION_DATE='2024-12-08T00:00:00+00:00' AIRFLOW_CTX_TRY_NUMBER='1' AIRFLOW_CTX_DAG_RUN_ID='scheduled__2024-12-08T00:00:00+00:00'
[2024-12-09T20:31:18.916+0000] {logging_mixin.py:190} INFO - Task instance is in running state
[2024-12-09T20:31:18.916+0000] {logging_mixin.py:190} INFO -  Previous state of the Task instance: queued
[2024-12-09T20:31:18.917+0000] {logging_mixin.py:190} INFO - Current task name:branch_task state:running start_date:2024-12-09 20:31:18.512481+00:00
[2024-12-09T20:31:18.917+0000] {logging_mixin.py:190} INFO - Dag name:etl_data_pipeline_mongodb_complex and current dag run status:running
[2024-12-09T20:31:18.918+0000] {taskinstance.py:731} INFO - ::endgroup::
[2024-12-09T20:31:18.918+0000] {baseoperator.py:416} WARNING - BranchPythonOperator.execute cannot be called outside TaskInstance!
[2024-12-09T20:31:18.927+0000] {python.py:240} INFO - Done. Returned value was: skip_load
[2024-12-09T20:31:18.928+0000] {branch.py:38} INFO - Branch into skip_load
[2024-12-09T20:31:18.928+0000] {skipmixin.py:230} INFO - Following branch ('skip_load',)
[2024-12-09T20:31:18.939+0000] {skipmixin.py:278} INFO - Skipping tasks [('load_data', -1)]
[2024-12-09T20:31:18.976+0000] {taskinstance.py:340} INFO - ::group::Post task execution logs
[2024-12-09T20:31:18.977+0000] {taskinstance.py:352} INFO - Marking task as SUCCESS. dag_id=etl_data_pipeline_mongodb_complex, task_id=branch_task, run_id=scheduled__2024-12-08T00:00:00+00:00, execution_date=20241208T000000, start_date=20241209T203118, end_date=20241209T203118
[2024-12-09T20:31:18.988+0000] {logging_mixin.py:190} INFO - Task instance in success state
[2024-12-09T20:31:18.989+0000] {logging_mixin.py:190} INFO -  Previous state of the Task instance: running
[2024-12-09T20:31:18.989+0000] {logging_mixin.py:190} INFO - Dag name:etl_data_pipeline_mongodb_complex queued_at:2024-12-09 20:31:07.094350+00:00
[2024-12-09T20:31:18.990+0000] {logging_mixin.py:190} INFO - Task hostname:8553af9ff67b operator:BranchPythonOperator
[2024-12-09T20:31:19.040+0000] {local_task_job_runner.py:266} INFO - Task exited with return code 0
[2024-12-09T20:31:19.214+0000] {taskinstance.py:3895} INFO - 0 downstream tasks scheduled from follow-on schedule check
[2024-12-09T20:31:19.232+0000] {local_task_job_runner.py:245} INFO - ::endgroup::
