[2024-12-09T20:10:07.466+0000] {processor.py:186} INFO - Started process (PID=68) to work on /opt/airflow/dags/data_extraction.py
[2024-12-09T20:10:07.467+0000] {processor.py:914} INFO - Processing file /opt/airflow/dags/data_extraction.py for tasks to queue
[2024-12-09T20:10:07.470+0000] {logging_mixin.py:190} INFO - [2024-12-09T20:10:07.469+0000] {dagbag.py:588} INFO - Filling up the DagBag from /opt/airflow/dags/data_extraction.py
[2024-12-09T20:10:07.489+0000] {processor.py:925} INFO - DAG(s) 'data_extraction' retrieved from /opt/airflow/dags/data_extraction.py
[2024-12-09T20:10:07.530+0000] {logging_mixin.py:190} INFO - [2024-12-09T20:10:07.529+0000] {dag.py:3239} INFO - Sync 1 DAGs
[2024-12-09T20:10:07.562+0000] {logging_mixin.py:190} INFO - [2024-12-09T20:10:07.562+0000] {dag.py:4180} INFO - Setting next_dagrun for data_extraction to 2024-12-08 00:00:00+00:00, run_after=2024-12-09 00:00:00+00:00
[2024-12-09T20:10:07.589+0000] {processor.py:208} INFO - Processing /opt/airflow/dags/data_extraction.py took 0.129 seconds
[2024-12-09T20:24:17.791+0000] {processor.py:186} INFO - Started process (PID=76) to work on /opt/airflow/dags/data_extraction.py
[2024-12-09T20:24:17.793+0000] {processor.py:914} INFO - Processing file /opt/airflow/dags/data_extraction.py for tasks to queue
[2024-12-09T20:24:17.797+0000] {logging_mixin.py:190} INFO - [2024-12-09T20:24:17.796+0000] {dagbag.py:588} INFO - Filling up the DagBag from /opt/airflow/dags/data_extraction.py
[2024-12-09T20:24:17.824+0000] {processor.py:925} INFO - DAG(s) 'data_extraction' retrieved from /opt/airflow/dags/data_extraction.py
[2024-12-09T20:24:17.865+0000] {logging_mixin.py:190} INFO - [2024-12-09T20:24:17.865+0000] {dag.py:3239} INFO - Sync 1 DAGs
[2024-12-09T20:24:17.896+0000] {logging_mixin.py:190} INFO - [2024-12-09T20:24:17.896+0000] {dag.py:4180} INFO - Setting next_dagrun for data_extraction to 2024-12-08 00:00:00+00:00, run_after=2024-12-09 00:00:00+00:00
[2024-12-09T20:24:17.916+0000] {processor.py:208} INFO - Processing /opt/airflow/dags/data_extraction.py took 0.138 seconds
[2024-12-09T20:24:48.177+0000] {processor.py:186} INFO - Started process (PID=165) to work on /opt/airflow/dags/data_extraction.py
[2024-12-09T20:24:48.178+0000] {processor.py:914} INFO - Processing file /opt/airflow/dags/data_extraction.py for tasks to queue
[2024-12-09T20:24:48.181+0000] {logging_mixin.py:190} INFO - [2024-12-09T20:24:48.181+0000] {dagbag.py:588} INFO - Filling up the DagBag from /opt/airflow/dags/data_extraction.py
[2024-12-09T20:24:48.200+0000] {processor.py:925} INFO - DAG(s) 'data_extraction' retrieved from /opt/airflow/dags/data_extraction.py
[2024-12-09T20:24:48.222+0000] {logging_mixin.py:190} INFO - [2024-12-09T20:24:48.222+0000] {dag.py:3239} INFO - Sync 1 DAGs
[2024-12-09T20:24:48.247+0000] {logging_mixin.py:190} INFO - [2024-12-09T20:24:48.247+0000] {dag.py:4180} INFO - Setting next_dagrun for data_extraction to 2024-12-08 00:00:00+00:00, run_after=2024-12-09 00:00:00+00:00
[2024-12-09T20:24:48.266+0000] {processor.py:208} INFO - Processing /opt/airflow/dags/data_extraction.py took 0.096 seconds
[2024-12-09T20:25:18.912+0000] {processor.py:186} INFO - Started process (PID=233) to work on /opt/airflow/dags/data_extraction.py
[2024-12-09T20:25:18.913+0000] {processor.py:914} INFO - Processing file /opt/airflow/dags/data_extraction.py for tasks to queue
[2024-12-09T20:25:18.915+0000] {logging_mixin.py:190} INFO - [2024-12-09T20:25:18.914+0000] {dagbag.py:588} INFO - Filling up the DagBag from /opt/airflow/dags/data_extraction.py
[2024-12-09T20:25:18.927+0000] {processor.py:925} INFO - DAG(s) 'data_extraction' retrieved from /opt/airflow/dags/data_extraction.py
[2024-12-09T20:25:18.943+0000] {logging_mixin.py:190} INFO - [2024-12-09T20:25:18.942+0000] {dag.py:3239} INFO - Sync 1 DAGs
[2024-12-09T20:25:18.962+0000] {logging_mixin.py:190} INFO - [2024-12-09T20:25:18.962+0000] {dag.py:4180} INFO - Setting next_dagrun for data_extraction to 2024-12-08 00:00:00+00:00, run_after=2024-12-09 00:00:00+00:00
[2024-12-09T20:25:18.979+0000] {processor.py:208} INFO - Processing /opt/airflow/dags/data_extraction.py took 0.072 seconds
[2024-12-09T20:25:49.493+0000] {processor.py:186} INFO - Started process (PID=301) to work on /opt/airflow/dags/data_extraction.py
[2024-12-09T20:25:49.494+0000] {processor.py:914} INFO - Processing file /opt/airflow/dags/data_extraction.py for tasks to queue
[2024-12-09T20:25:49.496+0000] {logging_mixin.py:190} INFO - [2024-12-09T20:25:49.496+0000] {dagbag.py:588} INFO - Filling up the DagBag from /opt/airflow/dags/data_extraction.py
[2024-12-09T20:25:49.508+0000] {processor.py:925} INFO - DAG(s) 'data_extraction' retrieved from /opt/airflow/dags/data_extraction.py
[2024-12-09T20:25:49.523+0000] {logging_mixin.py:190} INFO - [2024-12-09T20:25:49.522+0000] {dag.py:3239} INFO - Sync 1 DAGs
[2024-12-09T20:25:49.539+0000] {logging_mixin.py:190} INFO - [2024-12-09T20:25:49.539+0000] {dag.py:4180} INFO - Setting next_dagrun for data_extraction to 2024-12-08 00:00:00+00:00, run_after=2024-12-09 00:00:00+00:00
[2024-12-09T20:25:49.554+0000] {processor.py:208} INFO - Processing /opt/airflow/dags/data_extraction.py took 0.065 seconds
[2024-12-09T20:26:20.123+0000] {processor.py:186} INFO - Started process (PID=369) to work on /opt/airflow/dags/data_extraction.py
[2024-12-09T20:26:20.124+0000] {processor.py:914} INFO - Processing file /opt/airflow/dags/data_extraction.py for tasks to queue
[2024-12-09T20:26:20.126+0000] {logging_mixin.py:190} INFO - [2024-12-09T20:26:20.126+0000] {dagbag.py:588} INFO - Filling up the DagBag from /opt/airflow/dags/data_extraction.py
[2024-12-09T20:26:20.139+0000] {processor.py:925} INFO - DAG(s) 'data_extraction' retrieved from /opt/airflow/dags/data_extraction.py
[2024-12-09T20:26:20.156+0000] {logging_mixin.py:190} INFO - [2024-12-09T20:26:20.156+0000] {dag.py:3239} INFO - Sync 1 DAGs
[2024-12-09T20:26:20.178+0000] {logging_mixin.py:190} INFO - [2024-12-09T20:26:20.177+0000] {dag.py:4180} INFO - Setting next_dagrun for data_extraction to 2024-12-08 00:00:00+00:00, run_after=2024-12-09 00:00:00+00:00
[2024-12-09T20:26:20.196+0000] {processor.py:208} INFO - Processing /opt/airflow/dags/data_extraction.py took 0.077 seconds
[2024-12-09T20:26:50.589+0000] {processor.py:186} INFO - Started process (PID=437) to work on /opt/airflow/dags/data_extraction.py
[2024-12-09T20:26:50.590+0000] {processor.py:914} INFO - Processing file /opt/airflow/dags/data_extraction.py for tasks to queue
[2024-12-09T20:26:50.592+0000] {logging_mixin.py:190} INFO - [2024-12-09T20:26:50.592+0000] {dagbag.py:588} INFO - Filling up the DagBag from /opt/airflow/dags/data_extraction.py
[2024-12-09T20:26:50.607+0000] {processor.py:925} INFO - DAG(s) 'data_extraction' retrieved from /opt/airflow/dags/data_extraction.py
[2024-12-09T20:26:50.625+0000] {logging_mixin.py:190} INFO - [2024-12-09T20:26:50.624+0000] {dag.py:3239} INFO - Sync 1 DAGs
[2024-12-09T20:26:50.646+0000] {logging_mixin.py:190} INFO - [2024-12-09T20:26:50.646+0000] {dag.py:4180} INFO - Setting next_dagrun for data_extraction to 2024-12-08 00:00:00+00:00, run_after=2024-12-09 00:00:00+00:00
[2024-12-09T20:26:50.664+0000] {processor.py:208} INFO - Processing /opt/airflow/dags/data_extraction.py took 0.081 seconds
[2024-12-09T20:27:21.136+0000] {processor.py:186} INFO - Started process (PID=505) to work on /opt/airflow/dags/data_extraction.py
[2024-12-09T20:27:21.136+0000] {processor.py:914} INFO - Processing file /opt/airflow/dags/data_extraction.py for tasks to queue
[2024-12-09T20:27:21.138+0000] {logging_mixin.py:190} INFO - [2024-12-09T20:27:21.138+0000] {dagbag.py:588} INFO - Filling up the DagBag from /opt/airflow/dags/data_extraction.py
[2024-12-09T20:27:21.152+0000] {processor.py:925} INFO - DAG(s) 'data_extraction' retrieved from /opt/airflow/dags/data_extraction.py
[2024-12-09T20:27:21.169+0000] {logging_mixin.py:190} INFO - [2024-12-09T20:27:21.168+0000] {dag.py:3239} INFO - Sync 1 DAGs
[2024-12-09T20:27:21.189+0000] {logging_mixin.py:190} INFO - [2024-12-09T20:27:21.189+0000] {dag.py:4180} INFO - Setting next_dagrun for data_extraction to 2024-12-08 00:00:00+00:00, run_after=2024-12-09 00:00:00+00:00
[2024-12-09T20:27:21.204+0000] {processor.py:208} INFO - Processing /opt/airflow/dags/data_extraction.py took 0.073 seconds
[2024-12-09T20:27:51.855+0000] {processor.py:186} INFO - Started process (PID=573) to work on /opt/airflow/dags/data_extraction.py
[2024-12-09T20:27:51.856+0000] {processor.py:914} INFO - Processing file /opt/airflow/dags/data_extraction.py for tasks to queue
[2024-12-09T20:27:51.858+0000] {logging_mixin.py:190} INFO - [2024-12-09T20:27:51.858+0000] {dagbag.py:588} INFO - Filling up the DagBag from /opt/airflow/dags/data_extraction.py
[2024-12-09T20:27:51.873+0000] {processor.py:925} INFO - DAG(s) 'data_extraction' retrieved from /opt/airflow/dags/data_extraction.py
[2024-12-09T20:27:51.895+0000] {logging_mixin.py:190} INFO - [2024-12-09T20:27:51.894+0000] {dag.py:3239} INFO - Sync 1 DAGs
[2024-12-09T20:27:51.915+0000] {logging_mixin.py:190} INFO - [2024-12-09T20:27:51.915+0000] {dag.py:4180} INFO - Setting next_dagrun for data_extraction to 2024-12-08 00:00:00+00:00, run_after=2024-12-09 00:00:00+00:00
[2024-12-09T20:27:51.932+0000] {processor.py:208} INFO - Processing /opt/airflow/dags/data_extraction.py took 0.082 seconds
[2024-12-09T20:28:22.868+0000] {processor.py:186} INFO - Started process (PID=641) to work on /opt/airflow/dags/data_extraction.py
[2024-12-09T20:28:22.868+0000] {processor.py:914} INFO - Processing file /opt/airflow/dags/data_extraction.py for tasks to queue
[2024-12-09T20:28:22.870+0000] {logging_mixin.py:190} INFO - [2024-12-09T20:28:22.870+0000] {dagbag.py:588} INFO - Filling up the DagBag from /opt/airflow/dags/data_extraction.py
[2024-12-09T20:28:22.882+0000] {processor.py:925} INFO - DAG(s) 'data_extraction' retrieved from /opt/airflow/dags/data_extraction.py
[2024-12-09T20:28:22.897+0000] {logging_mixin.py:190} INFO - [2024-12-09T20:28:22.897+0000] {dag.py:3239} INFO - Sync 1 DAGs
[2024-12-09T20:28:22.914+0000] {logging_mixin.py:190} INFO - [2024-12-09T20:28:22.914+0000] {dag.py:4180} INFO - Setting next_dagrun for data_extraction to 2024-12-08 00:00:00+00:00, run_after=2024-12-09 00:00:00+00:00
[2024-12-09T20:28:22.929+0000] {processor.py:208} INFO - Processing /opt/airflow/dags/data_extraction.py took 0.066 seconds
[2024-12-09T20:28:53.880+0000] {processor.py:186} INFO - Started process (PID=709) to work on /opt/airflow/dags/data_extraction.py
[2024-12-09T20:28:53.880+0000] {processor.py:914} INFO - Processing file /opt/airflow/dags/data_extraction.py for tasks to queue
[2024-12-09T20:28:53.882+0000] {logging_mixin.py:190} INFO - [2024-12-09T20:28:53.882+0000] {dagbag.py:588} INFO - Filling up the DagBag from /opt/airflow/dags/data_extraction.py
[2024-12-09T20:28:53.895+0000] {processor.py:925} INFO - DAG(s) 'data_extraction' retrieved from /opt/airflow/dags/data_extraction.py
[2024-12-09T20:28:53.910+0000] {logging_mixin.py:190} INFO - [2024-12-09T20:28:53.909+0000] {dag.py:3239} INFO - Sync 1 DAGs
[2024-12-09T20:28:53.929+0000] {logging_mixin.py:190} INFO - [2024-12-09T20:28:53.929+0000] {dag.py:4180} INFO - Setting next_dagrun for data_extraction to 2024-12-08 00:00:00+00:00, run_after=2024-12-09 00:00:00+00:00
[2024-12-09T20:28:53.942+0000] {processor.py:208} INFO - Processing /opt/airflow/dags/data_extraction.py took 0.067 seconds
[2024-12-09T20:29:24.388+0000] {processor.py:186} INFO - Started process (PID=777) to work on /opt/airflow/dags/data_extraction.py
[2024-12-09T20:29:24.388+0000] {processor.py:914} INFO - Processing file /opt/airflow/dags/data_extraction.py for tasks to queue
[2024-12-09T20:29:24.390+0000] {logging_mixin.py:190} INFO - [2024-12-09T20:29:24.390+0000] {dagbag.py:588} INFO - Filling up the DagBag from /opt/airflow/dags/data_extraction.py
[2024-12-09T20:29:24.402+0000] {processor.py:925} INFO - DAG(s) 'data_extraction' retrieved from /opt/airflow/dags/data_extraction.py
[2024-12-09T20:29:24.416+0000] {logging_mixin.py:190} INFO - [2024-12-09T20:29:24.416+0000] {dag.py:3239} INFO - Sync 1 DAGs
[2024-12-09T20:29:24.433+0000] {logging_mixin.py:190} INFO - [2024-12-09T20:29:24.433+0000] {dag.py:4180} INFO - Setting next_dagrun for data_extraction to 2024-12-08 00:00:00+00:00, run_after=2024-12-09 00:00:00+00:00
[2024-12-09T20:29:24.448+0000] {processor.py:208} INFO - Processing /opt/airflow/dags/data_extraction.py took 0.064 seconds
[2024-12-09T20:29:55.153+0000] {processor.py:186} INFO - Started process (PID=849) to work on /opt/airflow/dags/data_extraction.py
[2024-12-09T20:29:55.154+0000] {processor.py:914} INFO - Processing file /opt/airflow/dags/data_extraction.py for tasks to queue
[2024-12-09T20:29:55.155+0000] {logging_mixin.py:190} INFO - [2024-12-09T20:29:55.155+0000] {dagbag.py:588} INFO - Filling up the DagBag from /opt/airflow/dags/data_extraction.py
[2024-12-09T20:29:55.169+0000] {processor.py:925} INFO - DAG(s) 'data_extraction' retrieved from /opt/airflow/dags/data_extraction.py
[2024-12-09T20:29:55.184+0000] {logging_mixin.py:190} INFO - [2024-12-09T20:29:55.184+0000] {dag.py:3239} INFO - Sync 1 DAGs
[2024-12-09T20:29:55.202+0000] {logging_mixin.py:190} INFO - [2024-12-09T20:29:55.202+0000] {dag.py:4180} INFO - Setting next_dagrun for data_extraction to 2024-12-08 00:00:00+00:00, run_after=2024-12-09 00:00:00+00:00
[2024-12-09T20:29:55.218+0000] {processor.py:208} INFO - Processing /opt/airflow/dags/data_extraction.py took 0.070 seconds
[2024-12-09T20:30:25.511+0000] {processor.py:186} INFO - Started process (PID=917) to work on /opt/airflow/dags/data_extraction.py
[2024-12-09T20:30:25.512+0000] {processor.py:914} INFO - Processing file /opt/airflow/dags/data_extraction.py for tasks to queue
[2024-12-09T20:30:25.514+0000] {logging_mixin.py:190} INFO - [2024-12-09T20:30:25.514+0000] {dagbag.py:588} INFO - Filling up the DagBag from /opt/airflow/dags/data_extraction.py
[2024-12-09T20:30:25.526+0000] {processor.py:925} INFO - DAG(s) 'data_extraction' retrieved from /opt/airflow/dags/data_extraction.py
[2024-12-09T20:30:25.542+0000] {logging_mixin.py:190} INFO - [2024-12-09T20:30:25.541+0000] {dag.py:3239} INFO - Sync 1 DAGs
[2024-12-09T20:30:25.560+0000] {logging_mixin.py:190} INFO - [2024-12-09T20:30:25.559+0000] {dag.py:4180} INFO - Setting next_dagrun for data_extraction to 2024-12-08 00:00:00+00:00, run_after=2024-12-09 00:00:00+00:00
[2024-12-09T20:30:25.577+0000] {processor.py:208} INFO - Processing /opt/airflow/dags/data_extraction.py took 0.071 seconds
[2024-12-09T20:30:56.078+0000] {processor.py:186} INFO - Started process (PID=985) to work on /opt/airflow/dags/data_extraction.py
[2024-12-09T20:30:56.079+0000] {processor.py:914} INFO - Processing file /opt/airflow/dags/data_extraction.py for tasks to queue
[2024-12-09T20:30:56.081+0000] {logging_mixin.py:190} INFO - [2024-12-09T20:30:56.080+0000] {dagbag.py:588} INFO - Filling up the DagBag from /opt/airflow/dags/data_extraction.py
[2024-12-09T20:30:56.093+0000] {processor.py:925} INFO - DAG(s) 'data_extraction' retrieved from /opt/airflow/dags/data_extraction.py
[2024-12-09T20:30:56.108+0000] {logging_mixin.py:190} INFO - [2024-12-09T20:30:56.107+0000] {dag.py:3239} INFO - Sync 1 DAGs
[2024-12-09T20:30:56.127+0000] {logging_mixin.py:190} INFO - [2024-12-09T20:30:56.127+0000] {dag.py:4180} INFO - Setting next_dagrun for data_extraction to 2024-12-08 00:00:00+00:00, run_after=2024-12-09 00:00:00+00:00
[2024-12-09T20:30:56.142+0000] {processor.py:208} INFO - Processing /opt/airflow/dags/data_extraction.py took 0.069 seconds
[2024-12-09T20:31:26.909+0000] {processor.py:186} INFO - Started process (PID=1070) to work on /opt/airflow/dags/data_extraction.py
[2024-12-09T20:31:26.910+0000] {processor.py:914} INFO - Processing file /opt/airflow/dags/data_extraction.py for tasks to queue
[2024-12-09T20:31:26.911+0000] {logging_mixin.py:190} INFO - [2024-12-09T20:31:26.911+0000] {dagbag.py:588} INFO - Filling up the DagBag from /opt/airflow/dags/data_extraction.py
[2024-12-09T20:31:26.924+0000] {processor.py:925} INFO - DAG(s) 'data_extraction' retrieved from /opt/airflow/dags/data_extraction.py
[2024-12-09T20:31:26.941+0000] {logging_mixin.py:190} INFO - [2024-12-09T20:31:26.940+0000] {dag.py:3239} INFO - Sync 1 DAGs
[2024-12-09T20:31:26.957+0000] {logging_mixin.py:190} INFO - [2024-12-09T20:31:26.957+0000] {dag.py:4180} INFO - Setting next_dagrun for data_extraction to 2024-12-08 00:00:00+00:00, run_after=2024-12-09 00:00:00+00:00
[2024-12-09T20:31:26.974+0000] {processor.py:208} INFO - Processing /opt/airflow/dags/data_extraction.py took 0.069 seconds
[2024-12-09T20:31:58.022+0000] {processor.py:186} INFO - Started process (PID=1138) to work on /opt/airflow/dags/data_extraction.py
[2024-12-09T20:31:58.024+0000] {processor.py:914} INFO - Processing file /opt/airflow/dags/data_extraction.py for tasks to queue
[2024-12-09T20:31:58.027+0000] {logging_mixin.py:190} INFO - [2024-12-09T20:31:58.027+0000] {dagbag.py:588} INFO - Filling up the DagBag from /opt/airflow/dags/data_extraction.py
[2024-12-09T20:31:58.055+0000] {processor.py:925} INFO - DAG(s) 'data_extraction' retrieved from /opt/airflow/dags/data_extraction.py
[2024-12-09T20:31:58.082+0000] {logging_mixin.py:190} INFO - [2024-12-09T20:31:58.082+0000] {dag.py:3239} INFO - Sync 1 DAGs
[2024-12-09T20:31:58.129+0000] {logging_mixin.py:190} INFO - [2024-12-09T20:31:58.129+0000] {dag.py:4180} INFO - Setting next_dagrun for data_extraction to 2024-12-08 00:00:00+00:00, run_after=2024-12-09 00:00:00+00:00
[2024-12-09T20:31:58.164+0000] {processor.py:208} INFO - Processing /opt/airflow/dags/data_extraction.py took 0.153 seconds
[2024-12-09T20:32:28.416+0000] {processor.py:186} INFO - Started process (PID=1206) to work on /opt/airflow/dags/data_extraction.py
[2024-12-09T20:32:28.417+0000] {processor.py:914} INFO - Processing file /opt/airflow/dags/data_extraction.py for tasks to queue
[2024-12-09T20:32:28.419+0000] {logging_mixin.py:190} INFO - [2024-12-09T20:32:28.419+0000] {dagbag.py:588} INFO - Filling up the DagBag from /opt/airflow/dags/data_extraction.py
[2024-12-09T20:32:28.431+0000] {processor.py:925} INFO - DAG(s) 'data_extraction' retrieved from /opt/airflow/dags/data_extraction.py
[2024-12-09T20:32:28.445+0000] {logging_mixin.py:190} INFO - [2024-12-09T20:32:28.445+0000] {dag.py:3239} INFO - Sync 1 DAGs
[2024-12-09T20:32:28.463+0000] {logging_mixin.py:190} INFO - [2024-12-09T20:32:28.463+0000] {dag.py:4180} INFO - Setting next_dagrun for data_extraction to 2024-12-08 00:00:00+00:00, run_after=2024-12-09 00:00:00+00:00
[2024-12-09T20:32:28.480+0000] {processor.py:208} INFO - Processing /opt/airflow/dags/data_extraction.py took 0.068 seconds
[2024-12-09T20:32:58.705+0000] {processor.py:186} INFO - Started process (PID=1274) to work on /opt/airflow/dags/data_extraction.py
[2024-12-09T20:32:58.706+0000] {processor.py:914} INFO - Processing file /opt/airflow/dags/data_extraction.py for tasks to queue
[2024-12-09T20:32:58.708+0000] {logging_mixin.py:190} INFO - [2024-12-09T20:32:58.708+0000] {dagbag.py:588} INFO - Filling up the DagBag from /opt/airflow/dags/data_extraction.py
[2024-12-09T20:32:58.723+0000] {processor.py:925} INFO - DAG(s) 'data_extraction' retrieved from /opt/airflow/dags/data_extraction.py
[2024-12-09T20:32:58.738+0000] {logging_mixin.py:190} INFO - [2024-12-09T20:32:58.738+0000] {dag.py:3239} INFO - Sync 1 DAGs
[2024-12-09T20:32:58.757+0000] {logging_mixin.py:190} INFO - [2024-12-09T20:32:58.757+0000] {dag.py:4180} INFO - Setting next_dagrun for data_extraction to 2024-12-08 00:00:00+00:00, run_after=2024-12-09 00:00:00+00:00
[2024-12-09T20:32:58.773+0000] {processor.py:208} INFO - Processing /opt/airflow/dags/data_extraction.py took 0.075 seconds
[2024-12-09T20:33:29.572+0000] {processor.py:186} INFO - Started process (PID=1343) to work on /opt/airflow/dags/data_extraction.py
[2024-12-09T20:33:29.573+0000] {processor.py:914} INFO - Processing file /opt/airflow/dags/data_extraction.py for tasks to queue
[2024-12-09T20:33:29.576+0000] {logging_mixin.py:190} INFO - [2024-12-09T20:33:29.575+0000] {dagbag.py:588} INFO - Filling up the DagBag from /opt/airflow/dags/data_extraction.py
[2024-12-09T20:33:29.588+0000] {processor.py:925} INFO - DAG(s) 'data_extraction' retrieved from /opt/airflow/dags/data_extraction.py
[2024-12-09T20:33:29.602+0000] {logging_mixin.py:190} INFO - [2024-12-09T20:33:29.602+0000] {dag.py:3239} INFO - Sync 1 DAGs
[2024-12-09T20:33:29.619+0000] {logging_mixin.py:190} INFO - [2024-12-09T20:33:29.619+0000] {dag.py:4180} INFO - Setting next_dagrun for data_extraction to 2024-12-08 00:00:00+00:00, run_after=2024-12-09 00:00:00+00:00
[2024-12-09T20:33:29.635+0000] {processor.py:208} INFO - Processing /opt/airflow/dags/data_extraction.py took 0.067 seconds
[2024-12-09T20:34:00.216+0000] {processor.py:186} INFO - Started process (PID=1415) to work on /opt/airflow/dags/data_extraction.py
[2024-12-09T20:34:00.217+0000] {processor.py:914} INFO - Processing file /opt/airflow/dags/data_extraction.py for tasks to queue
[2024-12-09T20:34:00.220+0000] {logging_mixin.py:190} INFO - [2024-12-09T20:34:00.219+0000] {dagbag.py:588} INFO - Filling up the DagBag from /opt/airflow/dags/data_extraction.py
[2024-12-09T20:34:00.232+0000] {processor.py:925} INFO - DAG(s) 'data_extraction' retrieved from /opt/airflow/dags/data_extraction.py
[2024-12-09T20:34:00.248+0000] {logging_mixin.py:190} INFO - [2024-12-09T20:34:00.247+0000] {dag.py:3239} INFO - Sync 1 DAGs
[2024-12-09T20:34:00.266+0000] {logging_mixin.py:190} INFO - [2024-12-09T20:34:00.265+0000] {dag.py:4180} INFO - Setting next_dagrun for data_extraction to 2024-12-08 00:00:00+00:00, run_after=2024-12-09 00:00:00+00:00
[2024-12-09T20:34:00.281+0000] {processor.py:208} INFO - Processing /opt/airflow/dags/data_extraction.py took 0.070 seconds
[2024-12-09T20:34:30.787+0000] {processor.py:186} INFO - Started process (PID=1483) to work on /opt/airflow/dags/data_extraction.py
[2024-12-09T20:34:30.787+0000] {processor.py:914} INFO - Processing file /opt/airflow/dags/data_extraction.py for tasks to queue
[2024-12-09T20:34:30.790+0000] {logging_mixin.py:190} INFO - [2024-12-09T20:34:30.789+0000] {dagbag.py:588} INFO - Filling up the DagBag from /opt/airflow/dags/data_extraction.py
[2024-12-09T20:34:30.802+0000] {processor.py:925} INFO - DAG(s) 'data_extraction' retrieved from /opt/airflow/dags/data_extraction.py
[2024-12-09T20:34:30.816+0000] {logging_mixin.py:190} INFO - [2024-12-09T20:34:30.816+0000] {dag.py:3239} INFO - Sync 1 DAGs
[2024-12-09T20:34:30.833+0000] {logging_mixin.py:190} INFO - [2024-12-09T20:34:30.833+0000] {dag.py:4180} INFO - Setting next_dagrun for data_extraction to 2024-12-08 00:00:00+00:00, run_after=2024-12-09 00:00:00+00:00
[2024-12-09T20:34:30.847+0000] {processor.py:208} INFO - Processing /opt/airflow/dags/data_extraction.py took 0.065 seconds
[2024-12-09T20:35:00.923+0000] {processor.py:186} INFO - Started process (PID=1551) to work on /opt/airflow/dags/data_extraction.py
[2024-12-09T20:35:00.924+0000] {processor.py:914} INFO - Processing file /opt/airflow/dags/data_extraction.py for tasks to queue
[2024-12-09T20:35:00.927+0000] {logging_mixin.py:190} INFO - [2024-12-09T20:35:00.926+0000] {dagbag.py:588} INFO - Filling up the DagBag from /opt/airflow/dags/data_extraction.py
[2024-12-09T20:35:00.938+0000] {processor.py:925} INFO - DAG(s) 'data_extraction' retrieved from /opt/airflow/dags/data_extraction.py
[2024-12-09T20:35:00.953+0000] {logging_mixin.py:190} INFO - [2024-12-09T20:35:00.953+0000] {dag.py:3239} INFO - Sync 1 DAGs
[2024-12-09T20:35:00.969+0000] {logging_mixin.py:190} INFO - [2024-12-09T20:35:00.969+0000] {dag.py:4180} INFO - Setting next_dagrun for data_extraction to 2024-12-08 00:00:00+00:00, run_after=2024-12-09 00:00:00+00:00
[2024-12-09T20:35:00.984+0000] {processor.py:208} INFO - Processing /opt/airflow/dags/data_extraction.py took 0.066 seconds
[2024-12-09T20:35:31.258+0000] {processor.py:186} INFO - Started process (PID=1621) to work on /opt/airflow/dags/data_extraction.py
[2024-12-09T20:35:31.259+0000] {processor.py:914} INFO - Processing file /opt/airflow/dags/data_extraction.py for tasks to queue
[2024-12-09T20:35:31.260+0000] {logging_mixin.py:190} INFO - [2024-12-09T20:35:31.260+0000] {dagbag.py:588} INFO - Filling up the DagBag from /opt/airflow/dags/data_extraction.py
[2024-12-09T20:35:31.273+0000] {processor.py:925} INFO - DAG(s) 'data_extraction' retrieved from /opt/airflow/dags/data_extraction.py
[2024-12-09T20:35:31.290+0000] {logging_mixin.py:190} INFO - [2024-12-09T20:35:31.289+0000] {dag.py:3239} INFO - Sync 1 DAGs
[2024-12-09T20:35:31.310+0000] {logging_mixin.py:190} INFO - [2024-12-09T20:35:31.309+0000] {dag.py:4180} INFO - Setting next_dagrun for data_extraction to 2024-12-08 00:00:00+00:00, run_after=2024-12-09 00:00:00+00:00
[2024-12-09T20:35:31.326+0000] {processor.py:208} INFO - Processing /opt/airflow/dags/data_extraction.py took 0.073 seconds
[2024-12-09T20:36:01.694+0000] {processor.py:186} INFO - Started process (PID=1689) to work on /opt/airflow/dags/data_extraction.py
[2024-12-09T20:36:01.694+0000] {processor.py:914} INFO - Processing file /opt/airflow/dags/data_extraction.py for tasks to queue
[2024-12-09T20:36:01.696+0000] {logging_mixin.py:190} INFO - [2024-12-09T20:36:01.696+0000] {dagbag.py:588} INFO - Filling up the DagBag from /opt/airflow/dags/data_extraction.py
[2024-12-09T20:36:01.709+0000] {processor.py:925} INFO - DAG(s) 'data_extraction' retrieved from /opt/airflow/dags/data_extraction.py
[2024-12-09T20:36:01.725+0000] {logging_mixin.py:190} INFO - [2024-12-09T20:36:01.725+0000] {dag.py:3239} INFO - Sync 1 DAGs
[2024-12-09T20:36:01.743+0000] {logging_mixin.py:190} INFO - [2024-12-09T20:36:01.743+0000] {dag.py:4180} INFO - Setting next_dagrun for data_extraction to 2024-12-08 00:00:00+00:00, run_after=2024-12-09 00:00:00+00:00
[2024-12-09T20:36:01.759+0000] {processor.py:208} INFO - Processing /opt/airflow/dags/data_extraction.py took 0.071 seconds
[2024-12-09T20:36:32.087+0000] {processor.py:186} INFO - Started process (PID=1759) to work on /opt/airflow/dags/data_extraction.py
[2024-12-09T20:36:32.088+0000] {processor.py:914} INFO - Processing file /opt/airflow/dags/data_extraction.py for tasks to queue
[2024-12-09T20:36:32.090+0000] {logging_mixin.py:190} INFO - [2024-12-09T20:36:32.090+0000] {dagbag.py:588} INFO - Filling up the DagBag from /opt/airflow/dags/data_extraction.py
[2024-12-09T20:36:32.102+0000] {processor.py:925} INFO - DAG(s) 'data_extraction' retrieved from /opt/airflow/dags/data_extraction.py
[2024-12-09T20:36:32.116+0000] {logging_mixin.py:190} INFO - [2024-12-09T20:36:32.116+0000] {dag.py:3239} INFO - Sync 1 DAGs
[2024-12-09T20:36:32.133+0000] {logging_mixin.py:190} INFO - [2024-12-09T20:36:32.133+0000] {dag.py:4180} INFO - Setting next_dagrun for data_extraction to 2024-12-08 00:00:00+00:00, run_after=2024-12-09 00:00:00+00:00
[2024-12-09T20:36:32.150+0000] {processor.py:208} INFO - Processing /opt/airflow/dags/data_extraction.py took 0.068 seconds
[2024-12-09T20:37:02.414+0000] {processor.py:186} INFO - Started process (PID=1832) to work on /opt/airflow/dags/data_extraction.py
[2024-12-09T20:37:02.415+0000] {processor.py:914} INFO - Processing file /opt/airflow/dags/data_extraction.py for tasks to queue
[2024-12-09T20:37:02.417+0000] {logging_mixin.py:190} INFO - [2024-12-09T20:37:02.416+0000] {dagbag.py:588} INFO - Filling up the DagBag from /opt/airflow/dags/data_extraction.py
[2024-12-09T20:37:02.429+0000] {processor.py:925} INFO - DAG(s) 'data_extraction' retrieved from /opt/airflow/dags/data_extraction.py
[2024-12-09T20:37:02.445+0000] {logging_mixin.py:190} INFO - [2024-12-09T20:37:02.445+0000] {dag.py:3239} INFO - Sync 1 DAGs
[2024-12-09T20:37:02.466+0000] {logging_mixin.py:190} INFO - [2024-12-09T20:37:02.466+0000] {dag.py:4180} INFO - Setting next_dagrun for data_extraction to 2024-12-08 00:00:00+00:00, run_after=2024-12-09 00:00:00+00:00
[2024-12-09T20:37:02.483+0000] {processor.py:208} INFO - Processing /opt/airflow/dags/data_extraction.py took 0.075 seconds
[2024-12-09T20:37:33.026+0000] {processor.py:186} INFO - Started process (PID=1904) to work on /opt/airflow/dags/data_extraction.py
[2024-12-09T20:37:33.027+0000] {processor.py:914} INFO - Processing file /opt/airflow/dags/data_extraction.py for tasks to queue
[2024-12-09T20:37:33.029+0000] {logging_mixin.py:190} INFO - [2024-12-09T20:37:33.029+0000] {dagbag.py:588} INFO - Filling up the DagBag from /opt/airflow/dags/data_extraction.py
[2024-12-09T20:37:33.041+0000] {processor.py:925} INFO - DAG(s) 'data_extraction' retrieved from /opt/airflow/dags/data_extraction.py
[2024-12-09T20:37:33.056+0000] {logging_mixin.py:190} INFO - [2024-12-09T20:37:33.055+0000] {dag.py:3239} INFO - Sync 1 DAGs
[2024-12-09T20:37:33.073+0000] {logging_mixin.py:190} INFO - [2024-12-09T20:37:33.073+0000] {dag.py:4180} INFO - Setting next_dagrun for data_extraction to 2024-12-08 00:00:00+00:00, run_after=2024-12-09 00:00:00+00:00
[2024-12-09T20:37:33.087+0000] {processor.py:208} INFO - Processing /opt/airflow/dags/data_extraction.py took 0.066 seconds
[2024-12-09T20:38:03.353+0000] {processor.py:186} INFO - Started process (PID=1972) to work on /opt/airflow/dags/data_extraction.py
[2024-12-09T20:38:03.354+0000] {processor.py:914} INFO - Processing file /opt/airflow/dags/data_extraction.py for tasks to queue
[2024-12-09T20:38:03.356+0000] {logging_mixin.py:190} INFO - [2024-12-09T20:38:03.356+0000] {dagbag.py:588} INFO - Filling up the DagBag from /opt/airflow/dags/data_extraction.py
[2024-12-09T20:38:03.368+0000] {processor.py:925} INFO - DAG(s) 'data_extraction' retrieved from /opt/airflow/dags/data_extraction.py
[2024-12-09T20:38:03.383+0000] {logging_mixin.py:190} INFO - [2024-12-09T20:38:03.383+0000] {dag.py:3239} INFO - Sync 1 DAGs
[2024-12-09T20:38:03.400+0000] {logging_mixin.py:190} INFO - [2024-12-09T20:38:03.400+0000] {dag.py:4180} INFO - Setting next_dagrun for data_extraction to 2024-12-08 00:00:00+00:00, run_after=2024-12-09 00:00:00+00:00
[2024-12-09T20:38:03.416+0000] {processor.py:208} INFO - Processing /opt/airflow/dags/data_extraction.py took 0.068 seconds
[2024-12-09T20:38:33.521+0000] {processor.py:186} INFO - Started process (PID=2040) to work on /opt/airflow/dags/data_extraction.py
[2024-12-09T20:38:33.522+0000] {processor.py:914} INFO - Processing file /opt/airflow/dags/data_extraction.py for tasks to queue
[2024-12-09T20:38:33.524+0000] {logging_mixin.py:190} INFO - [2024-12-09T20:38:33.523+0000] {dagbag.py:588} INFO - Filling up the DagBag from /opt/airflow/dags/data_extraction.py
[2024-12-09T20:38:33.536+0000] {processor.py:925} INFO - DAG(s) 'data_extraction' retrieved from /opt/airflow/dags/data_extraction.py
[2024-12-09T20:38:33.551+0000] {logging_mixin.py:190} INFO - [2024-12-09T20:38:33.550+0000] {dag.py:3239} INFO - Sync 1 DAGs
[2024-12-09T20:38:33.568+0000] {logging_mixin.py:190} INFO - [2024-12-09T20:38:33.568+0000] {dag.py:4180} INFO - Setting next_dagrun for data_extraction to 2024-12-08 00:00:00+00:00, run_after=2024-12-09 00:00:00+00:00
[2024-12-09T20:38:33.582+0000] {processor.py:208} INFO - Processing /opt/airflow/dags/data_extraction.py took 0.067 seconds
[2024-12-09T20:39:04.023+0000] {processor.py:186} INFO - Started process (PID=2115) to work on /opt/airflow/dags/data_extraction.py
[2024-12-09T20:39:04.024+0000] {processor.py:914} INFO - Processing file /opt/airflow/dags/data_extraction.py for tasks to queue
[2024-12-09T20:39:04.026+0000] {logging_mixin.py:190} INFO - [2024-12-09T20:39:04.026+0000] {dagbag.py:588} INFO - Filling up the DagBag from /opt/airflow/dags/data_extraction.py
[2024-12-09T20:39:04.039+0000] {processor.py:925} INFO - DAG(s) 'data_extraction' retrieved from /opt/airflow/dags/data_extraction.py
[2024-12-09T20:39:04.054+0000] {logging_mixin.py:190} INFO - [2024-12-09T20:39:04.054+0000] {dag.py:3239} INFO - Sync 1 DAGs
[2024-12-09T20:39:04.072+0000] {logging_mixin.py:190} INFO - [2024-12-09T20:39:04.072+0000] {dag.py:4180} INFO - Setting next_dagrun for data_extraction to 2024-12-08 00:00:00+00:00, run_after=2024-12-09 00:00:00+00:00
[2024-12-09T20:39:04.089+0000] {processor.py:208} INFO - Processing /opt/airflow/dags/data_extraction.py took 0.071 seconds
[2024-12-09T20:39:34.568+0000] {processor.py:186} INFO - Started process (PID=2183) to work on /opt/airflow/dags/data_extraction.py
[2024-12-09T20:39:34.569+0000] {processor.py:914} INFO - Processing file /opt/airflow/dags/data_extraction.py for tasks to queue
[2024-12-09T20:39:34.570+0000] {logging_mixin.py:190} INFO - [2024-12-09T20:39:34.570+0000] {dagbag.py:588} INFO - Filling up the DagBag from /opt/airflow/dags/data_extraction.py
[2024-12-09T20:39:34.583+0000] {processor.py:925} INFO - DAG(s) 'data_extraction' retrieved from /opt/airflow/dags/data_extraction.py
[2024-12-09T20:39:34.597+0000] {logging_mixin.py:190} INFO - [2024-12-09T20:39:34.597+0000] {dag.py:3239} INFO - Sync 1 DAGs
[2024-12-09T20:39:34.613+0000] {logging_mixin.py:190} INFO - [2024-12-09T20:39:34.613+0000] {dag.py:4180} INFO - Setting next_dagrun for data_extraction to 2024-12-08 00:00:00+00:00, run_after=2024-12-09 00:00:00+00:00
[2024-12-09T20:39:34.628+0000] {processor.py:208} INFO - Processing /opt/airflow/dags/data_extraction.py took 0.066 seconds
[2024-12-09T20:40:04.732+0000] {processor.py:186} INFO - Started process (PID=2251) to work on /opt/airflow/dags/data_extraction.py
[2024-12-09T20:40:04.733+0000] {processor.py:914} INFO - Processing file /opt/airflow/dags/data_extraction.py for tasks to queue
[2024-12-09T20:40:04.735+0000] {logging_mixin.py:190} INFO - [2024-12-09T20:40:04.735+0000] {dagbag.py:588} INFO - Filling up the DagBag from /opt/airflow/dags/data_extraction.py
[2024-12-09T20:40:04.748+0000] {processor.py:925} INFO - DAG(s) 'data_extraction' retrieved from /opt/airflow/dags/data_extraction.py
[2024-12-09T20:40:04.762+0000] {logging_mixin.py:190} INFO - [2024-12-09T20:40:04.762+0000] {dag.py:3239} INFO - Sync 1 DAGs
[2024-12-09T20:40:04.779+0000] {logging_mixin.py:190} INFO - [2024-12-09T20:40:04.779+0000] {dag.py:4180} INFO - Setting next_dagrun for data_extraction to 2024-12-08 00:00:00+00:00, run_after=2024-12-09 00:00:00+00:00
[2024-12-09T20:40:04.794+0000] {processor.py:208} INFO - Processing /opt/airflow/dags/data_extraction.py took 0.066 seconds
[2024-12-09T20:40:35.557+0000] {processor.py:186} INFO - Started process (PID=2324) to work on /opt/airflow/dags/data_extraction.py
[2024-12-09T20:40:35.558+0000] {processor.py:914} INFO - Processing file /opt/airflow/dags/data_extraction.py for tasks to queue
[2024-12-09T20:40:35.561+0000] {logging_mixin.py:190} INFO - [2024-12-09T20:40:35.560+0000] {dagbag.py:588} INFO - Filling up the DagBag from /opt/airflow/dags/data_extraction.py
[2024-12-09T20:40:35.576+0000] {processor.py:925} INFO - DAG(s) 'data_extraction' retrieved from /opt/airflow/dags/data_extraction.py
[2024-12-09T20:40:35.592+0000] {logging_mixin.py:190} INFO - [2024-12-09T20:40:35.592+0000] {dag.py:3239} INFO - Sync 1 DAGs
[2024-12-09T20:40:35.609+0000] {logging_mixin.py:190} INFO - [2024-12-09T20:40:35.609+0000] {dag.py:4180} INFO - Setting next_dagrun for data_extraction to 2024-12-08 00:00:00+00:00, run_after=2024-12-09 00:00:00+00:00
[2024-12-09T20:40:35.624+0000] {processor.py:208} INFO - Processing /opt/airflow/dags/data_extraction.py took 0.075 seconds
[2024-12-09T20:41:06.429+0000] {processor.py:186} INFO - Started process (PID=2397) to work on /opt/airflow/dags/data_extraction.py
[2024-12-09T20:41:06.430+0000] {processor.py:914} INFO - Processing file /opt/airflow/dags/data_extraction.py for tasks to queue
[2024-12-09T20:41:06.433+0000] {logging_mixin.py:190} INFO - [2024-12-09T20:41:06.432+0000] {dagbag.py:588} INFO - Filling up the DagBag from /opt/airflow/dags/data_extraction.py
[2024-12-09T20:41:06.449+0000] {processor.py:925} INFO - DAG(s) 'data_extraction' retrieved from /opt/airflow/dags/data_extraction.py
[2024-12-09T20:41:06.465+0000] {logging_mixin.py:190} INFO - [2024-12-09T20:41:06.464+0000] {dag.py:3239} INFO - Sync 1 DAGs
[2024-12-09T20:41:06.484+0000] {logging_mixin.py:190} INFO - [2024-12-09T20:41:06.484+0000] {dag.py:4180} INFO - Setting next_dagrun for data_extraction to 2024-12-08 00:00:00+00:00, run_after=2024-12-09 00:00:00+00:00
[2024-12-09T20:41:06.500+0000] {processor.py:208} INFO - Processing /opt/airflow/dags/data_extraction.py took 0.076 seconds
[2024-12-09T20:41:37.036+0000] {processor.py:186} INFO - Started process (PID=2475) to work on /opt/airflow/dags/data_extraction.py
[2024-12-09T20:41:37.037+0000] {processor.py:914} INFO - Processing file /opt/airflow/dags/data_extraction.py for tasks to queue
[2024-12-09T20:41:37.039+0000] {logging_mixin.py:190} INFO - [2024-12-09T20:41:37.039+0000] {dagbag.py:588} INFO - Filling up the DagBag from /opt/airflow/dags/data_extraction.py
[2024-12-09T20:41:37.054+0000] {processor.py:925} INFO - DAG(s) 'data_extraction' retrieved from /opt/airflow/dags/data_extraction.py
[2024-12-09T20:41:37.073+0000] {logging_mixin.py:190} INFO - [2024-12-09T20:41:37.073+0000] {dag.py:3239} INFO - Sync 1 DAGs
[2024-12-09T20:41:37.094+0000] {logging_mixin.py:190} INFO - [2024-12-09T20:41:37.094+0000] {dag.py:4180} INFO - Setting next_dagrun for data_extraction to 2024-12-08 00:00:00+00:00, run_after=2024-12-09 00:00:00+00:00
[2024-12-09T20:41:37.112+0000] {processor.py:208} INFO - Processing /opt/airflow/dags/data_extraction.py took 0.083 seconds
[2024-12-09T20:42:07.536+0000] {processor.py:186} INFO - Started process (PID=2543) to work on /opt/airflow/dags/data_extraction.py
[2024-12-09T20:42:07.537+0000] {processor.py:914} INFO - Processing file /opt/airflow/dags/data_extraction.py for tasks to queue
[2024-12-09T20:42:07.539+0000] {logging_mixin.py:190} INFO - [2024-12-09T20:42:07.539+0000] {dagbag.py:588} INFO - Filling up the DagBag from /opt/airflow/dags/data_extraction.py
[2024-12-09T20:42:07.551+0000] {processor.py:925} INFO - DAG(s) 'data_extraction' retrieved from /opt/airflow/dags/data_extraction.py
[2024-12-09T20:42:07.566+0000] {logging_mixin.py:190} INFO - [2024-12-09T20:42:07.565+0000] {dag.py:3239} INFO - Sync 1 DAGs
[2024-12-09T20:42:07.584+0000] {logging_mixin.py:190} INFO - [2024-12-09T20:42:07.584+0000] {dag.py:4180} INFO - Setting next_dagrun for data_extraction to 2024-12-08 00:00:00+00:00, run_after=2024-12-09 00:00:00+00:00
[2024-12-09T20:42:07.600+0000] {processor.py:208} INFO - Processing /opt/airflow/dags/data_extraction.py took 0.069 seconds
[2024-12-09T20:42:38.313+0000] {processor.py:186} INFO - Started process (PID=2611) to work on /opt/airflow/dags/data_extraction.py
[2024-12-09T20:42:38.314+0000] {processor.py:914} INFO - Processing file /opt/airflow/dags/data_extraction.py for tasks to queue
[2024-12-09T20:42:38.316+0000] {logging_mixin.py:190} INFO - [2024-12-09T20:42:38.316+0000] {dagbag.py:588} INFO - Filling up the DagBag from /opt/airflow/dags/data_extraction.py
[2024-12-09T20:42:38.328+0000] {processor.py:925} INFO - DAG(s) 'data_extraction' retrieved from /opt/airflow/dags/data_extraction.py
[2024-12-09T20:42:38.344+0000] {logging_mixin.py:190} INFO - [2024-12-09T20:42:38.344+0000] {dag.py:3239} INFO - Sync 1 DAGs
[2024-12-09T20:42:38.362+0000] {logging_mixin.py:190} INFO - [2024-12-09T20:42:38.362+0000] {dag.py:4180} INFO - Setting next_dagrun for data_extraction to 2024-12-08 00:00:00+00:00, run_after=2024-12-09 00:00:00+00:00
[2024-12-09T20:42:38.379+0000] {processor.py:208} INFO - Processing /opt/airflow/dags/data_extraction.py took 0.071 seconds
[2024-12-09T20:43:08.576+0000] {processor.py:186} INFO - Started process (PID=2679) to work on /opt/airflow/dags/data_extraction.py
[2024-12-09T20:43:08.576+0000] {processor.py:914} INFO - Processing file /opt/airflow/dags/data_extraction.py for tasks to queue
[2024-12-09T20:43:08.578+0000] {logging_mixin.py:190} INFO - [2024-12-09T20:43:08.578+0000] {dagbag.py:588} INFO - Filling up the DagBag from /opt/airflow/dags/data_extraction.py
[2024-12-09T20:43:08.591+0000] {processor.py:925} INFO - DAG(s) 'data_extraction' retrieved from /opt/airflow/dags/data_extraction.py
[2024-12-09T20:43:08.606+0000] {logging_mixin.py:190} INFO - [2024-12-09T20:43:08.606+0000] {dag.py:3239} INFO - Sync 1 DAGs
[2024-12-09T20:43:08.624+0000] {logging_mixin.py:190} INFO - [2024-12-09T20:43:08.624+0000] {dag.py:4180} INFO - Setting next_dagrun for data_extraction to 2024-12-08 00:00:00+00:00, run_after=2024-12-09 00:00:00+00:00
[2024-12-09T20:43:08.639+0000] {processor.py:208} INFO - Processing /opt/airflow/dags/data_extraction.py took 0.068 seconds
[2024-12-09T20:43:39.069+0000] {processor.py:186} INFO - Started process (PID=2747) to work on /opt/airflow/dags/data_extraction.py
[2024-12-09T20:43:39.070+0000] {processor.py:914} INFO - Processing file /opt/airflow/dags/data_extraction.py for tasks to queue
[2024-12-09T20:43:39.072+0000] {logging_mixin.py:190} INFO - [2024-12-09T20:43:39.072+0000] {dagbag.py:588} INFO - Filling up the DagBag from /opt/airflow/dags/data_extraction.py
[2024-12-09T20:43:39.085+0000] {processor.py:925} INFO - DAG(s) 'data_extraction' retrieved from /opt/airflow/dags/data_extraction.py
[2024-12-09T20:43:39.106+0000] {logging_mixin.py:190} INFO - [2024-12-09T20:43:39.106+0000] {dag.py:3239} INFO - Sync 1 DAGs
[2024-12-09T20:43:39.127+0000] {logging_mixin.py:190} INFO - [2024-12-09T20:43:39.127+0000] {dag.py:4180} INFO - Setting next_dagrun for data_extraction to 2024-12-08 00:00:00+00:00, run_after=2024-12-09 00:00:00+00:00
[2024-12-09T20:43:39.146+0000] {processor.py:208} INFO - Processing /opt/airflow/dags/data_extraction.py took 0.082 seconds
[2024-12-09T20:44:09.228+0000] {processor.py:186} INFO - Started process (PID=2815) to work on /opt/airflow/dags/data_extraction.py
[2024-12-09T20:44:09.229+0000] {processor.py:914} INFO - Processing file /opt/airflow/dags/data_extraction.py for tasks to queue
[2024-12-09T20:44:09.231+0000] {logging_mixin.py:190} INFO - [2024-12-09T20:44:09.230+0000] {dagbag.py:588} INFO - Filling up the DagBag from /opt/airflow/dags/data_extraction.py
[2024-12-09T20:44:09.245+0000] {processor.py:925} INFO - DAG(s) 'data_extraction' retrieved from /opt/airflow/dags/data_extraction.py
[2024-12-09T20:44:09.262+0000] {logging_mixin.py:190} INFO - [2024-12-09T20:44:09.262+0000] {dag.py:3239} INFO - Sync 1 DAGs
[2024-12-09T20:44:09.284+0000] {logging_mixin.py:190} INFO - [2024-12-09T20:44:09.284+0000] {dag.py:4180} INFO - Setting next_dagrun for data_extraction to 2024-12-08 00:00:00+00:00, run_after=2024-12-09 00:00:00+00:00
[2024-12-09T20:44:09.298+0000] {processor.py:208} INFO - Processing /opt/airflow/dags/data_extraction.py took 0.075 seconds
[2024-12-09T20:44:39.832+0000] {processor.py:186} INFO - Started process (PID=2883) to work on /opt/airflow/dags/data_extraction.py
[2024-12-09T20:44:39.833+0000] {processor.py:914} INFO - Processing file /opt/airflow/dags/data_extraction.py for tasks to queue
[2024-12-09T20:44:39.835+0000] {logging_mixin.py:190} INFO - [2024-12-09T20:44:39.835+0000] {dagbag.py:588} INFO - Filling up the DagBag from /opt/airflow/dags/data_extraction.py
[2024-12-09T20:44:39.849+0000] {processor.py:925} INFO - DAG(s) 'data_extraction' retrieved from /opt/airflow/dags/data_extraction.py
[2024-12-09T20:44:39.863+0000] {logging_mixin.py:190} INFO - [2024-12-09T20:44:39.863+0000] {dag.py:3239} INFO - Sync 1 DAGs
[2024-12-09T20:44:39.879+0000] {logging_mixin.py:190} INFO - [2024-12-09T20:44:39.879+0000] {dag.py:4180} INFO - Setting next_dagrun for data_extraction to 2024-12-08 00:00:00+00:00, run_after=2024-12-09 00:00:00+00:00
[2024-12-09T20:44:39.896+0000] {processor.py:208} INFO - Processing /opt/airflow/dags/data_extraction.py took 0.068 seconds
[2024-12-09T20:45:10.638+0000] {processor.py:186} INFO - Started process (PID=2951) to work on /opt/airflow/dags/data_extraction.py
[2024-12-09T20:45:10.640+0000] {processor.py:914} INFO - Processing file /opt/airflow/dags/data_extraction.py for tasks to queue
[2024-12-09T20:45:10.643+0000] {logging_mixin.py:190} INFO - [2024-12-09T20:45:10.642+0000] {dagbag.py:588} INFO - Filling up the DagBag from /opt/airflow/dags/data_extraction.py
[2024-12-09T20:45:10.665+0000] {processor.py:925} INFO - DAG(s) 'data_extraction' retrieved from /opt/airflow/dags/data_extraction.py
[2024-12-09T20:45:10.688+0000] {logging_mixin.py:190} INFO - [2024-12-09T20:45:10.688+0000] {dag.py:3239} INFO - Sync 1 DAGs
[2024-12-09T20:45:10.713+0000] {logging_mixin.py:190} INFO - [2024-12-09T20:45:10.712+0000] {dag.py:4180} INFO - Setting next_dagrun for data_extraction to 2024-12-08 00:00:00+00:00, run_after=2024-12-09 00:00:00+00:00
[2024-12-09T20:45:10.733+0000] {processor.py:208} INFO - Processing /opt/airflow/dags/data_extraction.py took 0.102 seconds
[2024-12-09T20:45:41.399+0000] {processor.py:186} INFO - Started process (PID=3020) to work on /opt/airflow/dags/data_extraction.py
[2024-12-09T20:45:41.400+0000] {processor.py:914} INFO - Processing file /opt/airflow/dags/data_extraction.py for tasks to queue
[2024-12-09T20:45:41.402+0000] {logging_mixin.py:190} INFO - [2024-12-09T20:45:41.402+0000] {dagbag.py:588} INFO - Filling up the DagBag from /opt/airflow/dags/data_extraction.py
[2024-12-09T20:45:41.416+0000] {processor.py:925} INFO - DAG(s) 'data_extraction' retrieved from /opt/airflow/dags/data_extraction.py
[2024-12-09T20:45:41.434+0000] {logging_mixin.py:190} INFO - [2024-12-09T20:45:41.434+0000] {dag.py:3239} INFO - Sync 1 DAGs
[2024-12-09T20:45:41.454+0000] {logging_mixin.py:190} INFO - [2024-12-09T20:45:41.454+0000] {dag.py:4180} INFO - Setting next_dagrun for data_extraction to 2024-12-08 00:00:00+00:00, run_after=2024-12-09 00:00:00+00:00
[2024-12-09T20:45:41.472+0000] {processor.py:208} INFO - Processing /opt/airflow/dags/data_extraction.py took 0.078 seconds
[2024-12-09T20:46:12.337+0000] {processor.py:186} INFO - Started process (PID=3096) to work on /opt/airflow/dags/data_extraction.py
[2024-12-09T20:46:12.337+0000] {processor.py:914} INFO - Processing file /opt/airflow/dags/data_extraction.py for tasks to queue
[2024-12-09T20:46:12.340+0000] {logging_mixin.py:190} INFO - [2024-12-09T20:46:12.339+0000] {dagbag.py:588} INFO - Filling up the DagBag from /opt/airflow/dags/data_extraction.py
[2024-12-09T20:46:12.360+0000] {processor.py:925} INFO - DAG(s) 'data_extraction' retrieved from /opt/airflow/dags/data_extraction.py
[2024-12-09T20:46:12.378+0000] {logging_mixin.py:190} INFO - [2024-12-09T20:46:12.378+0000] {dag.py:3239} INFO - Sync 1 DAGs
[2024-12-09T20:46:12.398+0000] {logging_mixin.py:190} INFO - [2024-12-09T20:46:12.397+0000] {dag.py:4180} INFO - Setting next_dagrun for data_extraction to 2024-12-08 00:00:00+00:00, run_after=2024-12-09 00:00:00+00:00
[2024-12-09T20:46:12.418+0000] {processor.py:208} INFO - Processing /opt/airflow/dags/data_extraction.py took 0.087 seconds
[2024-12-09T20:46:43.027+0000] {processor.py:186} INFO - Started process (PID=3168) to work on /opt/airflow/dags/data_extraction.py
[2024-12-09T20:46:43.027+0000] {processor.py:914} INFO - Processing file /opt/airflow/dags/data_extraction.py for tasks to queue
[2024-12-09T20:46:43.029+0000] {logging_mixin.py:190} INFO - [2024-12-09T20:46:43.029+0000] {dagbag.py:588} INFO - Filling up the DagBag from /opt/airflow/dags/data_extraction.py
[2024-12-09T20:46:43.043+0000] {processor.py:925} INFO - DAG(s) 'data_extraction' retrieved from /opt/airflow/dags/data_extraction.py
[2024-12-09T20:46:43.059+0000] {logging_mixin.py:190} INFO - [2024-12-09T20:46:43.059+0000] {dag.py:3239} INFO - Sync 1 DAGs
[2024-12-09T20:46:43.079+0000] {logging_mixin.py:190} INFO - [2024-12-09T20:46:43.078+0000] {dag.py:4180} INFO - Setting next_dagrun for data_extraction to 2024-12-08 00:00:00+00:00, run_after=2024-12-09 00:00:00+00:00
[2024-12-09T20:46:43.096+0000] {processor.py:208} INFO - Processing /opt/airflow/dags/data_extraction.py took 0.074 seconds
[2024-12-09T20:47:13.711+0000] {processor.py:186} INFO - Started process (PID=3236) to work on /opt/airflow/dags/data_extraction.py
[2024-12-09T20:47:13.711+0000] {processor.py:914} INFO - Processing file /opt/airflow/dags/data_extraction.py for tasks to queue
[2024-12-09T20:47:13.713+0000] {logging_mixin.py:190} INFO - [2024-12-09T20:47:13.713+0000] {dagbag.py:588} INFO - Filling up the DagBag from /opt/airflow/dags/data_extraction.py
[2024-12-09T20:47:13.728+0000] {processor.py:925} INFO - DAG(s) 'data_extraction' retrieved from /opt/airflow/dags/data_extraction.py
[2024-12-09T20:47:13.744+0000] {logging_mixin.py:190} INFO - [2024-12-09T20:47:13.744+0000] {dag.py:3239} INFO - Sync 1 DAGs
[2024-12-09T20:47:13.762+0000] {logging_mixin.py:190} INFO - [2024-12-09T20:47:13.761+0000] {dag.py:4180} INFO - Setting next_dagrun for data_extraction to 2024-12-08 00:00:00+00:00, run_after=2024-12-09 00:00:00+00:00
[2024-12-09T20:47:13.777+0000] {processor.py:208} INFO - Processing /opt/airflow/dags/data_extraction.py took 0.072 seconds
[2024-12-09T20:47:44.177+0000] {processor.py:186} INFO - Started process (PID=3304) to work on /opt/airflow/dags/data_extraction.py
[2024-12-09T20:47:44.178+0000] {processor.py:914} INFO - Processing file /opt/airflow/dags/data_extraction.py for tasks to queue
[2024-12-09T20:47:44.180+0000] {logging_mixin.py:190} INFO - [2024-12-09T20:47:44.180+0000] {dagbag.py:588} INFO - Filling up the DagBag from /opt/airflow/dags/data_extraction.py
[2024-12-09T20:47:44.193+0000] {processor.py:925} INFO - DAG(s) 'data_extraction' retrieved from /opt/airflow/dags/data_extraction.py
[2024-12-09T20:47:44.209+0000] {logging_mixin.py:190} INFO - [2024-12-09T20:47:44.209+0000] {dag.py:3239} INFO - Sync 1 DAGs
[2024-12-09T20:47:44.228+0000] {logging_mixin.py:190} INFO - [2024-12-09T20:47:44.228+0000] {dag.py:4180} INFO - Setting next_dagrun for data_extraction to 2024-12-08 00:00:00+00:00, run_after=2024-12-09 00:00:00+00:00
[2024-12-09T20:47:44.244+0000] {processor.py:208} INFO - Processing /opt/airflow/dags/data_extraction.py took 0.071 seconds
[2024-12-09T20:48:14.330+0000] {processor.py:186} INFO - Started process (PID=3372) to work on /opt/airflow/dags/data_extraction.py
[2024-12-09T20:48:14.331+0000] {processor.py:914} INFO - Processing file /opt/airflow/dags/data_extraction.py for tasks to queue
[2024-12-09T20:48:14.333+0000] {logging_mixin.py:190} INFO - [2024-12-09T20:48:14.333+0000] {dagbag.py:588} INFO - Filling up the DagBag from /opt/airflow/dags/data_extraction.py
[2024-12-09T20:48:14.347+0000] {processor.py:925} INFO - DAG(s) 'data_extraction' retrieved from /opt/airflow/dags/data_extraction.py
[2024-12-09T20:48:14.364+0000] {logging_mixin.py:190} INFO - [2024-12-09T20:48:14.363+0000] {dag.py:3239} INFO - Sync 1 DAGs
[2024-12-09T20:48:14.575+0000] {logging_mixin.py:190} INFO - [2024-12-09T20:48:14.574+0000] {dag.py:4180} INFO - Setting next_dagrun for data_extraction to 2024-12-08 00:00:00+00:00, run_after=2024-12-09 00:00:00+00:00
[2024-12-09T20:48:14.592+0000] {processor.py:208} INFO - Processing /opt/airflow/dags/data_extraction.py took 0.267 seconds
[2024-12-09T20:48:44.736+0000] {processor.py:186} INFO - Started process (PID=3440) to work on /opt/airflow/dags/data_extraction.py
[2024-12-09T20:48:44.737+0000] {processor.py:914} INFO - Processing file /opt/airflow/dags/data_extraction.py for tasks to queue
[2024-12-09T20:48:44.739+0000] {logging_mixin.py:190} INFO - [2024-12-09T20:48:44.739+0000] {dagbag.py:588} INFO - Filling up the DagBag from /opt/airflow/dags/data_extraction.py
[2024-12-09T20:48:44.753+0000] {processor.py:925} INFO - DAG(s) 'data_extraction' retrieved from /opt/airflow/dags/data_extraction.py
[2024-12-09T20:48:44.767+0000] {logging_mixin.py:190} INFO - [2024-12-09T20:48:44.767+0000] {dag.py:3239} INFO - Sync 1 DAGs
[2024-12-09T20:48:44.785+0000] {logging_mixin.py:190} INFO - [2024-12-09T20:48:44.785+0000] {dag.py:4180} INFO - Setting next_dagrun for data_extraction to 2024-12-08 00:00:00+00:00, run_after=2024-12-09 00:00:00+00:00
[2024-12-09T20:48:44.947+0000] {processor.py:208} INFO - Processing /opt/airflow/dags/data_extraction.py took 0.215 seconds
[2024-12-09T20:49:15.251+0000] {processor.py:186} INFO - Started process (PID=3503) to work on /opt/airflow/dags/data_extraction.py
[2024-12-09T20:49:15.252+0000] {processor.py:914} INFO - Processing file /opt/airflow/dags/data_extraction.py for tasks to queue
[2024-12-09T20:49:15.254+0000] {logging_mixin.py:190} INFO - [2024-12-09T20:49:15.254+0000] {dagbag.py:588} INFO - Filling up the DagBag from /opt/airflow/dags/data_extraction.py
[2024-12-09T20:49:15.267+0000] {processor.py:925} INFO - DAG(s) 'data_extraction' retrieved from /opt/airflow/dags/data_extraction.py
[2024-12-09T20:49:15.283+0000] {logging_mixin.py:190} INFO - [2024-12-09T20:49:15.283+0000] {dag.py:3239} INFO - Sync 1 DAGs
[2024-12-09T20:49:15.303+0000] {logging_mixin.py:190} INFO - [2024-12-09T20:49:15.303+0000] {dag.py:4180} INFO - Setting next_dagrun for data_extraction to 2024-12-08 00:00:00+00:00, run_after=2024-12-09 00:00:00+00:00
[2024-12-09T20:49:15.318+0000] {processor.py:208} INFO - Processing /opt/airflow/dags/data_extraction.py took 0.072 seconds
[2024-12-09T20:49:45.957+0000] {processor.py:186} INFO - Started process (PID=3562) to work on /opt/airflow/dags/data_extraction.py
[2024-12-09T20:49:45.958+0000] {processor.py:914} INFO - Processing file /opt/airflow/dags/data_extraction.py for tasks to queue
[2024-12-09T20:49:45.960+0000] {logging_mixin.py:190} INFO - [2024-12-09T20:49:45.960+0000] {dagbag.py:588} INFO - Filling up the DagBag from /opt/airflow/dags/data_extraction.py
[2024-12-09T20:49:45.974+0000] {processor.py:925} INFO - DAG(s) 'data_extraction' retrieved from /opt/airflow/dags/data_extraction.py
[2024-12-09T20:49:45.990+0000] {logging_mixin.py:190} INFO - [2024-12-09T20:49:45.990+0000] {dag.py:3239} INFO - Sync 1 DAGs
[2024-12-09T20:49:46.012+0000] {logging_mixin.py:190} INFO - [2024-12-09T20:49:46.012+0000] {dag.py:4180} INFO - Setting next_dagrun for data_extraction to 2024-12-08 00:00:00+00:00, run_after=2024-12-09 00:00:00+00:00
[2024-12-09T20:49:46.031+0000] {processor.py:208} INFO - Processing /opt/airflow/dags/data_extraction.py took 0.079 seconds
[2024-12-09T20:50:18.930+0000] {processor.py:186} INFO - Started process (PID=3633) to work on /opt/airflow/dags/data_extraction.py
[2024-12-09T20:50:18.931+0000] {processor.py:914} INFO - Processing file /opt/airflow/dags/data_extraction.py for tasks to queue
[2024-12-09T20:50:18.934+0000] {logging_mixin.py:190} INFO - [2024-12-09T20:50:18.934+0000] {dagbag.py:588} INFO - Filling up the DagBag from /opt/airflow/dags/data_extraction.py
[2024-12-09T20:50:19.163+0000] {processor.py:925} INFO - DAG(s) 'data_extraction' retrieved from /opt/airflow/dags/data_extraction.py
[2024-12-09T20:50:19.182+0000] {logging_mixin.py:190} INFO - [2024-12-09T20:50:19.181+0000] {dag.py:3239} INFO - Sync 1 DAGs
[2024-12-09T20:50:19.209+0000] {logging_mixin.py:190} INFO - [2024-12-09T20:50:19.209+0000] {dag.py:4180} INFO - Setting next_dagrun for data_extraction to 2024-12-08 00:00:00+00:00, run_after=2024-12-09 00:00:00+00:00
[2024-12-09T20:50:19.229+0000] {processor.py:208} INFO - Processing /opt/airflow/dags/data_extraction.py took 0.308 seconds
[2024-12-09T20:50:50.208+0000] {processor.py:186} INFO - Started process (PID=3707) to work on /opt/airflow/dags/data_extraction.py
[2024-12-09T20:50:50.209+0000] {processor.py:914} INFO - Processing file /opt/airflow/dags/data_extraction.py for tasks to queue
[2024-12-09T20:50:50.211+0000] {logging_mixin.py:190} INFO - [2024-12-09T20:50:50.211+0000] {dagbag.py:588} INFO - Filling up the DagBag from /opt/airflow/dags/data_extraction.py
[2024-12-09T20:50:50.222+0000] {processor.py:925} INFO - DAG(s) 'data_extraction' retrieved from /opt/airflow/dags/data_extraction.py
[2024-12-09T20:50:50.237+0000] {logging_mixin.py:190} INFO - [2024-12-09T20:50:50.237+0000] {dag.py:3239} INFO - Sync 1 DAGs
[2024-12-09T20:50:50.257+0000] {logging_mixin.py:190} INFO - [2024-12-09T20:50:50.257+0000] {dag.py:4180} INFO - Setting next_dagrun for data_extraction to 2024-12-08 00:00:00+00:00, run_after=2024-12-09 00:00:00+00:00
[2024-12-09T20:50:50.274+0000] {processor.py:208} INFO - Processing /opt/airflow/dags/data_extraction.py took 0.070 seconds
[2024-12-09T20:51:21.099+0000] {processor.py:186} INFO - Started process (PID=3775) to work on /opt/airflow/dags/data_extraction.py
[2024-12-09T20:51:21.100+0000] {processor.py:914} INFO - Processing file /opt/airflow/dags/data_extraction.py for tasks to queue
[2024-12-09T20:51:21.102+0000] {logging_mixin.py:190} INFO - [2024-12-09T20:51:21.101+0000] {dagbag.py:588} INFO - Filling up the DagBag from /opt/airflow/dags/data_extraction.py
[2024-12-09T20:51:21.114+0000] {processor.py:925} INFO - DAG(s) 'data_extraction' retrieved from /opt/airflow/dags/data_extraction.py
[2024-12-09T20:51:21.129+0000] {logging_mixin.py:190} INFO - [2024-12-09T20:51:21.128+0000] {dag.py:3239} INFO - Sync 1 DAGs
[2024-12-09T20:51:21.146+0000] {logging_mixin.py:190} INFO - [2024-12-09T20:51:21.146+0000] {dag.py:4180} INFO - Setting next_dagrun for data_extraction to 2024-12-08 00:00:00+00:00, run_after=2024-12-09 00:00:00+00:00
[2024-12-09T20:51:21.163+0000] {processor.py:208} INFO - Processing /opt/airflow/dags/data_extraction.py took 0.069 seconds
[2024-12-09T20:51:51.963+0000] {processor.py:186} INFO - Started process (PID=3843) to work on /opt/airflow/dags/data_extraction.py
[2024-12-09T20:51:51.964+0000] {processor.py:914} INFO - Processing file /opt/airflow/dags/data_extraction.py for tasks to queue
[2024-12-09T20:51:51.966+0000] {logging_mixin.py:190} INFO - [2024-12-09T20:51:51.965+0000] {dagbag.py:588} INFO - Filling up the DagBag from /opt/airflow/dags/data_extraction.py
[2024-12-09T20:51:51.977+0000] {processor.py:925} INFO - DAG(s) 'data_extraction' retrieved from /opt/airflow/dags/data_extraction.py
[2024-12-09T20:51:51.992+0000] {logging_mixin.py:190} INFO - [2024-12-09T20:51:51.992+0000] {dag.py:3239} INFO - Sync 1 DAGs
[2024-12-09T20:51:52.010+0000] {logging_mixin.py:190} INFO - [2024-12-09T20:51:52.010+0000] {dag.py:4180} INFO - Setting next_dagrun for data_extraction to 2024-12-08 00:00:00+00:00, run_after=2024-12-09 00:00:00+00:00
[2024-12-09T20:51:52.027+0000] {processor.py:208} INFO - Processing /opt/airflow/dags/data_extraction.py took 0.069 seconds
[2024-12-09T20:52:22.810+0000] {processor.py:186} INFO - Started process (PID=3911) to work on /opt/airflow/dags/data_extraction.py
[2024-12-09T20:52:22.811+0000] {processor.py:914} INFO - Processing file /opt/airflow/dags/data_extraction.py for tasks to queue
[2024-12-09T20:52:22.813+0000] {logging_mixin.py:190} INFO - [2024-12-09T20:52:22.813+0000] {dagbag.py:588} INFO - Filling up the DagBag from /opt/airflow/dags/data_extraction.py
[2024-12-09T20:52:22.827+0000] {processor.py:925} INFO - DAG(s) 'data_extraction' retrieved from /opt/airflow/dags/data_extraction.py
[2024-12-09T20:52:22.846+0000] {logging_mixin.py:190} INFO - [2024-12-09T20:52:22.845+0000] {dag.py:3239} INFO - Sync 1 DAGs
[2024-12-09T20:52:22.866+0000] {logging_mixin.py:190} INFO - [2024-12-09T20:52:22.866+0000] {dag.py:4180} INFO - Setting next_dagrun for data_extraction to 2024-12-08 00:00:00+00:00, run_after=2024-12-09 00:00:00+00:00
[2024-12-09T20:52:22.882+0000] {processor.py:208} INFO - Processing /opt/airflow/dags/data_extraction.py took 0.076 seconds
[2024-12-09T20:52:52.988+0000] {processor.py:186} INFO - Started process (PID=3979) to work on /opt/airflow/dags/data_extraction.py
[2024-12-09T20:52:52.989+0000] {processor.py:914} INFO - Processing file /opt/airflow/dags/data_extraction.py for tasks to queue
[2024-12-09T20:52:52.991+0000] {logging_mixin.py:190} INFO - [2024-12-09T20:52:52.990+0000] {dagbag.py:588} INFO - Filling up the DagBag from /opt/airflow/dags/data_extraction.py
[2024-12-09T20:52:53.002+0000] {processor.py:925} INFO - DAG(s) 'data_extraction' retrieved from /opt/airflow/dags/data_extraction.py
[2024-12-09T20:52:53.018+0000] {logging_mixin.py:190} INFO - [2024-12-09T20:52:53.018+0000] {dag.py:3239} INFO - Sync 1 DAGs
[2024-12-09T20:52:53.036+0000] {logging_mixin.py:190} INFO - [2024-12-09T20:52:53.036+0000] {dag.py:4180} INFO - Setting next_dagrun for data_extraction to 2024-12-08 00:00:00+00:00, run_after=2024-12-09 00:00:00+00:00
[2024-12-09T20:52:53.052+0000] {processor.py:208} INFO - Processing /opt/airflow/dags/data_extraction.py took 0.069 seconds
[2024-12-09T20:53:23.620+0000] {processor.py:186} INFO - Started process (PID=4047) to work on /opt/airflow/dags/data_extraction.py
[2024-12-09T20:53:23.621+0000] {processor.py:914} INFO - Processing file /opt/airflow/dags/data_extraction.py for tasks to queue
[2024-12-09T20:53:23.623+0000] {logging_mixin.py:190} INFO - [2024-12-09T20:53:23.623+0000] {dagbag.py:588} INFO - Filling up the DagBag from /opt/airflow/dags/data_extraction.py
[2024-12-09T20:53:23.635+0000] {processor.py:925} INFO - DAG(s) 'data_extraction' retrieved from /opt/airflow/dags/data_extraction.py
[2024-12-09T20:53:23.651+0000] {logging_mixin.py:190} INFO - [2024-12-09T20:53:23.651+0000] {dag.py:3239} INFO - Sync 1 DAGs
[2024-12-09T20:53:23.669+0000] {logging_mixin.py:190} INFO - [2024-12-09T20:53:23.669+0000] {dag.py:4180} INFO - Setting next_dagrun for data_extraction to 2024-12-08 00:00:00+00:00, run_after=2024-12-09 00:00:00+00:00
[2024-12-09T20:53:23.685+0000] {processor.py:208} INFO - Processing /opt/airflow/dags/data_extraction.py took 0.070 seconds
[2024-12-09T20:53:54.277+0000] {processor.py:186} INFO - Started process (PID=4115) to work on /opt/airflow/dags/data_extraction.py
[2024-12-09T20:53:54.278+0000] {processor.py:914} INFO - Processing file /opt/airflow/dags/data_extraction.py for tasks to queue
[2024-12-09T20:53:54.280+0000] {logging_mixin.py:190} INFO - [2024-12-09T20:53:54.280+0000] {dagbag.py:588} INFO - Filling up the DagBag from /opt/airflow/dags/data_extraction.py
[2024-12-09T20:53:54.295+0000] {processor.py:925} INFO - DAG(s) 'data_extraction' retrieved from /opt/airflow/dags/data_extraction.py
[2024-12-09T20:53:54.312+0000] {logging_mixin.py:190} INFO - [2024-12-09T20:53:54.311+0000] {dag.py:3239} INFO - Sync 1 DAGs
[2024-12-09T20:53:54.332+0000] {logging_mixin.py:190} INFO - [2024-12-09T20:53:54.332+0000] {dag.py:4180} INFO - Setting next_dagrun for data_extraction to 2024-12-08 00:00:00+00:00, run_after=2024-12-09 00:00:00+00:00
[2024-12-09T20:53:54.351+0000] {processor.py:208} INFO - Processing /opt/airflow/dags/data_extraction.py took 0.080 seconds
[2024-12-09T20:54:24.950+0000] {processor.py:186} INFO - Started process (PID=4183) to work on /opt/airflow/dags/data_extraction.py
[2024-12-09T20:54:24.950+0000] {processor.py:914} INFO - Processing file /opt/airflow/dags/data_extraction.py for tasks to queue
[2024-12-09T20:54:24.952+0000] {logging_mixin.py:190} INFO - [2024-12-09T20:54:24.952+0000] {dagbag.py:588} INFO - Filling up the DagBag from /opt/airflow/dags/data_extraction.py
[2024-12-09T20:54:24.964+0000] {processor.py:925} INFO - DAG(s) 'data_extraction' retrieved from /opt/airflow/dags/data_extraction.py
[2024-12-09T20:54:24.979+0000] {logging_mixin.py:190} INFO - [2024-12-09T20:54:24.978+0000] {dag.py:3239} INFO - Sync 1 DAGs
[2024-12-09T20:54:24.996+0000] {logging_mixin.py:190} INFO - [2024-12-09T20:54:24.996+0000] {dag.py:4180} INFO - Setting next_dagrun for data_extraction to 2024-12-08 00:00:00+00:00, run_after=2024-12-09 00:00:00+00:00
[2024-12-09T20:54:25.012+0000] {processor.py:208} INFO - Processing /opt/airflow/dags/data_extraction.py took 0.068 seconds
[2024-12-09T20:54:55.723+0000] {processor.py:186} INFO - Started process (PID=4251) to work on /opt/airflow/dags/data_extraction.py
[2024-12-09T20:54:55.724+0000] {processor.py:914} INFO - Processing file /opt/airflow/dags/data_extraction.py for tasks to queue
[2024-12-09T20:54:55.726+0000] {logging_mixin.py:190} INFO - [2024-12-09T20:54:55.726+0000] {dagbag.py:588} INFO - Filling up the DagBag from /opt/airflow/dags/data_extraction.py
[2024-12-09T20:54:55.737+0000] {processor.py:925} INFO - DAG(s) 'data_extraction' retrieved from /opt/airflow/dags/data_extraction.py
[2024-12-09T20:54:55.754+0000] {logging_mixin.py:190} INFO - [2024-12-09T20:54:55.754+0000] {dag.py:3239} INFO - Sync 1 DAGs
[2024-12-09T20:54:55.772+0000] {logging_mixin.py:190} INFO - [2024-12-09T20:54:55.772+0000] {dag.py:4180} INFO - Setting next_dagrun for data_extraction to 2024-12-08 00:00:00+00:00, run_after=2024-12-09 00:00:00+00:00
[2024-12-09T20:54:55.788+0000] {processor.py:208} INFO - Processing /opt/airflow/dags/data_extraction.py took 0.071 seconds
[2024-12-09T20:55:26.114+0000] {processor.py:186} INFO - Started process (PID=4319) to work on /opt/airflow/dags/data_extraction.py
[2024-12-09T20:55:26.114+0000] {processor.py:914} INFO - Processing file /opt/airflow/dags/data_extraction.py for tasks to queue
[2024-12-09T20:55:26.116+0000] {logging_mixin.py:190} INFO - [2024-12-09T20:55:26.116+0000] {dagbag.py:588} INFO - Filling up the DagBag from /opt/airflow/dags/data_extraction.py
[2024-12-09T20:55:26.128+0000] {processor.py:925} INFO - DAG(s) 'data_extraction' retrieved from /opt/airflow/dags/data_extraction.py
[2024-12-09T20:55:26.142+0000] {logging_mixin.py:190} INFO - [2024-12-09T20:55:26.142+0000] {dag.py:3239} INFO - Sync 1 DAGs
[2024-12-09T20:55:26.159+0000] {logging_mixin.py:190} INFO - [2024-12-09T20:55:26.159+0000] {dag.py:4180} INFO - Setting next_dagrun for data_extraction to 2024-12-08 00:00:00+00:00, run_after=2024-12-09 00:00:00+00:00
[2024-12-09T20:55:26.174+0000] {processor.py:208} INFO - Processing /opt/airflow/dags/data_extraction.py took 0.065 seconds
[2024-12-09T20:55:56.957+0000] {processor.py:186} INFO - Started process (PID=4386) to work on /opt/airflow/dags/data_extraction.py
[2024-12-09T20:55:56.958+0000] {processor.py:914} INFO - Processing file /opt/airflow/dags/data_extraction.py for tasks to queue
[2024-12-09T20:55:56.961+0000] {logging_mixin.py:190} INFO - [2024-12-09T20:55:56.960+0000] {dagbag.py:588} INFO - Filling up the DagBag from /opt/airflow/dags/data_extraction.py
[2024-12-09T20:55:56.982+0000] {processor.py:925} INFO - DAG(s) 'data_extraction' retrieved from /opt/airflow/dags/data_extraction.py
[2024-12-09T20:55:57.007+0000] {logging_mixin.py:190} INFO - [2024-12-09T20:55:57.006+0000] {dag.py:3239} INFO - Sync 1 DAGs
[2024-12-09T20:55:57.037+0000] {logging_mixin.py:190} INFO - [2024-12-09T20:55:57.037+0000] {dag.py:4180} INFO - Setting next_dagrun for data_extraction to 2024-12-08 00:00:00+00:00, run_after=2024-12-09 00:00:00+00:00
[2024-12-09T20:55:57.069+0000] {processor.py:208} INFO - Processing /opt/airflow/dags/data_extraction.py took 0.121 seconds
[2024-12-09T20:56:27.870+0000] {processor.py:186} INFO - Started process (PID=4454) to work on /opt/airflow/dags/data_extraction.py
[2024-12-09T20:56:27.871+0000] {processor.py:914} INFO - Processing file /opt/airflow/dags/data_extraction.py for tasks to queue
[2024-12-09T20:56:27.873+0000] {logging_mixin.py:190} INFO - [2024-12-09T20:56:27.873+0000] {dagbag.py:588} INFO - Filling up the DagBag from /opt/airflow/dags/data_extraction.py
[2024-12-09T20:56:27.890+0000] {processor.py:925} INFO - DAG(s) 'data_extraction' retrieved from /opt/airflow/dags/data_extraction.py
[2024-12-09T20:56:27.911+0000] {logging_mixin.py:190} INFO - [2024-12-09T20:56:27.911+0000] {dag.py:3239} INFO - Sync 1 DAGs
[2024-12-09T20:56:27.931+0000] {logging_mixin.py:190} INFO - [2024-12-09T20:56:27.931+0000] {dag.py:4180} INFO - Setting next_dagrun for data_extraction to 2024-12-08 00:00:00+00:00, run_after=2024-12-09 00:00:00+00:00
[2024-12-09T20:56:27.949+0000] {processor.py:208} INFO - Processing /opt/airflow/dags/data_extraction.py took 0.084 seconds
[2024-12-09T20:56:58.804+0000] {processor.py:186} INFO - Started process (PID=4522) to work on /opt/airflow/dags/data_extraction.py
[2024-12-09T20:56:58.805+0000] {processor.py:914} INFO - Processing file /opt/airflow/dags/data_extraction.py for tasks to queue
[2024-12-09T20:56:58.807+0000] {logging_mixin.py:190} INFO - [2024-12-09T20:56:58.806+0000] {dagbag.py:588} INFO - Filling up the DagBag from /opt/airflow/dags/data_extraction.py
[2024-12-09T20:56:58.819+0000] {processor.py:925} INFO - DAG(s) 'data_extraction' retrieved from /opt/airflow/dags/data_extraction.py
[2024-12-09T20:56:58.835+0000] {logging_mixin.py:190} INFO - [2024-12-09T20:56:58.834+0000] {dag.py:3239} INFO - Sync 1 DAGs
[2024-12-09T20:56:58.852+0000] {logging_mixin.py:190} INFO - [2024-12-09T20:56:58.852+0000] {dag.py:4180} INFO - Setting next_dagrun for data_extraction to 2024-12-08 00:00:00+00:00, run_after=2024-12-09 00:00:00+00:00
[2024-12-09T20:56:58.866+0000] {processor.py:208} INFO - Processing /opt/airflow/dags/data_extraction.py took 0.067 seconds
[2024-12-09T20:57:29.680+0000] {processor.py:186} INFO - Started process (PID=4590) to work on /opt/airflow/dags/data_extraction.py
[2024-12-09T20:57:29.681+0000] {processor.py:914} INFO - Processing file /opt/airflow/dags/data_extraction.py for tasks to queue
[2024-12-09T20:57:29.682+0000] {logging_mixin.py:190} INFO - [2024-12-09T20:57:29.682+0000] {dagbag.py:588} INFO - Filling up the DagBag from /opt/airflow/dags/data_extraction.py
[2024-12-09T20:57:29.694+0000] {processor.py:925} INFO - DAG(s) 'data_extraction' retrieved from /opt/airflow/dags/data_extraction.py
[2024-12-09T20:57:29.708+0000] {logging_mixin.py:190} INFO - [2024-12-09T20:57:29.708+0000] {dag.py:3239} INFO - Sync 1 DAGs
[2024-12-09T20:57:29.725+0000] {logging_mixin.py:190} INFO - [2024-12-09T20:57:29.725+0000] {dag.py:4180} INFO - Setting next_dagrun for data_extraction to 2024-12-08 00:00:00+00:00, run_after=2024-12-09 00:00:00+00:00
[2024-12-09T20:57:29.740+0000] {processor.py:208} INFO - Processing /opt/airflow/dags/data_extraction.py took 0.065 seconds
[2024-12-09T20:58:00.691+0000] {processor.py:186} INFO - Started process (PID=4658) to work on /opt/airflow/dags/data_extraction.py
[2024-12-09T20:58:00.692+0000] {processor.py:914} INFO - Processing file /opt/airflow/dags/data_extraction.py for tasks to queue
[2024-12-09T20:58:00.694+0000] {logging_mixin.py:190} INFO - [2024-12-09T20:58:00.694+0000] {dagbag.py:588} INFO - Filling up the DagBag from /opt/airflow/dags/data_extraction.py
[2024-12-09T20:58:00.706+0000] {processor.py:925} INFO - DAG(s) 'data_extraction' retrieved from /opt/airflow/dags/data_extraction.py
[2024-12-09T20:58:00.722+0000] {logging_mixin.py:190} INFO - [2024-12-09T20:58:00.722+0000] {dag.py:3239} INFO - Sync 1 DAGs
[2024-12-09T20:58:00.738+0000] {logging_mixin.py:190} INFO - [2024-12-09T20:58:00.738+0000] {dag.py:4180} INFO - Setting next_dagrun for data_extraction to 2024-12-08 00:00:00+00:00, run_after=2024-12-09 00:00:00+00:00
[2024-12-09T20:58:00.755+0000] {processor.py:208} INFO - Processing /opt/airflow/dags/data_extraction.py took 0.068 seconds
[2024-12-09T20:58:31.724+0000] {processor.py:186} INFO - Started process (PID=4726) to work on /opt/airflow/dags/data_extraction.py
[2024-12-09T20:58:31.725+0000] {processor.py:914} INFO - Processing file /opt/airflow/dags/data_extraction.py for tasks to queue
[2024-12-09T20:58:31.727+0000] {logging_mixin.py:190} INFO - [2024-12-09T20:58:31.726+0000] {dagbag.py:588} INFO - Filling up the DagBag from /opt/airflow/dags/data_extraction.py
[2024-12-09T20:58:31.739+0000] {processor.py:925} INFO - DAG(s) 'data_extraction' retrieved from /opt/airflow/dags/data_extraction.py
[2024-12-09T20:58:31.754+0000] {logging_mixin.py:190} INFO - [2024-12-09T20:58:31.754+0000] {dag.py:3239} INFO - Sync 1 DAGs
[2024-12-09T20:58:31.771+0000] {logging_mixin.py:190} INFO - [2024-12-09T20:58:31.770+0000] {dag.py:4180} INFO - Setting next_dagrun for data_extraction to 2024-12-08 00:00:00+00:00, run_after=2024-12-09 00:00:00+00:00
[2024-12-09T20:58:31.785+0000] {processor.py:208} INFO - Processing /opt/airflow/dags/data_extraction.py took 0.066 seconds
[2024-12-09T20:59:02.630+0000] {processor.py:186} INFO - Started process (PID=4794) to work on /opt/airflow/dags/data_extraction.py
[2024-12-09T20:59:02.631+0000] {processor.py:914} INFO - Processing file /opt/airflow/dags/data_extraction.py for tasks to queue
[2024-12-09T20:59:02.633+0000] {logging_mixin.py:190} INFO - [2024-12-09T20:59:02.633+0000] {dagbag.py:588} INFO - Filling up the DagBag from /opt/airflow/dags/data_extraction.py
[2024-12-09T20:59:02.646+0000] {processor.py:925} INFO - DAG(s) 'data_extraction' retrieved from /opt/airflow/dags/data_extraction.py
[2024-12-09T20:59:02.662+0000] {logging_mixin.py:190} INFO - [2024-12-09T20:59:02.662+0000] {dag.py:3239} INFO - Sync 1 DAGs
[2024-12-09T20:59:02.680+0000] {logging_mixin.py:190} INFO - [2024-12-09T20:59:02.680+0000] {dag.py:4180} INFO - Setting next_dagrun for data_extraction to 2024-12-08 00:00:00+00:00, run_after=2024-12-09 00:00:00+00:00
[2024-12-09T20:59:02.695+0000] {processor.py:208} INFO - Processing /opt/airflow/dags/data_extraction.py took 0.070 seconds
[2024-12-09T21:00:15.475+0000] {processor.py:186} INFO - Started process (PID=69) to work on /opt/airflow/dags/data_extraction.py
[2024-12-09T21:00:15.477+0000] {processor.py:914} INFO - Processing file /opt/airflow/dags/data_extraction.py for tasks to queue
[2024-12-09T21:00:15.480+0000] {logging_mixin.py:190} INFO - [2024-12-09T21:00:15.479+0000] {dagbag.py:588} INFO - Filling up the DagBag from /opt/airflow/dags/data_extraction.py
[2024-12-09T21:00:15.497+0000] {processor.py:925} INFO - DAG(s) 'data_extraction' retrieved from /opt/airflow/dags/data_extraction.py
[2024-12-09T21:00:15.532+0000] {logging_mixin.py:190} INFO - [2024-12-09T21:00:15.532+0000] {dag.py:3239} INFO - Sync 1 DAGs
[2024-12-09T21:00:15.563+0000] {logging_mixin.py:190} INFO - [2024-12-09T21:00:15.562+0000] {dag.py:4180} INFO - Setting next_dagrun for data_extraction to 2024-12-08 00:00:00+00:00, run_after=2024-12-09 00:00:00+00:00
[2024-12-09T21:00:15.583+0000] {processor.py:208} INFO - Processing /opt/airflow/dags/data_extraction.py took 0.114 seconds
[2024-12-09T21:00:45.686+0000] {processor.py:186} INFO - Started process (PID=141) to work on /opt/airflow/dags/data_extraction.py
[2024-12-09T21:00:45.687+0000] {processor.py:914} INFO - Processing file /opt/airflow/dags/data_extraction.py for tasks to queue
[2024-12-09T21:00:45.689+0000] {logging_mixin.py:190} INFO - [2024-12-09T21:00:45.689+0000] {dagbag.py:588} INFO - Filling up the DagBag from /opt/airflow/dags/data_extraction.py
[2024-12-09T21:00:45.704+0000] {processor.py:925} INFO - DAG(s) 'data_extraction' retrieved from /opt/airflow/dags/data_extraction.py
[2024-12-09T21:00:45.733+0000] {logging_mixin.py:190} INFO - [2024-12-09T21:00:45.732+0000] {dag.py:3239} INFO - Sync 1 DAGs
[2024-12-09T21:00:45.762+0000] {logging_mixin.py:190} INFO - [2024-12-09T21:00:45.762+0000] {dag.py:4180} INFO - Setting next_dagrun for data_extraction to 2024-12-08 00:00:00+00:00, run_after=2024-12-09 00:00:00+00:00
[2024-12-09T21:00:45.781+0000] {processor.py:208} INFO - Processing /opt/airflow/dags/data_extraction.py took 0.101 seconds
[2024-12-09T21:01:16.629+0000] {processor.py:186} INFO - Started process (PID=209) to work on /opt/airflow/dags/data_extraction.py
[2024-12-09T21:01:16.630+0000] {processor.py:914} INFO - Processing file /opt/airflow/dags/data_extraction.py for tasks to queue
[2024-12-09T21:01:16.632+0000] {logging_mixin.py:190} INFO - [2024-12-09T21:01:16.632+0000] {dagbag.py:588} INFO - Filling up the DagBag from /opt/airflow/dags/data_extraction.py
[2024-12-09T21:01:16.645+0000] {processor.py:925} INFO - DAG(s) 'data_extraction' retrieved from /opt/airflow/dags/data_extraction.py
[2024-12-09T21:01:16.660+0000] {logging_mixin.py:190} INFO - [2024-12-09T21:01:16.660+0000] {dag.py:3239} INFO - Sync 1 DAGs
[2024-12-09T21:01:16.680+0000] {logging_mixin.py:190} INFO - [2024-12-09T21:01:16.680+0000] {dag.py:4180} INFO - Setting next_dagrun for data_extraction to 2024-12-08 00:00:00+00:00, run_after=2024-12-09 00:00:00+00:00
[2024-12-09T21:01:16.697+0000] {processor.py:208} INFO - Processing /opt/airflow/dags/data_extraction.py took 0.072 seconds
[2024-12-09T21:01:47.311+0000] {processor.py:186} INFO - Started process (PID=279) to work on /opt/airflow/dags/data_extraction.py
[2024-12-09T21:01:47.312+0000] {processor.py:914} INFO - Processing file /opt/airflow/dags/data_extraction.py for tasks to queue
[2024-12-09T21:01:47.314+0000] {logging_mixin.py:190} INFO - [2024-12-09T21:01:47.314+0000] {dagbag.py:588} INFO - Filling up the DagBag from /opt/airflow/dags/data_extraction.py
[2024-12-09T21:01:47.329+0000] {processor.py:925} INFO - DAG(s) 'data_extraction' retrieved from /opt/airflow/dags/data_extraction.py
[2024-12-09T21:01:47.345+0000] {logging_mixin.py:190} INFO - [2024-12-09T21:01:47.344+0000] {dag.py:3239} INFO - Sync 1 DAGs
[2024-12-09T21:01:47.365+0000] {logging_mixin.py:190} INFO - [2024-12-09T21:01:47.364+0000] {dag.py:4180} INFO - Setting next_dagrun for data_extraction to 2024-12-08 00:00:00+00:00, run_after=2024-12-09 00:00:00+00:00
[2024-12-09T21:01:47.379+0000] {processor.py:208} INFO - Processing /opt/airflow/dags/data_extraction.py took 0.074 seconds
[2024-12-09T21:02:17.891+0000] {processor.py:186} INFO - Started process (PID=352) to work on /opt/airflow/dags/data_extraction.py
[2024-12-09T21:02:17.892+0000] {processor.py:914} INFO - Processing file /opt/airflow/dags/data_extraction.py for tasks to queue
[2024-12-09T21:02:17.894+0000] {logging_mixin.py:190} INFO - [2024-12-09T21:02:17.894+0000] {dagbag.py:588} INFO - Filling up the DagBag from /opt/airflow/dags/data_extraction.py
[2024-12-09T21:02:17.906+0000] {processor.py:925} INFO - DAG(s) 'data_extraction' retrieved from /opt/airflow/dags/data_extraction.py
[2024-12-09T21:02:17.921+0000] {logging_mixin.py:190} INFO - [2024-12-09T21:02:17.921+0000] {dag.py:3239} INFO - Sync 1 DAGs
[2024-12-09T21:02:17.939+0000] {logging_mixin.py:190} INFO - [2024-12-09T21:02:17.939+0000] {dag.py:4180} INFO - Setting next_dagrun for data_extraction to 2024-12-08 00:00:00+00:00, run_after=2024-12-09 00:00:00+00:00
[2024-12-09T21:02:17.955+0000] {processor.py:208} INFO - Processing /opt/airflow/dags/data_extraction.py took 0.069 seconds
[2024-12-09T21:02:48.476+0000] {processor.py:186} INFO - Started process (PID=420) to work on /opt/airflow/dags/data_extraction.py
[2024-12-09T21:02:48.477+0000] {processor.py:914} INFO - Processing file /opt/airflow/dags/data_extraction.py for tasks to queue
[2024-12-09T21:02:48.479+0000] {logging_mixin.py:190} INFO - [2024-12-09T21:02:48.479+0000] {dagbag.py:588} INFO - Filling up the DagBag from /opt/airflow/dags/data_extraction.py
[2024-12-09T21:02:48.490+0000] {processor.py:925} INFO - DAG(s) 'data_extraction' retrieved from /opt/airflow/dags/data_extraction.py
[2024-12-09T21:02:48.508+0000] {logging_mixin.py:190} INFO - [2024-12-09T21:02:48.508+0000] {dag.py:3239} INFO - Sync 1 DAGs
[2024-12-09T21:02:48.526+0000] {logging_mixin.py:190} INFO - [2024-12-09T21:02:48.526+0000] {dag.py:4180} INFO - Setting next_dagrun for data_extraction to 2024-12-08 00:00:00+00:00, run_after=2024-12-09 00:00:00+00:00
[2024-12-09T21:02:48.543+0000] {processor.py:208} INFO - Processing /opt/airflow/dags/data_extraction.py took 0.072 seconds
[2024-12-09T21:03:19.478+0000] {processor.py:186} INFO - Started process (PID=494) to work on /opt/airflow/dags/data_extraction.py
[2024-12-09T21:03:19.479+0000] {processor.py:914} INFO - Processing file /opt/airflow/dags/data_extraction.py for tasks to queue
[2024-12-09T21:03:19.481+0000] {logging_mixin.py:190} INFO - [2024-12-09T21:03:19.481+0000] {dagbag.py:588} INFO - Filling up the DagBag from /opt/airflow/dags/data_extraction.py
[2024-12-09T21:03:19.494+0000] {processor.py:925} INFO - DAG(s) 'data_extraction' retrieved from /opt/airflow/dags/data_extraction.py
[2024-12-09T21:03:19.510+0000] {logging_mixin.py:190} INFO - [2024-12-09T21:03:19.510+0000] {dag.py:3239} INFO - Sync 1 DAGs
[2024-12-09T21:03:19.529+0000] {logging_mixin.py:190} INFO - [2024-12-09T21:03:19.529+0000] {dag.py:4180} INFO - Setting next_dagrun for data_extraction to 2024-12-08 00:00:00+00:00, run_after=2024-12-09 00:00:00+00:00
[2024-12-09T21:03:19.543+0000] {processor.py:208} INFO - Processing /opt/airflow/dags/data_extraction.py took 0.070 seconds
[2024-12-09T21:03:50.337+0000] {processor.py:186} INFO - Started process (PID=562) to work on /opt/airflow/dags/data_extraction.py
[2024-12-09T21:03:50.337+0000] {processor.py:914} INFO - Processing file /opt/airflow/dags/data_extraction.py for tasks to queue
[2024-12-09T21:03:50.339+0000] {logging_mixin.py:190} INFO - [2024-12-09T21:03:50.339+0000] {dagbag.py:588} INFO - Filling up the DagBag from /opt/airflow/dags/data_extraction.py
[2024-12-09T21:03:50.352+0000] {processor.py:925} INFO - DAG(s) 'data_extraction' retrieved from /opt/airflow/dags/data_extraction.py
[2024-12-09T21:03:50.368+0000] {logging_mixin.py:190} INFO - [2024-12-09T21:03:50.368+0000] {dag.py:3239} INFO - Sync 1 DAGs
[2024-12-09T21:03:50.386+0000] {logging_mixin.py:190} INFO - [2024-12-09T21:03:50.386+0000] {dag.py:4180} INFO - Setting next_dagrun for data_extraction to 2024-12-08 00:00:00+00:00, run_after=2024-12-09 00:00:00+00:00
[2024-12-09T21:03:50.402+0000] {processor.py:208} INFO - Processing /opt/airflow/dags/data_extraction.py took 0.071 seconds
