[2024-12-09T20:10:07.181+0000] {processor.py:186} INFO - Started process (PID=66) to work on /opt/airflow/dags/etl_data_pipeline_mongodb.py
[2024-12-09T20:10:07.183+0000] {processor.py:914} INFO - Processing file /opt/airflow/dags/etl_data_pipeline_mongodb.py for tasks to queue
[2024-12-09T20:10:07.186+0000] {logging_mixin.py:190} INFO - [2024-12-09T20:10:07.186+0000] {dagbag.py:588} INFO - Filling up the DagBag from /opt/airflow/dags/etl_data_pipeline_mongodb.py
[2024-12-09T20:10:07.317+0000] {processor.py:925} INFO - DAG(s) 'etl_data_pipeline_mongodb' retrieved from /opt/airflow/dags/etl_data_pipeline_mongodb.py
[2024-12-09T20:10:07.358+0000] {logging_mixin.py:190} INFO - [2024-12-09T20:10:07.357+0000] {dag.py:3239} INFO - Sync 1 DAGs
[2024-12-09T20:10:07.394+0000] {logging_mixin.py:190} INFO - [2024-12-09T20:10:07.394+0000] {dag.py:4180} INFO - Setting next_dagrun for etl_data_pipeline_mongodb to 2024-12-09 00:00:00+00:00, run_after=2024-12-10 00:00:00+00:00
[2024-12-09T20:10:07.420+0000] {processor.py:208} INFO - Processing /opt/airflow/dags/etl_data_pipeline_mongodb.py took 0.249 seconds
[2024-12-09T20:24:17.355+0000] {processor.py:186} INFO - Started process (PID=56) to work on /opt/airflow/dags/etl_data_pipeline_mongodb.py
[2024-12-09T20:24:17.356+0000] {processor.py:914} INFO - Processing file /opt/airflow/dags/etl_data_pipeline_mongodb.py for tasks to queue
[2024-12-09T20:24:17.360+0000] {logging_mixin.py:190} INFO - [2024-12-09T20:24:17.359+0000] {dagbag.py:588} INFO - Filling up the DagBag from /opt/airflow/dags/etl_data_pipeline_mongodb.py
[2024-12-09T20:24:17.572+0000] {processor.py:925} INFO - DAG(s) 'etl_data_pipeline_mongodb' retrieved from /opt/airflow/dags/etl_data_pipeline_mongodb.py
[2024-12-09T20:24:17.611+0000] {logging_mixin.py:190} INFO - [2024-12-09T20:24:17.610+0000] {dag.py:3239} INFO - Sync 1 DAGs
[2024-12-09T20:24:17.661+0000] {logging_mixin.py:190} INFO - [2024-12-09T20:24:17.661+0000] {dag.py:4180} INFO - Setting next_dagrun for etl_data_pipeline_mongodb to 2024-12-09 00:00:00+00:00, run_after=2024-12-10 00:00:00+00:00
[2024-12-09T20:24:17.697+0000] {processor.py:208} INFO - Processing /opt/airflow/dags/etl_data_pipeline_mongodb.py took 0.349 seconds
[2024-12-09T20:24:27.432+0000] {processor.py:186} INFO - Started process (PID=143) to work on /opt/airflow/dags/etl_data_pipeline_mongodb.py
[2024-12-09T20:24:27.433+0000] {processor.py:914} INFO - Processing file /opt/airflow/dags/etl_data_pipeline_mongodb.py for tasks to queue
[2024-12-09T20:24:27.436+0000] {logging_mixin.py:190} INFO - [2024-12-09T20:24:27.436+0000] {dagbag.py:588} INFO - Filling up the DagBag from /opt/airflow/dags/etl_data_pipeline_mongodb.py
[2024-12-09T20:24:27.569+0000] {processor.py:925} INFO - DAG(s) 'etl_data_pipeline_mongodb' retrieved from /opt/airflow/dags/etl_data_pipeline_mongodb.py
[2024-12-09T20:24:27.593+0000] {logging_mixin.py:190} INFO - [2024-12-09T20:24:27.593+0000] {taskinstance.py:3313} ERROR - {'DAG Id': 'etl_data_pipeline_mongodb', 'Task Id': 'load_data', 'Run Id': 'scheduled__2024-12-03T00:00:00+00:00', 'Hostname': '8553af9ff67b', 'External Executor Id': '1e426335-fb20-4050-9025-08fda92729b1'}
[2024-12-09T20:24:27.653+0000] {logging_mixin.py:190} INFO - Task instance in failure state
[2024-12-09T20:24:27.654+0000] {logging_mixin.py:190} INFO - Task start:2024-12-07 20:07:21.778140+00:00 end:2024-12-09 20:24:27.652652+00:00 duration:173825.874512
[2024-12-09T20:24:27.654+0000] {logging_mixin.py:190} INFO - Task:<Task(PythonOperator): load_data> dag:<DAG: etl_data_pipeline_mongodb> dagrun:<DagRun etl_data_pipeline_mongodb @ 2024-12-03 00:00:00+00:00: scheduled__2024-12-03T00:00:00+00:00, state:running, queued_at: 2024-12-07 20:07:05.632065+00:00. externally triggered: False>
[2024-12-09T20:24:27.655+0000] {logging_mixin.py:190} INFO - Failure caused by {'DAG Id': 'etl_data_pipeline_mongodb', 'Task Id': 'load_data', 'Run Id': 'scheduled__2024-12-03T00:00:00+00:00', 'Hostname': '8553af9ff67b', 'External Executor Id': '1e426335-fb20-4050-9025-08fda92729b1'}
[2024-12-09T20:24:27.656+0000] {logging_mixin.py:190} INFO - [2024-12-09T20:24:27.655+0000] {taskinstance.py:1225} INFO - Marking task as UP_FOR_RETRY. dag_id=etl_data_pipeline_mongodb, task_id=load_data, run_id=scheduled__2024-12-03T00:00:00+00:00, execution_date=20241203T000000, start_date=20241207T200721, end_date=20241209T202427
[2024-12-09T20:24:27.678+0000] {logging_mixin.py:190} INFO - [2024-12-09T20:24:27.678+0000] {processor.py:876} INFO - Executed callback for <TaskInstance: etl_data_pipeline_mongodb.load_data scheduled__2024-12-03T00:00:00+00:00 [up_for_retry]> in state up_for_retry
[2024-12-09T20:24:27.684+0000] {logging_mixin.py:190} INFO - [2024-12-09T20:24:27.683+0000] {taskinstance.py:3313} ERROR - {'DAG Id': 'etl_data_pipeline_mongodb', 'Task Id': 'load_data', 'Run Id': 'scheduled__2024-12-06T00:00:00+00:00', 'Hostname': '8553af9ff67b', 'External Executor Id': '41996044-7a15-4ef0-bb77-d8e9cbf7639f'}
[2024-12-09T20:24:27.699+0000] {logging_mixin.py:190} INFO - Task instance in failure state
[2024-12-09T20:24:27.700+0000] {logging_mixin.py:190} INFO - Task start:2024-12-07 20:07:21.545855+00:00 end:2024-12-09 20:24:27.699251+00:00 duration:173826.153396
[2024-12-09T20:24:27.701+0000] {logging_mixin.py:190} INFO - Task:<Task(PythonOperator): load_data> dag:<DAG: etl_data_pipeline_mongodb> dagrun:<DagRun etl_data_pipeline_mongodb @ 2024-12-06 00:00:00+00:00: scheduled__2024-12-06T00:00:00+00:00, state:running, queued_at: 2024-12-07 20:07:06.963892+00:00. externally triggered: False>
[2024-12-09T20:24:27.701+0000] {logging_mixin.py:190} INFO - Failure caused by {'DAG Id': 'etl_data_pipeline_mongodb', 'Task Id': 'load_data', 'Run Id': 'scheduled__2024-12-06T00:00:00+00:00', 'Hostname': '8553af9ff67b', 'External Executor Id': '41996044-7a15-4ef0-bb77-d8e9cbf7639f'}
[2024-12-09T20:24:27.702+0000] {logging_mixin.py:190} INFO - [2024-12-09T20:24:27.702+0000] {taskinstance.py:1225} INFO - Marking task as UP_FOR_RETRY. dag_id=etl_data_pipeline_mongodb, task_id=load_data, run_id=scheduled__2024-12-06T00:00:00+00:00, execution_date=20241206T000000, start_date=20241207T200721, end_date=20241209T202427
[2024-12-09T20:24:27.710+0000] {logging_mixin.py:190} INFO - [2024-12-09T20:24:27.710+0000] {processor.py:876} INFO - Executed callback for <TaskInstance: etl_data_pipeline_mongodb.load_data scheduled__2024-12-06T00:00:00+00:00 [up_for_retry]> in state up_for_retry
[2024-12-09T20:24:27.725+0000] {logging_mixin.py:190} INFO - [2024-12-09T20:24:27.725+0000] {dag.py:3239} INFO - Sync 1 DAGs
[2024-12-09T20:24:27.753+0000] {logging_mixin.py:190} INFO - [2024-12-09T20:24:27.753+0000] {dag.py:4180} INFO - Setting next_dagrun for etl_data_pipeline_mongodb to 2024-12-09 00:00:00+00:00, run_after=2024-12-10 00:00:00+00:00
[2024-12-09T20:24:27.775+0000] {processor.py:208} INFO - Processing /opt/airflow/dags/etl_data_pipeline_mongodb.py took 0.351 seconds
[2024-12-09T20:24:58.307+0000] {processor.py:186} INFO - Started process (PID=217) to work on /opt/airflow/dags/etl_data_pipeline_mongodb.py
[2024-12-09T20:24:58.308+0000] {processor.py:914} INFO - Processing file /opt/airflow/dags/etl_data_pipeline_mongodb.py for tasks to queue
[2024-12-09T20:24:58.310+0000] {logging_mixin.py:190} INFO - [2024-12-09T20:24:58.310+0000] {dagbag.py:588} INFO - Filling up the DagBag from /opt/airflow/dags/etl_data_pipeline_mongodb.py
[2024-12-09T20:24:58.376+0000] {processor.py:925} INFO - DAG(s) 'etl_data_pipeline_mongodb' retrieved from /opt/airflow/dags/etl_data_pipeline_mongodb.py
[2024-12-09T20:24:58.397+0000] {logging_mixin.py:190} INFO - [2024-12-09T20:24:58.396+0000] {dag.py:3239} INFO - Sync 1 DAGs
[2024-12-09T20:24:58.423+0000] {logging_mixin.py:190} INFO - [2024-12-09T20:24:58.423+0000] {dag.py:4180} INFO - Setting next_dagrun for etl_data_pipeline_mongodb to 2024-12-09 00:00:00+00:00, run_after=2024-12-10 00:00:00+00:00
[2024-12-09T20:24:58.449+0000] {processor.py:208} INFO - Processing /opt/airflow/dags/etl_data_pipeline_mongodb.py took 0.148 seconds
[2024-12-09T20:25:28.953+0000] {processor.py:186} INFO - Started process (PID=285) to work on /opt/airflow/dags/etl_data_pipeline_mongodb.py
[2024-12-09T20:25:28.955+0000] {processor.py:914} INFO - Processing file /opt/airflow/dags/etl_data_pipeline_mongodb.py for tasks to queue
[2024-12-09T20:25:28.958+0000] {logging_mixin.py:190} INFO - [2024-12-09T20:25:28.958+0000] {dagbag.py:588} INFO - Filling up the DagBag from /opt/airflow/dags/etl_data_pipeline_mongodb.py
[2024-12-09T20:25:29.027+0000] {processor.py:925} INFO - DAG(s) 'etl_data_pipeline_mongodb' retrieved from /opt/airflow/dags/etl_data_pipeline_mongodb.py
[2024-12-09T20:25:29.046+0000] {logging_mixin.py:190} INFO - [2024-12-09T20:25:29.046+0000] {dag.py:3239} INFO - Sync 1 DAGs
[2024-12-09T20:25:29.066+0000] {logging_mixin.py:190} INFO - [2024-12-09T20:25:29.066+0000] {dag.py:4180} INFO - Setting next_dagrun for etl_data_pipeline_mongodb to 2024-12-09 00:00:00+00:00, run_after=2024-12-10 00:00:00+00:00
[2024-12-09T20:25:29.084+0000] {processor.py:208} INFO - Processing /opt/airflow/dags/etl_data_pipeline_mongodb.py took 0.139 seconds
[2024-12-09T20:25:59.630+0000] {processor.py:186} INFO - Started process (PID=353) to work on /opt/airflow/dags/etl_data_pipeline_mongodb.py
[2024-12-09T20:25:59.631+0000] {processor.py:914} INFO - Processing file /opt/airflow/dags/etl_data_pipeline_mongodb.py for tasks to queue
[2024-12-09T20:25:59.633+0000] {logging_mixin.py:190} INFO - [2024-12-09T20:25:59.633+0000] {dagbag.py:588} INFO - Filling up the DagBag from /opt/airflow/dags/etl_data_pipeline_mongodb.py
[2024-12-09T20:25:59.684+0000] {processor.py:925} INFO - DAG(s) 'etl_data_pipeline_mongodb' retrieved from /opt/airflow/dags/etl_data_pipeline_mongodb.py
[2024-12-09T20:25:59.700+0000] {logging_mixin.py:190} INFO - [2024-12-09T20:25:59.700+0000] {dag.py:3239} INFO - Sync 1 DAGs
[2024-12-09T20:25:59.717+0000] {logging_mixin.py:190} INFO - [2024-12-09T20:25:59.717+0000] {dag.py:4180} INFO - Setting next_dagrun for etl_data_pipeline_mongodb to 2024-12-09 00:00:00+00:00, run_after=2024-12-10 00:00:00+00:00
[2024-12-09T20:25:59.732+0000] {processor.py:208} INFO - Processing /opt/airflow/dags/etl_data_pipeline_mongodb.py took 0.106 seconds
[2024-12-09T20:26:30.078+0000] {processor.py:186} INFO - Started process (PID=421) to work on /opt/airflow/dags/etl_data_pipeline_mongodb.py
[2024-12-09T20:26:30.079+0000] {processor.py:914} INFO - Processing file /opt/airflow/dags/etl_data_pipeline_mongodb.py for tasks to queue
[2024-12-09T20:26:30.082+0000] {logging_mixin.py:190} INFO - [2024-12-09T20:26:30.081+0000] {dagbag.py:588} INFO - Filling up the DagBag from /opt/airflow/dags/etl_data_pipeline_mongodb.py
[2024-12-09T20:26:30.136+0000] {processor.py:925} INFO - DAG(s) 'etl_data_pipeline_mongodb' retrieved from /opt/airflow/dags/etl_data_pipeline_mongodb.py
[2024-12-09T20:26:30.152+0000] {logging_mixin.py:190} INFO - [2024-12-09T20:26:30.152+0000] {dag.py:3239} INFO - Sync 1 DAGs
[2024-12-09T20:26:30.171+0000] {logging_mixin.py:190} INFO - [2024-12-09T20:26:30.171+0000] {dag.py:4180} INFO - Setting next_dagrun for etl_data_pipeline_mongodb to 2024-12-09 00:00:00+00:00, run_after=2024-12-10 00:00:00+00:00
[2024-12-09T20:26:30.188+0000] {processor.py:208} INFO - Processing /opt/airflow/dags/etl_data_pipeline_mongodb.py took 0.114 seconds
[2024-12-09T20:27:00.616+0000] {processor.py:186} INFO - Started process (PID=489) to work on /opt/airflow/dags/etl_data_pipeline_mongodb.py
[2024-12-09T20:27:00.617+0000] {processor.py:914} INFO - Processing file /opt/airflow/dags/etl_data_pipeline_mongodb.py for tasks to queue
[2024-12-09T20:27:00.619+0000] {logging_mixin.py:190} INFO - [2024-12-09T20:27:00.619+0000] {dagbag.py:588} INFO - Filling up the DagBag from /opt/airflow/dags/etl_data_pipeline_mongodb.py
[2024-12-09T20:27:00.672+0000] {processor.py:925} INFO - DAG(s) 'etl_data_pipeline_mongodb' retrieved from /opt/airflow/dags/etl_data_pipeline_mongodb.py
[2024-12-09T20:27:00.688+0000] {logging_mixin.py:190} INFO - [2024-12-09T20:27:00.687+0000] {dag.py:3239} INFO - Sync 1 DAGs
[2024-12-09T20:27:00.705+0000] {logging_mixin.py:190} INFO - [2024-12-09T20:27:00.705+0000] {dag.py:4180} INFO - Setting next_dagrun for etl_data_pipeline_mongodb to 2024-12-09 00:00:00+00:00, run_after=2024-12-10 00:00:00+00:00
[2024-12-09T20:27:00.725+0000] {processor.py:208} INFO - Processing /opt/airflow/dags/etl_data_pipeline_mongodb.py took 0.114 seconds
[2024-12-09T20:27:31.079+0000] {processor.py:186} INFO - Started process (PID=557) to work on /opt/airflow/dags/etl_data_pipeline_mongodb.py
[2024-12-09T20:27:31.080+0000] {processor.py:914} INFO - Processing file /opt/airflow/dags/etl_data_pipeline_mongodb.py for tasks to queue
[2024-12-09T20:27:31.083+0000] {logging_mixin.py:190} INFO - [2024-12-09T20:27:31.083+0000] {dagbag.py:588} INFO - Filling up the DagBag from /opt/airflow/dags/etl_data_pipeline_mongodb.py
[2024-12-09T20:27:31.154+0000] {processor.py:925} INFO - DAG(s) 'etl_data_pipeline_mongodb' retrieved from /opt/airflow/dags/etl_data_pipeline_mongodb.py
[2024-12-09T20:27:31.176+0000] {logging_mixin.py:190} INFO - [2024-12-09T20:27:31.176+0000] {dag.py:3239} INFO - Sync 1 DAGs
[2024-12-09T20:27:31.208+0000] {logging_mixin.py:190} INFO - [2024-12-09T20:27:31.207+0000] {dag.py:4180} INFO - Setting next_dagrun for etl_data_pipeline_mongodb to 2024-12-09 00:00:00+00:00, run_after=2024-12-10 00:00:00+00:00
[2024-12-09T20:27:31.241+0000] {processor.py:208} INFO - Processing /opt/airflow/dags/etl_data_pipeline_mongodb.py took 0.168 seconds
[2024-12-09T20:28:01.316+0000] {processor.py:186} INFO - Started process (PID=625) to work on /opt/airflow/dags/etl_data_pipeline_mongodb.py
[2024-12-09T20:28:01.317+0000] {processor.py:914} INFO - Processing file /opt/airflow/dags/etl_data_pipeline_mongodb.py for tasks to queue
[2024-12-09T20:28:01.319+0000] {logging_mixin.py:190} INFO - [2024-12-09T20:28:01.318+0000] {dagbag.py:588} INFO - Filling up the DagBag from /opt/airflow/dags/etl_data_pipeline_mongodb.py
[2024-12-09T20:28:01.372+0000] {processor.py:925} INFO - DAG(s) 'etl_data_pipeline_mongodb' retrieved from /opt/airflow/dags/etl_data_pipeline_mongodb.py
[2024-12-09T20:28:01.387+0000] {logging_mixin.py:190} INFO - [2024-12-09T20:28:01.387+0000] {dag.py:3239} INFO - Sync 1 DAGs
[2024-12-09T20:28:01.404+0000] {logging_mixin.py:190} INFO - [2024-12-09T20:28:01.404+0000] {dag.py:4180} INFO - Setting next_dagrun for etl_data_pipeline_mongodb to 2024-12-09 00:00:00+00:00, run_after=2024-12-10 00:00:00+00:00
[2024-12-09T20:28:01.417+0000] {processor.py:208} INFO - Processing /opt/airflow/dags/etl_data_pipeline_mongodb.py took 0.105 seconds
[2024-12-09T20:28:32.081+0000] {processor.py:186} INFO - Started process (PID=688) to work on /opt/airflow/dags/etl_data_pipeline_mongodb.py
[2024-12-09T20:28:32.082+0000] {processor.py:914} INFO - Processing file /opt/airflow/dags/etl_data_pipeline_mongodb.py for tasks to queue
[2024-12-09T20:28:32.084+0000] {logging_mixin.py:190} INFO - [2024-12-09T20:28:32.084+0000] {dagbag.py:588} INFO - Filling up the DagBag from /opt/airflow/dags/etl_data_pipeline_mongodb.py
[2024-12-09T20:28:32.165+0000] {processor.py:925} INFO - DAG(s) 'etl_data_pipeline_mongodb' retrieved from /opt/airflow/dags/etl_data_pipeline_mongodb.py
[2024-12-09T20:28:32.187+0000] {logging_mixin.py:190} INFO - [2024-12-09T20:28:32.187+0000] {dag.py:3239} INFO - Sync 1 DAGs
[2024-12-09T20:28:32.212+0000] {logging_mixin.py:190} INFO - [2024-12-09T20:28:32.211+0000] {dag.py:4180} INFO - Setting next_dagrun for etl_data_pipeline_mongodb to 2024-12-09 00:00:00+00:00, run_after=2024-12-10 00:00:00+00:00
[2024-12-09T20:28:32.230+0000] {processor.py:208} INFO - Processing /opt/airflow/dags/etl_data_pipeline_mongodb.py took 0.154 seconds
[2024-12-09T20:29:02.268+0000] {processor.py:186} INFO - Started process (PID=750) to work on /opt/airflow/dags/etl_data_pipeline_mongodb.py
[2024-12-09T20:29:02.268+0000] {processor.py:914} INFO - Processing file /opt/airflow/dags/etl_data_pipeline_mongodb.py for tasks to queue
[2024-12-09T20:29:02.271+0000] {logging_mixin.py:190} INFO - [2024-12-09T20:29:02.270+0000] {dagbag.py:588} INFO - Filling up the DagBag from /opt/airflow/dags/etl_data_pipeline_mongodb.py
[2024-12-09T20:29:02.329+0000] {processor.py:925} INFO - DAG(s) 'etl_data_pipeline_mongodb' retrieved from /opt/airflow/dags/etl_data_pipeline_mongodb.py
[2024-12-09T20:29:02.345+0000] {logging_mixin.py:190} INFO - [2024-12-09T20:29:02.345+0000] {dag.py:3239} INFO - Sync 1 DAGs
[2024-12-09T20:29:02.362+0000] {logging_mixin.py:190} INFO - [2024-12-09T20:29:02.362+0000] {dag.py:4180} INFO - Setting next_dagrun for etl_data_pipeline_mongodb to 2024-12-09 00:00:00+00:00, run_after=2024-12-10 00:00:00+00:00
[2024-12-09T20:29:02.379+0000] {processor.py:208} INFO - Processing /opt/airflow/dags/etl_data_pipeline_mongodb.py took 0.117 seconds
[2024-12-09T20:29:32.654+0000] {processor.py:186} INFO - Started process (PID=818) to work on /opt/airflow/dags/etl_data_pipeline_mongodb.py
[2024-12-09T20:29:32.655+0000] {processor.py:914} INFO - Processing file /opt/airflow/dags/etl_data_pipeline_mongodb.py for tasks to queue
[2024-12-09T20:29:32.657+0000] {logging_mixin.py:190} INFO - [2024-12-09T20:29:32.657+0000] {dagbag.py:588} INFO - Filling up the DagBag from /opt/airflow/dags/etl_data_pipeline_mongodb.py
[2024-12-09T20:29:32.715+0000] {processor.py:925} INFO - DAG(s) 'etl_data_pipeline_mongodb' retrieved from /opt/airflow/dags/etl_data_pipeline_mongodb.py
[2024-12-09T20:29:32.733+0000] {logging_mixin.py:190} INFO - [2024-12-09T20:29:32.733+0000] {dag.py:3239} INFO - Sync 1 DAGs
[2024-12-09T20:29:32.753+0000] {logging_mixin.py:190} INFO - [2024-12-09T20:29:32.753+0000] {dag.py:4180} INFO - Setting next_dagrun for etl_data_pipeline_mongodb to 2024-12-09 00:00:00+00:00, run_after=2024-12-10 00:00:00+00:00
[2024-12-09T20:29:32.771+0000] {processor.py:208} INFO - Processing /opt/airflow/dags/etl_data_pipeline_mongodb.py took 0.122 seconds
[2024-12-09T20:30:02.992+0000] {processor.py:186} INFO - Started process (PID=886) to work on /opt/airflow/dags/etl_data_pipeline_mongodb.py
[2024-12-09T20:30:02.993+0000] {processor.py:914} INFO - Processing file /opt/airflow/dags/etl_data_pipeline_mongodb.py for tasks to queue
[2024-12-09T20:30:02.995+0000] {logging_mixin.py:190} INFO - [2024-12-09T20:30:02.995+0000] {dagbag.py:588} INFO - Filling up the DagBag from /opt/airflow/dags/etl_data_pipeline_mongodb.py
[2024-12-09T20:30:03.045+0000] {processor.py:925} INFO - DAG(s) 'etl_data_pipeline_mongodb' retrieved from /opt/airflow/dags/etl_data_pipeline_mongodb.py
[2024-12-09T20:30:03.059+0000] {logging_mixin.py:190} INFO - [2024-12-09T20:30:03.059+0000] {dag.py:3239} INFO - Sync 1 DAGs
[2024-12-09T20:30:03.075+0000] {logging_mixin.py:190} INFO - [2024-12-09T20:30:03.075+0000] {dag.py:4180} INFO - Setting next_dagrun for etl_data_pipeline_mongodb to 2024-12-09 00:00:00+00:00, run_after=2024-12-10 00:00:00+00:00
[2024-12-09T20:30:03.088+0000] {processor.py:208} INFO - Processing /opt/airflow/dags/etl_data_pipeline_mongodb.py took 0.101 seconds
[2024-12-09T20:30:33.154+0000] {processor.py:186} INFO - Started process (PID=936) to work on /opt/airflow/dags/etl_data_pipeline_mongodb.py
[2024-12-09T20:30:33.155+0000] {processor.py:914} INFO - Processing file /opt/airflow/dags/etl_data_pipeline_mongodb.py for tasks to queue
[2024-12-09T20:30:33.157+0000] {logging_mixin.py:190} INFO - [2024-12-09T20:30:33.157+0000] {dagbag.py:588} INFO - Filling up the DagBag from /opt/airflow/dags/etl_data_pipeline_mongodb.py
[2024-12-09T20:30:33.208+0000] {processor.py:925} INFO - DAG(s) 'etl_data_pipeline_mongodb' retrieved from /opt/airflow/dags/etl_data_pipeline_mongodb.py
[2024-12-09T20:30:33.224+0000] {logging_mixin.py:190} INFO - [2024-12-09T20:30:33.224+0000] {dag.py:3239} INFO - Sync 1 DAGs
[2024-12-09T20:30:33.241+0000] {logging_mixin.py:190} INFO - [2024-12-09T20:30:33.240+0000] {dag.py:4180} INFO - Setting next_dagrun for etl_data_pipeline_mongodb to 2024-12-09 00:00:00+00:00, run_after=2024-12-10 00:00:00+00:00
[2024-12-09T20:30:33.257+0000] {processor.py:208} INFO - Processing /opt/airflow/dags/etl_data_pipeline_mongodb.py took 0.107 seconds
[2024-12-09T20:31:03.863+0000] {processor.py:186} INFO - Started process (PID=1004) to work on /opt/airflow/dags/etl_data_pipeline_mongodb.py
[2024-12-09T20:31:03.865+0000] {processor.py:914} INFO - Processing file /opt/airflow/dags/etl_data_pipeline_mongodb.py for tasks to queue
[2024-12-09T20:31:03.870+0000] {logging_mixin.py:190} INFO - [2024-12-09T20:31:03.870+0000] {dagbag.py:588} INFO - Filling up the DagBag from /opt/airflow/dags/etl_data_pipeline_mongodb.py
[2024-12-09T20:31:03.937+0000] {processor.py:925} INFO - DAG(s) 'etl_data_pipeline_mongodb' retrieved from /opt/airflow/dags/etl_data_pipeline_mongodb.py
[2024-12-09T20:31:03.955+0000] {logging_mixin.py:190} INFO - [2024-12-09T20:31:03.955+0000] {dag.py:3239} INFO - Sync 1 DAGs
[2024-12-09T20:31:03.979+0000] {logging_mixin.py:190} INFO - [2024-12-09T20:31:03.978+0000] {dag.py:4180} INFO - Setting next_dagrun for etl_data_pipeline_mongodb to 2024-12-09 00:00:00+00:00, run_after=2024-12-10 00:00:00+00:00
[2024-12-09T20:31:03.996+0000] {processor.py:208} INFO - Processing /opt/airflow/dags/etl_data_pipeline_mongodb.py took 0.139 seconds
[2024-12-09T20:31:34.049+0000] {processor.py:186} INFO - Started process (PID=1081) to work on /opt/airflow/dags/etl_data_pipeline_mongodb.py
[2024-12-09T20:31:34.050+0000] {processor.py:914} INFO - Processing file /opt/airflow/dags/etl_data_pipeline_mongodb.py for tasks to queue
[2024-12-09T20:31:34.052+0000] {logging_mixin.py:190} INFO - [2024-12-09T20:31:34.052+0000] {dagbag.py:588} INFO - Filling up the DagBag from /opt/airflow/dags/etl_data_pipeline_mongodb.py
[2024-12-09T20:31:34.105+0000] {processor.py:925} INFO - DAG(s) 'etl_data_pipeline_mongodb' retrieved from /opt/airflow/dags/etl_data_pipeline_mongodb.py
[2024-12-09T20:31:34.122+0000] {logging_mixin.py:190} INFO - [2024-12-09T20:31:34.122+0000] {dag.py:3239} INFO - Sync 1 DAGs
[2024-12-09T20:31:34.142+0000] {logging_mixin.py:190} INFO - [2024-12-09T20:31:34.141+0000] {dag.py:4180} INFO - Setting next_dagrun for etl_data_pipeline_mongodb to 2024-12-09 00:00:00+00:00, run_after=2024-12-10 00:00:00+00:00
[2024-12-09T20:31:34.157+0000] {processor.py:208} INFO - Processing /opt/airflow/dags/etl_data_pipeline_mongodb.py took 0.112 seconds
[2024-12-09T20:32:04.715+0000] {processor.py:186} INFO - Started process (PID=1149) to work on /opt/airflow/dags/etl_data_pipeline_mongodb.py
[2024-12-09T20:32:04.716+0000] {processor.py:914} INFO - Processing file /opt/airflow/dags/etl_data_pipeline_mongodb.py for tasks to queue
[2024-12-09T20:32:04.718+0000] {logging_mixin.py:190} INFO - [2024-12-09T20:32:04.718+0000] {dagbag.py:588} INFO - Filling up the DagBag from /opt/airflow/dags/etl_data_pipeline_mongodb.py
[2024-12-09T20:32:04.770+0000] {processor.py:925} INFO - DAG(s) 'etl_data_pipeline_mongodb' retrieved from /opt/airflow/dags/etl_data_pipeline_mongodb.py
[2024-12-09T20:32:04.787+0000] {logging_mixin.py:190} INFO - [2024-12-09T20:32:04.787+0000] {dag.py:3239} INFO - Sync 1 DAGs
[2024-12-09T20:32:04.806+0000] {logging_mixin.py:190} INFO - [2024-12-09T20:32:04.806+0000] {dag.py:4180} INFO - Setting next_dagrun for etl_data_pipeline_mongodb to 2024-12-09 00:00:00+00:00, run_after=2024-12-10 00:00:00+00:00
[2024-12-09T20:32:04.822+0000] {processor.py:208} INFO - Processing /opt/airflow/dags/etl_data_pipeline_mongodb.py took 0.112 seconds
[2024-12-09T20:32:34.886+0000] {processor.py:186} INFO - Started process (PID=1214) to work on /opt/airflow/dags/etl_data_pipeline_mongodb.py
[2024-12-09T20:32:34.887+0000] {processor.py:914} INFO - Processing file /opt/airflow/dags/etl_data_pipeline_mongodb.py for tasks to queue
[2024-12-09T20:32:34.889+0000] {logging_mixin.py:190} INFO - [2024-12-09T20:32:34.889+0000] {dagbag.py:588} INFO - Filling up the DagBag from /opt/airflow/dags/etl_data_pipeline_mongodb.py
[2024-12-09T20:32:34.937+0000] {processor.py:925} INFO - DAG(s) 'etl_data_pipeline_mongodb' retrieved from /opt/airflow/dags/etl_data_pipeline_mongodb.py
[2024-12-09T20:32:34.952+0000] {logging_mixin.py:190} INFO - [2024-12-09T20:32:34.952+0000] {dag.py:3239} INFO - Sync 1 DAGs
[2024-12-09T20:32:34.969+0000] {logging_mixin.py:190} INFO - [2024-12-09T20:32:34.968+0000] {dag.py:4180} INFO - Setting next_dagrun for etl_data_pipeline_mongodb to 2024-12-09 00:00:00+00:00, run_after=2024-12-10 00:00:00+00:00
[2024-12-09T20:32:34.985+0000] {processor.py:208} INFO - Processing /opt/airflow/dags/etl_data_pipeline_mongodb.py took 0.103 seconds
[2024-12-09T20:33:05.161+0000] {processor.py:186} INFO - Started process (PID=1282) to work on /opt/airflow/dags/etl_data_pipeline_mongodb.py
[2024-12-09T20:33:05.162+0000] {processor.py:914} INFO - Processing file /opt/airflow/dags/etl_data_pipeline_mongodb.py for tasks to queue
[2024-12-09T20:33:05.165+0000] {logging_mixin.py:190} INFO - [2024-12-09T20:33:05.164+0000] {dagbag.py:588} INFO - Filling up the DagBag from /opt/airflow/dags/etl_data_pipeline_mongodb.py
[2024-12-09T20:33:05.214+0000] {processor.py:925} INFO - DAG(s) 'etl_data_pipeline_mongodb' retrieved from /opt/airflow/dags/etl_data_pipeline_mongodb.py
[2024-12-09T20:33:05.230+0000] {logging_mixin.py:190} INFO - [2024-12-09T20:33:05.230+0000] {dag.py:3239} INFO - Sync 1 DAGs
[2024-12-09T20:33:05.246+0000] {logging_mixin.py:190} INFO - [2024-12-09T20:33:05.246+0000] {dag.py:4180} INFO - Setting next_dagrun for etl_data_pipeline_mongodb to 2024-12-09 00:00:00+00:00, run_after=2024-12-10 00:00:00+00:00
[2024-12-09T20:33:05.259+0000] {processor.py:208} INFO - Processing /opt/airflow/dags/etl_data_pipeline_mongodb.py took 0.102 seconds
[2024-12-09T20:33:35.949+0000] {processor.py:186} INFO - Started process (PID=1351) to work on /opt/airflow/dags/etl_data_pipeline_mongodb.py
[2024-12-09T20:33:35.950+0000] {processor.py:914} INFO - Processing file /opt/airflow/dags/etl_data_pipeline_mongodb.py for tasks to queue
[2024-12-09T20:33:35.952+0000] {logging_mixin.py:190} INFO - [2024-12-09T20:33:35.952+0000] {dagbag.py:588} INFO - Filling up the DagBag from /opt/airflow/dags/etl_data_pipeline_mongodb.py
[2024-12-09T20:33:36.003+0000] {processor.py:925} INFO - DAG(s) 'etl_data_pipeline_mongodb' retrieved from /opt/airflow/dags/etl_data_pipeline_mongodb.py
[2024-12-09T20:33:36.018+0000] {logging_mixin.py:190} INFO - [2024-12-09T20:33:36.018+0000] {dag.py:3239} INFO - Sync 1 DAGs
[2024-12-09T20:33:36.034+0000] {logging_mixin.py:190} INFO - [2024-12-09T20:33:36.034+0000] {dag.py:4180} INFO - Setting next_dagrun for etl_data_pipeline_mongodb to 2024-12-09 00:00:00+00:00, run_after=2024-12-10 00:00:00+00:00
[2024-12-09T20:33:36.051+0000] {processor.py:208} INFO - Processing /opt/airflow/dags/etl_data_pipeline_mongodb.py took 0.106 seconds
[2024-12-09T20:34:06.612+0000] {processor.py:186} INFO - Started process (PID=1423) to work on /opt/airflow/dags/etl_data_pipeline_mongodb.py
[2024-12-09T20:34:06.613+0000] {processor.py:914} INFO - Processing file /opt/airflow/dags/etl_data_pipeline_mongodb.py for tasks to queue
[2024-12-09T20:34:06.616+0000] {logging_mixin.py:190} INFO - [2024-12-09T20:34:06.615+0000] {dagbag.py:588} INFO - Filling up the DagBag from /opt/airflow/dags/etl_data_pipeline_mongodb.py
[2024-12-09T20:34:06.672+0000] {processor.py:925} INFO - DAG(s) 'etl_data_pipeline_mongodb' retrieved from /opt/airflow/dags/etl_data_pipeline_mongodb.py
[2024-12-09T20:34:06.691+0000] {logging_mixin.py:190} INFO - [2024-12-09T20:34:06.690+0000] {dag.py:3239} INFO - Sync 1 DAGs
[2024-12-09T20:34:06.712+0000] {logging_mixin.py:190} INFO - [2024-12-09T20:34:06.712+0000] {dag.py:4180} INFO - Setting next_dagrun for etl_data_pipeline_mongodb to 2024-12-09 00:00:00+00:00, run_after=2024-12-10 00:00:00+00:00
[2024-12-09T20:34:06.731+0000] {processor.py:208} INFO - Processing /opt/airflow/dags/etl_data_pipeline_mongodb.py took 0.124 seconds
[2024-12-09T20:34:37.152+0000] {processor.py:186} INFO - Started process (PID=1491) to work on /opt/airflow/dags/etl_data_pipeline_mongodb.py
[2024-12-09T20:34:37.153+0000] {processor.py:914} INFO - Processing file /opt/airflow/dags/etl_data_pipeline_mongodb.py for tasks to queue
[2024-12-09T20:34:37.155+0000] {logging_mixin.py:190} INFO - [2024-12-09T20:34:37.155+0000] {dagbag.py:588} INFO - Filling up the DagBag from /opt/airflow/dags/etl_data_pipeline_mongodb.py
[2024-12-09T20:34:37.207+0000] {processor.py:925} INFO - DAG(s) 'etl_data_pipeline_mongodb' retrieved from /opt/airflow/dags/etl_data_pipeline_mongodb.py
[2024-12-09T20:34:37.221+0000] {logging_mixin.py:190} INFO - [2024-12-09T20:34:37.221+0000] {dag.py:3239} INFO - Sync 1 DAGs
[2024-12-09T20:34:37.239+0000] {logging_mixin.py:190} INFO - [2024-12-09T20:34:37.238+0000] {dag.py:4180} INFO - Setting next_dagrun for etl_data_pipeline_mongodb to 2024-12-09 00:00:00+00:00, run_after=2024-12-10 00:00:00+00:00
[2024-12-09T20:34:37.252+0000] {processor.py:208} INFO - Processing /opt/airflow/dags/etl_data_pipeline_mongodb.py took 0.105 seconds
[2024-12-09T20:35:07.380+0000] {processor.py:186} INFO - Started process (PID=1560) to work on /opt/airflow/dags/etl_data_pipeline_mongodb.py
[2024-12-09T20:35:07.381+0000] {processor.py:914} INFO - Processing file /opt/airflow/dags/etl_data_pipeline_mongodb.py for tasks to queue
[2024-12-09T20:35:07.383+0000] {logging_mixin.py:190} INFO - [2024-12-09T20:35:07.383+0000] {dagbag.py:588} INFO - Filling up the DagBag from /opt/airflow/dags/etl_data_pipeline_mongodb.py
[2024-12-09T20:35:07.434+0000] {processor.py:925} INFO - DAG(s) 'etl_data_pipeline_mongodb' retrieved from /opt/airflow/dags/etl_data_pipeline_mongodb.py
[2024-12-09T20:35:07.451+0000] {logging_mixin.py:190} INFO - [2024-12-09T20:35:07.450+0000] {dag.py:3239} INFO - Sync 1 DAGs
[2024-12-09T20:35:07.471+0000] {logging_mixin.py:190} INFO - [2024-12-09T20:35:07.471+0000] {dag.py:4180} INFO - Setting next_dagrun for etl_data_pipeline_mongodb to 2024-12-09 00:00:00+00:00, run_after=2024-12-10 00:00:00+00:00
[2024-12-09T20:35:07.486+0000] {processor.py:208} INFO - Processing /opt/airflow/dags/etl_data_pipeline_mongodb.py took 0.110 seconds
[2024-12-09T20:35:37.624+0000] {processor.py:186} INFO - Started process (PID=1629) to work on /opt/airflow/dags/etl_data_pipeline_mongodb.py
[2024-12-09T20:35:37.624+0000] {processor.py:914} INFO - Processing file /opt/airflow/dags/etl_data_pipeline_mongodb.py for tasks to queue
[2024-12-09T20:35:37.627+0000] {logging_mixin.py:190} INFO - [2024-12-09T20:35:37.627+0000] {dagbag.py:588} INFO - Filling up the DagBag from /opt/airflow/dags/etl_data_pipeline_mongodb.py
[2024-12-09T20:35:37.678+0000] {processor.py:925} INFO - DAG(s) 'etl_data_pipeline_mongodb' retrieved from /opt/airflow/dags/etl_data_pipeline_mongodb.py
[2024-12-09T20:35:37.693+0000] {logging_mixin.py:190} INFO - [2024-12-09T20:35:37.693+0000] {dag.py:3239} INFO - Sync 1 DAGs
[2024-12-09T20:35:37.712+0000] {logging_mixin.py:190} INFO - [2024-12-09T20:35:37.712+0000] {dag.py:4180} INFO - Setting next_dagrun for etl_data_pipeline_mongodb to 2024-12-09 00:00:00+00:00, run_after=2024-12-10 00:00:00+00:00
[2024-12-09T20:35:37.726+0000] {processor.py:208} INFO - Processing /opt/airflow/dags/etl_data_pipeline_mongodb.py took 0.107 seconds
[2024-12-09T20:36:08.065+0000] {processor.py:186} INFO - Started process (PID=1697) to work on /opt/airflow/dags/etl_data_pipeline_mongodb.py
[2024-12-09T20:36:08.065+0000] {processor.py:914} INFO - Processing file /opt/airflow/dags/etl_data_pipeline_mongodb.py for tasks to queue
[2024-12-09T20:36:08.068+0000] {logging_mixin.py:190} INFO - [2024-12-09T20:36:08.067+0000] {dagbag.py:588} INFO - Filling up the DagBag from /opt/airflow/dags/etl_data_pipeline_mongodb.py
[2024-12-09T20:36:08.120+0000] {processor.py:925} INFO - DAG(s) 'etl_data_pipeline_mongodb' retrieved from /opt/airflow/dags/etl_data_pipeline_mongodb.py
[2024-12-09T20:36:08.136+0000] {logging_mixin.py:190} INFO - [2024-12-09T20:36:08.136+0000] {dag.py:3239} INFO - Sync 1 DAGs
[2024-12-09T20:36:08.156+0000] {logging_mixin.py:190} INFO - [2024-12-09T20:36:08.156+0000] {dag.py:4180} INFO - Setting next_dagrun for etl_data_pipeline_mongodb to 2024-12-09 00:00:00+00:00, run_after=2024-12-10 00:00:00+00:00
[2024-12-09T20:36:08.171+0000] {processor.py:208} INFO - Processing /opt/airflow/dags/etl_data_pipeline_mongodb.py took 0.112 seconds
[2024-12-09T20:36:38.515+0000] {processor.py:186} INFO - Started process (PID=1768) to work on /opt/airflow/dags/etl_data_pipeline_mongodb.py
[2024-12-09T20:36:38.516+0000] {processor.py:914} INFO - Processing file /opt/airflow/dags/etl_data_pipeline_mongodb.py for tasks to queue
[2024-12-09T20:36:38.518+0000] {logging_mixin.py:190} INFO - [2024-12-09T20:36:38.517+0000] {dagbag.py:588} INFO - Filling up the DagBag from /opt/airflow/dags/etl_data_pipeline_mongodb.py
[2024-12-09T20:36:38.567+0000] {processor.py:925} INFO - DAG(s) 'etl_data_pipeline_mongodb' retrieved from /opt/airflow/dags/etl_data_pipeline_mongodb.py
[2024-12-09T20:36:38.582+0000] {logging_mixin.py:190} INFO - [2024-12-09T20:36:38.582+0000] {dag.py:3239} INFO - Sync 1 DAGs
[2024-12-09T20:36:38.599+0000] {logging_mixin.py:190} INFO - [2024-12-09T20:36:38.599+0000] {dag.py:4180} INFO - Setting next_dagrun for etl_data_pipeline_mongodb to 2024-12-09 00:00:00+00:00, run_after=2024-12-10 00:00:00+00:00
[2024-12-09T20:36:38.615+0000] {processor.py:208} INFO - Processing /opt/airflow/dags/etl_data_pipeline_mongodb.py took 0.105 seconds
[2024-12-09T20:37:09.010+0000] {processor.py:186} INFO - Started process (PID=1841) to work on /opt/airflow/dags/etl_data_pipeline_mongodb.py
[2024-12-09T20:37:09.011+0000] {processor.py:914} INFO - Processing file /opt/airflow/dags/etl_data_pipeline_mongodb.py for tasks to queue
[2024-12-09T20:37:09.014+0000] {logging_mixin.py:190} INFO - [2024-12-09T20:37:09.013+0000] {dagbag.py:588} INFO - Filling up the DagBag from /opt/airflow/dags/etl_data_pipeline_mongodb.py
[2024-12-09T20:37:09.071+0000] {processor.py:925} INFO - DAG(s) 'etl_data_pipeline_mongodb' retrieved from /opt/airflow/dags/etl_data_pipeline_mongodb.py
[2024-12-09T20:37:09.088+0000] {logging_mixin.py:190} INFO - [2024-12-09T20:37:09.088+0000] {dag.py:3239} INFO - Sync 1 DAGs
[2024-12-09T20:37:09.109+0000] {logging_mixin.py:190} INFO - [2024-12-09T20:37:09.109+0000] {dag.py:4180} INFO - Setting next_dagrun for etl_data_pipeline_mongodb to 2024-12-09 00:00:00+00:00, run_after=2024-12-10 00:00:00+00:00
[2024-12-09T20:37:09.126+0000] {processor.py:208} INFO - Processing /opt/airflow/dags/etl_data_pipeline_mongodb.py took 0.122 seconds
[2024-12-09T20:37:39.467+0000] {processor.py:186} INFO - Started process (PID=1913) to work on /opt/airflow/dags/etl_data_pipeline_mongodb.py
[2024-12-09T20:37:39.468+0000] {processor.py:914} INFO - Processing file /opt/airflow/dags/etl_data_pipeline_mongodb.py for tasks to queue
[2024-12-09T20:37:39.470+0000] {logging_mixin.py:190} INFO - [2024-12-09T20:37:39.470+0000] {dagbag.py:588} INFO - Filling up the DagBag from /opt/airflow/dags/etl_data_pipeline_mongodb.py
[2024-12-09T20:37:39.518+0000] {processor.py:925} INFO - DAG(s) 'etl_data_pipeline_mongodb' retrieved from /opt/airflow/dags/etl_data_pipeline_mongodb.py
[2024-12-09T20:37:39.534+0000] {logging_mixin.py:190} INFO - [2024-12-09T20:37:39.533+0000] {dag.py:3239} INFO - Sync 1 DAGs
[2024-12-09T20:37:39.552+0000] {logging_mixin.py:190} INFO - [2024-12-09T20:37:39.552+0000] {dag.py:4180} INFO - Setting next_dagrun for etl_data_pipeline_mongodb to 2024-12-09 00:00:00+00:00, run_after=2024-12-10 00:00:00+00:00
[2024-12-09T20:37:39.567+0000] {processor.py:208} INFO - Processing /opt/airflow/dags/etl_data_pipeline_mongodb.py took 0.105 seconds
[2024-12-09T20:38:09.817+0000] {processor.py:186} INFO - Started process (PID=1981) to work on /opt/airflow/dags/etl_data_pipeline_mongodb.py
[2024-12-09T20:38:09.818+0000] {processor.py:914} INFO - Processing file /opt/airflow/dags/etl_data_pipeline_mongodb.py for tasks to queue
[2024-12-09T20:38:09.820+0000] {logging_mixin.py:190} INFO - [2024-12-09T20:38:09.820+0000] {dagbag.py:588} INFO - Filling up the DagBag from /opt/airflow/dags/etl_data_pipeline_mongodb.py
[2024-12-09T20:38:09.871+0000] {processor.py:925} INFO - DAG(s) 'etl_data_pipeline_mongodb' retrieved from /opt/airflow/dags/etl_data_pipeline_mongodb.py
[2024-12-09T20:38:09.885+0000] {logging_mixin.py:190} INFO - [2024-12-09T20:38:09.885+0000] {dag.py:3239} INFO - Sync 1 DAGs
[2024-12-09T20:38:09.902+0000] {logging_mixin.py:190} INFO - [2024-12-09T20:38:09.902+0000] {dag.py:4180} INFO - Setting next_dagrun for etl_data_pipeline_mongodb to 2024-12-09 00:00:00+00:00, run_after=2024-12-10 00:00:00+00:00
[2024-12-09T20:38:09.917+0000] {processor.py:208} INFO - Processing /opt/airflow/dags/etl_data_pipeline_mongodb.py took 0.104 seconds
[2024-12-09T20:38:39.966+0000] {processor.py:186} INFO - Started process (PID=2049) to work on /opt/airflow/dags/etl_data_pipeline_mongodb.py
[2024-12-09T20:38:39.967+0000] {processor.py:914} INFO - Processing file /opt/airflow/dags/etl_data_pipeline_mongodb.py for tasks to queue
[2024-12-09T20:38:39.969+0000] {logging_mixin.py:190} INFO - [2024-12-09T20:38:39.969+0000] {dagbag.py:588} INFO - Filling up the DagBag from /opt/airflow/dags/etl_data_pipeline_mongodb.py
[2024-12-09T20:38:40.017+0000] {processor.py:925} INFO - DAG(s) 'etl_data_pipeline_mongodb' retrieved from /opt/airflow/dags/etl_data_pipeline_mongodb.py
[2024-12-09T20:38:40.033+0000] {logging_mixin.py:190} INFO - [2024-12-09T20:38:40.033+0000] {dag.py:3239} INFO - Sync 1 DAGs
[2024-12-09T20:38:40.051+0000] {logging_mixin.py:190} INFO - [2024-12-09T20:38:40.051+0000] {dag.py:4180} INFO - Setting next_dagrun for etl_data_pipeline_mongodb to 2024-12-09 00:00:00+00:00, run_after=2024-12-10 00:00:00+00:00
[2024-12-09T20:38:40.068+0000] {processor.py:208} INFO - Processing /opt/airflow/dags/etl_data_pipeline_mongodb.py took 0.107 seconds
[2024-12-09T20:39:10.417+0000] {processor.py:186} INFO - Started process (PID=2123) to work on /opt/airflow/dags/etl_data_pipeline_mongodb.py
[2024-12-09T20:39:10.418+0000] {processor.py:914} INFO - Processing file /opt/airflow/dags/etl_data_pipeline_mongodb.py for tasks to queue
[2024-12-09T20:39:10.420+0000] {logging_mixin.py:190} INFO - [2024-12-09T20:39:10.420+0000] {dagbag.py:588} INFO - Filling up the DagBag from /opt/airflow/dags/etl_data_pipeline_mongodb.py
[2024-12-09T20:39:10.475+0000] {processor.py:925} INFO - DAG(s) 'etl_data_pipeline_mongodb' retrieved from /opt/airflow/dags/etl_data_pipeline_mongodb.py
[2024-12-09T20:39:10.492+0000] {logging_mixin.py:190} INFO - [2024-12-09T20:39:10.492+0000] {dag.py:3239} INFO - Sync 1 DAGs
[2024-12-09T20:39:10.512+0000] {logging_mixin.py:190} INFO - [2024-12-09T20:39:10.512+0000] {dag.py:4180} INFO - Setting next_dagrun for etl_data_pipeline_mongodb to 2024-12-09 00:00:00+00:00, run_after=2024-12-10 00:00:00+00:00
[2024-12-09T20:39:10.527+0000] {processor.py:208} INFO - Processing /opt/airflow/dags/etl_data_pipeline_mongodb.py took 0.115 seconds
[2024-12-09T20:39:40.924+0000] {processor.py:186} INFO - Started process (PID=2191) to work on /opt/airflow/dags/etl_data_pipeline_mongodb.py
[2024-12-09T20:39:40.924+0000] {processor.py:914} INFO - Processing file /opt/airflow/dags/etl_data_pipeline_mongodb.py for tasks to queue
[2024-12-09T20:39:40.927+0000] {logging_mixin.py:190} INFO - [2024-12-09T20:39:40.926+0000] {dagbag.py:588} INFO - Filling up the DagBag from /opt/airflow/dags/etl_data_pipeline_mongodb.py
[2024-12-09T20:39:40.978+0000] {processor.py:925} INFO - DAG(s) 'etl_data_pipeline_mongodb' retrieved from /opt/airflow/dags/etl_data_pipeline_mongodb.py
[2024-12-09T20:39:40.995+0000] {logging_mixin.py:190} INFO - [2024-12-09T20:39:40.994+0000] {dag.py:3239} INFO - Sync 1 DAGs
[2024-12-09T20:39:41.014+0000] {logging_mixin.py:190} INFO - [2024-12-09T20:39:41.014+0000] {dag.py:4180} INFO - Setting next_dagrun for etl_data_pipeline_mongodb to 2024-12-09 00:00:00+00:00, run_after=2024-12-10 00:00:00+00:00
[2024-12-09T20:39:41.030+0000] {processor.py:208} INFO - Processing /opt/airflow/dags/etl_data_pipeline_mongodb.py took 0.111 seconds
[2024-12-09T20:40:11.098+0000] {processor.py:186} INFO - Started process (PID=2259) to work on /opt/airflow/dags/etl_data_pipeline_mongodb.py
[2024-12-09T20:40:11.099+0000] {processor.py:914} INFO - Processing file /opt/airflow/dags/etl_data_pipeline_mongodb.py for tasks to queue
[2024-12-09T20:40:11.101+0000] {logging_mixin.py:190} INFO - [2024-12-09T20:40:11.101+0000] {dagbag.py:588} INFO - Filling up the DagBag from /opt/airflow/dags/etl_data_pipeline_mongodb.py
[2024-12-09T20:40:11.150+0000] {processor.py:925} INFO - DAG(s) 'etl_data_pipeline_mongodb' retrieved from /opt/airflow/dags/etl_data_pipeline_mongodb.py
[2024-12-09T20:40:11.166+0000] {logging_mixin.py:190} INFO - [2024-12-09T20:40:11.166+0000] {dag.py:3239} INFO - Sync 1 DAGs
[2024-12-09T20:40:11.186+0000] {logging_mixin.py:190} INFO - [2024-12-09T20:40:11.186+0000] {dag.py:4180} INFO - Setting next_dagrun for etl_data_pipeline_mongodb to 2024-12-09 00:00:00+00:00, run_after=2024-12-10 00:00:00+00:00
[2024-12-09T20:40:11.200+0000] {processor.py:208} INFO - Processing /opt/airflow/dags/etl_data_pipeline_mongodb.py took 0.106 seconds
[2024-12-09T20:40:42.092+0000] {processor.py:186} INFO - Started process (PID=2333) to work on /opt/airflow/dags/etl_data_pipeline_mongodb.py
[2024-12-09T20:40:42.093+0000] {processor.py:914} INFO - Processing file /opt/airflow/dags/etl_data_pipeline_mongodb.py for tasks to queue
[2024-12-09T20:40:42.096+0000] {logging_mixin.py:190} INFO - [2024-12-09T20:40:42.096+0000] {dagbag.py:588} INFO - Filling up the DagBag from /opt/airflow/dags/etl_data_pipeline_mongodb.py
[2024-12-09T20:40:42.144+0000] {processor.py:925} INFO - DAG(s) 'etl_data_pipeline_mongodb' retrieved from /opt/airflow/dags/etl_data_pipeline_mongodb.py
[2024-12-09T20:40:42.159+0000] {logging_mixin.py:190} INFO - [2024-12-09T20:40:42.159+0000] {dag.py:3239} INFO - Sync 1 DAGs
[2024-12-09T20:40:42.176+0000] {logging_mixin.py:190} INFO - [2024-12-09T20:40:42.176+0000] {dag.py:4180} INFO - Setting next_dagrun for etl_data_pipeline_mongodb to 2024-12-09 00:00:00+00:00, run_after=2024-12-10 00:00:00+00:00
[2024-12-09T20:40:42.191+0000] {processor.py:208} INFO - Processing /opt/airflow/dags/etl_data_pipeline_mongodb.py took 0.104 seconds
[2024-12-09T20:41:12.854+0000] {processor.py:186} INFO - Started process (PID=2409) to work on /opt/airflow/dags/etl_data_pipeline_mongodb.py
[2024-12-09T20:41:12.855+0000] {processor.py:914} INFO - Processing file /opt/airflow/dags/etl_data_pipeline_mongodb.py for tasks to queue
[2024-12-09T20:41:12.857+0000] {logging_mixin.py:190} INFO - [2024-12-09T20:41:12.857+0000] {dagbag.py:588} INFO - Filling up the DagBag from /opt/airflow/dags/etl_data_pipeline_mongodb.py
[2024-12-09T20:41:12.912+0000] {processor.py:925} INFO - DAG(s) 'etl_data_pipeline_mongodb' retrieved from /opt/airflow/dags/etl_data_pipeline_mongodb.py
[2024-12-09T20:41:12.928+0000] {logging_mixin.py:190} INFO - [2024-12-09T20:41:12.927+0000] {dag.py:3239} INFO - Sync 1 DAGs
[2024-12-09T20:41:12.946+0000] {logging_mixin.py:190} INFO - [2024-12-09T20:41:12.946+0000] {dag.py:4180} INFO - Setting next_dagrun for etl_data_pipeline_mongodb to 2024-12-09 00:00:00+00:00, run_after=2024-12-10 00:00:00+00:00
[2024-12-09T20:41:12.961+0000] {processor.py:208} INFO - Processing /opt/airflow/dags/etl_data_pipeline_mongodb.py took 0.113 seconds
[2024-12-09T20:41:43.458+0000] {processor.py:186} INFO - Started process (PID=2483) to work on /opt/airflow/dags/etl_data_pipeline_mongodb.py
[2024-12-09T20:41:43.459+0000] {processor.py:914} INFO - Processing file /opt/airflow/dags/etl_data_pipeline_mongodb.py for tasks to queue
[2024-12-09T20:41:43.462+0000] {logging_mixin.py:190} INFO - [2024-12-09T20:41:43.461+0000] {dagbag.py:588} INFO - Filling up the DagBag from /opt/airflow/dags/etl_data_pipeline_mongodb.py
[2024-12-09T20:41:43.518+0000] {processor.py:925} INFO - DAG(s) 'etl_data_pipeline_mongodb' retrieved from /opt/airflow/dags/etl_data_pipeline_mongodb.py
[2024-12-09T20:41:43.536+0000] {logging_mixin.py:190} INFO - [2024-12-09T20:41:43.536+0000] {dag.py:3239} INFO - Sync 1 DAGs
[2024-12-09T20:41:43.555+0000] {logging_mixin.py:190} INFO - [2024-12-09T20:41:43.555+0000] {dag.py:4180} INFO - Setting next_dagrun for etl_data_pipeline_mongodb to 2024-12-09 00:00:00+00:00, run_after=2024-12-10 00:00:00+00:00
[2024-12-09T20:41:43.570+0000] {processor.py:208} INFO - Processing /opt/airflow/dags/etl_data_pipeline_mongodb.py took 0.118 seconds
[2024-12-09T20:42:13.926+0000] {processor.py:186} INFO - Started process (PID=2551) to work on /opt/airflow/dags/etl_data_pipeline_mongodb.py
[2024-12-09T20:42:13.927+0000] {processor.py:914} INFO - Processing file /opt/airflow/dags/etl_data_pipeline_mongodb.py for tasks to queue
[2024-12-09T20:42:13.929+0000] {logging_mixin.py:190} INFO - [2024-12-09T20:42:13.929+0000] {dagbag.py:588} INFO - Filling up the DagBag from /opt/airflow/dags/etl_data_pipeline_mongodb.py
[2024-12-09T20:42:13.980+0000] {processor.py:925} INFO - DAG(s) 'etl_data_pipeline_mongodb' retrieved from /opt/airflow/dags/etl_data_pipeline_mongodb.py
[2024-12-09T20:42:13.995+0000] {logging_mixin.py:190} INFO - [2024-12-09T20:42:13.995+0000] {dag.py:3239} INFO - Sync 1 DAGs
[2024-12-09T20:42:14.013+0000] {logging_mixin.py:190} INFO - [2024-12-09T20:42:14.013+0000] {dag.py:4180} INFO - Setting next_dagrun for etl_data_pipeline_mongodb to 2024-12-09 00:00:00+00:00, run_after=2024-12-10 00:00:00+00:00
[2024-12-09T20:42:14.028+0000] {processor.py:208} INFO - Processing /opt/airflow/dags/etl_data_pipeline_mongodb.py took 0.106 seconds
[2024-12-09T20:42:44.685+0000] {processor.py:186} INFO - Started process (PID=2619) to work on /opt/airflow/dags/etl_data_pipeline_mongodb.py
[2024-12-09T20:42:44.685+0000] {processor.py:914} INFO - Processing file /opt/airflow/dags/etl_data_pipeline_mongodb.py for tasks to queue
[2024-12-09T20:42:44.688+0000] {logging_mixin.py:190} INFO - [2024-12-09T20:42:44.687+0000] {dagbag.py:588} INFO - Filling up the DagBag from /opt/airflow/dags/etl_data_pipeline_mongodb.py
[2024-12-09T20:42:44.739+0000] {processor.py:925} INFO - DAG(s) 'etl_data_pipeline_mongodb' retrieved from /opt/airflow/dags/etl_data_pipeline_mongodb.py
[2024-12-09T20:42:44.755+0000] {logging_mixin.py:190} INFO - [2024-12-09T20:42:44.755+0000] {dag.py:3239} INFO - Sync 1 DAGs
[2024-12-09T20:42:44.772+0000] {logging_mixin.py:190} INFO - [2024-12-09T20:42:44.771+0000] {dag.py:4180} INFO - Setting next_dagrun for etl_data_pipeline_mongodb to 2024-12-09 00:00:00+00:00, run_after=2024-12-10 00:00:00+00:00
[2024-12-09T20:42:44.787+0000] {processor.py:208} INFO - Processing /opt/airflow/dags/etl_data_pipeline_mongodb.py took 0.107 seconds
[2024-12-09T20:43:14.955+0000] {processor.py:186} INFO - Started process (PID=2687) to work on /opt/airflow/dags/etl_data_pipeline_mongodb.py
[2024-12-09T20:43:14.957+0000] {processor.py:914} INFO - Processing file /opt/airflow/dags/etl_data_pipeline_mongodb.py for tasks to queue
[2024-12-09T20:43:14.960+0000] {logging_mixin.py:190} INFO - [2024-12-09T20:43:14.959+0000] {dagbag.py:588} INFO - Filling up the DagBag from /opt/airflow/dags/etl_data_pipeline_mongodb.py
[2024-12-09T20:43:15.018+0000] {processor.py:925} INFO - DAG(s) 'etl_data_pipeline_mongodb' retrieved from /opt/airflow/dags/etl_data_pipeline_mongodb.py
[2024-12-09T20:43:15.035+0000] {logging_mixin.py:190} INFO - [2024-12-09T20:43:15.035+0000] {dag.py:3239} INFO - Sync 1 DAGs
[2024-12-09T20:43:15.057+0000] {logging_mixin.py:190} INFO - [2024-12-09T20:43:15.057+0000] {dag.py:4180} INFO - Setting next_dagrun for etl_data_pipeline_mongodb to 2024-12-09 00:00:00+00:00, run_after=2024-12-10 00:00:00+00:00
[2024-12-09T20:43:15.074+0000] {processor.py:208} INFO - Processing /opt/airflow/dags/etl_data_pipeline_mongodb.py took 0.125 seconds
[2024-12-09T20:43:45.455+0000] {processor.py:186} INFO - Started process (PID=2755) to work on /opt/airflow/dags/etl_data_pipeline_mongodb.py
[2024-12-09T20:43:45.456+0000] {processor.py:914} INFO - Processing file /opt/airflow/dags/etl_data_pipeline_mongodb.py for tasks to queue
[2024-12-09T20:43:45.458+0000] {logging_mixin.py:190} INFO - [2024-12-09T20:43:45.458+0000] {dagbag.py:588} INFO - Filling up the DagBag from /opt/airflow/dags/etl_data_pipeline_mongodb.py
[2024-12-09T20:43:45.510+0000] {processor.py:925} INFO - DAG(s) 'etl_data_pipeline_mongodb' retrieved from /opt/airflow/dags/etl_data_pipeline_mongodb.py
[2024-12-09T20:43:45.525+0000] {logging_mixin.py:190} INFO - [2024-12-09T20:43:45.524+0000] {dag.py:3239} INFO - Sync 1 DAGs
[2024-12-09T20:43:45.542+0000] {logging_mixin.py:190} INFO - [2024-12-09T20:43:45.541+0000] {dag.py:4180} INFO - Setting next_dagrun for etl_data_pipeline_mongodb to 2024-12-09 00:00:00+00:00, run_after=2024-12-10 00:00:00+00:00
[2024-12-09T20:43:45.556+0000] {processor.py:208} INFO - Processing /opt/airflow/dags/etl_data_pipeline_mongodb.py took 0.106 seconds
[2024-12-09T20:44:15.653+0000] {processor.py:186} INFO - Started process (PID=2823) to work on /opt/airflow/dags/etl_data_pipeline_mongodb.py
[2024-12-09T20:44:15.654+0000] {processor.py:914} INFO - Processing file /opt/airflow/dags/etl_data_pipeline_mongodb.py for tasks to queue
[2024-12-09T20:44:15.656+0000] {logging_mixin.py:190} INFO - [2024-12-09T20:44:15.656+0000] {dagbag.py:588} INFO - Filling up the DagBag from /opt/airflow/dags/etl_data_pipeline_mongodb.py
[2024-12-09T20:44:15.703+0000] {processor.py:925} INFO - DAG(s) 'etl_data_pipeline_mongodb' retrieved from /opt/airflow/dags/etl_data_pipeline_mongodb.py
[2024-12-09T20:44:15.719+0000] {logging_mixin.py:190} INFO - [2024-12-09T20:44:15.719+0000] {dag.py:3239} INFO - Sync 1 DAGs
[2024-12-09T20:44:15.735+0000] {logging_mixin.py:190} INFO - [2024-12-09T20:44:15.735+0000] {dag.py:4180} INFO - Setting next_dagrun for etl_data_pipeline_mongodb to 2024-12-09 00:00:00+00:00, run_after=2024-12-10 00:00:00+00:00
[2024-12-09T20:44:15.751+0000] {processor.py:208} INFO - Processing /opt/airflow/dags/etl_data_pipeline_mongodb.py took 0.103 seconds
[2024-12-09T20:44:46.219+0000] {processor.py:186} INFO - Started process (PID=2891) to work on /opt/airflow/dags/etl_data_pipeline_mongodb.py
[2024-12-09T20:44:46.219+0000] {processor.py:914} INFO - Processing file /opt/airflow/dags/etl_data_pipeline_mongodb.py for tasks to queue
[2024-12-09T20:44:46.221+0000] {logging_mixin.py:190} INFO - [2024-12-09T20:44:46.221+0000] {dagbag.py:588} INFO - Filling up the DagBag from /opt/airflow/dags/etl_data_pipeline_mongodb.py
[2024-12-09T20:44:46.269+0000] {processor.py:925} INFO - DAG(s) 'etl_data_pipeline_mongodb' retrieved from /opt/airflow/dags/etl_data_pipeline_mongodb.py
[2024-12-09T20:44:46.428+0000] {logging_mixin.py:190} INFO - [2024-12-09T20:44:46.428+0000] {dag.py:3239} INFO - Sync 1 DAGs
[2024-12-09T20:44:46.447+0000] {logging_mixin.py:190} INFO - [2024-12-09T20:44:46.447+0000] {dag.py:4180} INFO - Setting next_dagrun for etl_data_pipeline_mongodb to 2024-12-09 00:00:00+00:00, run_after=2024-12-10 00:00:00+00:00
[2024-12-09T20:44:46.467+0000] {processor.py:208} INFO - Processing /opt/airflow/dags/etl_data_pipeline_mongodb.py took 0.253 seconds
[2024-12-09T20:45:17.161+0000] {processor.py:186} INFO - Started process (PID=2959) to work on /opt/airflow/dags/etl_data_pipeline_mongodb.py
[2024-12-09T20:45:17.162+0000] {processor.py:914} INFO - Processing file /opt/airflow/dags/etl_data_pipeline_mongodb.py for tasks to queue
[2024-12-09T20:45:17.164+0000] {logging_mixin.py:190} INFO - [2024-12-09T20:45:17.164+0000] {dagbag.py:588} INFO - Filling up the DagBag from /opt/airflow/dags/etl_data_pipeline_mongodb.py
[2024-12-09T20:45:17.214+0000] {processor.py:925} INFO - DAG(s) 'etl_data_pipeline_mongodb' retrieved from /opt/airflow/dags/etl_data_pipeline_mongodb.py
[2024-12-09T20:45:17.230+0000] {logging_mixin.py:190} INFO - [2024-12-09T20:45:17.230+0000] {dag.py:3239} INFO - Sync 1 DAGs
[2024-12-09T20:45:17.371+0000] {logging_mixin.py:190} INFO - [2024-12-09T20:45:17.371+0000] {dag.py:4180} INFO - Setting next_dagrun for etl_data_pipeline_mongodb to 2024-12-09 00:00:00+00:00, run_after=2024-12-10 00:00:00+00:00
[2024-12-09T20:45:17.384+0000] {processor.py:208} INFO - Processing /opt/airflow/dags/etl_data_pipeline_mongodb.py took 0.228 seconds
[2024-12-09T20:45:47.773+0000] {processor.py:186} INFO - Started process (PID=3028) to work on /opt/airflow/dags/etl_data_pipeline_mongodb.py
[2024-12-09T20:45:47.775+0000] {processor.py:914} INFO - Processing file /opt/airflow/dags/etl_data_pipeline_mongodb.py for tasks to queue
[2024-12-09T20:45:47.777+0000] {logging_mixin.py:190} INFO - [2024-12-09T20:45:47.777+0000] {dagbag.py:588} INFO - Filling up the DagBag from /opt/airflow/dags/etl_data_pipeline_mongodb.py
[2024-12-09T20:45:47.828+0000] {processor.py:925} INFO - DAG(s) 'etl_data_pipeline_mongodb' retrieved from /opt/airflow/dags/etl_data_pipeline_mongodb.py
[2024-12-09T20:45:47.844+0000] {logging_mixin.py:190} INFO - [2024-12-09T20:45:47.844+0000] {dag.py:3239} INFO - Sync 1 DAGs
[2024-12-09T20:45:48.039+0000] {logging_mixin.py:190} INFO - [2024-12-09T20:45:48.039+0000] {dag.py:4180} INFO - Setting next_dagrun for etl_data_pipeline_mongodb to 2024-12-09 00:00:00+00:00, run_after=2024-12-10 00:00:00+00:00
[2024-12-09T20:45:48.055+0000] {processor.py:208} INFO - Processing /opt/airflow/dags/etl_data_pipeline_mongodb.py took 0.288 seconds
[2024-12-09T20:46:18.733+0000] {processor.py:186} INFO - Started process (PID=3104) to work on /opt/airflow/dags/etl_data_pipeline_mongodb.py
[2024-12-09T20:46:18.735+0000] {processor.py:914} INFO - Processing file /opt/airflow/dags/etl_data_pipeline_mongodb.py for tasks to queue
[2024-12-09T20:46:18.738+0000] {logging_mixin.py:190} INFO - [2024-12-09T20:46:18.737+0000] {dagbag.py:588} INFO - Filling up the DagBag from /opt/airflow/dags/etl_data_pipeline_mongodb.py
[2024-12-09T20:46:18.799+0000] {processor.py:925} INFO - DAG(s) 'etl_data_pipeline_mongodb' retrieved from /opt/airflow/dags/etl_data_pipeline_mongodb.py
[2024-12-09T20:46:18.817+0000] {logging_mixin.py:190} INFO - [2024-12-09T20:46:18.817+0000] {dag.py:3239} INFO - Sync 1 DAGs
[2024-12-09T20:46:18.840+0000] {logging_mixin.py:190} INFO - [2024-12-09T20:46:18.839+0000] {dag.py:4180} INFO - Setting next_dagrun for etl_data_pipeline_mongodb to 2024-12-09 00:00:00+00:00, run_after=2024-12-10 00:00:00+00:00
[2024-12-09T20:46:19.035+0000] {processor.py:208} INFO - Processing /opt/airflow/dags/etl_data_pipeline_mongodb.py took 0.308 seconds
[2024-12-09T20:46:49.459+0000] {processor.py:186} INFO - Started process (PID=3182) to work on /opt/airflow/dags/etl_data_pipeline_mongodb.py
[2024-12-09T20:46:49.460+0000] {processor.py:914} INFO - Processing file /opt/airflow/dags/etl_data_pipeline_mongodb.py for tasks to queue
[2024-12-09T20:46:49.462+0000] {logging_mixin.py:190} INFO - [2024-12-09T20:46:49.462+0000] {dagbag.py:588} INFO - Filling up the DagBag from /opt/airflow/dags/etl_data_pipeline_mongodb.py
[2024-12-09T20:46:49.669+0000] {processor.py:925} INFO - DAG(s) 'etl_data_pipeline_mongodb' retrieved from /opt/airflow/dags/etl_data_pipeline_mongodb.py
[2024-12-09T20:46:49.683+0000] {logging_mixin.py:190} INFO - [2024-12-09T20:46:49.682+0000] {dag.py:3239} INFO - Sync 1 DAGs
[2024-12-09T20:46:49.699+0000] {logging_mixin.py:190} INFO - [2024-12-09T20:46:49.699+0000] {dag.py:4180} INFO - Setting next_dagrun for etl_data_pipeline_mongodb to 2024-12-09 00:00:00+00:00, run_after=2024-12-10 00:00:00+00:00
[2024-12-09T20:46:49.713+0000] {processor.py:208} INFO - Processing /opt/airflow/dags/etl_data_pipeline_mongodb.py took 0.260 seconds
[2024-12-09T20:47:20.124+0000] {processor.py:186} INFO - Started process (PID=3250) to work on /opt/airflow/dags/etl_data_pipeline_mongodb.py
[2024-12-09T20:47:20.125+0000] {processor.py:914} INFO - Processing file /opt/airflow/dags/etl_data_pipeline_mongodb.py for tasks to queue
[2024-12-09T20:47:20.128+0000] {logging_mixin.py:190} INFO - [2024-12-09T20:47:20.127+0000] {dagbag.py:588} INFO - Filling up the DagBag from /opt/airflow/dags/etl_data_pipeline_mongodb.py
[2024-12-09T20:47:20.351+0000] {processor.py:925} INFO - DAG(s) 'etl_data_pipeline_mongodb' retrieved from /opt/airflow/dags/etl_data_pipeline_mongodb.py
[2024-12-09T20:47:20.365+0000] {logging_mixin.py:190} INFO - [2024-12-09T20:47:20.365+0000] {dag.py:3239} INFO - Sync 1 DAGs
[2024-12-09T20:47:20.381+0000] {logging_mixin.py:190} INFO - [2024-12-09T20:47:20.381+0000] {dag.py:4180} INFO - Setting next_dagrun for etl_data_pipeline_mongodb to 2024-12-09 00:00:00+00:00, run_after=2024-12-10 00:00:00+00:00
[2024-12-09T20:47:20.397+0000] {processor.py:208} INFO - Processing /opt/airflow/dags/etl_data_pipeline_mongodb.py took 0.280 seconds
[2024-12-09T20:47:50.588+0000] {processor.py:186} INFO - Started process (PID=3318) to work on /opt/airflow/dags/etl_data_pipeline_mongodb.py
[2024-12-09T20:47:50.589+0000] {processor.py:914} INFO - Processing file /opt/airflow/dags/etl_data_pipeline_mongodb.py for tasks to queue
[2024-12-09T20:47:50.592+0000] {logging_mixin.py:190} INFO - [2024-12-09T20:47:50.591+0000] {dagbag.py:588} INFO - Filling up the DagBag from /opt/airflow/dags/etl_data_pipeline_mongodb.py
[2024-12-09T20:47:50.796+0000] {processor.py:925} INFO - DAG(s) 'etl_data_pipeline_mongodb' retrieved from /opt/airflow/dags/etl_data_pipeline_mongodb.py
[2024-12-09T20:47:50.810+0000] {logging_mixin.py:190} INFO - [2024-12-09T20:47:50.809+0000] {dag.py:3239} INFO - Sync 1 DAGs
[2024-12-09T20:47:50.826+0000] {logging_mixin.py:190} INFO - [2024-12-09T20:47:50.825+0000] {dag.py:4180} INFO - Setting next_dagrun for etl_data_pipeline_mongodb to 2024-12-09 00:00:00+00:00, run_after=2024-12-10 00:00:00+00:00
[2024-12-09T20:47:50.840+0000] {processor.py:208} INFO - Processing /opt/airflow/dags/etl_data_pipeline_mongodb.py took 0.257 seconds
[2024-12-09T20:48:21.192+0000] {processor.py:186} INFO - Started process (PID=3386) to work on /opt/airflow/dags/etl_data_pipeline_mongodb.py
[2024-12-09T20:48:21.193+0000] {processor.py:914} INFO - Processing file /opt/airflow/dags/etl_data_pipeline_mongodb.py for tasks to queue
[2024-12-09T20:48:21.196+0000] {logging_mixin.py:190} INFO - [2024-12-09T20:48:21.196+0000] {dagbag.py:588} INFO - Filling up the DagBag from /opt/airflow/dags/etl_data_pipeline_mongodb.py
[2024-12-09T20:48:21.396+0000] {processor.py:925} INFO - DAG(s) 'etl_data_pipeline_mongodb' retrieved from /opt/airflow/dags/etl_data_pipeline_mongodb.py
[2024-12-09T20:48:21.410+0000] {logging_mixin.py:190} INFO - [2024-12-09T20:48:21.410+0000] {dag.py:3239} INFO - Sync 1 DAGs
[2024-12-09T20:48:21.426+0000] {logging_mixin.py:190} INFO - [2024-12-09T20:48:21.426+0000] {dag.py:4180} INFO - Setting next_dagrun for etl_data_pipeline_mongodb to 2024-12-09 00:00:00+00:00, run_after=2024-12-10 00:00:00+00:00
[2024-12-09T20:48:21.440+0000] {processor.py:208} INFO - Processing /opt/airflow/dags/etl_data_pipeline_mongodb.py took 0.253 seconds
[2024-12-09T20:48:51.654+0000] {processor.py:186} INFO - Started process (PID=3454) to work on /opt/airflow/dags/etl_data_pipeline_mongodb.py
[2024-12-09T20:48:51.655+0000] {processor.py:914} INFO - Processing file /opt/airflow/dags/etl_data_pipeline_mongodb.py for tasks to queue
[2024-12-09T20:48:51.658+0000] {logging_mixin.py:190} INFO - [2024-12-09T20:48:51.657+0000] {dagbag.py:588} INFO - Filling up the DagBag from /opt/airflow/dags/etl_data_pipeline_mongodb.py
[2024-12-09T20:48:51.867+0000] {processor.py:925} INFO - DAG(s) 'etl_data_pipeline_mongodb' retrieved from /opt/airflow/dags/etl_data_pipeline_mongodb.py
[2024-12-09T20:48:51.881+0000] {logging_mixin.py:190} INFO - [2024-12-09T20:48:51.881+0000] {dag.py:3239} INFO - Sync 1 DAGs
[2024-12-09T20:48:51.896+0000] {logging_mixin.py:190} INFO - [2024-12-09T20:48:51.896+0000] {dag.py:4180} INFO - Setting next_dagrun for etl_data_pipeline_mongodb to 2024-12-09 00:00:00+00:00, run_after=2024-12-10 00:00:00+00:00
[2024-12-09T20:48:51.911+0000] {processor.py:208} INFO - Processing /opt/airflow/dags/etl_data_pipeline_mongodb.py took 0.262 seconds
[2024-12-09T20:49:22.082+0000] {processor.py:186} INFO - Started process (PID=3522) to work on /opt/airflow/dags/etl_data_pipeline_mongodb.py
[2024-12-09T20:49:22.083+0000] {processor.py:914} INFO - Processing file /opt/airflow/dags/etl_data_pipeline_mongodb.py for tasks to queue
[2024-12-09T20:49:22.085+0000] {logging_mixin.py:190} INFO - [2024-12-09T20:49:22.085+0000] {dagbag.py:588} INFO - Filling up the DagBag from /opt/airflow/dags/etl_data_pipeline_mongodb.py
[2024-12-09T20:49:22.276+0000] {processor.py:925} INFO - DAG(s) 'etl_data_pipeline_mongodb' retrieved from /opt/airflow/dags/etl_data_pipeline_mongodb.py
[2024-12-09T20:49:22.289+0000] {logging_mixin.py:190} INFO - [2024-12-09T20:49:22.289+0000] {dag.py:3239} INFO - Sync 1 DAGs
[2024-12-09T20:49:22.303+0000] {logging_mixin.py:190} INFO - [2024-12-09T20:49:22.303+0000] {dag.py:4180} INFO - Setting next_dagrun for etl_data_pipeline_mongodb to 2024-12-09 00:00:00+00:00, run_after=2024-12-10 00:00:00+00:00
[2024-12-09T20:49:22.317+0000] {processor.py:208} INFO - Processing /opt/airflow/dags/etl_data_pipeline_mongodb.py took 0.239 seconds
[2024-12-09T20:49:52.596+0000] {processor.py:186} INFO - Started process (PID=3591) to work on /opt/airflow/dags/etl_data_pipeline_mongodb.py
[2024-12-09T20:49:52.597+0000] {processor.py:914} INFO - Processing file /opt/airflow/dags/etl_data_pipeline_mongodb.py for tasks to queue
[2024-12-09T20:49:52.599+0000] {logging_mixin.py:190} INFO - [2024-12-09T20:49:52.599+0000] {dagbag.py:588} INFO - Filling up the DagBag from /opt/airflow/dags/etl_data_pipeline_mongodb.py
[2024-12-09T20:49:52.816+0000] {processor.py:925} INFO - DAG(s) 'etl_data_pipeline_mongodb' retrieved from /opt/airflow/dags/etl_data_pipeline_mongodb.py
[2024-12-09T20:49:52.832+0000] {logging_mixin.py:190} INFO - [2024-12-09T20:49:52.832+0000] {dag.py:3239} INFO - Sync 1 DAGs
[2024-12-09T20:49:52.849+0000] {logging_mixin.py:190} INFO - [2024-12-09T20:49:52.849+0000] {dag.py:4180} INFO - Setting next_dagrun for etl_data_pipeline_mongodb to 2024-12-09 00:00:00+00:00, run_after=2024-12-10 00:00:00+00:00
[2024-12-09T20:49:52.864+0000] {processor.py:208} INFO - Processing /opt/airflow/dags/etl_data_pipeline_mongodb.py took 0.273 seconds
[2024-12-09T20:50:23.233+0000] {processor.py:186} INFO - Started process (PID=3663) to work on /opt/airflow/dags/etl_data_pipeline_mongodb.py
[2024-12-09T20:50:23.234+0000] {processor.py:914} INFO - Processing file /opt/airflow/dags/etl_data_pipeline_mongodb.py for tasks to queue
[2024-12-09T20:50:23.237+0000] {logging_mixin.py:190} INFO - [2024-12-09T20:50:23.236+0000] {dagbag.py:588} INFO - Filling up the DagBag from /opt/airflow/dags/etl_data_pipeline_mongodb.py
[2024-12-09T20:50:23.292+0000] {processor.py:925} INFO - DAG(s) 'etl_data_pipeline_mongodb' retrieved from /opt/airflow/dags/etl_data_pipeline_mongodb.py
[2024-12-09T20:50:23.309+0000] {logging_mixin.py:190} INFO - [2024-12-09T20:50:23.309+0000] {dag.py:3239} INFO - Sync 1 DAGs
[2024-12-09T20:50:23.330+0000] {logging_mixin.py:190} INFO - [2024-12-09T20:50:23.330+0000] {dag.py:4180} INFO - Setting next_dagrun for etl_data_pipeline_mongodb to 2024-12-09 00:00:00+00:00, run_after=2024-12-10 00:00:00+00:00
[2024-12-09T20:50:23.349+0000] {processor.py:208} INFO - Processing /opt/airflow/dags/etl_data_pipeline_mongodb.py took 0.121 seconds
[2024-12-09T20:50:53.486+0000] {processor.py:186} INFO - Started process (PID=3731) to work on /opt/airflow/dags/etl_data_pipeline_mongodb.py
[2024-12-09T20:50:53.487+0000] {processor.py:914} INFO - Processing file /opt/airflow/dags/etl_data_pipeline_mongodb.py for tasks to queue
[2024-12-09T20:50:53.489+0000] {logging_mixin.py:190} INFO - [2024-12-09T20:50:53.489+0000] {dagbag.py:588} INFO - Filling up the DagBag from /opt/airflow/dags/etl_data_pipeline_mongodb.py
[2024-12-09T20:50:53.539+0000] {processor.py:925} INFO - DAG(s) 'etl_data_pipeline_mongodb' retrieved from /opt/airflow/dags/etl_data_pipeline_mongodb.py
[2024-12-09T20:50:53.555+0000] {logging_mixin.py:190} INFO - [2024-12-09T20:50:53.555+0000] {dag.py:3239} INFO - Sync 1 DAGs
[2024-12-09T20:50:53.571+0000] {logging_mixin.py:190} INFO - [2024-12-09T20:50:53.571+0000] {dag.py:4180} INFO - Setting next_dagrun for etl_data_pipeline_mongodb to 2024-12-09 00:00:00+00:00, run_after=2024-12-10 00:00:00+00:00
[2024-12-09T20:50:53.586+0000] {processor.py:208} INFO - Processing /opt/airflow/dags/etl_data_pipeline_mongodb.py took 0.105 seconds
[2024-12-09T20:51:24.348+0000] {processor.py:186} INFO - Started process (PID=3799) to work on /opt/airflow/dags/etl_data_pipeline_mongodb.py
[2024-12-09T20:51:24.349+0000] {processor.py:914} INFO - Processing file /opt/airflow/dags/etl_data_pipeline_mongodb.py for tasks to queue
[2024-12-09T20:51:24.351+0000] {logging_mixin.py:190} INFO - [2024-12-09T20:51:24.351+0000] {dagbag.py:588} INFO - Filling up the DagBag from /opt/airflow/dags/etl_data_pipeline_mongodb.py
[2024-12-09T20:51:24.404+0000] {processor.py:925} INFO - DAG(s) 'etl_data_pipeline_mongodb' retrieved from /opt/airflow/dags/etl_data_pipeline_mongodb.py
[2024-12-09T20:51:24.420+0000] {logging_mixin.py:190} INFO - [2024-12-09T20:51:24.420+0000] {dag.py:3239} INFO - Sync 1 DAGs
[2024-12-09T20:51:24.437+0000] {logging_mixin.py:190} INFO - [2024-12-09T20:51:24.437+0000] {dag.py:4180} INFO - Setting next_dagrun for etl_data_pipeline_mongodb to 2024-12-09 00:00:00+00:00, run_after=2024-12-10 00:00:00+00:00
[2024-12-09T20:51:24.452+0000] {processor.py:208} INFO - Processing /opt/airflow/dags/etl_data_pipeline_mongodb.py took 0.108 seconds
[2024-12-09T20:51:55.215+0000] {processor.py:186} INFO - Started process (PID=3867) to work on /opt/airflow/dags/etl_data_pipeline_mongodb.py
[2024-12-09T20:51:55.216+0000] {processor.py:914} INFO - Processing file /opt/airflow/dags/etl_data_pipeline_mongodb.py for tasks to queue
[2024-12-09T20:51:55.218+0000] {logging_mixin.py:190} INFO - [2024-12-09T20:51:55.217+0000] {dagbag.py:588} INFO - Filling up the DagBag from /opt/airflow/dags/etl_data_pipeline_mongodb.py
[2024-12-09T20:51:55.266+0000] {processor.py:925} INFO - DAG(s) 'etl_data_pipeline_mongodb' retrieved from /opt/airflow/dags/etl_data_pipeline_mongodb.py
[2024-12-09T20:51:55.282+0000] {logging_mixin.py:190} INFO - [2024-12-09T20:51:55.282+0000] {dag.py:3239} INFO - Sync 1 DAGs
[2024-12-09T20:51:55.300+0000] {logging_mixin.py:190} INFO - [2024-12-09T20:51:55.299+0000] {dag.py:4180} INFO - Setting next_dagrun for etl_data_pipeline_mongodb to 2024-12-09 00:00:00+00:00, run_after=2024-12-10 00:00:00+00:00
[2024-12-09T20:51:55.315+0000] {processor.py:208} INFO - Processing /opt/airflow/dags/etl_data_pipeline_mongodb.py took 0.105 seconds
[2024-12-09T20:52:26.181+0000] {processor.py:186} INFO - Started process (PID=3935) to work on /opt/airflow/dags/etl_data_pipeline_mongodb.py
[2024-12-09T20:52:26.182+0000] {processor.py:914} INFO - Processing file /opt/airflow/dags/etl_data_pipeline_mongodb.py for tasks to queue
[2024-12-09T20:52:26.184+0000] {logging_mixin.py:190} INFO - [2024-12-09T20:52:26.184+0000] {dagbag.py:588} INFO - Filling up the DagBag from /opt/airflow/dags/etl_data_pipeline_mongodb.py
[2024-12-09T20:52:26.238+0000] {processor.py:925} INFO - DAG(s) 'etl_data_pipeline_mongodb' retrieved from /opt/airflow/dags/etl_data_pipeline_mongodb.py
[2024-12-09T20:52:26.253+0000] {logging_mixin.py:190} INFO - [2024-12-09T20:52:26.252+0000] {dag.py:3239} INFO - Sync 1 DAGs
[2024-12-09T20:52:26.270+0000] {logging_mixin.py:190} INFO - [2024-12-09T20:52:26.270+0000] {dag.py:4180} INFO - Setting next_dagrun for etl_data_pipeline_mongodb to 2024-12-09 00:00:00+00:00, run_after=2024-12-10 00:00:00+00:00
[2024-12-09T20:52:26.284+0000] {processor.py:208} INFO - Processing /opt/airflow/dags/etl_data_pipeline_mongodb.py took 0.109 seconds
[2024-12-09T20:52:56.519+0000] {processor.py:186} INFO - Started process (PID=4003) to work on /opt/airflow/dags/etl_data_pipeline_mongodb.py
[2024-12-09T20:52:56.520+0000] {processor.py:914} INFO - Processing file /opt/airflow/dags/etl_data_pipeline_mongodb.py for tasks to queue
[2024-12-09T20:52:56.522+0000] {logging_mixin.py:190} INFO - [2024-12-09T20:52:56.521+0000] {dagbag.py:588} INFO - Filling up the DagBag from /opt/airflow/dags/etl_data_pipeline_mongodb.py
[2024-12-09T20:52:56.571+0000] {processor.py:925} INFO - DAG(s) 'etl_data_pipeline_mongodb' retrieved from /opt/airflow/dags/etl_data_pipeline_mongodb.py
[2024-12-09T20:52:56.587+0000] {logging_mixin.py:190} INFO - [2024-12-09T20:52:56.587+0000] {dag.py:3239} INFO - Sync 1 DAGs
[2024-12-09T20:52:56.605+0000] {logging_mixin.py:190} INFO - [2024-12-09T20:52:56.605+0000] {dag.py:4180} INFO - Setting next_dagrun for etl_data_pipeline_mongodb to 2024-12-09 00:00:00+00:00, run_after=2024-12-10 00:00:00+00:00
[2024-12-09T20:52:56.620+0000] {processor.py:208} INFO - Processing /opt/airflow/dags/etl_data_pipeline_mongodb.py took 0.106 seconds
[2024-12-09T20:53:26.664+0000] {processor.py:186} INFO - Started process (PID=4071) to work on /opt/airflow/dags/etl_data_pipeline_mongodb.py
[2024-12-09T20:53:26.665+0000] {processor.py:914} INFO - Processing file /opt/airflow/dags/etl_data_pipeline_mongodb.py for tasks to queue
[2024-12-09T20:53:26.668+0000] {logging_mixin.py:190} INFO - [2024-12-09T20:53:26.667+0000] {dagbag.py:588} INFO - Filling up the DagBag from /opt/airflow/dags/etl_data_pipeline_mongodb.py
[2024-12-09T20:53:26.726+0000] {processor.py:925} INFO - DAG(s) 'etl_data_pipeline_mongodb' retrieved from /opt/airflow/dags/etl_data_pipeline_mongodb.py
[2024-12-09T20:53:26.755+0000] {logging_mixin.py:190} INFO - [2024-12-09T20:53:26.754+0000] {dag.py:3239} INFO - Sync 1 DAGs
[2024-12-09T20:53:26.779+0000] {logging_mixin.py:190} INFO - [2024-12-09T20:53:26.779+0000] {dag.py:4180} INFO - Setting next_dagrun for etl_data_pipeline_mongodb to 2024-12-09 00:00:00+00:00, run_after=2024-12-10 00:00:00+00:00
[2024-12-09T20:53:26.800+0000] {processor.py:208} INFO - Processing /opt/airflow/dags/etl_data_pipeline_mongodb.py took 0.140 seconds
[2024-12-09T20:53:57.344+0000] {processor.py:186} INFO - Started process (PID=4139) to work on /opt/airflow/dags/etl_data_pipeline_mongodb.py
[2024-12-09T20:53:57.345+0000] {processor.py:914} INFO - Processing file /opt/airflow/dags/etl_data_pipeline_mongodb.py for tasks to queue
[2024-12-09T20:53:57.347+0000] {logging_mixin.py:190} INFO - [2024-12-09T20:53:57.347+0000] {dagbag.py:588} INFO - Filling up the DagBag from /opt/airflow/dags/etl_data_pipeline_mongodb.py
[2024-12-09T20:53:57.399+0000] {processor.py:925} INFO - DAG(s) 'etl_data_pipeline_mongodb' retrieved from /opt/airflow/dags/etl_data_pipeline_mongodb.py
[2024-12-09T20:53:57.416+0000] {logging_mixin.py:190} INFO - [2024-12-09T20:53:57.416+0000] {dag.py:3239} INFO - Sync 1 DAGs
[2024-12-09T20:53:57.433+0000] {logging_mixin.py:190} INFO - [2024-12-09T20:53:57.433+0000] {dag.py:4180} INFO - Setting next_dagrun for etl_data_pipeline_mongodb to 2024-12-09 00:00:00+00:00, run_after=2024-12-10 00:00:00+00:00
[2024-12-09T20:53:57.449+0000] {processor.py:208} INFO - Processing /opt/airflow/dags/etl_data_pipeline_mongodb.py took 0.110 seconds
[2024-12-09T20:54:28.061+0000] {processor.py:186} INFO - Started process (PID=4207) to work on /opt/airflow/dags/etl_data_pipeline_mongodb.py
[2024-12-09T20:54:28.062+0000] {processor.py:914} INFO - Processing file /opt/airflow/dags/etl_data_pipeline_mongodb.py for tasks to queue
[2024-12-09T20:54:28.064+0000] {logging_mixin.py:190} INFO - [2024-12-09T20:54:28.064+0000] {dagbag.py:588} INFO - Filling up the DagBag from /opt/airflow/dags/etl_data_pipeline_mongodb.py
[2024-12-09T20:54:28.112+0000] {processor.py:925} INFO - DAG(s) 'etl_data_pipeline_mongodb' retrieved from /opt/airflow/dags/etl_data_pipeline_mongodb.py
[2024-12-09T20:54:28.128+0000] {logging_mixin.py:190} INFO - [2024-12-09T20:54:28.128+0000] {dag.py:3239} INFO - Sync 1 DAGs
[2024-12-09T20:54:28.144+0000] {logging_mixin.py:190} INFO - [2024-12-09T20:54:28.144+0000] {dag.py:4180} INFO - Setting next_dagrun for etl_data_pipeline_mongodb to 2024-12-09 00:00:00+00:00, run_after=2024-12-10 00:00:00+00:00
[2024-12-09T20:54:28.160+0000] {processor.py:208} INFO - Processing /opt/airflow/dags/etl_data_pipeline_mongodb.py took 0.104 seconds
[2024-12-09T20:54:59.103+0000] {processor.py:186} INFO - Started process (PID=4275) to work on /opt/airflow/dags/etl_data_pipeline_mongodb.py
[2024-12-09T20:54:59.104+0000] {processor.py:914} INFO - Processing file /opt/airflow/dags/etl_data_pipeline_mongodb.py for tasks to queue
[2024-12-09T20:54:59.107+0000] {logging_mixin.py:190} INFO - [2024-12-09T20:54:59.106+0000] {dagbag.py:588} INFO - Filling up the DagBag from /opt/airflow/dags/etl_data_pipeline_mongodb.py
[2024-12-09T20:54:59.168+0000] {processor.py:925} INFO - DAG(s) 'etl_data_pipeline_mongodb' retrieved from /opt/airflow/dags/etl_data_pipeline_mongodb.py
[2024-12-09T20:54:59.186+0000] {logging_mixin.py:190} INFO - [2024-12-09T20:54:59.186+0000] {dag.py:3239} INFO - Sync 1 DAGs
[2024-12-09T20:54:59.205+0000] {logging_mixin.py:190} INFO - [2024-12-09T20:54:59.205+0000] {dag.py:4180} INFO - Setting next_dagrun for etl_data_pipeline_mongodb to 2024-12-09 00:00:00+00:00, run_after=2024-12-10 00:00:00+00:00
[2024-12-09T20:54:59.223+0000] {processor.py:208} INFO - Processing /opt/airflow/dags/etl_data_pipeline_mongodb.py took 0.126 seconds
[2024-12-09T20:55:29.522+0000] {processor.py:186} INFO - Started process (PID=4343) to work on /opt/airflow/dags/etl_data_pipeline_mongodb.py
[2024-12-09T20:55:29.524+0000] {processor.py:914} INFO - Processing file /opt/airflow/dags/etl_data_pipeline_mongodb.py for tasks to queue
[2024-12-09T20:55:29.527+0000] {logging_mixin.py:190} INFO - [2024-12-09T20:55:29.527+0000] {dagbag.py:588} INFO - Filling up the DagBag from /opt/airflow/dags/etl_data_pipeline_mongodb.py
[2024-12-09T20:55:29.594+0000] {processor.py:925} INFO - DAG(s) 'etl_data_pipeline_mongodb' retrieved from /opt/airflow/dags/etl_data_pipeline_mongodb.py
[2024-12-09T20:55:29.610+0000] {logging_mixin.py:190} INFO - [2024-12-09T20:55:29.610+0000] {dag.py:3239} INFO - Sync 1 DAGs
[2024-12-09T20:55:29.627+0000] {logging_mixin.py:190} INFO - [2024-12-09T20:55:29.627+0000] {dag.py:4180} INFO - Setting next_dagrun for etl_data_pipeline_mongodb to 2024-12-09 00:00:00+00:00, run_after=2024-12-10 00:00:00+00:00
[2024-12-09T20:55:29.643+0000] {processor.py:208} INFO - Processing /opt/airflow/dags/etl_data_pipeline_mongodb.py took 0.128 seconds
[2024-12-09T20:56:00.504+0000] {processor.py:186} INFO - Started process (PID=4411) to work on /opt/airflow/dags/etl_data_pipeline_mongodb.py
[2024-12-09T20:56:00.505+0000] {processor.py:914} INFO - Processing file /opt/airflow/dags/etl_data_pipeline_mongodb.py for tasks to queue
[2024-12-09T20:56:00.508+0000] {logging_mixin.py:190} INFO - [2024-12-09T20:56:00.508+0000] {dagbag.py:588} INFO - Filling up the DagBag from /opt/airflow/dags/etl_data_pipeline_mongodb.py
[2024-12-09T20:56:00.570+0000] {processor.py:925} INFO - DAG(s) 'etl_data_pipeline_mongodb' retrieved from /opt/airflow/dags/etl_data_pipeline_mongodb.py
[2024-12-09T20:56:00.590+0000] {logging_mixin.py:190} INFO - [2024-12-09T20:56:00.589+0000] {dag.py:3239} INFO - Sync 1 DAGs
[2024-12-09T20:56:00.618+0000] {logging_mixin.py:190} INFO - [2024-12-09T20:56:00.618+0000] {dag.py:4180} INFO - Setting next_dagrun for etl_data_pipeline_mongodb to 2024-12-09 00:00:00+00:00, run_after=2024-12-10 00:00:00+00:00
[2024-12-09T20:56:00.642+0000] {processor.py:208} INFO - Processing /opt/airflow/dags/etl_data_pipeline_mongodb.py took 0.143 seconds
[2024-12-09T20:56:31.398+0000] {processor.py:186} INFO - Started process (PID=4479) to work on /opt/airflow/dags/etl_data_pipeline_mongodb.py
[2024-12-09T20:56:31.399+0000] {processor.py:914} INFO - Processing file /opt/airflow/dags/etl_data_pipeline_mongodb.py for tasks to queue
[2024-12-09T20:56:31.402+0000] {logging_mixin.py:190} INFO - [2024-12-09T20:56:31.401+0000] {dagbag.py:588} INFO - Filling up the DagBag from /opt/airflow/dags/etl_data_pipeline_mongodb.py
[2024-12-09T20:56:31.450+0000] {processor.py:925} INFO - DAG(s) 'etl_data_pipeline_mongodb' retrieved from /opt/airflow/dags/etl_data_pipeline_mongodb.py
[2024-12-09T20:56:31.465+0000] {logging_mixin.py:190} INFO - [2024-12-09T20:56:31.465+0000] {dag.py:3239} INFO - Sync 1 DAGs
[2024-12-09T20:56:31.481+0000] {logging_mixin.py:190} INFO - [2024-12-09T20:56:31.480+0000] {dag.py:4180} INFO - Setting next_dagrun for etl_data_pipeline_mongodb to 2024-12-09 00:00:00+00:00, run_after=2024-12-10 00:00:00+00:00
[2024-12-09T20:56:31.497+0000] {processor.py:208} INFO - Processing /opt/airflow/dags/etl_data_pipeline_mongodb.py took 0.104 seconds
[2024-12-09T20:57:02.220+0000] {processor.py:186} INFO - Started process (PID=4547) to work on /opt/airflow/dags/etl_data_pipeline_mongodb.py
[2024-12-09T20:57:02.221+0000] {processor.py:914} INFO - Processing file /opt/airflow/dags/etl_data_pipeline_mongodb.py for tasks to queue
[2024-12-09T20:57:02.223+0000] {logging_mixin.py:190} INFO - [2024-12-09T20:57:02.222+0000] {dagbag.py:588} INFO - Filling up the DagBag from /opt/airflow/dags/etl_data_pipeline_mongodb.py
[2024-12-09T20:57:02.270+0000] {processor.py:925} INFO - DAG(s) 'etl_data_pipeline_mongodb' retrieved from /opt/airflow/dags/etl_data_pipeline_mongodb.py
[2024-12-09T20:57:02.286+0000] {logging_mixin.py:190} INFO - [2024-12-09T20:57:02.286+0000] {dag.py:3239} INFO - Sync 1 DAGs
[2024-12-09T20:57:02.302+0000] {logging_mixin.py:190} INFO - [2024-12-09T20:57:02.301+0000] {dag.py:4180} INFO - Setting next_dagrun for etl_data_pipeline_mongodb to 2024-12-09 00:00:00+00:00, run_after=2024-12-10 00:00:00+00:00
[2024-12-09T20:57:02.316+0000] {processor.py:208} INFO - Processing /opt/airflow/dags/etl_data_pipeline_mongodb.py took 0.101 seconds
[2024-12-09T20:57:33.141+0000] {processor.py:186} INFO - Started process (PID=4615) to work on /opt/airflow/dags/etl_data_pipeline_mongodb.py
[2024-12-09T20:57:33.142+0000] {processor.py:914} INFO - Processing file /opt/airflow/dags/etl_data_pipeline_mongodb.py for tasks to queue
[2024-12-09T20:57:33.145+0000] {logging_mixin.py:190} INFO - [2024-12-09T20:57:33.145+0000] {dagbag.py:588} INFO - Filling up the DagBag from /opt/airflow/dags/etl_data_pipeline_mongodb.py
[2024-12-09T20:57:33.198+0000] {processor.py:925} INFO - DAG(s) 'etl_data_pipeline_mongodb' retrieved from /opt/airflow/dags/etl_data_pipeline_mongodb.py
[2024-12-09T20:57:33.215+0000] {logging_mixin.py:190} INFO - [2024-12-09T20:57:33.215+0000] {dag.py:3239} INFO - Sync 1 DAGs
[2024-12-09T20:57:33.232+0000] {logging_mixin.py:190} INFO - [2024-12-09T20:57:33.232+0000] {dag.py:4180} INFO - Setting next_dagrun for etl_data_pipeline_mongodb to 2024-12-09 00:00:00+00:00, run_after=2024-12-10 00:00:00+00:00
[2024-12-09T20:57:33.248+0000] {processor.py:208} INFO - Processing /opt/airflow/dags/etl_data_pipeline_mongodb.py took 0.112 seconds
[2024-12-09T20:58:04.134+0000] {processor.py:186} INFO - Started process (PID=4683) to work on /opt/airflow/dags/etl_data_pipeline_mongodb.py
[2024-12-09T20:58:04.135+0000] {processor.py:914} INFO - Processing file /opt/airflow/dags/etl_data_pipeline_mongodb.py for tasks to queue
[2024-12-09T20:58:04.136+0000] {logging_mixin.py:190} INFO - [2024-12-09T20:58:04.136+0000] {dagbag.py:588} INFO - Filling up the DagBag from /opt/airflow/dags/etl_data_pipeline_mongodb.py
[2024-12-09T20:58:04.187+0000] {processor.py:925} INFO - DAG(s) 'etl_data_pipeline_mongodb' retrieved from /opt/airflow/dags/etl_data_pipeline_mongodb.py
[2024-12-09T20:58:04.201+0000] {logging_mixin.py:190} INFO - [2024-12-09T20:58:04.201+0000] {dag.py:3239} INFO - Sync 1 DAGs
[2024-12-09T20:58:04.218+0000] {logging_mixin.py:190} INFO - [2024-12-09T20:58:04.218+0000] {dag.py:4180} INFO - Setting next_dagrun for etl_data_pipeline_mongodb to 2024-12-09 00:00:00+00:00, run_after=2024-12-10 00:00:00+00:00
[2024-12-09T20:58:04.234+0000] {processor.py:208} INFO - Processing /opt/airflow/dags/etl_data_pipeline_mongodb.py took 0.105 seconds
[2024-12-09T20:58:35.127+0000] {processor.py:186} INFO - Started process (PID=4751) to work on /opt/airflow/dags/etl_data_pipeline_mongodb.py
[2024-12-09T20:58:35.128+0000] {processor.py:914} INFO - Processing file /opt/airflow/dags/etl_data_pipeline_mongodb.py for tasks to queue
[2024-12-09T20:58:35.130+0000] {logging_mixin.py:190} INFO - [2024-12-09T20:58:35.130+0000] {dagbag.py:588} INFO - Filling up the DagBag from /opt/airflow/dags/etl_data_pipeline_mongodb.py
[2024-12-09T20:58:35.182+0000] {processor.py:925} INFO - DAG(s) 'etl_data_pipeline_mongodb' retrieved from /opt/airflow/dags/etl_data_pipeline_mongodb.py
[2024-12-09T20:58:35.198+0000] {logging_mixin.py:190} INFO - [2024-12-09T20:58:35.197+0000] {dag.py:3239} INFO - Sync 1 DAGs
[2024-12-09T20:58:35.216+0000] {logging_mixin.py:190} INFO - [2024-12-09T20:58:35.216+0000] {dag.py:4180} INFO - Setting next_dagrun for etl_data_pipeline_mongodb to 2024-12-09 00:00:00+00:00, run_after=2024-12-10 00:00:00+00:00
[2024-12-09T20:58:35.230+0000] {processor.py:208} INFO - Processing /opt/airflow/dags/etl_data_pipeline_mongodb.py took 0.109 seconds
[2024-12-09T20:59:06.184+0000] {processor.py:186} INFO - Started process (PID=4819) to work on /opt/airflow/dags/etl_data_pipeline_mongodb.py
[2024-12-09T20:59:06.185+0000] {processor.py:914} INFO - Processing file /opt/airflow/dags/etl_data_pipeline_mongodb.py for tasks to queue
[2024-12-09T20:59:06.188+0000] {logging_mixin.py:190} INFO - [2024-12-09T20:59:06.187+0000] {dagbag.py:588} INFO - Filling up the DagBag from /opt/airflow/dags/etl_data_pipeline_mongodb.py
[2024-12-09T20:59:06.240+0000] {processor.py:925} INFO - DAG(s) 'etl_data_pipeline_mongodb' retrieved from /opt/airflow/dags/etl_data_pipeline_mongodb.py
[2024-12-09T20:59:06.257+0000] {logging_mixin.py:190} INFO - [2024-12-09T20:59:06.257+0000] {dag.py:3239} INFO - Sync 1 DAGs
[2024-12-09T20:59:06.277+0000] {logging_mixin.py:190} INFO - [2024-12-09T20:59:06.277+0000] {dag.py:4180} INFO - Setting next_dagrun for etl_data_pipeline_mongodb to 2024-12-09 00:00:00+00:00, run_after=2024-12-10 00:00:00+00:00
[2024-12-09T20:59:06.291+0000] {processor.py:208} INFO - Processing /opt/airflow/dags/etl_data_pipeline_mongodb.py took 0.112 seconds
[2024-12-09T21:00:15.222+0000] {processor.py:186} INFO - Started process (PID=68) to work on /opt/airflow/dags/etl_data_pipeline_mongodb.py
[2024-12-09T21:00:15.224+0000] {processor.py:914} INFO - Processing file /opt/airflow/dags/etl_data_pipeline_mongodb.py for tasks to queue
[2024-12-09T21:00:15.230+0000] {logging_mixin.py:190} INFO - [2024-12-09T21:00:15.229+0000] {dagbag.py:588} INFO - Filling up the DagBag from /opt/airflow/dags/etl_data_pipeline_mongodb.py
[2024-12-09T21:00:15.322+0000] {processor.py:925} INFO - DAG(s) 'etl_data_pipeline_mongodb' retrieved from /opt/airflow/dags/etl_data_pipeline_mongodb.py
[2024-12-09T21:00:15.376+0000] {logging_mixin.py:190} INFO - [2024-12-09T21:00:15.376+0000] {dag.py:3239} INFO - Sync 1 DAGs
[2024-12-09T21:00:15.409+0000] {logging_mixin.py:190} INFO - [2024-12-09T21:00:15.409+0000] {dag.py:4180} INFO - Setting next_dagrun for etl_data_pipeline_mongodb to 2024-12-09 00:00:00+00:00, run_after=2024-12-10 00:00:00+00:00
[2024-12-09T21:00:15.433+0000] {processor.py:208} INFO - Processing /opt/airflow/dags/etl_data_pipeline_mongodb.py took 0.218 seconds
[2024-12-09T21:00:45.481+0000] {processor.py:186} INFO - Started process (PID=139) to work on /opt/airflow/dags/etl_data_pipeline_mongodb.py
[2024-12-09T21:00:45.482+0000] {processor.py:914} INFO - Processing file /opt/airflow/dags/etl_data_pipeline_mongodb.py for tasks to queue
[2024-12-09T21:00:45.484+0000] {logging_mixin.py:190} INFO - [2024-12-09T21:00:45.484+0000] {dagbag.py:588} INFO - Filling up the DagBag from /opt/airflow/dags/etl_data_pipeline_mongodb.py
[2024-12-09T21:00:45.549+0000] {processor.py:925} INFO - DAG(s) 'etl_data_pipeline_mongodb' retrieved from /opt/airflow/dags/etl_data_pipeline_mongodb.py
[2024-12-09T21:00:45.577+0000] {logging_mixin.py:190} INFO - [2024-12-09T21:00:45.577+0000] {dag.py:3239} INFO - Sync 1 DAGs
[2024-12-09T21:00:45.607+0000] {logging_mixin.py:190} INFO - [2024-12-09T21:00:45.606+0000] {dag.py:4180} INFO - Setting next_dagrun for etl_data_pipeline_mongodb to 2024-12-09 00:00:00+00:00, run_after=2024-12-10 00:00:00+00:00
[2024-12-09T21:00:45.630+0000] {processor.py:208} INFO - Processing /opt/airflow/dags/etl_data_pipeline_mongodb.py took 0.155 seconds
[2024-12-09T21:01:16.502+0000] {processor.py:186} INFO - Started process (PID=208) to work on /opt/airflow/dags/etl_data_pipeline_mongodb.py
[2024-12-09T21:01:16.503+0000] {processor.py:914} INFO - Processing file /opt/airflow/dags/etl_data_pipeline_mongodb.py for tasks to queue
[2024-12-09T21:01:16.505+0000] {logging_mixin.py:190} INFO - [2024-12-09T21:01:16.505+0000] {dagbag.py:588} INFO - Filling up the DagBag from /opt/airflow/dags/etl_data_pipeline_mongodb.py
[2024-12-09T21:01:16.551+0000] {processor.py:925} INFO - DAG(s) 'etl_data_pipeline_mongodb' retrieved from /opt/airflow/dags/etl_data_pipeline_mongodb.py
[2024-12-09T21:01:16.566+0000] {logging_mixin.py:190} INFO - [2024-12-09T21:01:16.566+0000] {dag.py:3239} INFO - Sync 1 DAGs
[2024-12-09T21:01:16.583+0000] {logging_mixin.py:190} INFO - [2024-12-09T21:01:16.583+0000] {dag.py:4180} INFO - Setting next_dagrun for etl_data_pipeline_mongodb to 2024-12-09 00:00:00+00:00, run_after=2024-12-10 00:00:00+00:00
[2024-12-09T21:01:16.599+0000] {processor.py:208} INFO - Processing /opt/airflow/dags/etl_data_pipeline_mongodb.py took 0.102 seconds
[2024-12-09T21:01:47.139+0000] {processor.py:186} INFO - Started process (PID=278) to work on /opt/airflow/dags/etl_data_pipeline_mongodb.py
[2024-12-09T21:01:47.141+0000] {processor.py:914} INFO - Processing file /opt/airflow/dags/etl_data_pipeline_mongodb.py for tasks to queue
[2024-12-09T21:01:47.145+0000] {logging_mixin.py:190} INFO - [2024-12-09T21:01:47.144+0000] {dagbag.py:588} INFO - Filling up the DagBag from /opt/airflow/dags/etl_data_pipeline_mongodb.py
[2024-12-09T21:01:47.212+0000] {processor.py:925} INFO - DAG(s) 'etl_data_pipeline_mongodb' retrieved from /opt/airflow/dags/etl_data_pipeline_mongodb.py
[2024-12-09T21:01:47.235+0000] {logging_mixin.py:190} INFO - [2024-12-09T21:01:47.235+0000] {dag.py:3239} INFO - Sync 1 DAGs
[2024-12-09T21:01:47.259+0000] {logging_mixin.py:190} INFO - [2024-12-09T21:01:47.258+0000] {dag.py:4180} INFO - Setting next_dagrun for etl_data_pipeline_mongodb to 2024-12-09 00:00:00+00:00, run_after=2024-12-10 00:00:00+00:00
[2024-12-09T21:01:47.277+0000] {processor.py:208} INFO - Processing /opt/airflow/dags/etl_data_pipeline_mongodb.py took 0.153 seconds
[2024-12-09T21:02:17.883+0000] {processor.py:186} INFO - Started process (PID=351) to work on /opt/airflow/dags/etl_data_pipeline_mongodb.py
[2024-12-09T21:02:17.884+0000] {processor.py:914} INFO - Processing file /opt/airflow/dags/etl_data_pipeline_mongodb.py for tasks to queue
[2024-12-09T21:02:17.887+0000] {logging_mixin.py:190} INFO - [2024-12-09T21:02:17.886+0000] {dagbag.py:588} INFO - Filling up the DagBag from /opt/airflow/dags/etl_data_pipeline_mongodb.py
[2024-12-09T21:02:17.941+0000] {processor.py:925} INFO - DAG(s) 'etl_data_pipeline_mongodb' retrieved from /opt/airflow/dags/etl_data_pipeline_mongodb.py
[2024-12-09T21:02:17.956+0000] {logging_mixin.py:190} INFO - [2024-12-09T21:02:17.956+0000] {dag.py:3239} INFO - Sync 1 DAGs
[2024-12-09T21:02:17.976+0000] {logging_mixin.py:190} INFO - [2024-12-09T21:02:17.976+0000] {dag.py:4180} INFO - Setting next_dagrun for etl_data_pipeline_mongodb to 2024-12-09 00:00:00+00:00, run_after=2024-12-10 00:00:00+00:00
[2024-12-09T21:02:17.992+0000] {processor.py:208} INFO - Processing /opt/airflow/dags/etl_data_pipeline_mongodb.py took 0.114 seconds
[2024-12-09T21:02:48.468+0000] {processor.py:186} INFO - Started process (PID=419) to work on /opt/airflow/dags/etl_data_pipeline_mongodb.py
[2024-12-09T21:02:48.469+0000] {processor.py:914} INFO - Processing file /opt/airflow/dags/etl_data_pipeline_mongodb.py for tasks to queue
[2024-12-09T21:02:48.471+0000] {logging_mixin.py:190} INFO - [2024-12-09T21:02:48.471+0000] {dagbag.py:588} INFO - Filling up the DagBag from /opt/airflow/dags/etl_data_pipeline_mongodb.py
[2024-12-09T21:02:48.526+0000] {processor.py:925} INFO - DAG(s) 'etl_data_pipeline_mongodb' retrieved from /opt/airflow/dags/etl_data_pipeline_mongodb.py
[2024-12-09T21:02:48.541+0000] {logging_mixin.py:190} INFO - [2024-12-09T21:02:48.541+0000] {dag.py:3239} INFO - Sync 1 DAGs
[2024-12-09T21:02:48.561+0000] {logging_mixin.py:190} INFO - [2024-12-09T21:02:48.560+0000] {dag.py:4180} INFO - Setting next_dagrun for etl_data_pipeline_mongodb to 2024-12-09 00:00:00+00:00, run_after=2024-12-10 00:00:00+00:00
[2024-12-09T21:02:48.576+0000] {processor.py:208} INFO - Processing /opt/airflow/dags/etl_data_pipeline_mongodb.py took 0.113 seconds
[2024-12-09T21:03:19.469+0000] {processor.py:186} INFO - Started process (PID=493) to work on /opt/airflow/dags/etl_data_pipeline_mongodb.py
[2024-12-09T21:03:19.470+0000] {processor.py:914} INFO - Processing file /opt/airflow/dags/etl_data_pipeline_mongodb.py for tasks to queue
[2024-12-09T21:03:19.472+0000] {logging_mixin.py:190} INFO - [2024-12-09T21:03:19.472+0000] {dagbag.py:588} INFO - Filling up the DagBag from /opt/airflow/dags/etl_data_pipeline_mongodb.py
[2024-12-09T21:03:19.527+0000] {processor.py:925} INFO - DAG(s) 'etl_data_pipeline_mongodb' retrieved from /opt/airflow/dags/etl_data_pipeline_mongodb.py
[2024-12-09T21:03:19.543+0000] {logging_mixin.py:190} INFO - [2024-12-09T21:03:19.543+0000] {dag.py:3239} INFO - Sync 1 DAGs
[2024-12-09T21:03:19.562+0000] {logging_mixin.py:190} INFO - [2024-12-09T21:03:19.562+0000] {dag.py:4180} INFO - Setting next_dagrun for etl_data_pipeline_mongodb to 2024-12-09 00:00:00+00:00, run_after=2024-12-10 00:00:00+00:00
[2024-12-09T21:03:19.577+0000] {processor.py:208} INFO - Processing /opt/airflow/dags/etl_data_pipeline_mongodb.py took 0.114 seconds
[2024-12-09T21:03:50.328+0000] {processor.py:186} INFO - Started process (PID=561) to work on /opt/airflow/dags/etl_data_pipeline_mongodb.py
[2024-12-09T21:03:50.329+0000] {processor.py:914} INFO - Processing file /opt/airflow/dags/etl_data_pipeline_mongodb.py for tasks to queue
[2024-12-09T21:03:50.332+0000] {logging_mixin.py:190} INFO - [2024-12-09T21:03:50.332+0000] {dagbag.py:588} INFO - Filling up the DagBag from /opt/airflow/dags/etl_data_pipeline_mongodb.py
[2024-12-09T21:03:50.385+0000] {processor.py:925} INFO - DAG(s) 'etl_data_pipeline_mongodb' retrieved from /opt/airflow/dags/etl_data_pipeline_mongodb.py
[2024-12-09T21:03:50.401+0000] {logging_mixin.py:190} INFO - [2024-12-09T21:03:50.401+0000] {dag.py:3239} INFO - Sync 1 DAGs
[2024-12-09T21:03:50.420+0000] {logging_mixin.py:190} INFO - [2024-12-09T21:03:50.420+0000] {dag.py:4180} INFO - Setting next_dagrun for etl_data_pipeline_mongodb to 2024-12-09 00:00:00+00:00, run_after=2024-12-10 00:00:00+00:00
[2024-12-09T21:03:50.435+0000] {processor.py:208} INFO - Processing /opt/airflow/dags/etl_data_pipeline_mongodb.py took 0.112 seconds
