[2024-12-09T20:10:07.671+0000] {processor.py:186} INFO - Started process (PID=78) to work on /opt/airflow/dags/etl_data_pipeline.py
[2024-12-09T20:10:07.674+0000] {processor.py:914} INFO - Processing file /opt/airflow/dags/etl_data_pipeline.py for tasks to queue
[2024-12-09T20:10:07.680+0000] {logging_mixin.py:190} INFO - [2024-12-09T20:10:07.679+0000] {dagbag.py:588} INFO - Filling up the DagBag from /opt/airflow/dags/etl_data_pipeline.py
[2024-12-09T20:10:07.721+0000] {processor.py:925} INFO - DAG(s) 'etl_data_pipeline' retrieved from /opt/airflow/dags/etl_data_pipeline.py
[2024-12-09T20:10:07.758+0000] {logging_mixin.py:190} INFO - [2024-12-09T20:10:07.757+0000] {dag.py:3239} INFO - Sync 1 DAGs
[2024-12-09T20:10:07.803+0000] {logging_mixin.py:190} INFO - [2024-12-09T20:10:07.803+0000] {dag.py:4180} INFO - Setting next_dagrun for etl_data_pipeline to 2024-12-09 00:00:00+00:00, run_after=2024-12-10 00:00:00+00:00
[2024-12-09T20:10:07.833+0000] {processor.py:208} INFO - Processing /opt/airflow/dags/etl_data_pipeline.py took 0.172 seconds
[2024-12-09T20:24:17.969+0000] {processor.py:186} INFO - Started process (PID=78) to work on /opt/airflow/dags/etl_data_pipeline.py
[2024-12-09T20:24:17.971+0000] {processor.py:914} INFO - Processing file /opt/airflow/dags/etl_data_pipeline.py for tasks to queue
[2024-12-09T20:24:17.974+0000] {logging_mixin.py:190} INFO - [2024-12-09T20:24:17.974+0000] {dagbag.py:588} INFO - Filling up the DagBag from /opt/airflow/dags/etl_data_pipeline.py
[2024-12-09T20:24:18.009+0000] {processor.py:925} INFO - DAG(s) 'etl_data_pipeline' retrieved from /opt/airflow/dags/etl_data_pipeline.py
[2024-12-09T20:24:18.038+0000] {logging_mixin.py:190} INFO - [2024-12-09T20:24:18.038+0000] {dag.py:3239} INFO - Sync 1 DAGs
[2024-12-09T20:24:18.064+0000] {logging_mixin.py:190} INFO - [2024-12-09T20:24:18.063+0000] {dag.py:4180} INFO - Setting next_dagrun for etl_data_pipeline to 2024-12-09 00:00:00+00:00, run_after=2024-12-10 00:00:00+00:00
[2024-12-09T20:24:18.130+0000] {processor.py:208} INFO - Processing /opt/airflow/dags/etl_data_pipeline.py took 0.166 seconds
[2024-12-09T20:24:48.346+0000] {processor.py:186} INFO - Started process (PID=167) to work on /opt/airflow/dags/etl_data_pipeline.py
[2024-12-09T20:24:48.347+0000] {processor.py:914} INFO - Processing file /opt/airflow/dags/etl_data_pipeline.py for tasks to queue
[2024-12-09T20:24:48.350+0000] {logging_mixin.py:190} INFO - [2024-12-09T20:24:48.350+0000] {dagbag.py:588} INFO - Filling up the DagBag from /opt/airflow/dags/etl_data_pipeline.py
[2024-12-09T20:24:48.371+0000] {processor.py:925} INFO - DAG(s) 'etl_data_pipeline' retrieved from /opt/airflow/dags/etl_data_pipeline.py
[2024-12-09T20:24:48.389+0000] {logging_mixin.py:190} INFO - [2024-12-09T20:24:48.388+0000] {dag.py:3239} INFO - Sync 1 DAGs
[2024-12-09T20:24:48.417+0000] {logging_mixin.py:190} INFO - [2024-12-09T20:24:48.416+0000] {dag.py:4180} INFO - Setting next_dagrun for etl_data_pipeline to 2024-12-09 00:00:00+00:00, run_after=2024-12-10 00:00:00+00:00
[2024-12-09T20:24:48.507+0000] {processor.py:208} INFO - Processing /opt/airflow/dags/etl_data_pipeline.py took 0.167 seconds
[2024-12-09T20:25:19.048+0000] {processor.py:186} INFO - Started process (PID=235) to work on /opt/airflow/dags/etl_data_pipeline.py
[2024-12-09T20:25:19.048+0000] {processor.py:914} INFO - Processing file /opt/airflow/dags/etl_data_pipeline.py for tasks to queue
[2024-12-09T20:25:19.050+0000] {logging_mixin.py:190} INFO - [2024-12-09T20:25:19.050+0000] {dagbag.py:588} INFO - Filling up the DagBag from /opt/airflow/dags/etl_data_pipeline.py
[2024-12-09T20:25:19.067+0000] {processor.py:925} INFO - DAG(s) 'etl_data_pipeline' retrieved from /opt/airflow/dags/etl_data_pipeline.py
[2024-12-09T20:25:19.084+0000] {logging_mixin.py:190} INFO - [2024-12-09T20:25:19.084+0000] {dag.py:3239} INFO - Sync 1 DAGs
[2024-12-09T20:25:19.103+0000] {logging_mixin.py:190} INFO - [2024-12-09T20:25:19.103+0000] {dag.py:4180} INFO - Setting next_dagrun for etl_data_pipeline to 2024-12-09 00:00:00+00:00, run_after=2024-12-10 00:00:00+00:00
[2024-12-09T20:25:19.116+0000] {processor.py:208} INFO - Processing /opt/airflow/dags/etl_data_pipeline.py took 0.074 seconds
[2024-12-09T20:25:49.625+0000] {processor.py:186} INFO - Started process (PID=303) to work on /opt/airflow/dags/etl_data_pipeline.py
[2024-12-09T20:25:49.626+0000] {processor.py:914} INFO - Processing file /opt/airflow/dags/etl_data_pipeline.py for tasks to queue
[2024-12-09T20:25:49.628+0000] {logging_mixin.py:190} INFO - [2024-12-09T20:25:49.627+0000] {dagbag.py:588} INFO - Filling up the DagBag from /opt/airflow/dags/etl_data_pipeline.py
[2024-12-09T20:25:49.643+0000] {processor.py:925} INFO - DAG(s) 'etl_data_pipeline' retrieved from /opt/airflow/dags/etl_data_pipeline.py
[2024-12-09T20:25:49.659+0000] {logging_mixin.py:190} INFO - [2024-12-09T20:25:49.659+0000] {dag.py:3239} INFO - Sync 1 DAGs
[2024-12-09T20:25:49.677+0000] {logging_mixin.py:190} INFO - [2024-12-09T20:25:49.677+0000] {dag.py:4180} INFO - Setting next_dagrun for etl_data_pipeline to 2024-12-09 00:00:00+00:00, run_after=2024-12-10 00:00:00+00:00
[2024-12-09T20:25:49.691+0000] {processor.py:208} INFO - Processing /opt/airflow/dags/etl_data_pipeline.py took 0.071 seconds
[2024-12-09T20:26:20.267+0000] {processor.py:186} INFO - Started process (PID=371) to work on /opt/airflow/dags/etl_data_pipeline.py
[2024-12-09T20:26:20.268+0000] {processor.py:914} INFO - Processing file /opt/airflow/dags/etl_data_pipeline.py for tasks to queue
[2024-12-09T20:26:20.270+0000] {logging_mixin.py:190} INFO - [2024-12-09T20:26:20.270+0000] {dagbag.py:588} INFO - Filling up the DagBag from /opt/airflow/dags/etl_data_pipeline.py
[2024-12-09T20:26:20.287+0000] {processor.py:925} INFO - DAG(s) 'etl_data_pipeline' retrieved from /opt/airflow/dags/etl_data_pipeline.py
[2024-12-09T20:26:20.303+0000] {logging_mixin.py:190} INFO - [2024-12-09T20:26:20.303+0000] {dag.py:3239} INFO - Sync 1 DAGs
[2024-12-09T20:26:20.322+0000] {logging_mixin.py:190} INFO - [2024-12-09T20:26:20.322+0000] {dag.py:4180} INFO - Setting next_dagrun for etl_data_pipeline to 2024-12-09 00:00:00+00:00, run_after=2024-12-10 00:00:00+00:00
[2024-12-09T20:26:20.337+0000] {processor.py:208} INFO - Processing /opt/airflow/dags/etl_data_pipeline.py took 0.074 seconds
[2024-12-09T20:26:50.744+0000] {processor.py:186} INFO - Started process (PID=439) to work on /opt/airflow/dags/etl_data_pipeline.py
[2024-12-09T20:26:50.745+0000] {processor.py:914} INFO - Processing file /opt/airflow/dags/etl_data_pipeline.py for tasks to queue
[2024-12-09T20:26:50.747+0000] {logging_mixin.py:190} INFO - [2024-12-09T20:26:50.747+0000] {dagbag.py:588} INFO - Filling up the DagBag from /opt/airflow/dags/etl_data_pipeline.py
[2024-12-09T20:26:50.765+0000] {processor.py:925} INFO - DAG(s) 'etl_data_pipeline' retrieved from /opt/airflow/dags/etl_data_pipeline.py
[2024-12-09T20:26:50.787+0000] {logging_mixin.py:190} INFO - [2024-12-09T20:26:50.786+0000] {dag.py:3239} INFO - Sync 1 DAGs
[2024-12-09T20:26:50.811+0000] {logging_mixin.py:190} INFO - [2024-12-09T20:26:50.811+0000] {dag.py:4180} INFO - Setting next_dagrun for etl_data_pipeline to 2024-12-09 00:00:00+00:00, run_after=2024-12-10 00:00:00+00:00
[2024-12-09T20:26:50.827+0000] {processor.py:208} INFO - Processing /opt/airflow/dags/etl_data_pipeline.py took 0.088 seconds
[2024-12-09T20:27:21.273+0000] {processor.py:186} INFO - Started process (PID=507) to work on /opt/airflow/dags/etl_data_pipeline.py
[2024-12-09T20:27:21.273+0000] {processor.py:914} INFO - Processing file /opt/airflow/dags/etl_data_pipeline.py for tasks to queue
[2024-12-09T20:27:21.275+0000] {logging_mixin.py:190} INFO - [2024-12-09T20:27:21.275+0000] {dagbag.py:588} INFO - Filling up the DagBag from /opt/airflow/dags/etl_data_pipeline.py
[2024-12-09T20:27:21.292+0000] {processor.py:925} INFO - DAG(s) 'etl_data_pipeline' retrieved from /opt/airflow/dags/etl_data_pipeline.py
[2024-12-09T20:27:21.309+0000] {logging_mixin.py:190} INFO - [2024-12-09T20:27:21.308+0000] {dag.py:3239} INFO - Sync 1 DAGs
[2024-12-09T20:27:21.326+0000] {logging_mixin.py:190} INFO - [2024-12-09T20:27:21.326+0000] {dag.py:4180} INFO - Setting next_dagrun for etl_data_pipeline to 2024-12-09 00:00:00+00:00, run_after=2024-12-10 00:00:00+00:00
[2024-12-09T20:27:21.340+0000] {processor.py:208} INFO - Processing /opt/airflow/dags/etl_data_pipeline.py took 0.072 seconds
[2024-12-09T20:27:52.015+0000] {processor.py:186} INFO - Started process (PID=575) to work on /opt/airflow/dags/etl_data_pipeline.py
[2024-12-09T20:27:52.016+0000] {processor.py:914} INFO - Processing file /opt/airflow/dags/etl_data_pipeline.py for tasks to queue
[2024-12-09T20:27:52.018+0000] {logging_mixin.py:190} INFO - [2024-12-09T20:27:52.017+0000] {dagbag.py:588} INFO - Filling up the DagBag from /opt/airflow/dags/etl_data_pipeline.py
[2024-12-09T20:27:52.037+0000] {processor.py:925} INFO - DAG(s) 'etl_data_pipeline' retrieved from /opt/airflow/dags/etl_data_pipeline.py
[2024-12-09T20:27:52.054+0000] {logging_mixin.py:190} INFO - [2024-12-09T20:27:52.053+0000] {dag.py:3239} INFO - Sync 1 DAGs
[2024-12-09T20:27:52.071+0000] {logging_mixin.py:190} INFO - [2024-12-09T20:27:52.071+0000] {dag.py:4180} INFO - Setting next_dagrun for etl_data_pipeline to 2024-12-09 00:00:00+00:00, run_after=2024-12-10 00:00:00+00:00
[2024-12-09T20:27:52.086+0000] {processor.py:208} INFO - Processing /opt/airflow/dags/etl_data_pipeline.py took 0.076 seconds
[2024-12-09T20:28:22.997+0000] {processor.py:186} INFO - Started process (PID=643) to work on /opt/airflow/dags/etl_data_pipeline.py
[2024-12-09T20:28:22.998+0000] {processor.py:914} INFO - Processing file /opt/airflow/dags/etl_data_pipeline.py for tasks to queue
[2024-12-09T20:28:23.000+0000] {logging_mixin.py:190} INFO - [2024-12-09T20:28:22.999+0000] {dagbag.py:588} INFO - Filling up the DagBag from /opt/airflow/dags/etl_data_pipeline.py
[2024-12-09T20:28:23.016+0000] {processor.py:925} INFO - DAG(s) 'etl_data_pipeline' retrieved from /opt/airflow/dags/etl_data_pipeline.py
[2024-12-09T20:28:23.032+0000] {logging_mixin.py:190} INFO - [2024-12-09T20:28:23.032+0000] {dag.py:3239} INFO - Sync 1 DAGs
[2024-12-09T20:28:23.051+0000] {logging_mixin.py:190} INFO - [2024-12-09T20:28:23.051+0000] {dag.py:4180} INFO - Setting next_dagrun for etl_data_pipeline to 2024-12-09 00:00:00+00:00, run_after=2024-12-10 00:00:00+00:00
[2024-12-09T20:28:23.064+0000] {processor.py:208} INFO - Processing /opt/airflow/dags/etl_data_pipeline.py took 0.072 seconds
[2024-12-09T20:28:54.011+0000] {processor.py:186} INFO - Started process (PID=711) to work on /opt/airflow/dags/etl_data_pipeline.py
[2024-12-09T20:28:54.012+0000] {processor.py:914} INFO - Processing file /opt/airflow/dags/etl_data_pipeline.py for tasks to queue
[2024-12-09T20:28:54.014+0000] {logging_mixin.py:190} INFO - [2024-12-09T20:28:54.013+0000] {dagbag.py:588} INFO - Filling up the DagBag from /opt/airflow/dags/etl_data_pipeline.py
[2024-12-09T20:28:54.030+0000] {processor.py:925} INFO - DAG(s) 'etl_data_pipeline' retrieved from /opt/airflow/dags/etl_data_pipeline.py
[2024-12-09T20:28:54.046+0000] {logging_mixin.py:190} INFO - [2024-12-09T20:28:54.046+0000] {dag.py:3239} INFO - Sync 1 DAGs
[2024-12-09T20:28:54.064+0000] {logging_mixin.py:190} INFO - [2024-12-09T20:28:54.063+0000] {dag.py:4180} INFO - Setting next_dagrun for etl_data_pipeline to 2024-12-09 00:00:00+00:00, run_after=2024-12-10 00:00:00+00:00
[2024-12-09T20:28:54.080+0000] {processor.py:208} INFO - Processing /opt/airflow/dags/etl_data_pipeline.py took 0.074 seconds
[2024-12-09T20:29:24.514+0000] {processor.py:186} INFO - Started process (PID=779) to work on /opt/airflow/dags/etl_data_pipeline.py
[2024-12-09T20:29:24.515+0000] {processor.py:914} INFO - Processing file /opt/airflow/dags/etl_data_pipeline.py for tasks to queue
[2024-12-09T20:29:24.517+0000] {logging_mixin.py:190} INFO - [2024-12-09T20:29:24.517+0000] {dagbag.py:588} INFO - Filling up the DagBag from /opt/airflow/dags/etl_data_pipeline.py
[2024-12-09T20:29:24.534+0000] {processor.py:925} INFO - DAG(s) 'etl_data_pipeline' retrieved from /opt/airflow/dags/etl_data_pipeline.py
[2024-12-09T20:29:24.550+0000] {logging_mixin.py:190} INFO - [2024-12-09T20:29:24.549+0000] {dag.py:3239} INFO - Sync 1 DAGs
[2024-12-09T20:29:24.567+0000] {logging_mixin.py:190} INFO - [2024-12-09T20:29:24.567+0000] {dag.py:4180} INFO - Setting next_dagrun for etl_data_pipeline to 2024-12-09 00:00:00+00:00, run_after=2024-12-10 00:00:00+00:00
[2024-12-09T20:29:24.583+0000] {processor.py:208} INFO - Processing /opt/airflow/dags/etl_data_pipeline.py took 0.073 seconds
[2024-12-09T20:29:55.284+0000] {processor.py:186} INFO - Started process (PID=851) to work on /opt/airflow/dags/etl_data_pipeline.py
[2024-12-09T20:29:55.285+0000] {processor.py:914} INFO - Processing file /opt/airflow/dags/etl_data_pipeline.py for tasks to queue
[2024-12-09T20:29:55.287+0000] {logging_mixin.py:190} INFO - [2024-12-09T20:29:55.287+0000] {dagbag.py:588} INFO - Filling up the DagBag from /opt/airflow/dags/etl_data_pipeline.py
[2024-12-09T20:29:55.303+0000] {processor.py:925} INFO - DAG(s) 'etl_data_pipeline' retrieved from /opt/airflow/dags/etl_data_pipeline.py
[2024-12-09T20:29:55.319+0000] {logging_mixin.py:190} INFO - [2024-12-09T20:29:55.318+0000] {dag.py:3239} INFO - Sync 1 DAGs
[2024-12-09T20:29:55.337+0000] {logging_mixin.py:190} INFO - [2024-12-09T20:29:55.336+0000] {dag.py:4180} INFO - Setting next_dagrun for etl_data_pipeline to 2024-12-09 00:00:00+00:00, run_after=2024-12-10 00:00:00+00:00
[2024-12-09T20:29:55.351+0000] {processor.py:208} INFO - Processing /opt/airflow/dags/etl_data_pipeline.py took 0.072 seconds
[2024-12-09T20:30:25.644+0000] {processor.py:186} INFO - Started process (PID=919) to work on /opt/airflow/dags/etl_data_pipeline.py
[2024-12-09T20:30:25.645+0000] {processor.py:914} INFO - Processing file /opt/airflow/dags/etl_data_pipeline.py for tasks to queue
[2024-12-09T20:30:25.647+0000] {logging_mixin.py:190} INFO - [2024-12-09T20:30:25.647+0000] {dagbag.py:588} INFO - Filling up the DagBag from /opt/airflow/dags/etl_data_pipeline.py
[2024-12-09T20:30:25.664+0000] {processor.py:925} INFO - DAG(s) 'etl_data_pipeline' retrieved from /opt/airflow/dags/etl_data_pipeline.py
[2024-12-09T20:30:25.682+0000] {logging_mixin.py:190} INFO - [2024-12-09T20:30:25.681+0000] {dag.py:3239} INFO - Sync 1 DAGs
[2024-12-09T20:30:25.701+0000] {logging_mixin.py:190} INFO - [2024-12-09T20:30:25.701+0000] {dag.py:4180} INFO - Setting next_dagrun for etl_data_pipeline to 2024-12-09 00:00:00+00:00, run_after=2024-12-10 00:00:00+00:00
[2024-12-09T20:30:25.715+0000] {processor.py:208} INFO - Processing /opt/airflow/dags/etl_data_pipeline.py took 0.075 seconds
[2024-12-09T20:30:56.211+0000] {processor.py:186} INFO - Started process (PID=987) to work on /opt/airflow/dags/etl_data_pipeline.py
[2024-12-09T20:30:56.212+0000] {processor.py:914} INFO - Processing file /opt/airflow/dags/etl_data_pipeline.py for tasks to queue
[2024-12-09T20:30:56.214+0000] {logging_mixin.py:190} INFO - [2024-12-09T20:30:56.214+0000] {dagbag.py:588} INFO - Filling up the DagBag from /opt/airflow/dags/etl_data_pipeline.py
[2024-12-09T20:30:56.231+0000] {processor.py:925} INFO - DAG(s) 'etl_data_pipeline' retrieved from /opt/airflow/dags/etl_data_pipeline.py
[2024-12-09T20:30:56.246+0000] {logging_mixin.py:190} INFO - [2024-12-09T20:30:56.246+0000] {dag.py:3239} INFO - Sync 1 DAGs
[2024-12-09T20:30:56.264+0000] {logging_mixin.py:190} INFO - [2024-12-09T20:30:56.264+0000] {dag.py:4180} INFO - Setting next_dagrun for etl_data_pipeline to 2024-12-09 00:00:00+00:00, run_after=2024-12-10 00:00:00+00:00
[2024-12-09T20:30:56.279+0000] {processor.py:208} INFO - Processing /opt/airflow/dags/etl_data_pipeline.py took 0.073 seconds
[2024-12-09T20:31:27.042+0000] {processor.py:186} INFO - Started process (PID=1072) to work on /opt/airflow/dags/etl_data_pipeline.py
[2024-12-09T20:31:27.043+0000] {processor.py:914} INFO - Processing file /opt/airflow/dags/etl_data_pipeline.py for tasks to queue
[2024-12-09T20:31:27.045+0000] {logging_mixin.py:190} INFO - [2024-12-09T20:31:27.045+0000] {dagbag.py:588} INFO - Filling up the DagBag from /opt/airflow/dags/etl_data_pipeline.py
[2024-12-09T20:31:27.061+0000] {processor.py:925} INFO - DAG(s) 'etl_data_pipeline' retrieved from /opt/airflow/dags/etl_data_pipeline.py
[2024-12-09T20:31:27.077+0000] {logging_mixin.py:190} INFO - [2024-12-09T20:31:27.076+0000] {dag.py:3239} INFO - Sync 1 DAGs
[2024-12-09T20:31:27.094+0000] {logging_mixin.py:190} INFO - [2024-12-09T20:31:27.094+0000] {dag.py:4180} INFO - Setting next_dagrun for etl_data_pipeline to 2024-12-09 00:00:00+00:00, run_after=2024-12-10 00:00:00+00:00
[2024-12-09T20:31:27.107+0000] {processor.py:208} INFO - Processing /opt/airflow/dags/etl_data_pipeline.py took 0.070 seconds
[2024-12-09T20:31:58.324+0000] {processor.py:186} INFO - Started process (PID=1140) to work on /opt/airflow/dags/etl_data_pipeline.py
[2024-12-09T20:31:58.327+0000] {processor.py:914} INFO - Processing file /opt/airflow/dags/etl_data_pipeline.py for tasks to queue
[2024-12-09T20:31:58.333+0000] {logging_mixin.py:190} INFO - [2024-12-09T20:31:58.333+0000] {dagbag.py:588} INFO - Filling up the DagBag from /opt/airflow/dags/etl_data_pipeline.py
[2024-12-09T20:31:58.381+0000] {processor.py:925} INFO - DAG(s) 'etl_data_pipeline' retrieved from /opt/airflow/dags/etl_data_pipeline.py
[2024-12-09T20:31:58.445+0000] {logging_mixin.py:190} INFO - [2024-12-09T20:31:58.443+0000] {dag.py:3239} INFO - Sync 1 DAGs
[2024-12-09T20:31:58.503+0000] {logging_mixin.py:190} INFO - [2024-12-09T20:31:58.503+0000] {dag.py:4180} INFO - Setting next_dagrun for etl_data_pipeline to 2024-12-09 00:00:00+00:00, run_after=2024-12-10 00:00:00+00:00
[2024-12-09T20:31:58.550+0000] {processor.py:208} INFO - Processing /opt/airflow/dags/etl_data_pipeline.py took 0.236 seconds
[2024-12-09T20:32:28.605+0000] {processor.py:186} INFO - Started process (PID=1208) to work on /opt/airflow/dags/etl_data_pipeline.py
[2024-12-09T20:32:28.606+0000] {processor.py:914} INFO - Processing file /opt/airflow/dags/etl_data_pipeline.py for tasks to queue
[2024-12-09T20:32:28.608+0000] {logging_mixin.py:190} INFO - [2024-12-09T20:32:28.608+0000] {dagbag.py:588} INFO - Filling up the DagBag from /opt/airflow/dags/etl_data_pipeline.py
[2024-12-09T20:32:28.627+0000] {processor.py:925} INFO - DAG(s) 'etl_data_pipeline' retrieved from /opt/airflow/dags/etl_data_pipeline.py
[2024-12-09T20:32:28.644+0000] {logging_mixin.py:190} INFO - [2024-12-09T20:32:28.644+0000] {dag.py:3239} INFO - Sync 1 DAGs
[2024-12-09T20:32:28.663+0000] {logging_mixin.py:190} INFO - [2024-12-09T20:32:28.663+0000] {dag.py:4180} INFO - Setting next_dagrun for etl_data_pipeline to 2024-12-09 00:00:00+00:00, run_after=2024-12-10 00:00:00+00:00
[2024-12-09T20:32:28.678+0000] {processor.py:208} INFO - Processing /opt/airflow/dags/etl_data_pipeline.py took 0.078 seconds
[2024-12-09T20:32:58.809+0000] {processor.py:186} INFO - Started process (PID=1276) to work on /opt/airflow/dags/etl_data_pipeline.py
[2024-12-09T20:32:58.810+0000] {processor.py:914} INFO - Processing file /opt/airflow/dags/etl_data_pipeline.py for tasks to queue
[2024-12-09T20:32:58.812+0000] {logging_mixin.py:190} INFO - [2024-12-09T20:32:58.812+0000] {dagbag.py:588} INFO - Filling up the DagBag from /opt/airflow/dags/etl_data_pipeline.py
[2024-12-09T20:32:58.828+0000] {processor.py:925} INFO - DAG(s) 'etl_data_pipeline' retrieved from /opt/airflow/dags/etl_data_pipeline.py
[2024-12-09T20:32:58.845+0000] {logging_mixin.py:190} INFO - [2024-12-09T20:32:58.845+0000] {dag.py:3239} INFO - Sync 1 DAGs
[2024-12-09T20:32:58.863+0000] {logging_mixin.py:190} INFO - [2024-12-09T20:32:58.863+0000] {dag.py:4180} INFO - Setting next_dagrun for etl_data_pipeline to 2024-12-09 00:00:00+00:00, run_after=2024-12-10 00:00:00+00:00
[2024-12-09T20:32:58.878+0000] {processor.py:208} INFO - Processing /opt/airflow/dags/etl_data_pipeline.py took 0.074 seconds
[2024-12-09T20:33:29.668+0000] {processor.py:186} INFO - Started process (PID=1345) to work on /opt/airflow/dags/etl_data_pipeline.py
[2024-12-09T20:33:29.669+0000] {processor.py:914} INFO - Processing file /opt/airflow/dags/etl_data_pipeline.py for tasks to queue
[2024-12-09T20:33:29.671+0000] {logging_mixin.py:190} INFO - [2024-12-09T20:33:29.671+0000] {dagbag.py:588} INFO - Filling up the DagBag from /opt/airflow/dags/etl_data_pipeline.py
[2024-12-09T20:33:29.687+0000] {processor.py:925} INFO - DAG(s) 'etl_data_pipeline' retrieved from /opt/airflow/dags/etl_data_pipeline.py
[2024-12-09T20:33:29.703+0000] {logging_mixin.py:190} INFO - [2024-12-09T20:33:29.702+0000] {dag.py:3239} INFO - Sync 1 DAGs
[2024-12-09T20:33:29.721+0000] {logging_mixin.py:190} INFO - [2024-12-09T20:33:29.720+0000] {dag.py:4180} INFO - Setting next_dagrun for etl_data_pipeline to 2024-12-09 00:00:00+00:00, run_after=2024-12-10 00:00:00+00:00
[2024-12-09T20:33:29.734+0000] {processor.py:208} INFO - Processing /opt/airflow/dags/etl_data_pipeline.py took 0.072 seconds
[2024-12-09T20:34:00.311+0000] {processor.py:186} INFO - Started process (PID=1417) to work on /opt/airflow/dags/etl_data_pipeline.py
[2024-12-09T20:34:00.312+0000] {processor.py:914} INFO - Processing file /opt/airflow/dags/etl_data_pipeline.py for tasks to queue
[2024-12-09T20:34:00.314+0000] {logging_mixin.py:190} INFO - [2024-12-09T20:34:00.314+0000] {dagbag.py:588} INFO - Filling up the DagBag from /opt/airflow/dags/etl_data_pipeline.py
[2024-12-09T20:34:00.330+0000] {processor.py:925} INFO - DAG(s) 'etl_data_pipeline' retrieved from /opt/airflow/dags/etl_data_pipeline.py
[2024-12-09T20:34:00.347+0000] {logging_mixin.py:190} INFO - [2024-12-09T20:34:00.346+0000] {dag.py:3239} INFO - Sync 1 DAGs
[2024-12-09T20:34:00.364+0000] {logging_mixin.py:190} INFO - [2024-12-09T20:34:00.364+0000] {dag.py:4180} INFO - Setting next_dagrun for etl_data_pipeline to 2024-12-09 00:00:00+00:00, run_after=2024-12-10 00:00:00+00:00
[2024-12-09T20:34:00.380+0000] {processor.py:208} INFO - Processing /opt/airflow/dags/etl_data_pipeline.py took 0.073 seconds
[2024-12-09T20:34:30.877+0000] {processor.py:186} INFO - Started process (PID=1485) to work on /opt/airflow/dags/etl_data_pipeline.py
[2024-12-09T20:34:30.878+0000] {processor.py:914} INFO - Processing file /opt/airflow/dags/etl_data_pipeline.py for tasks to queue
[2024-12-09T20:34:30.880+0000] {logging_mixin.py:190} INFO - [2024-12-09T20:34:30.880+0000] {dagbag.py:588} INFO - Filling up the DagBag from /opt/airflow/dags/etl_data_pipeline.py
[2024-12-09T20:34:30.896+0000] {processor.py:925} INFO - DAG(s) 'etl_data_pipeline' retrieved from /opt/airflow/dags/etl_data_pipeline.py
[2024-12-09T20:34:30.911+0000] {logging_mixin.py:190} INFO - [2024-12-09T20:34:30.910+0000] {dag.py:3239} INFO - Sync 1 DAGs
[2024-12-09T20:34:30.927+0000] {logging_mixin.py:190} INFO - [2024-12-09T20:34:30.927+0000] {dag.py:4180} INFO - Setting next_dagrun for etl_data_pipeline to 2024-12-09 00:00:00+00:00, run_after=2024-12-10 00:00:00+00:00
[2024-12-09T20:34:30.942+0000] {processor.py:208} INFO - Processing /opt/airflow/dags/etl_data_pipeline.py took 0.070 seconds
[2024-12-09T20:35:01.019+0000] {processor.py:186} INFO - Started process (PID=1553) to work on /opt/airflow/dags/etl_data_pipeline.py
[2024-12-09T20:35:01.020+0000] {processor.py:914} INFO - Processing file /opt/airflow/dags/etl_data_pipeline.py for tasks to queue
[2024-12-09T20:35:01.021+0000] {logging_mixin.py:190} INFO - [2024-12-09T20:35:01.021+0000] {dagbag.py:588} INFO - Filling up the DagBag from /opt/airflow/dags/etl_data_pipeline.py
[2024-12-09T20:35:01.036+0000] {processor.py:925} INFO - DAG(s) 'etl_data_pipeline' retrieved from /opt/airflow/dags/etl_data_pipeline.py
[2024-12-09T20:35:01.052+0000] {logging_mixin.py:190} INFO - [2024-12-09T20:35:01.051+0000] {dag.py:3239} INFO - Sync 1 DAGs
[2024-12-09T20:35:01.067+0000] {logging_mixin.py:190} INFO - [2024-12-09T20:35:01.067+0000] {dag.py:4180} INFO - Setting next_dagrun for etl_data_pipeline to 2024-12-09 00:00:00+00:00, run_after=2024-12-10 00:00:00+00:00
[2024-12-09T20:35:01.083+0000] {processor.py:208} INFO - Processing /opt/airflow/dags/etl_data_pipeline.py took 0.069 seconds
[2024-12-09T20:35:31.358+0000] {processor.py:186} INFO - Started process (PID=1623) to work on /opt/airflow/dags/etl_data_pipeline.py
[2024-12-09T20:35:31.359+0000] {processor.py:914} INFO - Processing file /opt/airflow/dags/etl_data_pipeline.py for tasks to queue
[2024-12-09T20:35:31.360+0000] {logging_mixin.py:190} INFO - [2024-12-09T20:35:31.360+0000] {dagbag.py:588} INFO - Filling up the DagBag from /opt/airflow/dags/etl_data_pipeline.py
[2024-12-09T20:35:31.375+0000] {processor.py:925} INFO - DAG(s) 'etl_data_pipeline' retrieved from /opt/airflow/dags/etl_data_pipeline.py
[2024-12-09T20:35:31.390+0000] {logging_mixin.py:190} INFO - [2024-12-09T20:35:31.390+0000] {dag.py:3239} INFO - Sync 1 DAGs
[2024-12-09T20:35:31.407+0000] {logging_mixin.py:190} INFO - [2024-12-09T20:35:31.407+0000] {dag.py:4180} INFO - Setting next_dagrun for etl_data_pipeline to 2024-12-09 00:00:00+00:00, run_after=2024-12-10 00:00:00+00:00
[2024-12-09T20:35:31.422+0000] {processor.py:208} INFO - Processing /opt/airflow/dags/etl_data_pipeline.py took 0.069 seconds
[2024-12-09T20:36:01.789+0000] {processor.py:186} INFO - Started process (PID=1691) to work on /opt/airflow/dags/etl_data_pipeline.py
[2024-12-09T20:36:01.790+0000] {processor.py:914} INFO - Processing file /opt/airflow/dags/etl_data_pipeline.py for tasks to queue
[2024-12-09T20:36:01.792+0000] {logging_mixin.py:190} INFO - [2024-12-09T20:36:01.792+0000] {dagbag.py:588} INFO - Filling up the DagBag from /opt/airflow/dags/etl_data_pipeline.py
[2024-12-09T20:36:01.808+0000] {processor.py:925} INFO - DAG(s) 'etl_data_pipeline' retrieved from /opt/airflow/dags/etl_data_pipeline.py
[2024-12-09T20:36:01.822+0000] {logging_mixin.py:190} INFO - [2024-12-09T20:36:01.822+0000] {dag.py:3239} INFO - Sync 1 DAGs
[2024-12-09T20:36:01.838+0000] {logging_mixin.py:190} INFO - [2024-12-09T20:36:01.838+0000] {dag.py:4180} INFO - Setting next_dagrun for etl_data_pipeline to 2024-12-09 00:00:00+00:00, run_after=2024-12-10 00:00:00+00:00
[2024-12-09T20:36:01.854+0000] {processor.py:208} INFO - Processing /opt/airflow/dags/etl_data_pipeline.py took 0.070 seconds
[2024-12-09T20:36:32.182+0000] {processor.py:186} INFO - Started process (PID=1761) to work on /opt/airflow/dags/etl_data_pipeline.py
[2024-12-09T20:36:32.183+0000] {processor.py:914} INFO - Processing file /opt/airflow/dags/etl_data_pipeline.py for tasks to queue
[2024-12-09T20:36:32.185+0000] {logging_mixin.py:190} INFO - [2024-12-09T20:36:32.184+0000] {dagbag.py:588} INFO - Filling up the DagBag from /opt/airflow/dags/etl_data_pipeline.py
[2024-12-09T20:36:32.201+0000] {processor.py:925} INFO - DAG(s) 'etl_data_pipeline' retrieved from /opt/airflow/dags/etl_data_pipeline.py
[2024-12-09T20:36:32.216+0000] {logging_mixin.py:190} INFO - [2024-12-09T20:36:32.216+0000] {dag.py:3239} INFO - Sync 1 DAGs
[2024-12-09T20:36:32.235+0000] {logging_mixin.py:190} INFO - [2024-12-09T20:36:32.234+0000] {dag.py:4180} INFO - Setting next_dagrun for etl_data_pipeline to 2024-12-09 00:00:00+00:00, run_after=2024-12-10 00:00:00+00:00
[2024-12-09T20:36:32.249+0000] {processor.py:208} INFO - Processing /opt/airflow/dags/etl_data_pipeline.py took 0.072 seconds
[2024-12-09T20:37:02.565+0000] {processor.py:186} INFO - Started process (PID=1834) to work on /opt/airflow/dags/etl_data_pipeline.py
[2024-12-09T20:37:02.565+0000] {processor.py:914} INFO - Processing file /opt/airflow/dags/etl_data_pipeline.py for tasks to queue
[2024-12-09T20:37:02.567+0000] {logging_mixin.py:190} INFO - [2024-12-09T20:37:02.567+0000] {dagbag.py:588} INFO - Filling up the DagBag from /opt/airflow/dags/etl_data_pipeline.py
[2024-12-09T20:37:02.586+0000] {processor.py:925} INFO - DAG(s) 'etl_data_pipeline' retrieved from /opt/airflow/dags/etl_data_pipeline.py
[2024-12-09T20:37:02.605+0000] {logging_mixin.py:190} INFO - [2024-12-09T20:37:02.604+0000] {dag.py:3239} INFO - Sync 1 DAGs
[2024-12-09T20:37:02.622+0000] {logging_mixin.py:190} INFO - [2024-12-09T20:37:02.622+0000] {dag.py:4180} INFO - Setting next_dagrun for etl_data_pipeline to 2024-12-09 00:00:00+00:00, run_after=2024-12-10 00:00:00+00:00
[2024-12-09T20:37:02.636+0000] {processor.py:208} INFO - Processing /opt/airflow/dags/etl_data_pipeline.py took 0.077 seconds
[2024-12-09T20:37:33.118+0000] {processor.py:186} INFO - Started process (PID=1906) to work on /opt/airflow/dags/etl_data_pipeline.py
[2024-12-09T20:37:33.119+0000] {processor.py:914} INFO - Processing file /opt/airflow/dags/etl_data_pipeline.py for tasks to queue
[2024-12-09T20:37:33.121+0000] {logging_mixin.py:190} INFO - [2024-12-09T20:37:33.121+0000] {dagbag.py:588} INFO - Filling up the DagBag from /opt/airflow/dags/etl_data_pipeline.py
[2024-12-09T20:37:33.137+0000] {processor.py:925} INFO - DAG(s) 'etl_data_pipeline' retrieved from /opt/airflow/dags/etl_data_pipeline.py
[2024-12-09T20:37:33.154+0000] {logging_mixin.py:190} INFO - [2024-12-09T20:37:33.153+0000] {dag.py:3239} INFO - Sync 1 DAGs
[2024-12-09T20:37:33.170+0000] {logging_mixin.py:190} INFO - [2024-12-09T20:37:33.170+0000] {dag.py:4180} INFO - Setting next_dagrun for etl_data_pipeline to 2024-12-09 00:00:00+00:00, run_after=2024-12-10 00:00:00+00:00
[2024-12-09T20:37:33.186+0000] {processor.py:208} INFO - Processing /opt/airflow/dags/etl_data_pipeline.py took 0.073 seconds
[2024-12-09T20:38:03.448+0000] {processor.py:186} INFO - Started process (PID=1974) to work on /opt/airflow/dags/etl_data_pipeline.py
[2024-12-09T20:38:03.449+0000] {processor.py:914} INFO - Processing file /opt/airflow/dags/etl_data_pipeline.py for tasks to queue
[2024-12-09T20:38:03.451+0000] {logging_mixin.py:190} INFO - [2024-12-09T20:38:03.450+0000] {dagbag.py:588} INFO - Filling up the DagBag from /opt/airflow/dags/etl_data_pipeline.py
[2024-12-09T20:38:03.474+0000] {processor.py:925} INFO - DAG(s) 'etl_data_pipeline' retrieved from /opt/airflow/dags/etl_data_pipeline.py
[2024-12-09T20:38:03.495+0000] {logging_mixin.py:190} INFO - [2024-12-09T20:38:03.495+0000] {dag.py:3239} INFO - Sync 1 DAGs
[2024-12-09T20:38:03.517+0000] {logging_mixin.py:190} INFO - [2024-12-09T20:38:03.517+0000] {dag.py:4180} INFO - Setting next_dagrun for etl_data_pipeline to 2024-12-09 00:00:00+00:00, run_after=2024-12-10 00:00:00+00:00
[2024-12-09T20:38:03.536+0000] {processor.py:208} INFO - Processing /opt/airflow/dags/etl_data_pipeline.py took 0.093 seconds
[2024-12-09T20:38:33.613+0000] {processor.py:186} INFO - Started process (PID=2042) to work on /opt/airflow/dags/etl_data_pipeline.py
[2024-12-09T20:38:33.614+0000] {processor.py:914} INFO - Processing file /opt/airflow/dags/etl_data_pipeline.py for tasks to queue
[2024-12-09T20:38:33.616+0000] {logging_mixin.py:190} INFO - [2024-12-09T20:38:33.616+0000] {dagbag.py:588} INFO - Filling up the DagBag from /opt/airflow/dags/etl_data_pipeline.py
[2024-12-09T20:38:33.632+0000] {processor.py:925} INFO - DAG(s) 'etl_data_pipeline' retrieved from /opt/airflow/dags/etl_data_pipeline.py
[2024-12-09T20:38:33.648+0000] {logging_mixin.py:190} INFO - [2024-12-09T20:38:33.648+0000] {dag.py:3239} INFO - Sync 1 DAGs
[2024-12-09T20:38:33.665+0000] {logging_mixin.py:190} INFO - [2024-12-09T20:38:33.665+0000] {dag.py:4180} INFO - Setting next_dagrun for etl_data_pipeline to 2024-12-09 00:00:00+00:00, run_after=2024-12-10 00:00:00+00:00
[2024-12-09T20:38:33.680+0000] {processor.py:208} INFO - Processing /opt/airflow/dags/etl_data_pipeline.py took 0.072 seconds
[2024-12-09T20:39:04.123+0000] {processor.py:186} INFO - Started process (PID=2117) to work on /opt/airflow/dags/etl_data_pipeline.py
[2024-12-09T20:39:04.124+0000] {processor.py:914} INFO - Processing file /opt/airflow/dags/etl_data_pipeline.py for tasks to queue
[2024-12-09T20:39:04.126+0000] {logging_mixin.py:190} INFO - [2024-12-09T20:39:04.126+0000] {dagbag.py:588} INFO - Filling up the DagBag from /opt/airflow/dags/etl_data_pipeline.py
[2024-12-09T20:39:04.142+0000] {processor.py:925} INFO - DAG(s) 'etl_data_pipeline' retrieved from /opt/airflow/dags/etl_data_pipeline.py
[2024-12-09T20:39:04.158+0000] {logging_mixin.py:190} INFO - [2024-12-09T20:39:04.158+0000] {dag.py:3239} INFO - Sync 1 DAGs
[2024-12-09T20:39:04.176+0000] {logging_mixin.py:190} INFO - [2024-12-09T20:39:04.175+0000] {dag.py:4180} INFO - Setting next_dagrun for etl_data_pipeline to 2024-12-09 00:00:00+00:00, run_after=2024-12-10 00:00:00+00:00
[2024-12-09T20:39:04.192+0000] {processor.py:208} INFO - Processing /opt/airflow/dags/etl_data_pipeline.py took 0.074 seconds
[2024-12-09T20:39:34.658+0000] {processor.py:186} INFO - Started process (PID=2185) to work on /opt/airflow/dags/etl_data_pipeline.py
[2024-12-09T20:39:34.659+0000] {processor.py:914} INFO - Processing file /opt/airflow/dags/etl_data_pipeline.py for tasks to queue
[2024-12-09T20:39:34.660+0000] {logging_mixin.py:190} INFO - [2024-12-09T20:39:34.660+0000] {dagbag.py:588} INFO - Filling up the DagBag from /opt/airflow/dags/etl_data_pipeline.py
[2024-12-09T20:39:34.676+0000] {processor.py:925} INFO - DAG(s) 'etl_data_pipeline' retrieved from /opt/airflow/dags/etl_data_pipeline.py
[2024-12-09T20:39:34.690+0000] {logging_mixin.py:190} INFO - [2024-12-09T20:39:34.690+0000] {dag.py:3239} INFO - Sync 1 DAGs
[2024-12-09T20:39:34.706+0000] {logging_mixin.py:190} INFO - [2024-12-09T20:39:34.706+0000] {dag.py:4180} INFO - Setting next_dagrun for etl_data_pipeline to 2024-12-09 00:00:00+00:00, run_after=2024-12-10 00:00:00+00:00
[2024-12-09T20:39:34.720+0000] {processor.py:208} INFO - Processing /opt/airflow/dags/etl_data_pipeline.py took 0.067 seconds
[2024-12-09T20:40:04.822+0000] {processor.py:186} INFO - Started process (PID=2253) to work on /opt/airflow/dags/etl_data_pipeline.py
[2024-12-09T20:40:04.823+0000] {processor.py:914} INFO - Processing file /opt/airflow/dags/etl_data_pipeline.py for tasks to queue
[2024-12-09T20:40:04.825+0000] {logging_mixin.py:190} INFO - [2024-12-09T20:40:04.825+0000] {dagbag.py:588} INFO - Filling up the DagBag from /opt/airflow/dags/etl_data_pipeline.py
[2024-12-09T20:40:04.841+0000] {processor.py:925} INFO - DAG(s) 'etl_data_pipeline' retrieved from /opt/airflow/dags/etl_data_pipeline.py
[2024-12-09T20:40:04.856+0000] {logging_mixin.py:190} INFO - [2024-12-09T20:40:04.856+0000] {dag.py:3239} INFO - Sync 1 DAGs
[2024-12-09T20:40:04.873+0000] {logging_mixin.py:190} INFO - [2024-12-09T20:40:04.873+0000] {dag.py:4180} INFO - Setting next_dagrun for etl_data_pipeline to 2024-12-09 00:00:00+00:00, run_after=2024-12-10 00:00:00+00:00
[2024-12-09T20:40:04.888+0000] {processor.py:208} INFO - Processing /opt/airflow/dags/etl_data_pipeline.py took 0.072 seconds
[2024-12-09T20:40:35.699+0000] {processor.py:186} INFO - Started process (PID=2326) to work on /opt/airflow/dags/etl_data_pipeline.py
[2024-12-09T20:40:35.699+0000] {processor.py:914} INFO - Processing file /opt/airflow/dags/etl_data_pipeline.py for tasks to queue
[2024-12-09T20:40:35.701+0000] {logging_mixin.py:190} INFO - [2024-12-09T20:40:35.701+0000] {dagbag.py:588} INFO - Filling up the DagBag from /opt/airflow/dags/etl_data_pipeline.py
[2024-12-09T20:40:35.717+0000] {processor.py:925} INFO - DAG(s) 'etl_data_pipeline' retrieved from /opt/airflow/dags/etl_data_pipeline.py
[2024-12-09T20:40:35.732+0000] {logging_mixin.py:190} INFO - [2024-12-09T20:40:35.732+0000] {dag.py:3239} INFO - Sync 1 DAGs
[2024-12-09T20:40:35.750+0000] {logging_mixin.py:190} INFO - [2024-12-09T20:40:35.750+0000] {dag.py:4180} INFO - Setting next_dagrun for etl_data_pipeline to 2024-12-09 00:00:00+00:00, run_after=2024-12-10 00:00:00+00:00
[2024-12-09T20:40:35.764+0000] {processor.py:208} INFO - Processing /opt/airflow/dags/etl_data_pipeline.py took 0.070 seconds
[2024-12-09T20:41:06.532+0000] {processor.py:186} INFO - Started process (PID=2399) to work on /opt/airflow/dags/etl_data_pipeline.py
[2024-12-09T20:41:06.533+0000] {processor.py:914} INFO - Processing file /opt/airflow/dags/etl_data_pipeline.py for tasks to queue
[2024-12-09T20:41:06.536+0000] {logging_mixin.py:190} INFO - [2024-12-09T20:41:06.536+0000] {dagbag.py:588} INFO - Filling up the DagBag from /opt/airflow/dags/etl_data_pipeline.py
[2024-12-09T20:41:06.552+0000] {processor.py:925} INFO - DAG(s) 'etl_data_pipeline' retrieved from /opt/airflow/dags/etl_data_pipeline.py
[2024-12-09T20:41:06.569+0000] {logging_mixin.py:190} INFO - [2024-12-09T20:41:06.568+0000] {dag.py:3239} INFO - Sync 1 DAGs
[2024-12-09T20:41:06.590+0000] {logging_mixin.py:190} INFO - [2024-12-09T20:41:06.590+0000] {dag.py:4180} INFO - Setting next_dagrun for etl_data_pipeline to 2024-12-09 00:00:00+00:00, run_after=2024-12-10 00:00:00+00:00
[2024-12-09T20:41:06.613+0000] {processor.py:208} INFO - Processing /opt/airflow/dags/etl_data_pipeline.py took 0.086 seconds
[2024-12-09T20:41:37.149+0000] {processor.py:186} INFO - Started process (PID=2477) to work on /opt/airflow/dags/etl_data_pipeline.py
[2024-12-09T20:41:37.150+0000] {processor.py:914} INFO - Processing file /opt/airflow/dags/etl_data_pipeline.py for tasks to queue
[2024-12-09T20:41:37.153+0000] {logging_mixin.py:190} INFO - [2024-12-09T20:41:37.153+0000] {dagbag.py:588} INFO - Filling up the DagBag from /opt/airflow/dags/etl_data_pipeline.py
[2024-12-09T20:41:37.174+0000] {processor.py:925} INFO - DAG(s) 'etl_data_pipeline' retrieved from /opt/airflow/dags/etl_data_pipeline.py
[2024-12-09T20:41:37.193+0000] {logging_mixin.py:190} INFO - [2024-12-09T20:41:37.192+0000] {dag.py:3239} INFO - Sync 1 DAGs
[2024-12-09T20:41:37.213+0000] {logging_mixin.py:190} INFO - [2024-12-09T20:41:37.213+0000] {dag.py:4180} INFO - Setting next_dagrun for etl_data_pipeline to 2024-12-09 00:00:00+00:00, run_after=2024-12-10 00:00:00+00:00
[2024-12-09T20:41:37.228+0000] {processor.py:208} INFO - Processing /opt/airflow/dags/etl_data_pipeline.py took 0.085 seconds
[2024-12-09T20:42:07.634+0000] {processor.py:186} INFO - Started process (PID=2545) to work on /opt/airflow/dags/etl_data_pipeline.py
[2024-12-09T20:42:07.635+0000] {processor.py:914} INFO - Processing file /opt/airflow/dags/etl_data_pipeline.py for tasks to queue
[2024-12-09T20:42:07.637+0000] {logging_mixin.py:190} INFO - [2024-12-09T20:42:07.637+0000] {dagbag.py:588} INFO - Filling up the DagBag from /opt/airflow/dags/etl_data_pipeline.py
[2024-12-09T20:42:07.653+0000] {processor.py:925} INFO - DAG(s) 'etl_data_pipeline' retrieved from /opt/airflow/dags/etl_data_pipeline.py
[2024-12-09T20:42:07.668+0000] {logging_mixin.py:190} INFO - [2024-12-09T20:42:07.668+0000] {dag.py:3239} INFO - Sync 1 DAGs
[2024-12-09T20:42:07.685+0000] {logging_mixin.py:190} INFO - [2024-12-09T20:42:07.685+0000] {dag.py:4180} INFO - Setting next_dagrun for etl_data_pipeline to 2024-12-09 00:00:00+00:00, run_after=2024-12-10 00:00:00+00:00
[2024-12-09T20:42:07.700+0000] {processor.py:208} INFO - Processing /opt/airflow/dags/etl_data_pipeline.py took 0.072 seconds
[2024-12-09T20:42:38.411+0000] {processor.py:186} INFO - Started process (PID=2613) to work on /opt/airflow/dags/etl_data_pipeline.py
[2024-12-09T20:42:38.412+0000] {processor.py:914} INFO - Processing file /opt/airflow/dags/etl_data_pipeline.py for tasks to queue
[2024-12-09T20:42:38.415+0000] {logging_mixin.py:190} INFO - [2024-12-09T20:42:38.414+0000] {dagbag.py:588} INFO - Filling up the DagBag from /opt/airflow/dags/etl_data_pipeline.py
[2024-12-09T20:42:38.438+0000] {processor.py:925} INFO - DAG(s) 'etl_data_pipeline' retrieved from /opt/airflow/dags/etl_data_pipeline.py
[2024-12-09T20:42:38.455+0000] {logging_mixin.py:190} INFO - [2024-12-09T20:42:38.455+0000] {dag.py:3239} INFO - Sync 1 DAGs
[2024-12-09T20:42:38.473+0000] {logging_mixin.py:190} INFO - [2024-12-09T20:42:38.473+0000] {dag.py:4180} INFO - Setting next_dagrun for etl_data_pipeline to 2024-12-09 00:00:00+00:00, run_after=2024-12-10 00:00:00+00:00
[2024-12-09T20:42:38.489+0000] {processor.py:208} INFO - Processing /opt/airflow/dags/etl_data_pipeline.py took 0.083 seconds
[2024-12-09T20:43:08.669+0000] {processor.py:186} INFO - Started process (PID=2681) to work on /opt/airflow/dags/etl_data_pipeline.py
[2024-12-09T20:43:08.670+0000] {processor.py:914} INFO - Processing file /opt/airflow/dags/etl_data_pipeline.py for tasks to queue
[2024-12-09T20:43:08.672+0000] {logging_mixin.py:190} INFO - [2024-12-09T20:43:08.672+0000] {dagbag.py:588} INFO - Filling up the DagBag from /opt/airflow/dags/etl_data_pipeline.py
[2024-12-09T20:43:08.689+0000] {processor.py:925} INFO - DAG(s) 'etl_data_pipeline' retrieved from /opt/airflow/dags/etl_data_pipeline.py
[2024-12-09T20:43:08.705+0000] {logging_mixin.py:190} INFO - [2024-12-09T20:43:08.704+0000] {dag.py:3239} INFO - Sync 1 DAGs
[2024-12-09T20:43:08.723+0000] {logging_mixin.py:190} INFO - [2024-12-09T20:43:08.722+0000] {dag.py:4180} INFO - Setting next_dagrun for etl_data_pipeline to 2024-12-09 00:00:00+00:00, run_after=2024-12-10 00:00:00+00:00
[2024-12-09T20:43:08.738+0000] {processor.py:208} INFO - Processing /opt/airflow/dags/etl_data_pipeline.py took 0.074 seconds
[2024-12-09T20:43:39.181+0000] {processor.py:186} INFO - Started process (PID=2749) to work on /opt/airflow/dags/etl_data_pipeline.py
[2024-12-09T20:43:39.182+0000] {processor.py:914} INFO - Processing file /opt/airflow/dags/etl_data_pipeline.py for tasks to queue
[2024-12-09T20:43:39.184+0000] {logging_mixin.py:190} INFO - [2024-12-09T20:43:39.184+0000] {dagbag.py:588} INFO - Filling up the DagBag from /opt/airflow/dags/etl_data_pipeline.py
[2024-12-09T20:43:39.200+0000] {processor.py:925} INFO - DAG(s) 'etl_data_pipeline' retrieved from /opt/airflow/dags/etl_data_pipeline.py
[2024-12-09T20:43:39.215+0000] {logging_mixin.py:190} INFO - [2024-12-09T20:43:39.215+0000] {dag.py:3239} INFO - Sync 1 DAGs
[2024-12-09T20:43:39.233+0000] {logging_mixin.py:190} INFO - [2024-12-09T20:43:39.233+0000] {dag.py:4180} INFO - Setting next_dagrun for etl_data_pipeline to 2024-12-09 00:00:00+00:00, run_after=2024-12-10 00:00:00+00:00
[2024-12-09T20:43:39.248+0000] {processor.py:208} INFO - Processing /opt/airflow/dags/etl_data_pipeline.py took 0.071 seconds
[2024-12-09T20:44:09.327+0000] {processor.py:186} INFO - Started process (PID=2817) to work on /opt/airflow/dags/etl_data_pipeline.py
[2024-12-09T20:44:09.328+0000] {processor.py:914} INFO - Processing file /opt/airflow/dags/etl_data_pipeline.py for tasks to queue
[2024-12-09T20:44:09.331+0000] {logging_mixin.py:190} INFO - [2024-12-09T20:44:09.331+0000] {dagbag.py:588} INFO - Filling up the DagBag from /opt/airflow/dags/etl_data_pipeline.py
[2024-12-09T20:44:09.349+0000] {processor.py:925} INFO - DAG(s) 'etl_data_pipeline' retrieved from /opt/airflow/dags/etl_data_pipeline.py
[2024-12-09T20:44:09.366+0000] {logging_mixin.py:190} INFO - [2024-12-09T20:44:09.366+0000] {dag.py:3239} INFO - Sync 1 DAGs
[2024-12-09T20:44:09.386+0000] {logging_mixin.py:190} INFO - [2024-12-09T20:44:09.386+0000] {dag.py:4180} INFO - Setting next_dagrun for etl_data_pipeline to 2024-12-09 00:00:00+00:00, run_after=2024-12-10 00:00:00+00:00
[2024-12-09T20:44:09.401+0000] {processor.py:208} INFO - Processing /opt/airflow/dags/etl_data_pipeline.py took 0.079 seconds
[2024-12-09T20:44:39.927+0000] {processor.py:186} INFO - Started process (PID=2885) to work on /opt/airflow/dags/etl_data_pipeline.py
[2024-12-09T20:44:39.927+0000] {processor.py:914} INFO - Processing file /opt/airflow/dags/etl_data_pipeline.py for tasks to queue
[2024-12-09T20:44:39.929+0000] {logging_mixin.py:190} INFO - [2024-12-09T20:44:39.929+0000] {dagbag.py:588} INFO - Filling up the DagBag from /opt/airflow/dags/etl_data_pipeline.py
[2024-12-09T20:44:39.946+0000] {processor.py:925} INFO - DAG(s) 'etl_data_pipeline' retrieved from /opt/airflow/dags/etl_data_pipeline.py
[2024-12-09T20:44:39.960+0000] {logging_mixin.py:190} INFO - [2024-12-09T20:44:39.960+0000] {dag.py:3239} INFO - Sync 1 DAGs
[2024-12-09T20:44:39.976+0000] {logging_mixin.py:190} INFO - [2024-12-09T20:44:39.976+0000] {dag.py:4180} INFO - Setting next_dagrun for etl_data_pipeline to 2024-12-09 00:00:00+00:00, run_after=2024-12-10 00:00:00+00:00
[2024-12-09T20:44:39.991+0000] {processor.py:208} INFO - Processing /opt/airflow/dags/etl_data_pipeline.py took 0.069 seconds
[2024-12-09T20:45:10.773+0000] {processor.py:186} INFO - Started process (PID=2953) to work on /opt/airflow/dags/etl_data_pipeline.py
[2024-12-09T20:45:10.774+0000] {processor.py:914} INFO - Processing file /opt/airflow/dags/etl_data_pipeline.py for tasks to queue
[2024-12-09T20:45:10.776+0000] {logging_mixin.py:190} INFO - [2024-12-09T20:45:10.776+0000] {dagbag.py:588} INFO - Filling up the DagBag from /opt/airflow/dags/etl_data_pipeline.py
[2024-12-09T20:45:10.797+0000] {processor.py:925} INFO - DAG(s) 'etl_data_pipeline' retrieved from /opt/airflow/dags/etl_data_pipeline.py
[2024-12-09T20:45:10.818+0000] {logging_mixin.py:190} INFO - [2024-12-09T20:45:10.817+0000] {dag.py:3239} INFO - Sync 1 DAGs
[2024-12-09T20:45:10.841+0000] {logging_mixin.py:190} INFO - [2024-12-09T20:45:10.841+0000] {dag.py:4180} INFO - Setting next_dagrun for etl_data_pipeline to 2024-12-09 00:00:00+00:00, run_after=2024-12-10 00:00:00+00:00
[2024-12-09T20:45:10.864+0000] {processor.py:208} INFO - Processing /opt/airflow/dags/etl_data_pipeline.py took 0.098 seconds
[2024-12-09T20:45:41.505+0000] {processor.py:186} INFO - Started process (PID=3022) to work on /opt/airflow/dags/etl_data_pipeline.py
[2024-12-09T20:45:41.506+0000] {processor.py:914} INFO - Processing file /opt/airflow/dags/etl_data_pipeline.py for tasks to queue
[2024-12-09T20:45:41.508+0000] {logging_mixin.py:190} INFO - [2024-12-09T20:45:41.508+0000] {dagbag.py:588} INFO - Filling up the DagBag from /opt/airflow/dags/etl_data_pipeline.py
[2024-12-09T20:45:41.526+0000] {processor.py:925} INFO - DAG(s) 'etl_data_pipeline' retrieved from /opt/airflow/dags/etl_data_pipeline.py
[2024-12-09T20:45:41.543+0000] {logging_mixin.py:190} INFO - [2024-12-09T20:45:41.543+0000] {dag.py:3239} INFO - Sync 1 DAGs
[2024-12-09T20:45:41.562+0000] {logging_mixin.py:190} INFO - [2024-12-09T20:45:41.562+0000] {dag.py:4180} INFO - Setting next_dagrun for etl_data_pipeline to 2024-12-09 00:00:00+00:00, run_after=2024-12-10 00:00:00+00:00
[2024-12-09T20:45:41.577+0000] {processor.py:208} INFO - Processing /opt/airflow/dags/etl_data_pipeline.py took 0.077 seconds
[2024-12-09T20:46:12.454+0000] {processor.py:186} INFO - Started process (PID=3098) to work on /opt/airflow/dags/etl_data_pipeline.py
[2024-12-09T20:46:12.455+0000] {processor.py:914} INFO - Processing file /opt/airflow/dags/etl_data_pipeline.py for tasks to queue
[2024-12-09T20:46:12.457+0000] {logging_mixin.py:190} INFO - [2024-12-09T20:46:12.457+0000] {dagbag.py:588} INFO - Filling up the DagBag from /opt/airflow/dags/etl_data_pipeline.py
[2024-12-09T20:46:12.474+0000] {processor.py:925} INFO - DAG(s) 'etl_data_pipeline' retrieved from /opt/airflow/dags/etl_data_pipeline.py
[2024-12-09T20:46:12.490+0000] {logging_mixin.py:190} INFO - [2024-12-09T20:46:12.490+0000] {dag.py:3239} INFO - Sync 1 DAGs
[2024-12-09T20:46:12.508+0000] {logging_mixin.py:190} INFO - [2024-12-09T20:46:12.508+0000] {dag.py:4180} INFO - Setting next_dagrun for etl_data_pipeline to 2024-12-09 00:00:00+00:00, run_after=2024-12-10 00:00:00+00:00
[2024-12-09T20:46:12.522+0000] {processor.py:208} INFO - Processing /opt/airflow/dags/etl_data_pipeline.py took 0.073 seconds
[2024-12-09T20:46:43.132+0000] {processor.py:186} INFO - Started process (PID=3170) to work on /opt/airflow/dags/etl_data_pipeline.py
[2024-12-09T20:46:43.133+0000] {processor.py:914} INFO - Processing file /opt/airflow/dags/etl_data_pipeline.py for tasks to queue
[2024-12-09T20:46:43.135+0000] {logging_mixin.py:190} INFO - [2024-12-09T20:46:43.134+0000] {dagbag.py:588} INFO - Filling up the DagBag from /opt/airflow/dags/etl_data_pipeline.py
[2024-12-09T20:46:43.152+0000] {processor.py:925} INFO - DAG(s) 'etl_data_pipeline' retrieved from /opt/airflow/dags/etl_data_pipeline.py
[2024-12-09T20:46:43.174+0000] {logging_mixin.py:190} INFO - [2024-12-09T20:46:43.173+0000] {dag.py:3239} INFO - Sync 1 DAGs
[2024-12-09T20:46:43.196+0000] {logging_mixin.py:190} INFO - [2024-12-09T20:46:43.196+0000] {dag.py:4180} INFO - Setting next_dagrun for etl_data_pipeline to 2024-12-09 00:00:00+00:00, run_after=2024-12-10 00:00:00+00:00
[2024-12-09T20:46:43.214+0000] {processor.py:208} INFO - Processing /opt/airflow/dags/etl_data_pipeline.py took 0.088 seconds
[2024-12-09T20:47:13.812+0000] {processor.py:186} INFO - Started process (PID=3238) to work on /opt/airflow/dags/etl_data_pipeline.py
[2024-12-09T20:47:13.813+0000] {processor.py:914} INFO - Processing file /opt/airflow/dags/etl_data_pipeline.py for tasks to queue
[2024-12-09T20:47:13.815+0000] {logging_mixin.py:190} INFO - [2024-12-09T20:47:13.815+0000] {dagbag.py:588} INFO - Filling up the DagBag from /opt/airflow/dags/etl_data_pipeline.py
[2024-12-09T20:47:13.832+0000] {processor.py:925} INFO - DAG(s) 'etl_data_pipeline' retrieved from /opt/airflow/dags/etl_data_pipeline.py
[2024-12-09T20:47:13.851+0000] {logging_mixin.py:190} INFO - [2024-12-09T20:47:13.850+0000] {dag.py:3239} INFO - Sync 1 DAGs
[2024-12-09T20:47:13.870+0000] {logging_mixin.py:190} INFO - [2024-12-09T20:47:13.870+0000] {dag.py:4180} INFO - Setting next_dagrun for etl_data_pipeline to 2024-12-09 00:00:00+00:00, run_after=2024-12-10 00:00:00+00:00
[2024-12-09T20:47:13.889+0000] {processor.py:208} INFO - Processing /opt/airflow/dags/etl_data_pipeline.py took 0.082 seconds
[2024-12-09T20:47:44.272+0000] {processor.py:186} INFO - Started process (PID=3306) to work on /opt/airflow/dags/etl_data_pipeline.py
[2024-12-09T20:47:44.273+0000] {processor.py:914} INFO - Processing file /opt/airflow/dags/etl_data_pipeline.py for tasks to queue
[2024-12-09T20:47:44.275+0000] {logging_mixin.py:190} INFO - [2024-12-09T20:47:44.275+0000] {dagbag.py:588} INFO - Filling up the DagBag from /opt/airflow/dags/etl_data_pipeline.py
[2024-12-09T20:47:44.292+0000] {processor.py:925} INFO - DAG(s) 'etl_data_pipeline' retrieved from /opt/airflow/dags/etl_data_pipeline.py
[2024-12-09T20:47:44.311+0000] {logging_mixin.py:190} INFO - [2024-12-09T20:47:44.310+0000] {dag.py:3239} INFO - Sync 1 DAGs
[2024-12-09T20:47:44.331+0000] {logging_mixin.py:190} INFO - [2024-12-09T20:47:44.331+0000] {dag.py:4180} INFO - Setting next_dagrun for etl_data_pipeline to 2024-12-09 00:00:00+00:00, run_after=2024-12-10 00:00:00+00:00
[2024-12-09T20:47:44.348+0000] {processor.py:208} INFO - Processing /opt/airflow/dags/etl_data_pipeline.py took 0.080 seconds
[2024-12-09T20:48:14.637+0000] {processor.py:186} INFO - Started process (PID=3374) to work on /opt/airflow/dags/etl_data_pipeline.py
[2024-12-09T20:48:14.638+0000] {processor.py:914} INFO - Processing file /opt/airflow/dags/etl_data_pipeline.py for tasks to queue
[2024-12-09T20:48:14.640+0000] {logging_mixin.py:190} INFO - [2024-12-09T20:48:14.639+0000] {dagbag.py:588} INFO - Filling up the DagBag from /opt/airflow/dags/etl_data_pipeline.py
[2024-12-09T20:48:14.657+0000] {processor.py:925} INFO - DAG(s) 'etl_data_pipeline' retrieved from /opt/airflow/dags/etl_data_pipeline.py
[2024-12-09T20:48:14.675+0000] {logging_mixin.py:190} INFO - [2024-12-09T20:48:14.674+0000] {dag.py:3239} INFO - Sync 1 DAGs
[2024-12-09T20:48:14.838+0000] {logging_mixin.py:190} INFO - [2024-12-09T20:48:14.837+0000] {dag.py:4180} INFO - Setting next_dagrun for etl_data_pipeline to 2024-12-09 00:00:00+00:00, run_after=2024-12-10 00:00:00+00:00
[2024-12-09T20:48:14.852+0000] {processor.py:208} INFO - Processing /opt/airflow/dags/etl_data_pipeline.py took 0.221 seconds
[2024-12-09T20:48:44.984+0000] {processor.py:186} INFO - Started process (PID=3442) to work on /opt/airflow/dags/etl_data_pipeline.py
[2024-12-09T20:48:44.985+0000] {processor.py:914} INFO - Processing file /opt/airflow/dags/etl_data_pipeline.py for tasks to queue
[2024-12-09T20:48:44.987+0000] {logging_mixin.py:190} INFO - [2024-12-09T20:48:44.987+0000] {dagbag.py:588} INFO - Filling up the DagBag from /opt/airflow/dags/etl_data_pipeline.py
[2024-12-09T20:48:45.003+0000] {processor.py:925} INFO - DAG(s) 'etl_data_pipeline' retrieved from /opt/airflow/dags/etl_data_pipeline.py
[2024-12-09T20:48:45.018+0000] {logging_mixin.py:190} INFO - [2024-12-09T20:48:45.018+0000] {dag.py:3239} INFO - Sync 1 DAGs
[2024-12-09T20:48:45.036+0000] {logging_mixin.py:190} INFO - [2024-12-09T20:48:45.035+0000] {dag.py:4180} INFO - Setting next_dagrun for etl_data_pipeline to 2024-12-09 00:00:00+00:00, run_after=2024-12-10 00:00:00+00:00
[2024-12-09T20:48:45.187+0000] {processor.py:208} INFO - Processing /opt/airflow/dags/etl_data_pipeline.py took 0.207 seconds
[2024-12-09T20:49:15.349+0000] {processor.py:186} INFO - Started process (PID=3505) to work on /opt/airflow/dags/etl_data_pipeline.py
[2024-12-09T20:49:15.350+0000] {processor.py:914} INFO - Processing file /opt/airflow/dags/etl_data_pipeline.py for tasks to queue
[2024-12-09T20:49:15.352+0000] {logging_mixin.py:190} INFO - [2024-12-09T20:49:15.352+0000] {dagbag.py:588} INFO - Filling up the DagBag from /opt/airflow/dags/etl_data_pipeline.py
[2024-12-09T20:49:15.370+0000] {processor.py:925} INFO - DAG(s) 'etl_data_pipeline' retrieved from /opt/airflow/dags/etl_data_pipeline.py
[2024-12-09T20:49:15.386+0000] {logging_mixin.py:190} INFO - [2024-12-09T20:49:15.385+0000] {dag.py:3239} INFO - Sync 1 DAGs
[2024-12-09T20:49:15.403+0000] {logging_mixin.py:190} INFO - [2024-12-09T20:49:15.403+0000] {dag.py:4180} INFO - Setting next_dagrun for etl_data_pipeline to 2024-12-09 00:00:00+00:00, run_after=2024-12-10 00:00:00+00:00
[2024-12-09T20:49:15.418+0000] {processor.py:208} INFO - Processing /opt/airflow/dags/etl_data_pipeline.py took 0.075 seconds
[2024-12-09T20:49:46.195+0000] {processor.py:186} INFO - Started process (PID=3564) to work on /opt/airflow/dags/etl_data_pipeline.py
[2024-12-09T20:49:46.197+0000] {processor.py:914} INFO - Processing file /opt/airflow/dags/etl_data_pipeline.py for tasks to queue
[2024-12-09T20:49:46.199+0000] {logging_mixin.py:190} INFO - [2024-12-09T20:49:46.199+0000] {dagbag.py:588} INFO - Filling up the DagBag from /opt/airflow/dags/etl_data_pipeline.py
[2024-12-09T20:49:46.219+0000] {processor.py:925} INFO - DAG(s) 'etl_data_pipeline' retrieved from /opt/airflow/dags/etl_data_pipeline.py
[2024-12-09T20:49:46.236+0000] {logging_mixin.py:190} INFO - [2024-12-09T20:49:46.236+0000] {dag.py:3239} INFO - Sync 1 DAGs
[2024-12-09T20:49:46.256+0000] {logging_mixin.py:190} INFO - [2024-12-09T20:49:46.256+0000] {dag.py:4180} INFO - Setting next_dagrun for etl_data_pipeline to 2024-12-09 00:00:00+00:00, run_after=2024-12-10 00:00:00+00:00
[2024-12-09T20:49:46.275+0000] {processor.py:208} INFO - Processing /opt/airflow/dags/etl_data_pipeline.py took 0.085 seconds
[2024-12-09T20:50:19.319+0000] {processor.py:186} INFO - Started process (PID=3641) to work on /opt/airflow/dags/etl_data_pipeline.py
[2024-12-09T20:50:19.320+0000] {processor.py:914} INFO - Processing file /opt/airflow/dags/etl_data_pipeline.py for tasks to queue
[2024-12-09T20:50:19.325+0000] {logging_mixin.py:190} INFO - [2024-12-09T20:50:19.324+0000] {dagbag.py:588} INFO - Filling up the DagBag from /opt/airflow/dags/etl_data_pipeline.py
[2024-12-09T20:50:19.581+0000] {processor.py:925} INFO - DAG(s) 'etl_data_pipeline' retrieved from /opt/airflow/dags/etl_data_pipeline.py
[2024-12-09T20:50:19.606+0000] {logging_mixin.py:190} INFO - [2024-12-09T20:50:19.606+0000] {dag.py:3239} INFO - Sync 1 DAGs
[2024-12-09T20:50:19.640+0000] {logging_mixin.py:190} INFO - [2024-12-09T20:50:19.640+0000] {dag.py:4180} INFO - Setting next_dagrun for etl_data_pipeline to 2024-12-09 00:00:00+00:00, run_after=2024-12-10 00:00:00+00:00
[2024-12-09T20:50:19.672+0000] {processor.py:208} INFO - Processing /opt/airflow/dags/etl_data_pipeline.py took 0.363 seconds
[2024-12-09T20:50:50.345+0000] {processor.py:186} INFO - Started process (PID=3709) to work on /opt/airflow/dags/etl_data_pipeline.py
[2024-12-09T20:50:50.346+0000] {processor.py:914} INFO - Processing file /opt/airflow/dags/etl_data_pipeline.py for tasks to queue
[2024-12-09T20:50:50.348+0000] {logging_mixin.py:190} INFO - [2024-12-09T20:50:50.348+0000] {dagbag.py:588} INFO - Filling up the DagBag from /opt/airflow/dags/etl_data_pipeline.py
[2024-12-09T20:50:50.367+0000] {processor.py:925} INFO - DAG(s) 'etl_data_pipeline' retrieved from /opt/airflow/dags/etl_data_pipeline.py
[2024-12-09T20:50:50.383+0000] {logging_mixin.py:190} INFO - [2024-12-09T20:50:50.382+0000] {dag.py:3239} INFO - Sync 1 DAGs
[2024-12-09T20:50:50.401+0000] {logging_mixin.py:190} INFO - [2024-12-09T20:50:50.400+0000] {dag.py:4180} INFO - Setting next_dagrun for etl_data_pipeline to 2024-12-09 00:00:00+00:00, run_after=2024-12-10 00:00:00+00:00
[2024-12-09T20:50:50.416+0000] {processor.py:208} INFO - Processing /opt/airflow/dags/etl_data_pipeline.py took 0.075 seconds
[2024-12-09T20:51:21.231+0000] {processor.py:186} INFO - Started process (PID=3777) to work on /opt/airflow/dags/etl_data_pipeline.py
[2024-12-09T20:51:21.232+0000] {processor.py:914} INFO - Processing file /opt/airflow/dags/etl_data_pipeline.py for tasks to queue
[2024-12-09T20:51:21.233+0000] {logging_mixin.py:190} INFO - [2024-12-09T20:51:21.233+0000] {dagbag.py:588} INFO - Filling up the DagBag from /opt/airflow/dags/etl_data_pipeline.py
[2024-12-09T20:51:21.250+0000] {processor.py:925} INFO - DAG(s) 'etl_data_pipeline' retrieved from /opt/airflow/dags/etl_data_pipeline.py
[2024-12-09T20:51:21.267+0000] {logging_mixin.py:190} INFO - [2024-12-09T20:51:21.267+0000] {dag.py:3239} INFO - Sync 1 DAGs
[2024-12-09T20:51:21.285+0000] {logging_mixin.py:190} INFO - [2024-12-09T20:51:21.285+0000] {dag.py:4180} INFO - Setting next_dagrun for etl_data_pipeline to 2024-12-09 00:00:00+00:00, run_after=2024-12-10 00:00:00+00:00
[2024-12-09T20:51:21.301+0000] {processor.py:208} INFO - Processing /opt/airflow/dags/etl_data_pipeline.py took 0.075 seconds
[2024-12-09T20:51:52.098+0000] {processor.py:186} INFO - Started process (PID=3845) to work on /opt/airflow/dags/etl_data_pipeline.py
[2024-12-09T20:51:52.099+0000] {processor.py:914} INFO - Processing file /opt/airflow/dags/etl_data_pipeline.py for tasks to queue
[2024-12-09T20:51:52.101+0000] {logging_mixin.py:190} INFO - [2024-12-09T20:51:52.101+0000] {dagbag.py:588} INFO - Filling up the DagBag from /opt/airflow/dags/etl_data_pipeline.py
[2024-12-09T20:51:52.117+0000] {processor.py:925} INFO - DAG(s) 'etl_data_pipeline' retrieved from /opt/airflow/dags/etl_data_pipeline.py
[2024-12-09T20:51:52.133+0000] {logging_mixin.py:190} INFO - [2024-12-09T20:51:52.132+0000] {dag.py:3239} INFO - Sync 1 DAGs
[2024-12-09T20:51:52.152+0000] {logging_mixin.py:190} INFO - [2024-12-09T20:51:52.152+0000] {dag.py:4180} INFO - Setting next_dagrun for etl_data_pipeline to 2024-12-09 00:00:00+00:00, run_after=2024-12-10 00:00:00+00:00
[2024-12-09T20:51:52.165+0000] {processor.py:208} INFO - Processing /opt/airflow/dags/etl_data_pipeline.py took 0.072 seconds
[2024-12-09T20:52:22.954+0000] {processor.py:186} INFO - Started process (PID=3913) to work on /opt/airflow/dags/etl_data_pipeline.py
[2024-12-09T20:52:22.955+0000] {processor.py:914} INFO - Processing file /opt/airflow/dags/etl_data_pipeline.py for tasks to queue
[2024-12-09T20:52:22.957+0000] {logging_mixin.py:190} INFO - [2024-12-09T20:52:22.957+0000] {dagbag.py:588} INFO - Filling up the DagBag from /opt/airflow/dags/etl_data_pipeline.py
[2024-12-09T20:52:22.975+0000] {processor.py:925} INFO - DAG(s) 'etl_data_pipeline' retrieved from /opt/airflow/dags/etl_data_pipeline.py
[2024-12-09T20:52:22.992+0000] {logging_mixin.py:190} INFO - [2024-12-09T20:52:22.992+0000] {dag.py:3239} INFO - Sync 1 DAGs
[2024-12-09T20:52:23.011+0000] {logging_mixin.py:190} INFO - [2024-12-09T20:52:23.011+0000] {dag.py:4180} INFO - Setting next_dagrun for etl_data_pipeline to 2024-12-09 00:00:00+00:00, run_after=2024-12-10 00:00:00+00:00
[2024-12-09T20:52:23.027+0000] {processor.py:208} INFO - Processing /opt/airflow/dags/etl_data_pipeline.py took 0.078 seconds
[2024-12-09T20:52:53.124+0000] {processor.py:186} INFO - Started process (PID=3981) to work on /opt/airflow/dags/etl_data_pipeline.py
[2024-12-09T20:52:53.125+0000] {processor.py:914} INFO - Processing file /opt/airflow/dags/etl_data_pipeline.py for tasks to queue
[2024-12-09T20:52:53.127+0000] {logging_mixin.py:190} INFO - [2024-12-09T20:52:53.127+0000] {dagbag.py:588} INFO - Filling up the DagBag from /opt/airflow/dags/etl_data_pipeline.py
[2024-12-09T20:52:53.144+0000] {processor.py:925} INFO - DAG(s) 'etl_data_pipeline' retrieved from /opt/airflow/dags/etl_data_pipeline.py
[2024-12-09T20:52:53.160+0000] {logging_mixin.py:190} INFO - [2024-12-09T20:52:53.160+0000] {dag.py:3239} INFO - Sync 1 DAGs
[2024-12-09T20:52:53.179+0000] {logging_mixin.py:190} INFO - [2024-12-09T20:52:53.179+0000] {dag.py:4180} INFO - Setting next_dagrun for etl_data_pipeline to 2024-12-09 00:00:00+00:00, run_after=2024-12-10 00:00:00+00:00
[2024-12-09T20:52:53.193+0000] {processor.py:208} INFO - Processing /opt/airflow/dags/etl_data_pipeline.py took 0.074 seconds
[2024-12-09T20:53:23.751+0000] {processor.py:186} INFO - Started process (PID=4049) to work on /opt/airflow/dags/etl_data_pipeline.py
[2024-12-09T20:53:23.751+0000] {processor.py:914} INFO - Processing file /opt/airflow/dags/etl_data_pipeline.py for tasks to queue
[2024-12-09T20:53:23.753+0000] {logging_mixin.py:190} INFO - [2024-12-09T20:53:23.753+0000] {dagbag.py:588} INFO - Filling up the DagBag from /opt/airflow/dags/etl_data_pipeline.py
[2024-12-09T20:53:23.772+0000] {processor.py:925} INFO - DAG(s) 'etl_data_pipeline' retrieved from /opt/airflow/dags/etl_data_pipeline.py
[2024-12-09T20:53:23.787+0000] {logging_mixin.py:190} INFO - [2024-12-09T20:53:23.787+0000] {dag.py:3239} INFO - Sync 1 DAGs
[2024-12-09T20:53:23.805+0000] {logging_mixin.py:190} INFO - [2024-12-09T20:53:23.805+0000] {dag.py:4180} INFO - Setting next_dagrun for etl_data_pipeline to 2024-12-09 00:00:00+00:00, run_after=2024-12-10 00:00:00+00:00
[2024-12-09T20:53:23.820+0000] {processor.py:208} INFO - Processing /opt/airflow/dags/etl_data_pipeline.py took 0.074 seconds
[2024-12-09T20:53:54.431+0000] {processor.py:186} INFO - Started process (PID=4117) to work on /opt/airflow/dags/etl_data_pipeline.py
[2024-12-09T20:53:54.432+0000] {processor.py:914} INFO - Processing file /opt/airflow/dags/etl_data_pipeline.py for tasks to queue
[2024-12-09T20:53:54.434+0000] {logging_mixin.py:190} INFO - [2024-12-09T20:53:54.434+0000] {dagbag.py:588} INFO - Filling up the DagBag from /opt/airflow/dags/etl_data_pipeline.py
[2024-12-09T20:53:54.454+0000] {processor.py:925} INFO - DAG(s) 'etl_data_pipeline' retrieved from /opt/airflow/dags/etl_data_pipeline.py
[2024-12-09T20:53:54.472+0000] {logging_mixin.py:190} INFO - [2024-12-09T20:53:54.471+0000] {dag.py:3239} INFO - Sync 1 DAGs
[2024-12-09T20:53:54.492+0000] {logging_mixin.py:190} INFO - [2024-12-09T20:53:54.492+0000] {dag.py:4180} INFO - Setting next_dagrun for etl_data_pipeline to 2024-12-09 00:00:00+00:00, run_after=2024-12-10 00:00:00+00:00
[2024-12-09T20:53:54.509+0000] {processor.py:208} INFO - Processing /opt/airflow/dags/etl_data_pipeline.py took 0.084 seconds
[2024-12-09T20:54:25.082+0000] {processor.py:186} INFO - Started process (PID=4185) to work on /opt/airflow/dags/etl_data_pipeline.py
[2024-12-09T20:54:25.083+0000] {processor.py:914} INFO - Processing file /opt/airflow/dags/etl_data_pipeline.py for tasks to queue
[2024-12-09T20:54:25.085+0000] {logging_mixin.py:190} INFO - [2024-12-09T20:54:25.085+0000] {dagbag.py:588} INFO - Filling up the DagBag from /opt/airflow/dags/etl_data_pipeline.py
[2024-12-09T20:54:25.103+0000] {processor.py:925} INFO - DAG(s) 'etl_data_pipeline' retrieved from /opt/airflow/dags/etl_data_pipeline.py
[2024-12-09T20:54:25.119+0000] {logging_mixin.py:190} INFO - [2024-12-09T20:54:25.118+0000] {dag.py:3239} INFO - Sync 1 DAGs
[2024-12-09T20:54:25.137+0000] {logging_mixin.py:190} INFO - [2024-12-09T20:54:25.137+0000] {dag.py:4180} INFO - Setting next_dagrun for etl_data_pipeline to 2024-12-09 00:00:00+00:00, run_after=2024-12-10 00:00:00+00:00
[2024-12-09T20:54:25.153+0000] {processor.py:208} INFO - Processing /opt/airflow/dags/etl_data_pipeline.py took 0.076 seconds
[2024-12-09T20:54:55.856+0000] {processor.py:186} INFO - Started process (PID=4253) to work on /opt/airflow/dags/etl_data_pipeline.py
[2024-12-09T20:54:55.857+0000] {processor.py:914} INFO - Processing file /opt/airflow/dags/etl_data_pipeline.py for tasks to queue
[2024-12-09T20:54:55.859+0000] {logging_mixin.py:190} INFO - [2024-12-09T20:54:55.858+0000] {dagbag.py:588} INFO - Filling up the DagBag from /opt/airflow/dags/etl_data_pipeline.py
[2024-12-09T20:54:55.873+0000] {processor.py:925} INFO - DAG(s) 'etl_data_pipeline' retrieved from /opt/airflow/dags/etl_data_pipeline.py
[2024-12-09T20:54:55.890+0000] {logging_mixin.py:190} INFO - [2024-12-09T20:54:55.889+0000] {dag.py:3239} INFO - Sync 1 DAGs
[2024-12-09T20:54:55.912+0000] {logging_mixin.py:190} INFO - [2024-12-09T20:54:55.912+0000] {dag.py:4180} INFO - Setting next_dagrun for etl_data_pipeline to 2024-12-09 00:00:00+00:00, run_after=2024-12-10 00:00:00+00:00
[2024-12-09T20:54:55.925+0000] {processor.py:208} INFO - Processing /opt/airflow/dags/etl_data_pipeline.py took 0.074 seconds
[2024-12-09T20:55:26.246+0000] {processor.py:186} INFO - Started process (PID=4321) to work on /opt/airflow/dags/etl_data_pipeline.py
[2024-12-09T20:55:26.247+0000] {processor.py:914} INFO - Processing file /opt/airflow/dags/etl_data_pipeline.py for tasks to queue
[2024-12-09T20:55:26.249+0000] {logging_mixin.py:190} INFO - [2024-12-09T20:55:26.248+0000] {dagbag.py:588} INFO - Filling up the DagBag from /opt/airflow/dags/etl_data_pipeline.py
[2024-12-09T20:55:26.267+0000] {processor.py:925} INFO - DAG(s) 'etl_data_pipeline' retrieved from /opt/airflow/dags/etl_data_pipeline.py
[2024-12-09T20:55:26.283+0000] {logging_mixin.py:190} INFO - [2024-12-09T20:55:26.282+0000] {dag.py:3239} INFO - Sync 1 DAGs
[2024-12-09T20:55:26.302+0000] {logging_mixin.py:190} INFO - [2024-12-09T20:55:26.301+0000] {dag.py:4180} INFO - Setting next_dagrun for etl_data_pipeline to 2024-12-09 00:00:00+00:00, run_after=2024-12-10 00:00:00+00:00
[2024-12-09T20:55:26.315+0000] {processor.py:208} INFO - Processing /opt/airflow/dags/etl_data_pipeline.py took 0.074 seconds
[2024-12-09T20:55:57.135+0000] {processor.py:186} INFO - Started process (PID=4388) to work on /opt/airflow/dags/etl_data_pipeline.py
[2024-12-09T20:55:57.137+0000] {processor.py:914} INFO - Processing file /opt/airflow/dags/etl_data_pipeline.py for tasks to queue
[2024-12-09T20:55:57.145+0000] {logging_mixin.py:190} INFO - [2024-12-09T20:55:57.144+0000] {dagbag.py:588} INFO - Filling up the DagBag from /opt/airflow/dags/etl_data_pipeline.py
[2024-12-09T20:55:57.170+0000] {processor.py:925} INFO - DAG(s) 'etl_data_pipeline' retrieved from /opt/airflow/dags/etl_data_pipeline.py
[2024-12-09T20:55:57.212+0000] {logging_mixin.py:190} INFO - [2024-12-09T20:55:57.211+0000] {dag.py:3239} INFO - Sync 1 DAGs
[2024-12-09T20:55:57.251+0000] {logging_mixin.py:190} INFO - [2024-12-09T20:55:57.251+0000] {dag.py:4180} INFO - Setting next_dagrun for etl_data_pipeline to 2024-12-09 00:00:00+00:00, run_after=2024-12-10 00:00:00+00:00
[2024-12-09T20:55:57.275+0000] {processor.py:208} INFO - Processing /opt/airflow/dags/etl_data_pipeline.py took 0.148 seconds
[2024-12-09T20:56:28.035+0000] {processor.py:186} INFO - Started process (PID=4456) to work on /opt/airflow/dags/etl_data_pipeline.py
[2024-12-09T20:56:28.036+0000] {processor.py:914} INFO - Processing file /opt/airflow/dags/etl_data_pipeline.py for tasks to queue
[2024-12-09T20:56:28.038+0000] {logging_mixin.py:190} INFO - [2024-12-09T20:56:28.038+0000] {dagbag.py:588} INFO - Filling up the DagBag from /opt/airflow/dags/etl_data_pipeline.py
[2024-12-09T20:56:28.059+0000] {processor.py:925} INFO - DAG(s) 'etl_data_pipeline' retrieved from /opt/airflow/dags/etl_data_pipeline.py
[2024-12-09T20:56:28.076+0000] {logging_mixin.py:190} INFO - [2024-12-09T20:56:28.075+0000] {dag.py:3239} INFO - Sync 1 DAGs
[2024-12-09T20:56:28.094+0000] {logging_mixin.py:190} INFO - [2024-12-09T20:56:28.094+0000] {dag.py:4180} INFO - Setting next_dagrun for etl_data_pipeline to 2024-12-09 00:00:00+00:00, run_after=2024-12-10 00:00:00+00:00
[2024-12-09T20:56:28.107+0000] {processor.py:208} INFO - Processing /opt/airflow/dags/etl_data_pipeline.py took 0.077 seconds
[2024-12-09T20:56:58.941+0000] {processor.py:186} INFO - Started process (PID=4524) to work on /opt/airflow/dags/etl_data_pipeline.py
[2024-12-09T20:56:58.942+0000] {processor.py:914} INFO - Processing file /opt/airflow/dags/etl_data_pipeline.py for tasks to queue
[2024-12-09T20:56:58.944+0000] {logging_mixin.py:190} INFO - [2024-12-09T20:56:58.943+0000] {dagbag.py:588} INFO - Filling up the DagBag from /opt/airflow/dags/etl_data_pipeline.py
[2024-12-09T20:56:58.960+0000] {processor.py:925} INFO - DAG(s) 'etl_data_pipeline' retrieved from /opt/airflow/dags/etl_data_pipeline.py
[2024-12-09T20:56:58.976+0000] {logging_mixin.py:190} INFO - [2024-12-09T20:56:58.975+0000] {dag.py:3239} INFO - Sync 1 DAGs
[2024-12-09T20:56:58.992+0000] {logging_mixin.py:190} INFO - [2024-12-09T20:56:58.992+0000] {dag.py:4180} INFO - Setting next_dagrun for etl_data_pipeline to 2024-12-09 00:00:00+00:00, run_after=2024-12-10 00:00:00+00:00
[2024-12-09T20:56:59.006+0000] {processor.py:208} INFO - Processing /opt/airflow/dags/etl_data_pipeline.py took 0.071 seconds
[2024-12-09T20:57:29.808+0000] {processor.py:186} INFO - Started process (PID=4592) to work on /opt/airflow/dags/etl_data_pipeline.py
[2024-12-09T20:57:29.809+0000] {processor.py:914} INFO - Processing file /opt/airflow/dags/etl_data_pipeline.py for tasks to queue
[2024-12-09T20:57:29.811+0000] {logging_mixin.py:190} INFO - [2024-12-09T20:57:29.811+0000] {dagbag.py:588} INFO - Filling up the DagBag from /opt/airflow/dags/etl_data_pipeline.py
[2024-12-09T20:57:29.829+0000] {processor.py:925} INFO - DAG(s) 'etl_data_pipeline' retrieved from /opt/airflow/dags/etl_data_pipeline.py
[2024-12-09T20:57:29.844+0000] {logging_mixin.py:190} INFO - [2024-12-09T20:57:29.844+0000] {dag.py:3239} INFO - Sync 1 DAGs
[2024-12-09T20:57:29.863+0000] {logging_mixin.py:190} INFO - [2024-12-09T20:57:29.863+0000] {dag.py:4180} INFO - Setting next_dagrun for etl_data_pipeline to 2024-12-09 00:00:00+00:00, run_after=2024-12-10 00:00:00+00:00
[2024-12-09T20:57:29.879+0000] {processor.py:208} INFO - Processing /opt/airflow/dags/etl_data_pipeline.py took 0.076 seconds
[2024-12-09T20:58:00.824+0000] {processor.py:186} INFO - Started process (PID=4660) to work on /opt/airflow/dags/etl_data_pipeline.py
[2024-12-09T20:58:00.825+0000] {processor.py:914} INFO - Processing file /opt/airflow/dags/etl_data_pipeline.py for tasks to queue
[2024-12-09T20:58:00.827+0000] {logging_mixin.py:190} INFO - [2024-12-09T20:58:00.827+0000] {dagbag.py:588} INFO - Filling up the DagBag from /opt/airflow/dags/etl_data_pipeline.py
[2024-12-09T20:58:00.844+0000] {processor.py:925} INFO - DAG(s) 'etl_data_pipeline' retrieved from /opt/airflow/dags/etl_data_pipeline.py
[2024-12-09T20:58:00.859+0000] {logging_mixin.py:190} INFO - [2024-12-09T20:58:00.859+0000] {dag.py:3239} INFO - Sync 1 DAGs
[2024-12-09T20:58:00.877+0000] {logging_mixin.py:190} INFO - [2024-12-09T20:58:00.877+0000] {dag.py:4180} INFO - Setting next_dagrun for etl_data_pipeline to 2024-12-09 00:00:00+00:00, run_after=2024-12-10 00:00:00+00:00
[2024-12-09T20:58:00.893+0000] {processor.py:208} INFO - Processing /opt/airflow/dags/etl_data_pipeline.py took 0.073 seconds
[2024-12-09T20:58:31.853+0000] {processor.py:186} INFO - Started process (PID=4728) to work on /opt/airflow/dags/etl_data_pipeline.py
[2024-12-09T20:58:31.854+0000] {processor.py:914} INFO - Processing file /opt/airflow/dags/etl_data_pipeline.py for tasks to queue
[2024-12-09T20:58:31.856+0000] {logging_mixin.py:190} INFO - [2024-12-09T20:58:31.856+0000] {dagbag.py:588} INFO - Filling up the DagBag from /opt/airflow/dags/etl_data_pipeline.py
[2024-12-09T20:58:31.872+0000] {processor.py:925} INFO - DAG(s) 'etl_data_pipeline' retrieved from /opt/airflow/dags/etl_data_pipeline.py
[2024-12-09T20:58:31.889+0000] {logging_mixin.py:190} INFO - [2024-12-09T20:58:31.888+0000] {dag.py:3239} INFO - Sync 1 DAGs
[2024-12-09T20:58:31.906+0000] {logging_mixin.py:190} INFO - [2024-12-09T20:58:31.905+0000] {dag.py:4180} INFO - Setting next_dagrun for etl_data_pipeline to 2024-12-09 00:00:00+00:00, run_after=2024-12-10 00:00:00+00:00
[2024-12-09T20:58:31.919+0000] {processor.py:208} INFO - Processing /opt/airflow/dags/etl_data_pipeline.py took 0.071 seconds
[2024-12-09T20:59:02.768+0000] {processor.py:186} INFO - Started process (PID=4796) to work on /opt/airflow/dags/etl_data_pipeline.py
[2024-12-09T20:59:02.769+0000] {processor.py:914} INFO - Processing file /opt/airflow/dags/etl_data_pipeline.py for tasks to queue
[2024-12-09T20:59:02.771+0000] {logging_mixin.py:190} INFO - [2024-12-09T20:59:02.771+0000] {dagbag.py:588} INFO - Filling up the DagBag from /opt/airflow/dags/etl_data_pipeline.py
[2024-12-09T20:59:02.789+0000] {processor.py:925} INFO - DAG(s) 'etl_data_pipeline' retrieved from /opt/airflow/dags/etl_data_pipeline.py
[2024-12-09T20:59:02.804+0000] {logging_mixin.py:190} INFO - [2024-12-09T20:59:02.804+0000] {dag.py:3239} INFO - Sync 1 DAGs
[2024-12-09T20:59:02.825+0000] {logging_mixin.py:190} INFO - [2024-12-09T20:59:02.825+0000] {dag.py:4180} INFO - Setting next_dagrun for etl_data_pipeline to 2024-12-09 00:00:00+00:00, run_after=2024-12-10 00:00:00+00:00
[2024-12-09T20:59:02.838+0000] {processor.py:208} INFO - Processing /opt/airflow/dags/etl_data_pipeline.py took 0.075 seconds
[2024-12-09T21:00:15.636+0000] {processor.py:186} INFO - Started process (PID=71) to work on /opt/airflow/dags/etl_data_pipeline.py
[2024-12-09T21:00:15.637+0000] {processor.py:914} INFO - Processing file /opt/airflow/dags/etl_data_pipeline.py for tasks to queue
[2024-12-09T21:00:15.640+0000] {logging_mixin.py:190} INFO - [2024-12-09T21:00:15.640+0000] {dagbag.py:588} INFO - Filling up the DagBag from /opt/airflow/dags/etl_data_pipeline.py
[2024-12-09T21:00:15.671+0000] {processor.py:925} INFO - DAG(s) 'etl_data_pipeline' retrieved from /opt/airflow/dags/etl_data_pipeline.py
[2024-12-09T21:00:15.710+0000] {logging_mixin.py:190} INFO - [2024-12-09T21:00:15.709+0000] {dag.py:3239} INFO - Sync 1 DAGs
[2024-12-09T21:00:15.734+0000] {logging_mixin.py:190} INFO - [2024-12-09T21:00:15.733+0000] {dag.py:4180} INFO - Setting next_dagrun for etl_data_pipeline to 2024-12-09 00:00:00+00:00, run_after=2024-12-10 00:00:00+00:00
[2024-12-09T21:00:15.753+0000] {processor.py:208} INFO - Processing /opt/airflow/dags/etl_data_pipeline.py took 0.126 seconds
[2024-12-09T21:00:45.858+0000] {processor.py:186} INFO - Started process (PID=143) to work on /opt/airflow/dags/etl_data_pipeline.py
[2024-12-09T21:00:45.859+0000] {processor.py:914} INFO - Processing file /opt/airflow/dags/etl_data_pipeline.py for tasks to queue
[2024-12-09T21:00:45.861+0000] {logging_mixin.py:190} INFO - [2024-12-09T21:00:45.861+0000] {dagbag.py:588} INFO - Filling up the DagBag from /opt/airflow/dags/etl_data_pipeline.py
[2024-12-09T21:00:45.880+0000] {processor.py:925} INFO - DAG(s) 'etl_data_pipeline' retrieved from /opt/airflow/dags/etl_data_pipeline.py
[2024-12-09T21:00:45.900+0000] {logging_mixin.py:190} INFO - [2024-12-09T21:00:45.899+0000] {dag.py:3239} INFO - Sync 1 DAGs
[2024-12-09T21:00:45.919+0000] {logging_mixin.py:190} INFO - [2024-12-09T21:00:45.919+0000] {dag.py:4180} INFO - Setting next_dagrun for etl_data_pipeline to 2024-12-09 00:00:00+00:00, run_after=2024-12-10 00:00:00+00:00
[2024-12-09T21:00:45.934+0000] {processor.py:208} INFO - Processing /opt/airflow/dags/etl_data_pipeline.py took 0.083 seconds
[2024-12-09T21:01:16.739+0000] {processor.py:186} INFO - Started process (PID=211) to work on /opt/airflow/dags/etl_data_pipeline.py
[2024-12-09T21:01:16.740+0000] {processor.py:914} INFO - Processing file /opt/airflow/dags/etl_data_pipeline.py for tasks to queue
[2024-12-09T21:01:16.742+0000] {logging_mixin.py:190} INFO - [2024-12-09T21:01:16.742+0000] {dagbag.py:588} INFO - Filling up the DagBag from /opt/airflow/dags/etl_data_pipeline.py
[2024-12-09T21:01:16.759+0000] {processor.py:925} INFO - DAG(s) 'etl_data_pipeline' retrieved from /opt/airflow/dags/etl_data_pipeline.py
[2024-12-09T21:01:16.777+0000] {logging_mixin.py:190} INFO - [2024-12-09T21:01:16.776+0000] {dag.py:3239} INFO - Sync 1 DAGs
[2024-12-09T21:01:16.794+0000] {logging_mixin.py:190} INFO - [2024-12-09T21:01:16.794+0000] {dag.py:4180} INFO - Setting next_dagrun for etl_data_pipeline to 2024-12-09 00:00:00+00:00, run_after=2024-12-10 00:00:00+00:00
[2024-12-09T21:01:16.811+0000] {processor.py:208} INFO - Processing /opt/airflow/dags/etl_data_pipeline.py took 0.077 seconds
[2024-12-09T21:01:47.423+0000] {processor.py:186} INFO - Started process (PID=281) to work on /opt/airflow/dags/etl_data_pipeline.py
[2024-12-09T21:01:47.424+0000] {processor.py:914} INFO - Processing file /opt/airflow/dags/etl_data_pipeline.py for tasks to queue
[2024-12-09T21:01:47.426+0000] {logging_mixin.py:190} INFO - [2024-12-09T21:01:47.426+0000] {dagbag.py:588} INFO - Filling up the DagBag from /opt/airflow/dags/etl_data_pipeline.py
[2024-12-09T21:01:47.444+0000] {processor.py:925} INFO - DAG(s) 'etl_data_pipeline' retrieved from /opt/airflow/dags/etl_data_pipeline.py
[2024-12-09T21:01:47.462+0000] {logging_mixin.py:190} INFO - [2024-12-09T21:01:47.462+0000] {dag.py:3239} INFO - Sync 1 DAGs
[2024-12-09T21:01:47.479+0000] {logging_mixin.py:190} INFO - [2024-12-09T21:01:47.479+0000] {dag.py:4180} INFO - Setting next_dagrun for etl_data_pipeline to 2024-12-09 00:00:00+00:00, run_after=2024-12-10 00:00:00+00:00
[2024-12-09T21:01:47.494+0000] {processor.py:208} INFO - Processing /opt/airflow/dags/etl_data_pipeline.py took 0.076 seconds
[2024-12-09T21:02:18.026+0000] {processor.py:186} INFO - Started process (PID=354) to work on /opt/airflow/dags/etl_data_pipeline.py
[2024-12-09T21:02:18.027+0000] {processor.py:914} INFO - Processing file /opt/airflow/dags/etl_data_pipeline.py for tasks to queue
[2024-12-09T21:02:18.030+0000] {logging_mixin.py:190} INFO - [2024-12-09T21:02:18.029+0000] {dagbag.py:588} INFO - Filling up the DagBag from /opt/airflow/dags/etl_data_pipeline.py
[2024-12-09T21:02:18.050+0000] {processor.py:925} INFO - DAG(s) 'etl_data_pipeline' retrieved from /opt/airflow/dags/etl_data_pipeline.py
[2024-12-09T21:02:18.066+0000] {logging_mixin.py:190} INFO - [2024-12-09T21:02:18.066+0000] {dag.py:3239} INFO - Sync 1 DAGs
[2024-12-09T21:02:18.084+0000] {logging_mixin.py:190} INFO - [2024-12-09T21:02:18.084+0000] {dag.py:4180} INFO - Setting next_dagrun for etl_data_pipeline to 2024-12-09 00:00:00+00:00, run_after=2024-12-10 00:00:00+00:00
[2024-12-09T21:02:18.101+0000] {processor.py:208} INFO - Processing /opt/airflow/dags/etl_data_pipeline.py took 0.080 seconds
[2024-12-09T21:02:48.620+0000] {processor.py:186} INFO - Started process (PID=428) to work on /opt/airflow/dags/etl_data_pipeline.py
[2024-12-09T21:02:48.621+0000] {processor.py:914} INFO - Processing file /opt/airflow/dags/etl_data_pipeline.py for tasks to queue
[2024-12-09T21:02:48.623+0000] {logging_mixin.py:190} INFO - [2024-12-09T21:02:48.623+0000] {dagbag.py:588} INFO - Filling up the DagBag from /opt/airflow/dags/etl_data_pipeline.py
[2024-12-09T21:02:48.641+0000] {processor.py:925} INFO - DAG(s) 'etl_data_pipeline' retrieved from /opt/airflow/dags/etl_data_pipeline.py
[2024-12-09T21:02:48.656+0000] {logging_mixin.py:190} INFO - [2024-12-09T21:02:48.656+0000] {dag.py:3239} INFO - Sync 1 DAGs
[2024-12-09T21:02:48.674+0000] {logging_mixin.py:190} INFO - [2024-12-09T21:02:48.673+0000] {dag.py:4180} INFO - Setting next_dagrun for etl_data_pipeline to 2024-12-09 00:00:00+00:00, run_after=2024-12-10 00:00:00+00:00
[2024-12-09T21:02:48.686+0000] {processor.py:208} INFO - Processing /opt/airflow/dags/etl_data_pipeline.py took 0.072 seconds
[2024-12-09T21:03:19.609+0000] {processor.py:186} INFO - Started process (PID=496) to work on /opt/airflow/dags/etl_data_pipeline.py
[2024-12-09T21:03:19.610+0000] {processor.py:914} INFO - Processing file /opt/airflow/dags/etl_data_pipeline.py for tasks to queue
[2024-12-09T21:03:19.612+0000] {logging_mixin.py:190} INFO - [2024-12-09T21:03:19.612+0000] {dagbag.py:588} INFO - Filling up the DagBag from /opt/airflow/dags/etl_data_pipeline.py
[2024-12-09T21:03:19.630+0000] {processor.py:925} INFO - DAG(s) 'etl_data_pipeline' retrieved from /opt/airflow/dags/etl_data_pipeline.py
[2024-12-09T21:03:19.647+0000] {logging_mixin.py:190} INFO - [2024-12-09T21:03:19.647+0000] {dag.py:3239} INFO - Sync 1 DAGs
[2024-12-09T21:03:19.666+0000] {logging_mixin.py:190} INFO - [2024-12-09T21:03:19.665+0000] {dag.py:4180} INFO - Setting next_dagrun for etl_data_pipeline to 2024-12-09 00:00:00+00:00, run_after=2024-12-10 00:00:00+00:00
[2024-12-09T21:03:19.681+0000] {processor.py:208} INFO - Processing /opt/airflow/dags/etl_data_pipeline.py took 0.077 seconds
[2024-12-09T21:03:50.466+0000] {processor.py:186} INFO - Started process (PID=564) to work on /opt/airflow/dags/etl_data_pipeline.py
[2024-12-09T21:03:50.467+0000] {processor.py:914} INFO - Processing file /opt/airflow/dags/etl_data_pipeline.py for tasks to queue
[2024-12-09T21:03:50.469+0000] {logging_mixin.py:190} INFO - [2024-12-09T21:03:50.468+0000] {dagbag.py:588} INFO - Filling up the DagBag from /opt/airflow/dags/etl_data_pipeline.py
[2024-12-09T21:03:50.486+0000] {processor.py:925} INFO - DAG(s) 'etl_data_pipeline' retrieved from /opt/airflow/dags/etl_data_pipeline.py
[2024-12-09T21:03:50.503+0000] {logging_mixin.py:190} INFO - [2024-12-09T21:03:50.502+0000] {dag.py:3239} INFO - Sync 1 DAGs
[2024-12-09T21:03:50.519+0000] {logging_mixin.py:190} INFO - [2024-12-09T21:03:50.519+0000] {dag.py:4180} INFO - Setting next_dagrun for etl_data_pipeline to 2024-12-09 00:00:00+00:00, run_after=2024-12-10 00:00:00+00:00
[2024-12-09T21:03:50.532+0000] {processor.py:208} INFO - Processing /opt/airflow/dags/etl_data_pipeline.py took 0.071 seconds
