[2024-12-09T20:10:07.655+0000] {processor.py:186} INFO - Started process (PID=77) to work on /opt/airflow/dags/show_date.py
[2024-12-09T20:10:07.657+0000] {processor.py:914} INFO - Processing file /opt/airflow/dags/show_date.py for tasks to queue
[2024-12-09T20:10:07.664+0000] {logging_mixin.py:190} INFO - [2024-12-09T20:10:07.663+0000] {dagbag.py:588} INFO - Filling up the DagBag from /opt/airflow/dags/show_date.py
[2024-12-09T20:10:07.698+0000] {processor.py:925} INFO - DAG(s) 'show_date' retrieved from /opt/airflow/dags/show_date.py
[2024-12-09T20:10:07.735+0000] {logging_mixin.py:190} INFO - [2024-12-09T20:10:07.735+0000] {dag.py:3239} INFO - Sync 1 DAGs
[2024-12-09T20:10:07.770+0000] {logging_mixin.py:190} INFO - [2024-12-09T20:10:07.770+0000] {dag.py:4180} INFO - Setting next_dagrun for show_date to 2024-12-08 00:00:00+00:00, run_after=2024-12-09 00:00:00+00:00
[2024-12-09T20:10:07.804+0000] {processor.py:208} INFO - Processing /opt/airflow/dags/show_date.py took 0.162 seconds
[2024-12-09T20:24:17.958+0000] {processor.py:186} INFO - Started process (PID=77) to work on /opt/airflow/dags/show_date.py
[2024-12-09T20:24:17.959+0000] {processor.py:914} INFO - Processing file /opt/airflow/dags/show_date.py for tasks to queue
[2024-12-09T20:24:17.962+0000] {logging_mixin.py:190} INFO - [2024-12-09T20:24:17.961+0000] {dagbag.py:588} INFO - Filling up the DagBag from /opt/airflow/dags/show_date.py
[2024-12-09T20:24:17.982+0000] {processor.py:925} INFO - DAG(s) 'show_date' retrieved from /opt/airflow/dags/show_date.py
[2024-12-09T20:24:18.016+0000] {logging_mixin.py:190} INFO - [2024-12-09T20:24:18.016+0000] {dag.py:3239} INFO - Sync 1 DAGs
[2024-12-09T20:24:18.040+0000] {logging_mixin.py:190} INFO - [2024-12-09T20:24:18.040+0000] {dag.py:4180} INFO - Setting next_dagrun for show_date to 2024-12-08 00:00:00+00:00, run_after=2024-12-09 00:00:00+00:00
[2024-12-09T20:24:18.130+0000] {processor.py:208} INFO - Processing /opt/airflow/dags/show_date.py took 0.178 seconds
[2024-12-09T20:24:48.299+0000] {processor.py:186} INFO - Started process (PID=166) to work on /opt/airflow/dags/show_date.py
[2024-12-09T20:24:48.300+0000] {processor.py:914} INFO - Processing file /opt/airflow/dags/show_date.py for tasks to queue
[2024-12-09T20:24:48.302+0000] {logging_mixin.py:190} INFO - [2024-12-09T20:24:48.302+0000] {dagbag.py:588} INFO - Filling up the DagBag from /opt/airflow/dags/show_date.py
[2024-12-09T20:24:48.318+0000] {processor.py:925} INFO - DAG(s) 'show_date' retrieved from /opt/airflow/dags/show_date.py
[2024-12-09T20:24:48.338+0000] {logging_mixin.py:190} INFO - [2024-12-09T20:24:48.338+0000] {dag.py:3239} INFO - Sync 1 DAGs
[2024-12-09T20:24:48.359+0000] {logging_mixin.py:190} INFO - [2024-12-09T20:24:48.359+0000] {dag.py:4180} INFO - Setting next_dagrun for show_date to 2024-12-08 00:00:00+00:00, run_after=2024-12-09 00:00:00+00:00
[2024-12-09T20:24:48.377+0000] {processor.py:208} INFO - Processing /opt/airflow/dags/show_date.py took 0.083 seconds
[2024-12-09T20:25:19.007+0000] {processor.py:186} INFO - Started process (PID=234) to work on /opt/airflow/dags/show_date.py
[2024-12-09T20:25:19.008+0000] {processor.py:914} INFO - Processing file /opt/airflow/dags/show_date.py for tasks to queue
[2024-12-09T20:25:19.010+0000] {logging_mixin.py:190} INFO - [2024-12-09T20:25:19.010+0000] {dagbag.py:588} INFO - Filling up the DagBag from /opt/airflow/dags/show_date.py
[2024-12-09T20:25:19.023+0000] {processor.py:925} INFO - DAG(s) 'show_date' retrieved from /opt/airflow/dags/show_date.py
[2024-12-09T20:25:19.038+0000] {logging_mixin.py:190} INFO - [2024-12-09T20:25:19.038+0000] {dag.py:3239} INFO - Sync 1 DAGs
[2024-12-09T20:25:19.056+0000] {logging_mixin.py:190} INFO - [2024-12-09T20:25:19.056+0000] {dag.py:4180} INFO - Setting next_dagrun for show_date to 2024-12-08 00:00:00+00:00, run_after=2024-12-09 00:00:00+00:00
[2024-12-09T20:25:19.071+0000] {processor.py:208} INFO - Processing /opt/airflow/dags/show_date.py took 0.069 seconds
[2024-12-09T20:25:49.584+0000] {processor.py:186} INFO - Started process (PID=302) to work on /opt/airflow/dags/show_date.py
[2024-12-09T20:25:49.585+0000] {processor.py:914} INFO - Processing file /opt/airflow/dags/show_date.py for tasks to queue
[2024-12-09T20:25:49.587+0000] {logging_mixin.py:190} INFO - [2024-12-09T20:25:49.586+0000] {dagbag.py:588} INFO - Filling up the DagBag from /opt/airflow/dags/show_date.py
[2024-12-09T20:25:49.600+0000] {processor.py:925} INFO - DAG(s) 'show_date' retrieved from /opt/airflow/dags/show_date.py
[2024-12-09T20:25:49.616+0000] {logging_mixin.py:190} INFO - [2024-12-09T20:25:49.615+0000] {dag.py:3239} INFO - Sync 1 DAGs
[2024-12-09T20:25:49.633+0000] {logging_mixin.py:190} INFO - [2024-12-09T20:25:49.633+0000] {dag.py:4180} INFO - Setting next_dagrun for show_date to 2024-12-08 00:00:00+00:00, run_after=2024-12-09 00:00:00+00:00
[2024-12-09T20:25:49.648+0000] {processor.py:208} INFO - Processing /opt/airflow/dags/show_date.py took 0.069 seconds
[2024-12-09T20:26:20.223+0000] {processor.py:186} INFO - Started process (PID=370) to work on /opt/airflow/dags/show_date.py
[2024-12-09T20:26:20.224+0000] {processor.py:914} INFO - Processing file /opt/airflow/dags/show_date.py for tasks to queue
[2024-12-09T20:26:20.226+0000] {logging_mixin.py:190} INFO - [2024-12-09T20:26:20.226+0000] {dagbag.py:588} INFO - Filling up the DagBag from /opt/airflow/dags/show_date.py
[2024-12-09T20:26:20.238+0000] {processor.py:925} INFO - DAG(s) 'show_date' retrieved from /opt/airflow/dags/show_date.py
[2024-12-09T20:26:20.253+0000] {logging_mixin.py:190} INFO - [2024-12-09T20:26:20.253+0000] {dag.py:3239} INFO - Sync 1 DAGs
[2024-12-09T20:26:20.271+0000] {logging_mixin.py:190} INFO - [2024-12-09T20:26:20.271+0000] {dag.py:4180} INFO - Setting next_dagrun for show_date to 2024-12-08 00:00:00+00:00, run_after=2024-12-09 00:00:00+00:00
[2024-12-09T20:26:20.284+0000] {processor.py:208} INFO - Processing /opt/airflow/dags/show_date.py took 0.065 seconds
[2024-12-09T20:26:50.702+0000] {processor.py:186} INFO - Started process (PID=438) to work on /opt/airflow/dags/show_date.py
[2024-12-09T20:26:50.703+0000] {processor.py:914} INFO - Processing file /opt/airflow/dags/show_date.py for tasks to queue
[2024-12-09T20:26:50.705+0000] {logging_mixin.py:190} INFO - [2024-12-09T20:26:50.704+0000] {dagbag.py:588} INFO - Filling up the DagBag from /opt/airflow/dags/show_date.py
[2024-12-09T20:26:50.719+0000] {processor.py:925} INFO - DAG(s) 'show_date' retrieved from /opt/airflow/dags/show_date.py
[2024-12-09T20:26:50.736+0000] {logging_mixin.py:190} INFO - [2024-12-09T20:26:50.735+0000] {dag.py:3239} INFO - Sync 1 DAGs
[2024-12-09T20:26:50.755+0000] {logging_mixin.py:190} INFO - [2024-12-09T20:26:50.755+0000] {dag.py:4180} INFO - Setting next_dagrun for show_date to 2024-12-08 00:00:00+00:00, run_after=2024-12-09 00:00:00+00:00
[2024-12-09T20:26:50.774+0000] {processor.py:208} INFO - Processing /opt/airflow/dags/show_date.py took 0.077 seconds
[2024-12-09T20:27:21.232+0000] {processor.py:186} INFO - Started process (PID=506) to work on /opt/airflow/dags/show_date.py
[2024-12-09T20:27:21.233+0000] {processor.py:914} INFO - Processing file /opt/airflow/dags/show_date.py for tasks to queue
[2024-12-09T20:27:21.235+0000] {logging_mixin.py:190} INFO - [2024-12-09T20:27:21.235+0000] {dagbag.py:588} INFO - Filling up the DagBag from /opt/airflow/dags/show_date.py
[2024-12-09T20:27:21.251+0000] {processor.py:925} INFO - DAG(s) 'show_date' retrieved from /opt/airflow/dags/show_date.py
[2024-12-09T20:27:21.267+0000] {logging_mixin.py:190} INFO - [2024-12-09T20:27:21.267+0000] {dag.py:3239} INFO - Sync 1 DAGs
[2024-12-09T20:27:21.286+0000] {logging_mixin.py:190} INFO - [2024-12-09T20:27:21.286+0000] {dag.py:4180} INFO - Setting next_dagrun for show_date to 2024-12-08 00:00:00+00:00, run_after=2024-12-09 00:00:00+00:00
[2024-12-09T20:27:21.301+0000] {processor.py:208} INFO - Processing /opt/airflow/dags/show_date.py took 0.074 seconds
[2024-12-09T20:27:51.968+0000] {processor.py:186} INFO - Started process (PID=574) to work on /opt/airflow/dags/show_date.py
[2024-12-09T20:27:51.969+0000] {processor.py:914} INFO - Processing file /opt/airflow/dags/show_date.py for tasks to queue
[2024-12-09T20:27:51.971+0000] {logging_mixin.py:190} INFO - [2024-12-09T20:27:51.971+0000] {dagbag.py:588} INFO - Filling up the DagBag from /opt/airflow/dags/show_date.py
[2024-12-09T20:27:51.986+0000] {processor.py:925} INFO - DAG(s) 'show_date' retrieved from /opt/airflow/dags/show_date.py
[2024-12-09T20:27:52.005+0000] {logging_mixin.py:190} INFO - [2024-12-09T20:27:52.004+0000] {dag.py:3239} INFO - Sync 1 DAGs
[2024-12-09T20:27:52.023+0000] {logging_mixin.py:190} INFO - [2024-12-09T20:27:52.023+0000] {dag.py:4180} INFO - Setting next_dagrun for show_date to 2024-12-08 00:00:00+00:00, run_after=2024-12-09 00:00:00+00:00
[2024-12-09T20:27:52.037+0000] {processor.py:208} INFO - Processing /opt/airflow/dags/show_date.py took 0.075 seconds
[2024-12-09T20:28:22.957+0000] {processor.py:186} INFO - Started process (PID=642) to work on /opt/airflow/dags/show_date.py
[2024-12-09T20:28:22.958+0000] {processor.py:914} INFO - Processing file /opt/airflow/dags/show_date.py for tasks to queue
[2024-12-09T20:28:22.960+0000] {logging_mixin.py:190} INFO - [2024-12-09T20:28:22.960+0000] {dagbag.py:588} INFO - Filling up the DagBag from /opt/airflow/dags/show_date.py
[2024-12-09T20:28:22.973+0000] {processor.py:925} INFO - DAG(s) 'show_date' retrieved from /opt/airflow/dags/show_date.py
[2024-12-09T20:28:22.988+0000] {logging_mixin.py:190} INFO - [2024-12-09T20:28:22.988+0000] {dag.py:3239} INFO - Sync 1 DAGs
[2024-12-09T20:28:23.007+0000] {logging_mixin.py:190} INFO - [2024-12-09T20:28:23.007+0000] {dag.py:4180} INFO - Setting next_dagrun for show_date to 2024-12-08 00:00:00+00:00, run_after=2024-12-09 00:00:00+00:00
[2024-12-09T20:28:23.021+0000] {processor.py:208} INFO - Processing /opt/airflow/dags/show_date.py took 0.069 seconds
[2024-12-09T20:28:53.970+0000] {processor.py:186} INFO - Started process (PID=710) to work on /opt/airflow/dags/show_date.py
[2024-12-09T20:28:53.971+0000] {processor.py:914} INFO - Processing file /opt/airflow/dags/show_date.py for tasks to queue
[2024-12-09T20:28:53.972+0000] {logging_mixin.py:190} INFO - [2024-12-09T20:28:53.972+0000] {dagbag.py:588} INFO - Filling up the DagBag from /opt/airflow/dags/show_date.py
[2024-12-09T20:28:53.985+0000] {processor.py:925} INFO - DAG(s) 'show_date' retrieved from /opt/airflow/dags/show_date.py
[2024-12-09T20:28:54.000+0000] {logging_mixin.py:190} INFO - [2024-12-09T20:28:54.000+0000] {dag.py:3239} INFO - Sync 1 DAGs
[2024-12-09T20:28:54.018+0000] {logging_mixin.py:190} INFO - [2024-12-09T20:28:54.018+0000] {dag.py:4180} INFO - Setting next_dagrun for show_date to 2024-12-08 00:00:00+00:00, run_after=2024-12-09 00:00:00+00:00
[2024-12-09T20:28:54.030+0000] {processor.py:208} INFO - Processing /opt/airflow/dags/show_date.py took 0.065 seconds
[2024-12-09T20:29:24.474+0000] {processor.py:186} INFO - Started process (PID=778) to work on /opt/airflow/dags/show_date.py
[2024-12-09T20:29:24.475+0000] {processor.py:914} INFO - Processing file /opt/airflow/dags/show_date.py for tasks to queue
[2024-12-09T20:29:24.477+0000] {logging_mixin.py:190} INFO - [2024-12-09T20:29:24.477+0000] {dagbag.py:588} INFO - Filling up the DagBag from /opt/airflow/dags/show_date.py
[2024-12-09T20:29:24.490+0000] {processor.py:925} INFO - DAG(s) 'show_date' retrieved from /opt/airflow/dags/show_date.py
[2024-12-09T20:29:24.505+0000] {logging_mixin.py:190} INFO - [2024-12-09T20:29:24.505+0000] {dag.py:3239} INFO - Sync 1 DAGs
[2024-12-09T20:29:24.524+0000] {logging_mixin.py:190} INFO - [2024-12-09T20:29:24.523+0000] {dag.py:4180} INFO - Setting next_dagrun for show_date to 2024-12-08 00:00:00+00:00, run_after=2024-12-09 00:00:00+00:00
[2024-12-09T20:29:24.537+0000] {processor.py:208} INFO - Processing /opt/airflow/dags/show_date.py took 0.067 seconds
[2024-12-09T20:29:55.243+0000] {processor.py:186} INFO - Started process (PID=850) to work on /opt/airflow/dags/show_date.py
[2024-12-09T20:29:55.243+0000] {processor.py:914} INFO - Processing file /opt/airflow/dags/show_date.py for tasks to queue
[2024-12-09T20:29:55.245+0000] {logging_mixin.py:190} INFO - [2024-12-09T20:29:55.245+0000] {dagbag.py:588} INFO - Filling up the DagBag from /opt/airflow/dags/show_date.py
[2024-12-09T20:29:55.258+0000] {processor.py:925} INFO - DAG(s) 'show_date' retrieved from /opt/airflow/dags/show_date.py
[2024-12-09T20:29:55.274+0000] {logging_mixin.py:190} INFO - [2024-12-09T20:29:55.274+0000] {dag.py:3239} INFO - Sync 1 DAGs
[2024-12-09T20:29:55.295+0000] {logging_mixin.py:190} INFO - [2024-12-09T20:29:55.294+0000] {dag.py:4180} INFO - Setting next_dagrun for show_date to 2024-12-08 00:00:00+00:00, run_after=2024-12-09 00:00:00+00:00
[2024-12-09T20:29:55.309+0000] {processor.py:208} INFO - Processing /opt/airflow/dags/show_date.py took 0.071 seconds
[2024-12-09T20:30:25.608+0000] {processor.py:186} INFO - Started process (PID=918) to work on /opt/airflow/dags/show_date.py
[2024-12-09T20:30:25.609+0000] {processor.py:914} INFO - Processing file /opt/airflow/dags/show_date.py for tasks to queue
[2024-12-09T20:30:25.611+0000] {logging_mixin.py:190} INFO - [2024-12-09T20:30:25.610+0000] {dagbag.py:588} INFO - Filling up the DagBag from /opt/airflow/dags/show_date.py
[2024-12-09T20:30:25.623+0000] {processor.py:925} INFO - DAG(s) 'show_date' retrieved from /opt/airflow/dags/show_date.py
[2024-12-09T20:30:25.638+0000] {logging_mixin.py:190} INFO - [2024-12-09T20:30:25.637+0000] {dag.py:3239} INFO - Sync 1 DAGs
[2024-12-09T20:30:25.655+0000] {logging_mixin.py:190} INFO - [2024-12-09T20:30:25.655+0000] {dag.py:4180} INFO - Setting next_dagrun for show_date to 2024-12-08 00:00:00+00:00, run_after=2024-12-09 00:00:00+00:00
[2024-12-09T20:30:25.671+0000] {processor.py:208} INFO - Processing /opt/airflow/dags/show_date.py took 0.067 seconds
[2024-12-09T20:30:56.169+0000] {processor.py:186} INFO - Started process (PID=986) to work on /opt/airflow/dags/show_date.py
[2024-12-09T20:30:56.170+0000] {processor.py:914} INFO - Processing file /opt/airflow/dags/show_date.py for tasks to queue
[2024-12-09T20:30:56.172+0000] {logging_mixin.py:190} INFO - [2024-12-09T20:30:56.172+0000] {dagbag.py:588} INFO - Filling up the DagBag from /opt/airflow/dags/show_date.py
[2024-12-09T20:30:56.184+0000] {processor.py:925} INFO - DAG(s) 'show_date' retrieved from /opt/airflow/dags/show_date.py
[2024-12-09T20:30:56.198+0000] {logging_mixin.py:190} INFO - [2024-12-09T20:30:56.198+0000] {dag.py:3239} INFO - Sync 1 DAGs
[2024-12-09T20:30:56.217+0000] {logging_mixin.py:190} INFO - [2024-12-09T20:30:56.217+0000] {dag.py:4180} INFO - Setting next_dagrun for show_date to 2024-12-08 00:00:00+00:00, run_after=2024-12-09 00:00:00+00:00
[2024-12-09T20:30:56.231+0000] {processor.py:208} INFO - Processing /opt/airflow/dags/show_date.py took 0.067 seconds
[2024-12-09T20:31:27.004+0000] {processor.py:186} INFO - Started process (PID=1071) to work on /opt/airflow/dags/show_date.py
[2024-12-09T20:31:27.005+0000] {processor.py:914} INFO - Processing file /opt/airflow/dags/show_date.py for tasks to queue
[2024-12-09T20:31:27.007+0000] {logging_mixin.py:190} INFO - [2024-12-09T20:31:27.006+0000] {dagbag.py:588} INFO - Filling up the DagBag from /opt/airflow/dags/show_date.py
[2024-12-09T20:31:27.019+0000] {processor.py:925} INFO - DAG(s) 'show_date' retrieved from /opt/airflow/dags/show_date.py
[2024-12-09T20:31:27.034+0000] {logging_mixin.py:190} INFO - [2024-12-09T20:31:27.034+0000] {dag.py:3239} INFO - Sync 1 DAGs
[2024-12-09T20:31:27.051+0000] {logging_mixin.py:190} INFO - [2024-12-09T20:31:27.051+0000] {dag.py:4180} INFO - Setting next_dagrun for show_date to 2024-12-08 00:00:00+00:00, run_after=2024-12-09 00:00:00+00:00
[2024-12-09T20:31:27.065+0000] {processor.py:208} INFO - Processing /opt/airflow/dags/show_date.py took 0.066 seconds
[2024-12-09T20:31:58.220+0000] {processor.py:186} INFO - Started process (PID=1139) to work on /opt/airflow/dags/show_date.py
[2024-12-09T20:31:58.222+0000] {processor.py:914} INFO - Processing file /opt/airflow/dags/show_date.py for tasks to queue
[2024-12-09T20:31:58.226+0000] {logging_mixin.py:190} INFO - [2024-12-09T20:31:58.226+0000] {dagbag.py:588} INFO - Filling up the DagBag from /opt/airflow/dags/show_date.py
[2024-12-09T20:31:58.259+0000] {processor.py:925} INFO - DAG(s) 'show_date' retrieved from /opt/airflow/dags/show_date.py
[2024-12-09T20:31:58.300+0000] {logging_mixin.py:190} INFO - [2024-12-09T20:31:58.299+0000] {dag.py:3239} INFO - Sync 1 DAGs
[2024-12-09T20:31:58.351+0000] {logging_mixin.py:190} INFO - [2024-12-09T20:31:58.351+0000] {dag.py:4180} INFO - Setting next_dagrun for show_date to 2024-12-08 00:00:00+00:00, run_after=2024-12-09 00:00:00+00:00
[2024-12-09T20:31:58.408+0000] {processor.py:208} INFO - Processing /opt/airflow/dags/show_date.py took 0.197 seconds
[2024-12-09T20:32:28.509+0000] {processor.py:186} INFO - Started process (PID=1207) to work on /opt/airflow/dags/show_date.py
[2024-12-09T20:32:28.509+0000] {processor.py:914} INFO - Processing file /opt/airflow/dags/show_date.py for tasks to queue
[2024-12-09T20:32:28.512+0000] {logging_mixin.py:190} INFO - [2024-12-09T20:32:28.511+0000] {dagbag.py:588} INFO - Filling up the DagBag from /opt/airflow/dags/show_date.py
[2024-12-09T20:32:28.526+0000] {processor.py:925} INFO - DAG(s) 'show_date' retrieved from /opt/airflow/dags/show_date.py
[2024-12-09T20:32:28.539+0000] {logging_mixin.py:190} INFO - [2024-12-09T20:32:28.539+0000] {dag.py:3239} INFO - Sync 1 DAGs
[2024-12-09T20:32:28.556+0000] {logging_mixin.py:190} INFO - [2024-12-09T20:32:28.556+0000] {dag.py:4180} INFO - Setting next_dagrun for show_date to 2024-12-08 00:00:00+00:00, run_after=2024-12-09 00:00:00+00:00
[2024-12-09T20:32:28.571+0000] {processor.py:208} INFO - Processing /opt/airflow/dags/show_date.py took 0.067 seconds
[2024-12-09T20:32:58.713+0000] {processor.py:186} INFO - Started process (PID=1275) to work on /opt/airflow/dags/show_date.py
[2024-12-09T20:32:58.714+0000] {processor.py:914} INFO - Processing file /opt/airflow/dags/show_date.py for tasks to queue
[2024-12-09T20:32:58.716+0000] {logging_mixin.py:190} INFO - [2024-12-09T20:32:58.716+0000] {dagbag.py:588} INFO - Filling up the DagBag from /opt/airflow/dags/show_date.py
[2024-12-09T20:32:58.729+0000] {processor.py:925} INFO - DAG(s) 'show_date' retrieved from /opt/airflow/dags/show_date.py
[2024-12-09T20:32:58.744+0000] {logging_mixin.py:190} INFO - [2024-12-09T20:32:58.744+0000] {dag.py:3239} INFO - Sync 1 DAGs
[2024-12-09T20:32:58.764+0000] {logging_mixin.py:190} INFO - [2024-12-09T20:32:58.763+0000] {dag.py:4180} INFO - Setting next_dagrun for show_date to 2024-12-08 00:00:00+00:00, run_after=2024-12-09 00:00:00+00:00
[2024-12-09T20:32:58.781+0000] {processor.py:208} INFO - Processing /opt/airflow/dags/show_date.py took 0.073 seconds
[2024-12-09T20:33:29.579+0000] {processor.py:186} INFO - Started process (PID=1344) to work on /opt/airflow/dags/show_date.py
[2024-12-09T20:33:29.580+0000] {processor.py:914} INFO - Processing file /opt/airflow/dags/show_date.py for tasks to queue
[2024-12-09T20:33:29.582+0000] {logging_mixin.py:190} INFO - [2024-12-09T20:33:29.582+0000] {dagbag.py:588} INFO - Filling up the DagBag from /opt/airflow/dags/show_date.py
[2024-12-09T20:33:29.594+0000] {processor.py:925} INFO - DAG(s) 'show_date' retrieved from /opt/airflow/dags/show_date.py
[2024-12-09T20:33:29.609+0000] {logging_mixin.py:190} INFO - [2024-12-09T20:33:29.609+0000] {dag.py:3239} INFO - Sync 1 DAGs
[2024-12-09T20:33:29.627+0000] {logging_mixin.py:190} INFO - [2024-12-09T20:33:29.627+0000] {dag.py:4180} INFO - Setting next_dagrun for show_date to 2024-12-08 00:00:00+00:00, run_after=2024-12-09 00:00:00+00:00
[2024-12-09T20:33:29.642+0000] {processor.py:208} INFO - Processing /opt/airflow/dags/show_date.py took 0.068 seconds
[2024-12-09T20:34:00.223+0000] {processor.py:186} INFO - Started process (PID=1416) to work on /opt/airflow/dags/show_date.py
[2024-12-09T20:34:00.224+0000] {processor.py:914} INFO - Processing file /opt/airflow/dags/show_date.py for tasks to queue
[2024-12-09T20:34:00.226+0000] {logging_mixin.py:190} INFO - [2024-12-09T20:34:00.225+0000] {dagbag.py:588} INFO - Filling up the DagBag from /opt/airflow/dags/show_date.py
[2024-12-09T20:34:00.237+0000] {processor.py:925} INFO - DAG(s) 'show_date' retrieved from /opt/airflow/dags/show_date.py
[2024-12-09T20:34:00.251+0000] {logging_mixin.py:190} INFO - [2024-12-09T20:34:00.251+0000] {dag.py:3239} INFO - Sync 1 DAGs
[2024-12-09T20:34:00.268+0000] {logging_mixin.py:190} INFO - [2024-12-09T20:34:00.268+0000] {dag.py:4180} INFO - Setting next_dagrun for show_date to 2024-12-08 00:00:00+00:00, run_after=2024-12-09 00:00:00+00:00
[2024-12-09T20:34:00.285+0000] {processor.py:208} INFO - Processing /opt/airflow/dags/show_date.py took 0.066 seconds
[2024-12-09T20:34:30.793+0000] {processor.py:186} INFO - Started process (PID=1484) to work on /opt/airflow/dags/show_date.py
[2024-12-09T20:34:30.793+0000] {processor.py:914} INFO - Processing file /opt/airflow/dags/show_date.py for tasks to queue
[2024-12-09T20:34:30.795+0000] {logging_mixin.py:190} INFO - [2024-12-09T20:34:30.795+0000] {dagbag.py:588} INFO - Filling up the DagBag from /opt/airflow/dags/show_date.py
[2024-12-09T20:34:30.807+0000] {processor.py:925} INFO - DAG(s) 'show_date' retrieved from /opt/airflow/dags/show_date.py
[2024-12-09T20:34:30.821+0000] {logging_mixin.py:190} INFO - [2024-12-09T20:34:30.820+0000] {dag.py:3239} INFO - Sync 1 DAGs
[2024-12-09T20:34:30.837+0000] {logging_mixin.py:190} INFO - [2024-12-09T20:34:30.837+0000] {dag.py:4180} INFO - Setting next_dagrun for show_date to 2024-12-08 00:00:00+00:00, run_after=2024-12-09 00:00:00+00:00
[2024-12-09T20:34:30.851+0000] {processor.py:208} INFO - Processing /opt/airflow/dags/show_date.py took 0.063 seconds
[2024-12-09T20:35:00.931+0000] {processor.py:186} INFO - Started process (PID=1552) to work on /opt/airflow/dags/show_date.py
[2024-12-09T20:35:00.932+0000] {processor.py:914} INFO - Processing file /opt/airflow/dags/show_date.py for tasks to queue
[2024-12-09T20:35:00.934+0000] {logging_mixin.py:190} INFO - [2024-12-09T20:35:00.934+0000] {dagbag.py:588} INFO - Filling up the DagBag from /opt/airflow/dags/show_date.py
[2024-12-09T20:35:00.945+0000] {processor.py:925} INFO - DAG(s) 'show_date' retrieved from /opt/airflow/dags/show_date.py
[2024-12-09T20:35:00.959+0000] {logging_mixin.py:190} INFO - [2024-12-09T20:35:00.959+0000] {dag.py:3239} INFO - Sync 1 DAGs
[2024-12-09T20:35:00.975+0000] {logging_mixin.py:190} INFO - [2024-12-09T20:35:00.974+0000] {dag.py:4180} INFO - Setting next_dagrun for show_date to 2024-12-08 00:00:00+00:00, run_after=2024-12-09 00:00:00+00:00
[2024-12-09T20:35:00.989+0000] {processor.py:208} INFO - Processing /opt/airflow/dags/show_date.py took 0.062 seconds
[2024-12-09T20:35:31.263+0000] {processor.py:186} INFO - Started process (PID=1622) to work on /opt/airflow/dags/show_date.py
[2024-12-09T20:35:31.264+0000] {processor.py:914} INFO - Processing file /opt/airflow/dags/show_date.py for tasks to queue
[2024-12-09T20:35:31.266+0000] {logging_mixin.py:190} INFO - [2024-12-09T20:35:31.265+0000] {dagbag.py:588} INFO - Filling up the DagBag from /opt/airflow/dags/show_date.py
[2024-12-09T20:35:31.277+0000] {processor.py:925} INFO - DAG(s) 'show_date' retrieved from /opt/airflow/dags/show_date.py
[2024-12-09T20:35:31.293+0000] {logging_mixin.py:190} INFO - [2024-12-09T20:35:31.292+0000] {dag.py:3239} INFO - Sync 1 DAGs
[2024-12-09T20:35:31.312+0000] {logging_mixin.py:190} INFO - [2024-12-09T20:35:31.312+0000] {dag.py:4180} INFO - Setting next_dagrun for show_date to 2024-12-08 00:00:00+00:00, run_after=2024-12-09 00:00:00+00:00
[2024-12-09T20:35:31.328+0000] {processor.py:208} INFO - Processing /opt/airflow/dags/show_date.py took 0.070 seconds
[2024-12-09T20:36:01.699+0000] {processor.py:186} INFO - Started process (PID=1690) to work on /opt/airflow/dags/show_date.py
[2024-12-09T20:36:01.700+0000] {processor.py:914} INFO - Processing file /opt/airflow/dags/show_date.py for tasks to queue
[2024-12-09T20:36:01.702+0000] {logging_mixin.py:190} INFO - [2024-12-09T20:36:01.701+0000] {dagbag.py:588} INFO - Filling up the DagBag from /opt/airflow/dags/show_date.py
[2024-12-09T20:36:01.714+0000] {processor.py:925} INFO - DAG(s) 'show_date' retrieved from /opt/airflow/dags/show_date.py
[2024-12-09T20:36:01.728+0000] {logging_mixin.py:190} INFO - [2024-12-09T20:36:01.727+0000] {dag.py:3239} INFO - Sync 1 DAGs
[2024-12-09T20:36:01.744+0000] {logging_mixin.py:190} INFO - [2024-12-09T20:36:01.744+0000] {dag.py:4180} INFO - Setting next_dagrun for show_date to 2024-12-08 00:00:00+00:00, run_after=2024-12-09 00:00:00+00:00
[2024-12-09T20:36:01.760+0000] {processor.py:208} INFO - Processing /opt/airflow/dags/show_date.py took 0.066 seconds
[2024-12-09T20:36:32.095+0000] {processor.py:186} INFO - Started process (PID=1760) to work on /opt/airflow/dags/show_date.py
[2024-12-09T20:36:32.096+0000] {processor.py:914} INFO - Processing file /opt/airflow/dags/show_date.py for tasks to queue
[2024-12-09T20:36:32.097+0000] {logging_mixin.py:190} INFO - [2024-12-09T20:36:32.097+0000] {dagbag.py:588} INFO - Filling up the DagBag from /opt/airflow/dags/show_date.py
[2024-12-09T20:36:32.110+0000] {processor.py:925} INFO - DAG(s) 'show_date' retrieved from /opt/airflow/dags/show_date.py
[2024-12-09T20:36:32.124+0000] {logging_mixin.py:190} INFO - [2024-12-09T20:36:32.124+0000] {dag.py:3239} INFO - Sync 1 DAGs
[2024-12-09T20:36:32.142+0000] {logging_mixin.py:190} INFO - [2024-12-09T20:36:32.142+0000] {dag.py:4180} INFO - Setting next_dagrun for show_date to 2024-12-08 00:00:00+00:00, run_after=2024-12-09 00:00:00+00:00
[2024-12-09T20:36:32.158+0000] {processor.py:208} INFO - Processing /opt/airflow/dags/show_date.py took 0.068 seconds
[2024-12-09T20:37:02.512+0000] {processor.py:186} INFO - Started process (PID=1833) to work on /opt/airflow/dags/show_date.py
[2024-12-09T20:37:02.513+0000] {processor.py:914} INFO - Processing file /opt/airflow/dags/show_date.py for tasks to queue
[2024-12-09T20:37:02.515+0000] {logging_mixin.py:190} INFO - [2024-12-09T20:37:02.514+0000] {dagbag.py:588} INFO - Filling up the DagBag from /opt/airflow/dags/show_date.py
[2024-12-09T20:37:02.529+0000] {processor.py:925} INFO - DAG(s) 'show_date' retrieved from /opt/airflow/dags/show_date.py
[2024-12-09T20:37:02.543+0000] {logging_mixin.py:190} INFO - [2024-12-09T20:37:02.543+0000] {dag.py:3239} INFO - Sync 1 DAGs
[2024-12-09T20:37:02.561+0000] {logging_mixin.py:190} INFO - [2024-12-09T20:37:02.561+0000] {dag.py:4180} INFO - Setting next_dagrun for show_date to 2024-12-08 00:00:00+00:00, run_after=2024-12-09 00:00:00+00:00
[2024-12-09T20:37:02.576+0000] {processor.py:208} INFO - Processing /opt/airflow/dags/show_date.py took 0.069 seconds
[2024-12-09T20:37:33.031+0000] {processor.py:186} INFO - Started process (PID=1905) to work on /opt/airflow/dags/show_date.py
[2024-12-09T20:37:33.032+0000] {processor.py:914} INFO - Processing file /opt/airflow/dags/show_date.py for tasks to queue
[2024-12-09T20:37:33.033+0000] {logging_mixin.py:190} INFO - [2024-12-09T20:37:33.033+0000] {dagbag.py:588} INFO - Filling up the DagBag from /opt/airflow/dags/show_date.py
[2024-12-09T20:37:33.045+0000] {processor.py:925} INFO - DAG(s) 'show_date' retrieved from /opt/airflow/dags/show_date.py
[2024-12-09T20:37:33.058+0000] {logging_mixin.py:190} INFO - [2024-12-09T20:37:33.058+0000] {dag.py:3239} INFO - Sync 1 DAGs
[2024-12-09T20:37:33.075+0000] {logging_mixin.py:190} INFO - [2024-12-09T20:37:33.074+0000] {dag.py:4180} INFO - Setting next_dagrun for show_date to 2024-12-08 00:00:00+00:00, run_after=2024-12-09 00:00:00+00:00
[2024-12-09T20:37:33.088+0000] {processor.py:208} INFO - Processing /opt/airflow/dags/show_date.py took 0.061 seconds
[2024-12-09T20:38:03.360+0000] {processor.py:186} INFO - Started process (PID=1973) to work on /opt/airflow/dags/show_date.py
[2024-12-09T20:38:03.361+0000] {processor.py:914} INFO - Processing file /opt/airflow/dags/show_date.py for tasks to queue
[2024-12-09T20:38:03.363+0000] {logging_mixin.py:190} INFO - [2024-12-09T20:38:03.363+0000] {dagbag.py:588} INFO - Filling up the DagBag from /opt/airflow/dags/show_date.py
[2024-12-09T20:38:03.374+0000] {processor.py:925} INFO - DAG(s) 'show_date' retrieved from /opt/airflow/dags/show_date.py
[2024-12-09T20:38:03.387+0000] {logging_mixin.py:190} INFO - [2024-12-09T20:38:03.387+0000] {dag.py:3239} INFO - Sync 1 DAGs
[2024-12-09T20:38:03.403+0000] {logging_mixin.py:190} INFO - [2024-12-09T20:38:03.403+0000] {dag.py:4180} INFO - Setting next_dagrun for show_date to 2024-12-08 00:00:00+00:00, run_after=2024-12-09 00:00:00+00:00
[2024-12-09T20:38:03.417+0000] {processor.py:208} INFO - Processing /opt/airflow/dags/show_date.py took 0.061 seconds
[2024-12-09T20:38:33.527+0000] {processor.py:186} INFO - Started process (PID=2041) to work on /opt/airflow/dags/show_date.py
[2024-12-09T20:38:33.528+0000] {processor.py:914} INFO - Processing file /opt/airflow/dags/show_date.py for tasks to queue
[2024-12-09T20:38:33.529+0000] {logging_mixin.py:190} INFO - [2024-12-09T20:38:33.529+0000] {dagbag.py:588} INFO - Filling up the DagBag from /opt/airflow/dags/show_date.py
[2024-12-09T20:38:33.541+0000] {processor.py:925} INFO - DAG(s) 'show_date' retrieved from /opt/airflow/dags/show_date.py
[2024-12-09T20:38:33.555+0000] {logging_mixin.py:190} INFO - [2024-12-09T20:38:33.555+0000] {dag.py:3239} INFO - Sync 1 DAGs
[2024-12-09T20:38:33.571+0000] {logging_mixin.py:190} INFO - [2024-12-09T20:38:33.571+0000] {dag.py:4180} INFO - Setting next_dagrun for show_date to 2024-12-08 00:00:00+00:00, run_after=2024-12-09 00:00:00+00:00
[2024-12-09T20:38:33.587+0000] {processor.py:208} INFO - Processing /opt/airflow/dags/show_date.py took 0.065 seconds
[2024-12-09T20:39:04.030+0000] {processor.py:186} INFO - Started process (PID=2116) to work on /opt/airflow/dags/show_date.py
[2024-12-09T20:39:04.030+0000] {processor.py:914} INFO - Processing file /opt/airflow/dags/show_date.py for tasks to queue
[2024-12-09T20:39:04.032+0000] {logging_mixin.py:190} INFO - [2024-12-09T20:39:04.032+0000] {dagbag.py:588} INFO - Filling up the DagBag from /opt/airflow/dags/show_date.py
[2024-12-09T20:39:04.044+0000] {processor.py:925} INFO - DAG(s) 'show_date' retrieved from /opt/airflow/dags/show_date.py
[2024-12-09T20:39:04.058+0000] {logging_mixin.py:190} INFO - [2024-12-09T20:39:04.058+0000] {dag.py:3239} INFO - Sync 1 DAGs
[2024-12-09T20:39:04.076+0000] {logging_mixin.py:190} INFO - [2024-12-09T20:39:04.076+0000] {dag.py:4180} INFO - Setting next_dagrun for show_date to 2024-12-08 00:00:00+00:00, run_after=2024-12-09 00:00:00+00:00
[2024-12-09T20:39:04.091+0000] {processor.py:208} INFO - Processing /opt/airflow/dags/show_date.py took 0.067 seconds
[2024-12-09T20:39:34.572+0000] {processor.py:186} INFO - Started process (PID=2184) to work on /opt/airflow/dags/show_date.py
[2024-12-09T20:39:34.573+0000] {processor.py:914} INFO - Processing file /opt/airflow/dags/show_date.py for tasks to queue
[2024-12-09T20:39:34.574+0000] {logging_mixin.py:190} INFO - [2024-12-09T20:39:34.574+0000] {dagbag.py:588} INFO - Filling up the DagBag from /opt/airflow/dags/show_date.py
[2024-12-09T20:39:34.586+0000] {processor.py:925} INFO - DAG(s) 'show_date' retrieved from /opt/airflow/dags/show_date.py
[2024-12-09T20:39:34.599+0000] {logging_mixin.py:190} INFO - [2024-12-09T20:39:34.599+0000] {dag.py:3239} INFO - Sync 1 DAGs
[2024-12-09T20:39:34.614+0000] {logging_mixin.py:190} INFO - [2024-12-09T20:39:34.614+0000] {dag.py:4180} INFO - Setting next_dagrun for show_date to 2024-12-08 00:00:00+00:00, run_after=2024-12-09 00:00:00+00:00
[2024-12-09T20:39:34.629+0000] {processor.py:208} INFO - Processing /opt/airflow/dags/show_date.py took 0.061 seconds
[2024-12-09T20:40:04.738+0000] {processor.py:186} INFO - Started process (PID=2252) to work on /opt/airflow/dags/show_date.py
[2024-12-09T20:40:04.738+0000] {processor.py:914} INFO - Processing file /opt/airflow/dags/show_date.py for tasks to queue
[2024-12-09T20:40:04.740+0000] {logging_mixin.py:190} INFO - [2024-12-09T20:40:04.740+0000] {dagbag.py:588} INFO - Filling up the DagBag from /opt/airflow/dags/show_date.py
[2024-12-09T20:40:04.753+0000] {processor.py:925} INFO - DAG(s) 'show_date' retrieved from /opt/airflow/dags/show_date.py
[2024-12-09T20:40:04.766+0000] {logging_mixin.py:190} INFO - [2024-12-09T20:40:04.765+0000] {dag.py:3239} INFO - Sync 1 DAGs
[2024-12-09T20:40:04.782+0000] {logging_mixin.py:190} INFO - [2024-12-09T20:40:04.782+0000] {dag.py:4180} INFO - Setting next_dagrun for show_date to 2024-12-08 00:00:00+00:00, run_after=2024-12-09 00:00:00+00:00
[2024-12-09T20:40:04.796+0000] {processor.py:208} INFO - Processing /opt/airflow/dags/show_date.py took 0.063 seconds
[2024-12-09T20:40:35.651+0000] {processor.py:186} INFO - Started process (PID=2325) to work on /opt/airflow/dags/show_date.py
[2024-12-09T20:40:35.652+0000] {processor.py:914} INFO - Processing file /opt/airflow/dags/show_date.py for tasks to queue
[2024-12-09T20:40:35.654+0000] {logging_mixin.py:190} INFO - [2024-12-09T20:40:35.654+0000] {dagbag.py:588} INFO - Filling up the DagBag from /opt/airflow/dags/show_date.py
[2024-12-09T20:40:35.668+0000] {processor.py:925} INFO - DAG(s) 'show_date' retrieved from /opt/airflow/dags/show_date.py
[2024-12-09T20:40:35.682+0000] {logging_mixin.py:190} INFO - [2024-12-09T20:40:35.682+0000] {dag.py:3239} INFO - Sync 1 DAGs
[2024-12-09T20:40:35.698+0000] {logging_mixin.py:190} INFO - [2024-12-09T20:40:35.698+0000] {dag.py:4180} INFO - Setting next_dagrun for show_date to 2024-12-08 00:00:00+00:00, run_after=2024-12-09 00:00:00+00:00
[2024-12-09T20:40:35.711+0000] {processor.py:208} INFO - Processing /opt/airflow/dags/show_date.py took 0.065 seconds
[2024-12-09T20:41:06.437+0000] {processor.py:186} INFO - Started process (PID=2398) to work on /opt/airflow/dags/show_date.py
[2024-12-09T20:41:06.438+0000] {processor.py:914} INFO - Processing file /opt/airflow/dags/show_date.py for tasks to queue
[2024-12-09T20:41:06.441+0000] {logging_mixin.py:190} INFO - [2024-12-09T20:41:06.440+0000] {dagbag.py:588} INFO - Filling up the DagBag from /opt/airflow/dags/show_date.py
[2024-12-09T20:41:06.457+0000] {processor.py:925} INFO - DAG(s) 'show_date' retrieved from /opt/airflow/dags/show_date.py
[2024-12-09T20:41:06.472+0000] {logging_mixin.py:190} INFO - [2024-12-09T20:41:06.472+0000] {dag.py:3239} INFO - Sync 1 DAGs
[2024-12-09T20:41:06.492+0000] {logging_mixin.py:190} INFO - [2024-12-09T20:41:06.492+0000] {dag.py:4180} INFO - Setting next_dagrun for show_date to 2024-12-08 00:00:00+00:00, run_after=2024-12-09 00:00:00+00:00
[2024-12-09T20:41:06.507+0000] {processor.py:208} INFO - Processing /opt/airflow/dags/show_date.py took 0.075 seconds
[2024-12-09T20:41:37.043+0000] {processor.py:186} INFO - Started process (PID=2476) to work on /opt/airflow/dags/show_date.py
[2024-12-09T20:41:37.044+0000] {processor.py:914} INFO - Processing file /opt/airflow/dags/show_date.py for tasks to queue
[2024-12-09T20:41:37.046+0000] {logging_mixin.py:190} INFO - [2024-12-09T20:41:37.046+0000] {dagbag.py:588} INFO - Filling up the DagBag from /opt/airflow/dags/show_date.py
[2024-12-09T20:41:37.062+0000] {processor.py:925} INFO - DAG(s) 'show_date' retrieved from /opt/airflow/dags/show_date.py
[2024-12-09T20:41:37.080+0000] {logging_mixin.py:190} INFO - [2024-12-09T20:41:37.080+0000] {dag.py:3239} INFO - Sync 1 DAGs
[2024-12-09T20:41:37.102+0000] {logging_mixin.py:190} INFO - [2024-12-09T20:41:37.102+0000] {dag.py:4180} INFO - Setting next_dagrun for show_date to 2024-12-08 00:00:00+00:00, run_after=2024-12-09 00:00:00+00:00
[2024-12-09T20:41:37.121+0000] {processor.py:208} INFO - Processing /opt/airflow/dags/show_date.py took 0.084 seconds
[2024-12-09T20:42:07.542+0000] {processor.py:186} INFO - Started process (PID=2544) to work on /opt/airflow/dags/show_date.py
[2024-12-09T20:42:07.542+0000] {processor.py:914} INFO - Processing file /opt/airflow/dags/show_date.py for tasks to queue
[2024-12-09T20:42:07.544+0000] {logging_mixin.py:190} INFO - [2024-12-09T20:42:07.544+0000] {dagbag.py:588} INFO - Filling up the DagBag from /opt/airflow/dags/show_date.py
[2024-12-09T20:42:07.556+0000] {processor.py:925} INFO - DAG(s) 'show_date' retrieved from /opt/airflow/dags/show_date.py
[2024-12-09T20:42:07.570+0000] {logging_mixin.py:190} INFO - [2024-12-09T20:42:07.570+0000] {dag.py:3239} INFO - Sync 1 DAGs
[2024-12-09T20:42:07.588+0000] {logging_mixin.py:190} INFO - [2024-12-09T20:42:07.588+0000] {dag.py:4180} INFO - Setting next_dagrun for show_date to 2024-12-08 00:00:00+00:00, run_after=2024-12-09 00:00:00+00:00
[2024-12-09T20:42:07.605+0000] {processor.py:208} INFO - Processing /opt/airflow/dags/show_date.py took 0.068 seconds
[2024-12-09T20:42:38.320+0000] {processor.py:186} INFO - Started process (PID=2612) to work on /opt/airflow/dags/show_date.py
[2024-12-09T20:42:38.320+0000] {processor.py:914} INFO - Processing file /opt/airflow/dags/show_date.py for tasks to queue
[2024-12-09T20:42:38.322+0000] {logging_mixin.py:190} INFO - [2024-12-09T20:42:38.322+0000] {dagbag.py:588} INFO - Filling up the DagBag from /opt/airflow/dags/show_date.py
[2024-12-09T20:42:38.335+0000] {processor.py:925} INFO - DAG(s) 'show_date' retrieved from /opt/airflow/dags/show_date.py
[2024-12-09T20:42:38.349+0000] {logging_mixin.py:190} INFO - [2024-12-09T20:42:38.349+0000] {dag.py:3239} INFO - Sync 1 DAGs
[2024-12-09T20:42:38.369+0000] {logging_mixin.py:190} INFO - [2024-12-09T20:42:38.368+0000] {dag.py:4180} INFO - Setting next_dagrun for show_date to 2024-12-08 00:00:00+00:00, run_after=2024-12-09 00:00:00+00:00
[2024-12-09T20:42:38.384+0000] {processor.py:208} INFO - Processing /opt/airflow/dags/show_date.py took 0.069 seconds
[2024-12-09T20:43:08.582+0000] {processor.py:186} INFO - Started process (PID=2680) to work on /opt/airflow/dags/show_date.py
[2024-12-09T20:43:08.583+0000] {processor.py:914} INFO - Processing file /opt/airflow/dags/show_date.py for tasks to queue
[2024-12-09T20:43:08.585+0000] {logging_mixin.py:190} INFO - [2024-12-09T20:43:08.585+0000] {dagbag.py:588} INFO - Filling up the DagBag from /opt/airflow/dags/show_date.py
[2024-12-09T20:43:08.597+0000] {processor.py:925} INFO - DAG(s) 'show_date' retrieved from /opt/airflow/dags/show_date.py
[2024-12-09T20:43:08.612+0000] {logging_mixin.py:190} INFO - [2024-12-09T20:43:08.611+0000] {dag.py:3239} INFO - Sync 1 DAGs
[2024-12-09T20:43:08.629+0000] {logging_mixin.py:190} INFO - [2024-12-09T20:43:08.629+0000] {dag.py:4180} INFO - Setting next_dagrun for show_date to 2024-12-08 00:00:00+00:00, run_after=2024-12-09 00:00:00+00:00
[2024-12-09T20:43:08.644+0000] {processor.py:208} INFO - Processing /opt/airflow/dags/show_date.py took 0.066 seconds
[2024-12-09T20:43:39.077+0000] {processor.py:186} INFO - Started process (PID=2748) to work on /opt/airflow/dags/show_date.py
[2024-12-09T20:43:39.078+0000] {processor.py:914} INFO - Processing file /opt/airflow/dags/show_date.py for tasks to queue
[2024-12-09T20:43:39.079+0000] {logging_mixin.py:190} INFO - [2024-12-09T20:43:39.079+0000] {dagbag.py:588} INFO - Filling up the DagBag from /opt/airflow/dags/show_date.py
[2024-12-09T20:43:39.098+0000] {processor.py:925} INFO - DAG(s) 'show_date' retrieved from /opt/airflow/dags/show_date.py
[2024-12-09T20:43:39.116+0000] {logging_mixin.py:190} INFO - [2024-12-09T20:43:39.116+0000] {dag.py:3239} INFO - Sync 1 DAGs
[2024-12-09T20:43:39.136+0000] {logging_mixin.py:190} INFO - [2024-12-09T20:43:39.136+0000] {dag.py:4180} INFO - Setting next_dagrun for show_date to 2024-12-08 00:00:00+00:00, run_after=2024-12-09 00:00:00+00:00
[2024-12-09T20:43:39.155+0000] {processor.py:208} INFO - Processing /opt/airflow/dags/show_date.py took 0.083 seconds
[2024-12-09T20:44:09.234+0000] {processor.py:186} INFO - Started process (PID=2816) to work on /opt/airflow/dags/show_date.py
[2024-12-09T20:44:09.235+0000] {processor.py:914} INFO - Processing file /opt/airflow/dags/show_date.py for tasks to queue
[2024-12-09T20:44:09.237+0000] {logging_mixin.py:190} INFO - [2024-12-09T20:44:09.237+0000] {dagbag.py:588} INFO - Filling up the DagBag from /opt/airflow/dags/show_date.py
[2024-12-09T20:44:09.252+0000] {processor.py:925} INFO - DAG(s) 'show_date' retrieved from /opt/airflow/dags/show_date.py
[2024-12-09T20:44:09.269+0000] {logging_mixin.py:190} INFO - [2024-12-09T20:44:09.269+0000] {dag.py:3239} INFO - Sync 1 DAGs
[2024-12-09T20:44:09.289+0000] {logging_mixin.py:190} INFO - [2024-12-09T20:44:09.289+0000] {dag.py:4180} INFO - Setting next_dagrun for show_date to 2024-12-08 00:00:00+00:00, run_after=2024-12-09 00:00:00+00:00
[2024-12-09T20:44:09.304+0000] {processor.py:208} INFO - Processing /opt/airflow/dags/show_date.py took 0.074 seconds
[2024-12-09T20:44:39.837+0000] {processor.py:186} INFO - Started process (PID=2884) to work on /opt/airflow/dags/show_date.py
[2024-12-09T20:44:39.837+0000] {processor.py:914} INFO - Processing file /opt/airflow/dags/show_date.py for tasks to queue
[2024-12-09T20:44:39.839+0000] {logging_mixin.py:190} INFO - [2024-12-09T20:44:39.839+0000] {dagbag.py:588} INFO - Filling up the DagBag from /opt/airflow/dags/show_date.py
[2024-12-09T20:44:39.851+0000] {processor.py:925} INFO - DAG(s) 'show_date' retrieved from /opt/airflow/dags/show_date.py
[2024-12-09T20:44:39.864+0000] {logging_mixin.py:190} INFO - [2024-12-09T20:44:39.864+0000] {dag.py:3239} INFO - Sync 1 DAGs
[2024-12-09T20:44:39.879+0000] {logging_mixin.py:190} INFO - [2024-12-09T20:44:39.879+0000] {dag.py:4180} INFO - Setting next_dagrun for show_date to 2024-12-08 00:00:00+00:00, run_after=2024-12-09 00:00:00+00:00
[2024-12-09T20:44:39.896+0000] {processor.py:208} INFO - Processing /opt/airflow/dags/show_date.py took 0.063 seconds
[2024-12-09T20:45:10.650+0000] {processor.py:186} INFO - Started process (PID=2952) to work on /opt/airflow/dags/show_date.py
[2024-12-09T20:45:10.651+0000] {processor.py:914} INFO - Processing file /opt/airflow/dags/show_date.py for tasks to queue
[2024-12-09T20:45:10.655+0000] {logging_mixin.py:190} INFO - [2024-12-09T20:45:10.654+0000] {dagbag.py:588} INFO - Filling up the DagBag from /opt/airflow/dags/show_date.py
[2024-12-09T20:45:10.675+0000] {processor.py:925} INFO - DAG(s) 'show_date' retrieved from /opt/airflow/dags/show_date.py
[2024-12-09T20:45:10.694+0000] {logging_mixin.py:190} INFO - [2024-12-09T20:45:10.694+0000] {dag.py:3239} INFO - Sync 1 DAGs
[2024-12-09T20:45:10.718+0000] {logging_mixin.py:190} INFO - [2024-12-09T20:45:10.718+0000] {dag.py:4180} INFO - Setting next_dagrun for show_date to 2024-12-08 00:00:00+00:00, run_after=2024-12-09 00:00:00+00:00
[2024-12-09T20:45:10.738+0000] {processor.py:208} INFO - Processing /opt/airflow/dags/show_date.py took 0.096 seconds
[2024-12-09T20:45:41.406+0000] {processor.py:186} INFO - Started process (PID=3021) to work on /opt/airflow/dags/show_date.py
[2024-12-09T20:45:41.407+0000] {processor.py:914} INFO - Processing file /opt/airflow/dags/show_date.py for tasks to queue
[2024-12-09T20:45:41.409+0000] {logging_mixin.py:190} INFO - [2024-12-09T20:45:41.409+0000] {dagbag.py:588} INFO - Filling up the DagBag from /opt/airflow/dags/show_date.py
[2024-12-09T20:45:41.423+0000] {processor.py:925} INFO - DAG(s) 'show_date' retrieved from /opt/airflow/dags/show_date.py
[2024-12-09T20:45:41.439+0000] {logging_mixin.py:190} INFO - [2024-12-09T20:45:41.438+0000] {dag.py:3239} INFO - Sync 1 DAGs
[2024-12-09T20:45:41.457+0000] {logging_mixin.py:190} INFO - [2024-12-09T20:45:41.457+0000] {dag.py:4180} INFO - Setting next_dagrun for show_date to 2024-12-08 00:00:00+00:00, run_after=2024-12-09 00:00:00+00:00
[2024-12-09T20:45:41.473+0000] {processor.py:208} INFO - Processing /opt/airflow/dags/show_date.py took 0.072 seconds
[2024-12-09T20:46:12.344+0000] {processor.py:186} INFO - Started process (PID=3097) to work on /opt/airflow/dags/show_date.py
[2024-12-09T20:46:12.346+0000] {processor.py:914} INFO - Processing file /opt/airflow/dags/show_date.py for tasks to queue
[2024-12-09T20:46:12.350+0000] {logging_mixin.py:190} INFO - [2024-12-09T20:46:12.349+0000] {dagbag.py:588} INFO - Filling up the DagBag from /opt/airflow/dags/show_date.py
[2024-12-09T20:46:12.371+0000] {processor.py:925} INFO - DAG(s) 'show_date' retrieved from /opt/airflow/dags/show_date.py
[2024-12-09T20:46:12.386+0000] {logging_mixin.py:190} INFO - [2024-12-09T20:46:12.386+0000] {dag.py:3239} INFO - Sync 1 DAGs
[2024-12-09T20:46:12.406+0000] {logging_mixin.py:190} INFO - [2024-12-09T20:46:12.406+0000] {dag.py:4180} INFO - Setting next_dagrun for show_date to 2024-12-08 00:00:00+00:00, run_after=2024-12-09 00:00:00+00:00
[2024-12-09T20:46:12.424+0000] {processor.py:208} INFO - Processing /opt/airflow/dags/show_date.py took 0.086 seconds
[2024-12-09T20:46:43.033+0000] {processor.py:186} INFO - Started process (PID=3169) to work on /opt/airflow/dags/show_date.py
[2024-12-09T20:46:43.034+0000] {processor.py:914} INFO - Processing file /opt/airflow/dags/show_date.py for tasks to queue
[2024-12-09T20:46:43.036+0000] {logging_mixin.py:190} INFO - [2024-12-09T20:46:43.035+0000] {dagbag.py:588} INFO - Filling up the DagBag from /opt/airflow/dags/show_date.py
[2024-12-09T20:46:43.049+0000] {processor.py:925} INFO - DAG(s) 'show_date' retrieved from /opt/airflow/dags/show_date.py
[2024-12-09T20:46:43.064+0000] {logging_mixin.py:190} INFO - [2024-12-09T20:46:43.064+0000] {dag.py:3239} INFO - Sync 1 DAGs
[2024-12-09T20:46:43.084+0000] {logging_mixin.py:190} INFO - [2024-12-09T20:46:43.084+0000] {dag.py:4180} INFO - Setting next_dagrun for show_date to 2024-12-08 00:00:00+00:00, run_after=2024-12-09 00:00:00+00:00
[2024-12-09T20:46:43.102+0000] {processor.py:208} INFO - Processing /opt/airflow/dags/show_date.py took 0.074 seconds
[2024-12-09T20:47:13.718+0000] {processor.py:186} INFO - Started process (PID=3237) to work on /opt/airflow/dags/show_date.py
[2024-12-09T20:47:13.719+0000] {processor.py:914} INFO - Processing file /opt/airflow/dags/show_date.py for tasks to queue
[2024-12-09T20:47:13.722+0000] {logging_mixin.py:190} INFO - [2024-12-09T20:47:13.721+0000] {dagbag.py:588} INFO - Filling up the DagBag from /opt/airflow/dags/show_date.py
[2024-12-09T20:47:13.736+0000] {processor.py:925} INFO - DAG(s) 'show_date' retrieved from /opt/airflow/dags/show_date.py
[2024-12-09T20:47:13.750+0000] {logging_mixin.py:190} INFO - [2024-12-09T20:47:13.750+0000] {dag.py:3239} INFO - Sync 1 DAGs
[2024-12-09T20:47:13.767+0000] {logging_mixin.py:190} INFO - [2024-12-09T20:47:13.766+0000] {dag.py:4180} INFO - Setting next_dagrun for show_date to 2024-12-08 00:00:00+00:00, run_after=2024-12-09 00:00:00+00:00
[2024-12-09T20:47:13.784+0000] {processor.py:208} INFO - Processing /opt/airflow/dags/show_date.py took 0.071 seconds
[2024-12-09T20:47:44.183+0000] {processor.py:186} INFO - Started process (PID=3305) to work on /opt/airflow/dags/show_date.py
[2024-12-09T20:47:44.184+0000] {processor.py:914} INFO - Processing file /opt/airflow/dags/show_date.py for tasks to queue
[2024-12-09T20:47:44.185+0000] {logging_mixin.py:190} INFO - [2024-12-09T20:47:44.185+0000] {dagbag.py:588} INFO - Filling up the DagBag from /opt/airflow/dags/show_date.py
[2024-12-09T20:47:44.198+0000] {processor.py:925} INFO - DAG(s) 'show_date' retrieved from /opt/airflow/dags/show_date.py
[2024-12-09T20:47:44.213+0000] {logging_mixin.py:190} INFO - [2024-12-09T20:47:44.212+0000] {dag.py:3239} INFO - Sync 1 DAGs
[2024-12-09T20:47:44.231+0000] {logging_mixin.py:190} INFO - [2024-12-09T20:47:44.230+0000] {dag.py:4180} INFO - Setting next_dagrun for show_date to 2024-12-08 00:00:00+00:00, run_after=2024-12-09 00:00:00+00:00
[2024-12-09T20:47:44.246+0000] {processor.py:208} INFO - Processing /opt/airflow/dags/show_date.py took 0.067 seconds
[2024-12-09T20:48:14.336+0000] {processor.py:186} INFO - Started process (PID=3373) to work on /opt/airflow/dags/show_date.py
[2024-12-09T20:48:14.337+0000] {processor.py:914} INFO - Processing file /opt/airflow/dags/show_date.py for tasks to queue
[2024-12-09T20:48:14.339+0000] {logging_mixin.py:190} INFO - [2024-12-09T20:48:14.339+0000] {dagbag.py:588} INFO - Filling up the DagBag from /opt/airflow/dags/show_date.py
[2024-12-09T20:48:14.353+0000] {processor.py:925} INFO - DAG(s) 'show_date' retrieved from /opt/airflow/dags/show_date.py
[2024-12-09T20:48:14.369+0000] {logging_mixin.py:190} INFO - [2024-12-09T20:48:14.369+0000] {dag.py:3239} INFO - Sync 1 DAGs
[2024-12-09T20:48:14.575+0000] {logging_mixin.py:190} INFO - [2024-12-09T20:48:14.575+0000] {dag.py:4180} INFO - Setting next_dagrun for show_date to 2024-12-08 00:00:00+00:00, run_after=2024-12-09 00:00:00+00:00
[2024-12-09T20:48:14.593+0000] {processor.py:208} INFO - Processing /opt/airflow/dags/show_date.py took 0.261 seconds
[2024-12-09T20:48:44.743+0000] {processor.py:186} INFO - Started process (PID=3441) to work on /opt/airflow/dags/show_date.py
[2024-12-09T20:48:44.744+0000] {processor.py:914} INFO - Processing file /opt/airflow/dags/show_date.py for tasks to queue
[2024-12-09T20:48:44.746+0000] {logging_mixin.py:190} INFO - [2024-12-09T20:48:44.746+0000] {dagbag.py:588} INFO - Filling up the DagBag from /opt/airflow/dags/show_date.py
[2024-12-09T20:48:44.759+0000] {processor.py:925} INFO - DAG(s) 'show_date' retrieved from /opt/airflow/dags/show_date.py
[2024-12-09T20:48:44.773+0000] {logging_mixin.py:190} INFO - [2024-12-09T20:48:44.773+0000] {dag.py:3239} INFO - Sync 1 DAGs
[2024-12-09T20:48:44.790+0000] {logging_mixin.py:190} INFO - [2024-12-09T20:48:44.790+0000] {dag.py:4180} INFO - Setting next_dagrun for show_date to 2024-12-08 00:00:00+00:00, run_after=2024-12-09 00:00:00+00:00
[2024-12-09T20:48:44.948+0000] {processor.py:208} INFO - Processing /opt/airflow/dags/show_date.py took 0.210 seconds
[2024-12-09T20:49:15.284+0000] {processor.py:186} INFO - Started process (PID=3504) to work on /opt/airflow/dags/show_date.py
[2024-12-09T20:49:15.285+0000] {processor.py:914} INFO - Processing file /opt/airflow/dags/show_date.py for tasks to queue
[2024-12-09T20:49:15.288+0000] {logging_mixin.py:190} INFO - [2024-12-09T20:49:15.287+0000] {dagbag.py:588} INFO - Filling up the DagBag from /opt/airflow/dags/show_date.py
[2024-12-09T20:49:15.302+0000] {processor.py:925} INFO - DAG(s) 'show_date' retrieved from /opt/airflow/dags/show_date.py
[2024-12-09T20:49:15.318+0000] {logging_mixin.py:190} INFO - [2024-12-09T20:49:15.318+0000] {dag.py:3239} INFO - Sync 1 DAGs
[2024-12-09T20:49:15.336+0000] {logging_mixin.py:190} INFO - [2024-12-09T20:49:15.336+0000] {dag.py:4180} INFO - Setting next_dagrun for show_date to 2024-12-08 00:00:00+00:00, run_after=2024-12-09 00:00:00+00:00
[2024-12-09T20:49:15.353+0000] {processor.py:208} INFO - Processing /opt/airflow/dags/show_date.py took 0.073 seconds
[2024-12-09T20:49:46.089+0000] {processor.py:186} INFO - Started process (PID=3563) to work on /opt/airflow/dags/show_date.py
[2024-12-09T20:49:46.090+0000] {processor.py:914} INFO - Processing file /opt/airflow/dags/show_date.py for tasks to queue
[2024-12-09T20:49:46.092+0000] {logging_mixin.py:190} INFO - [2024-12-09T20:49:46.092+0000] {dagbag.py:588} INFO - Filling up the DagBag from /opt/airflow/dags/show_date.py
[2024-12-09T20:49:46.107+0000] {processor.py:925} INFO - DAG(s) 'show_date' retrieved from /opt/airflow/dags/show_date.py
[2024-12-09T20:49:46.125+0000] {logging_mixin.py:190} INFO - [2024-12-09T20:49:46.125+0000] {dag.py:3239} INFO - Sync 1 DAGs
[2024-12-09T20:49:46.145+0000] {logging_mixin.py:190} INFO - [2024-12-09T20:49:46.145+0000] {dag.py:4180} INFO - Setting next_dagrun for show_date to 2024-12-08 00:00:00+00:00, run_after=2024-12-09 00:00:00+00:00
[2024-12-09T20:49:46.163+0000] {processor.py:208} INFO - Processing /opt/airflow/dags/show_date.py took 0.080 seconds
[2024-12-09T20:50:19.277+0000] {processor.py:186} INFO - Started process (PID=3634) to work on /opt/airflow/dags/show_date.py
[2024-12-09T20:50:19.279+0000] {processor.py:914} INFO - Processing file /opt/airflow/dags/show_date.py for tasks to queue
[2024-12-09T20:50:19.283+0000] {logging_mixin.py:190} INFO - [2024-12-09T20:50:19.283+0000] {dagbag.py:588} INFO - Filling up the DagBag from /opt/airflow/dags/show_date.py
[2024-12-09T20:50:19.522+0000] {processor.py:925} INFO - DAG(s) 'show_date' retrieved from /opt/airflow/dags/show_date.py
[2024-12-09T20:50:19.543+0000] {logging_mixin.py:190} INFO - [2024-12-09T20:50:19.542+0000] {dag.py:3239} INFO - Sync 1 DAGs
[2024-12-09T20:50:19.566+0000] {logging_mixin.py:190} INFO - [2024-12-09T20:50:19.566+0000] {dag.py:4180} INFO - Setting next_dagrun for show_date to 2024-12-08 00:00:00+00:00, run_after=2024-12-09 00:00:00+00:00
[2024-12-09T20:50:19.589+0000] {processor.py:208} INFO - Processing /opt/airflow/dags/show_date.py took 0.319 seconds
[2024-12-09T20:50:50.305+0000] {processor.py:186} INFO - Started process (PID=3708) to work on /opt/airflow/dags/show_date.py
[2024-12-09T20:50:50.306+0000] {processor.py:914} INFO - Processing file /opt/airflow/dags/show_date.py for tasks to queue
[2024-12-09T20:50:50.308+0000] {logging_mixin.py:190} INFO - [2024-12-09T20:50:50.307+0000] {dagbag.py:588} INFO - Filling up the DagBag from /opt/airflow/dags/show_date.py
[2024-12-09T20:50:50.321+0000] {processor.py:925} INFO - DAG(s) 'show_date' retrieved from /opt/airflow/dags/show_date.py
[2024-12-09T20:50:50.336+0000] {logging_mixin.py:190} INFO - [2024-12-09T20:50:50.336+0000] {dag.py:3239} INFO - Sync 1 DAGs
[2024-12-09T20:50:50.354+0000] {logging_mixin.py:190} INFO - [2024-12-09T20:50:50.354+0000] {dag.py:4180} INFO - Setting next_dagrun for show_date to 2024-12-08 00:00:00+00:00, run_after=2024-12-09 00:00:00+00:00
[2024-12-09T20:50:50.367+0000] {processor.py:208} INFO - Processing /opt/airflow/dags/show_date.py took 0.068 seconds
[2024-12-09T20:51:21.194+0000] {processor.py:186} INFO - Started process (PID=3776) to work on /opt/airflow/dags/show_date.py
[2024-12-09T20:51:21.195+0000] {processor.py:914} INFO - Processing file /opt/airflow/dags/show_date.py for tasks to queue
[2024-12-09T20:51:21.197+0000] {logging_mixin.py:190} INFO - [2024-12-09T20:51:21.196+0000] {dagbag.py:588} INFO - Filling up the DagBag from /opt/airflow/dags/show_date.py
[2024-12-09T20:51:21.209+0000] {processor.py:925} INFO - DAG(s) 'show_date' retrieved from /opt/airflow/dags/show_date.py
[2024-12-09T20:51:21.224+0000] {logging_mixin.py:190} INFO - [2024-12-09T20:51:21.223+0000] {dag.py:3239} INFO - Sync 1 DAGs
[2024-12-09T20:51:21.241+0000] {logging_mixin.py:190} INFO - [2024-12-09T20:51:21.241+0000] {dag.py:4180} INFO - Setting next_dagrun for show_date to 2024-12-08 00:00:00+00:00, run_after=2024-12-09 00:00:00+00:00
[2024-12-09T20:51:21.256+0000] {processor.py:208} INFO - Processing /opt/airflow/dags/show_date.py took 0.066 seconds
[2024-12-09T20:51:52.056+0000] {processor.py:186} INFO - Started process (PID=3844) to work on /opt/airflow/dags/show_date.py
[2024-12-09T20:51:52.057+0000] {processor.py:914} INFO - Processing file /opt/airflow/dags/show_date.py for tasks to queue
[2024-12-09T20:51:52.059+0000] {logging_mixin.py:190} INFO - [2024-12-09T20:51:52.059+0000] {dagbag.py:588} INFO - Filling up the DagBag from /opt/airflow/dags/show_date.py
[2024-12-09T20:51:52.074+0000] {processor.py:925} INFO - DAG(s) 'show_date' retrieved from /opt/airflow/dags/show_date.py
[2024-12-09T20:51:52.089+0000] {logging_mixin.py:190} INFO - [2024-12-09T20:51:52.089+0000] {dag.py:3239} INFO - Sync 1 DAGs
[2024-12-09T20:51:52.107+0000] {logging_mixin.py:190} INFO - [2024-12-09T20:51:52.107+0000] {dag.py:4180} INFO - Setting next_dagrun for show_date to 2024-12-08 00:00:00+00:00, run_after=2024-12-09 00:00:00+00:00
[2024-12-09T20:51:52.120+0000] {processor.py:208} INFO - Processing /opt/airflow/dags/show_date.py took 0.069 seconds
[2024-12-09T20:52:22.912+0000] {processor.py:186} INFO - Started process (PID=3912) to work on /opt/airflow/dags/show_date.py
[2024-12-09T20:52:22.913+0000] {processor.py:914} INFO - Processing file /opt/airflow/dags/show_date.py for tasks to queue
[2024-12-09T20:52:22.916+0000] {logging_mixin.py:190} INFO - [2024-12-09T20:52:22.916+0000] {dagbag.py:588} INFO - Filling up the DagBag from /opt/airflow/dags/show_date.py
[2024-12-09T20:52:22.929+0000] {processor.py:925} INFO - DAG(s) 'show_date' retrieved from /opt/airflow/dags/show_date.py
[2024-12-09T20:52:22.946+0000] {logging_mixin.py:190} INFO - [2024-12-09T20:52:22.946+0000] {dag.py:3239} INFO - Sync 1 DAGs
[2024-12-09T20:52:22.966+0000] {logging_mixin.py:190} INFO - [2024-12-09T20:52:22.965+0000] {dag.py:4180} INFO - Setting next_dagrun for show_date to 2024-12-08 00:00:00+00:00, run_after=2024-12-09 00:00:00+00:00
[2024-12-09T20:52:22.980+0000] {processor.py:208} INFO - Processing /opt/airflow/dags/show_date.py took 0.074 seconds
[2024-12-09T20:52:53.085+0000] {processor.py:186} INFO - Started process (PID=3980) to work on /opt/airflow/dags/show_date.py
[2024-12-09T20:52:53.086+0000] {processor.py:914} INFO - Processing file /opt/airflow/dags/show_date.py for tasks to queue
[2024-12-09T20:52:53.088+0000] {logging_mixin.py:190} INFO - [2024-12-09T20:52:53.087+0000] {dagbag.py:588} INFO - Filling up the DagBag from /opt/airflow/dags/show_date.py
[2024-12-09T20:52:53.101+0000] {processor.py:925} INFO - DAG(s) 'show_date' retrieved from /opt/airflow/dags/show_date.py
[2024-12-09T20:52:53.117+0000] {logging_mixin.py:190} INFO - [2024-12-09T20:52:53.117+0000] {dag.py:3239} INFO - Sync 1 DAGs
[2024-12-09T20:52:53.137+0000] {logging_mixin.py:190} INFO - [2024-12-09T20:52:53.137+0000] {dag.py:4180} INFO - Setting next_dagrun for show_date to 2024-12-08 00:00:00+00:00, run_after=2024-12-09 00:00:00+00:00
[2024-12-09T20:52:53.153+0000] {processor.py:208} INFO - Processing /opt/airflow/dags/show_date.py took 0.073 seconds
[2024-12-09T20:53:23.717+0000] {processor.py:186} INFO - Started process (PID=4048) to work on /opt/airflow/dags/show_date.py
[2024-12-09T20:53:23.717+0000] {processor.py:914} INFO - Processing file /opt/airflow/dags/show_date.py for tasks to queue
[2024-12-09T20:53:23.719+0000] {logging_mixin.py:190} INFO - [2024-12-09T20:53:23.719+0000] {dagbag.py:588} INFO - Filling up the DagBag from /opt/airflow/dags/show_date.py
[2024-12-09T20:53:23.732+0000] {processor.py:925} INFO - DAG(s) 'show_date' retrieved from /opt/airflow/dags/show_date.py
[2024-12-09T20:53:23.747+0000] {logging_mixin.py:190} INFO - [2024-12-09T20:53:23.747+0000] {dag.py:3239} INFO - Sync 1 DAGs
[2024-12-09T20:53:23.767+0000] {logging_mixin.py:190} INFO - [2024-12-09T20:53:23.766+0000] {dag.py:4180} INFO - Setting next_dagrun for show_date to 2024-12-08 00:00:00+00:00, run_after=2024-12-09 00:00:00+00:00
[2024-12-09T20:53:23.780+0000] {processor.py:208} INFO - Processing /opt/airflow/dags/show_date.py took 0.069 seconds
[2024-12-09T20:53:54.384+0000] {processor.py:186} INFO - Started process (PID=4116) to work on /opt/airflow/dags/show_date.py
[2024-12-09T20:53:54.385+0000] {processor.py:914} INFO - Processing file /opt/airflow/dags/show_date.py for tasks to queue
[2024-12-09T20:53:54.387+0000] {logging_mixin.py:190} INFO - [2024-12-09T20:53:54.387+0000] {dagbag.py:588} INFO - Filling up the DagBag from /opt/airflow/dags/show_date.py
[2024-12-09T20:53:54.402+0000] {processor.py:925} INFO - DAG(s) 'show_date' retrieved from /opt/airflow/dags/show_date.py
[2024-12-09T20:53:54.418+0000] {logging_mixin.py:190} INFO - [2024-12-09T20:53:54.418+0000] {dag.py:3239} INFO - Sync 1 DAGs
[2024-12-09T20:53:54.439+0000] {logging_mixin.py:190} INFO - [2024-12-09T20:53:54.439+0000] {dag.py:4180} INFO - Setting next_dagrun for show_date to 2024-12-08 00:00:00+00:00, run_after=2024-12-09 00:00:00+00:00
[2024-12-09T20:53:54.456+0000] {processor.py:208} INFO - Processing /opt/airflow/dags/show_date.py took 0.078 seconds
[2024-12-09T20:54:25.042+0000] {processor.py:186} INFO - Started process (PID=4184) to work on /opt/airflow/dags/show_date.py
[2024-12-09T20:54:25.043+0000] {processor.py:914} INFO - Processing file /opt/airflow/dags/show_date.py for tasks to queue
[2024-12-09T20:54:25.045+0000] {logging_mixin.py:190} INFO - [2024-12-09T20:54:25.045+0000] {dagbag.py:588} INFO - Filling up the DagBag from /opt/airflow/dags/show_date.py
[2024-12-09T20:54:25.058+0000] {processor.py:925} INFO - DAG(s) 'show_date' retrieved from /opt/airflow/dags/show_date.py
[2024-12-09T20:54:25.072+0000] {logging_mixin.py:190} INFO - [2024-12-09T20:54:25.072+0000] {dag.py:3239} INFO - Sync 1 DAGs
[2024-12-09T20:54:25.090+0000] {logging_mixin.py:190} INFO - [2024-12-09T20:54:25.090+0000] {dag.py:4180} INFO - Setting next_dagrun for show_date to 2024-12-08 00:00:00+00:00, run_after=2024-12-09 00:00:00+00:00
[2024-12-09T20:54:25.105+0000] {processor.py:208} INFO - Processing /opt/airflow/dags/show_date.py took 0.068 seconds
[2024-12-09T20:54:55.820+0000] {processor.py:186} INFO - Started process (PID=4252) to work on /opt/airflow/dags/show_date.py
[2024-12-09T20:54:55.821+0000] {processor.py:914} INFO - Processing file /opt/airflow/dags/show_date.py for tasks to queue
[2024-12-09T20:54:55.824+0000] {logging_mixin.py:190} INFO - [2024-12-09T20:54:55.823+0000] {dagbag.py:588} INFO - Filling up the DagBag from /opt/airflow/dags/show_date.py
[2024-12-09T20:54:55.837+0000] {processor.py:925} INFO - DAG(s) 'show_date' retrieved from /opt/airflow/dags/show_date.py
[2024-12-09T20:54:55.853+0000] {logging_mixin.py:190} INFO - [2024-12-09T20:54:55.853+0000] {dag.py:3239} INFO - Sync 1 DAGs
[2024-12-09T20:54:55.871+0000] {logging_mixin.py:190} INFO - [2024-12-09T20:54:55.871+0000] {dag.py:4180} INFO - Setting next_dagrun for show_date to 2024-12-08 00:00:00+00:00, run_after=2024-12-09 00:00:00+00:00
[2024-12-09T20:54:55.886+0000] {processor.py:208} INFO - Processing /opt/airflow/dags/show_date.py took 0.071 seconds
[2024-12-09T20:55:26.206+0000] {processor.py:186} INFO - Started process (PID=4320) to work on /opt/airflow/dags/show_date.py
[2024-12-09T20:55:26.207+0000] {processor.py:914} INFO - Processing file /opt/airflow/dags/show_date.py for tasks to queue
[2024-12-09T20:55:26.209+0000] {logging_mixin.py:190} INFO - [2024-12-09T20:55:26.208+0000] {dagbag.py:588} INFO - Filling up the DagBag from /opt/airflow/dags/show_date.py
[2024-12-09T20:55:26.223+0000] {processor.py:925} INFO - DAG(s) 'show_date' retrieved from /opt/airflow/dags/show_date.py
[2024-12-09T20:55:26.238+0000] {logging_mixin.py:190} INFO - [2024-12-09T20:55:26.238+0000] {dag.py:3239} INFO - Sync 1 DAGs
[2024-12-09T20:55:26.256+0000] {logging_mixin.py:190} INFO - [2024-12-09T20:55:26.256+0000] {dag.py:4180} INFO - Setting next_dagrun for show_date to 2024-12-08 00:00:00+00:00, run_after=2024-12-09 00:00:00+00:00
[2024-12-09T20:55:26.271+0000] {processor.py:208} INFO - Processing /opt/airflow/dags/show_date.py took 0.071 seconds
[2024-12-09T20:55:56.968+0000] {processor.py:186} INFO - Started process (PID=4387) to work on /opt/airflow/dags/show_date.py
[2024-12-09T20:55:56.969+0000] {processor.py:914} INFO - Processing file /opt/airflow/dags/show_date.py for tasks to queue
[2024-12-09T20:55:56.971+0000] {logging_mixin.py:190} INFO - [2024-12-09T20:55:56.971+0000] {dagbag.py:588} INFO - Filling up the DagBag from /opt/airflow/dags/show_date.py
[2024-12-09T20:55:56.992+0000] {processor.py:925} INFO - DAG(s) 'show_date' retrieved from /opt/airflow/dags/show_date.py
[2024-12-09T20:55:57.015+0000] {logging_mixin.py:190} INFO - [2024-12-09T20:55:57.014+0000] {dag.py:3239} INFO - Sync 1 DAGs
[2024-12-09T20:55:57.049+0000] {logging_mixin.py:190} INFO - [2024-12-09T20:55:57.049+0000] {dag.py:4180} INFO - Setting next_dagrun for show_date to 2024-12-08 00:00:00+00:00, run_after=2024-12-09 00:00:00+00:00
[2024-12-09T20:55:57.080+0000] {processor.py:208} INFO - Processing /opt/airflow/dags/show_date.py took 0.120 seconds
[2024-12-09T20:56:27.982+0000] {processor.py:186} INFO - Started process (PID=4455) to work on /opt/airflow/dags/show_date.py
[2024-12-09T20:56:27.983+0000] {processor.py:914} INFO - Processing file /opt/airflow/dags/show_date.py for tasks to queue
[2024-12-09T20:56:27.986+0000] {logging_mixin.py:190} INFO - [2024-12-09T20:56:27.985+0000] {dagbag.py:588} INFO - Filling up the DagBag from /opt/airflow/dags/show_date.py
[2024-12-09T20:56:28.003+0000] {processor.py:925} INFO - DAG(s) 'show_date' retrieved from /opt/airflow/dags/show_date.py
[2024-12-09T20:56:28.019+0000] {logging_mixin.py:190} INFO - [2024-12-09T20:56:28.019+0000] {dag.py:3239} INFO - Sync 1 DAGs
[2024-12-09T20:56:28.038+0000] {logging_mixin.py:190} INFO - [2024-12-09T20:56:28.038+0000] {dag.py:4180} INFO - Setting next_dagrun for show_date to 2024-12-08 00:00:00+00:00, run_after=2024-12-09 00:00:00+00:00
[2024-12-09T20:56:28.056+0000] {processor.py:208} INFO - Processing /opt/airflow/dags/show_date.py took 0.080 seconds
[2024-12-09T20:56:58.894+0000] {processor.py:186} INFO - Started process (PID=4523) to work on /opt/airflow/dags/show_date.py
[2024-12-09T20:56:58.895+0000] {processor.py:914} INFO - Processing file /opt/airflow/dags/show_date.py for tasks to queue
[2024-12-09T20:56:58.897+0000] {logging_mixin.py:190} INFO - [2024-12-09T20:56:58.897+0000] {dagbag.py:588} INFO - Filling up the DagBag from /opt/airflow/dags/show_date.py
[2024-12-09T20:56:58.910+0000] {processor.py:925} INFO - DAG(s) 'show_date' retrieved from /opt/airflow/dags/show_date.py
[2024-12-09T20:56:58.925+0000] {logging_mixin.py:190} INFO - [2024-12-09T20:56:58.924+0000] {dag.py:3239} INFO - Sync 1 DAGs
[2024-12-09T20:56:58.945+0000] {logging_mixin.py:190} INFO - [2024-12-09T20:56:58.945+0000] {dag.py:4180} INFO - Setting next_dagrun for show_date to 2024-12-08 00:00:00+00:00, run_after=2024-12-09 00:00:00+00:00
[2024-12-09T20:56:58.958+0000] {processor.py:208} INFO - Processing /opt/airflow/dags/show_date.py took 0.070 seconds
[2024-12-09T20:57:29.770+0000] {processor.py:186} INFO - Started process (PID=4591) to work on /opt/airflow/dags/show_date.py
[2024-12-09T20:57:29.771+0000] {processor.py:914} INFO - Processing file /opt/airflow/dags/show_date.py for tasks to queue
[2024-12-09T20:57:29.772+0000] {logging_mixin.py:190} INFO - [2024-12-09T20:57:29.772+0000] {dagbag.py:588} INFO - Filling up the DagBag from /opt/airflow/dags/show_date.py
[2024-12-09T20:57:29.787+0000] {processor.py:925} INFO - DAG(s) 'show_date' retrieved from /opt/airflow/dags/show_date.py
[2024-12-09T20:57:29.801+0000] {logging_mixin.py:190} INFO - [2024-12-09T20:57:29.801+0000] {dag.py:3239} INFO - Sync 1 DAGs
[2024-12-09T20:57:29.820+0000] {logging_mixin.py:190} INFO - [2024-12-09T20:57:29.819+0000] {dag.py:4180} INFO - Setting next_dagrun for show_date to 2024-12-08 00:00:00+00:00, run_after=2024-12-09 00:00:00+00:00
[2024-12-09T20:57:29.835+0000] {processor.py:208} INFO - Processing /opt/airflow/dags/show_date.py took 0.070 seconds
[2024-12-09T20:58:00.785+0000] {processor.py:186} INFO - Started process (PID=4659) to work on /opt/airflow/dags/show_date.py
[2024-12-09T20:58:00.786+0000] {processor.py:914} INFO - Processing file /opt/airflow/dags/show_date.py for tasks to queue
[2024-12-09T20:58:00.787+0000] {logging_mixin.py:190} INFO - [2024-12-09T20:58:00.787+0000] {dagbag.py:588} INFO - Filling up the DagBag from /opt/airflow/dags/show_date.py
[2024-12-09T20:58:00.802+0000] {processor.py:925} INFO - DAG(s) 'show_date' retrieved from /opt/airflow/dags/show_date.py
[2024-12-09T20:58:00.816+0000] {logging_mixin.py:190} INFO - [2024-12-09T20:58:00.816+0000] {dag.py:3239} INFO - Sync 1 DAGs
[2024-12-09T20:58:00.833+0000] {logging_mixin.py:190} INFO - [2024-12-09T20:58:00.833+0000] {dag.py:4180} INFO - Setting next_dagrun for show_date to 2024-12-08 00:00:00+00:00, run_after=2024-12-09 00:00:00+00:00
[2024-12-09T20:58:00.848+0000] {processor.py:208} INFO - Processing /opt/airflow/dags/show_date.py took 0.068 seconds
[2024-12-09T20:58:31.813+0000] {processor.py:186} INFO - Started process (PID=4727) to work on /opt/airflow/dags/show_date.py
[2024-12-09T20:58:31.814+0000] {processor.py:914} INFO - Processing file /opt/airflow/dags/show_date.py for tasks to queue
[2024-12-09T20:58:31.816+0000] {logging_mixin.py:190} INFO - [2024-12-09T20:58:31.816+0000] {dagbag.py:588} INFO - Filling up the DagBag from /opt/airflow/dags/show_date.py
[2024-12-09T20:58:31.830+0000] {processor.py:925} INFO - DAG(s) 'show_date' retrieved from /opt/airflow/dags/show_date.py
[2024-12-09T20:58:31.845+0000] {logging_mixin.py:190} INFO - [2024-12-09T20:58:31.844+0000] {dag.py:3239} INFO - Sync 1 DAGs
[2024-12-09T20:58:31.862+0000] {logging_mixin.py:190} INFO - [2024-12-09T20:58:31.862+0000] {dag.py:4180} INFO - Setting next_dagrun for show_date to 2024-12-08 00:00:00+00:00, run_after=2024-12-09 00:00:00+00:00
[2024-12-09T20:58:31.875+0000] {processor.py:208} INFO - Processing /opt/airflow/dags/show_date.py took 0.067 seconds
[2024-12-09T20:59:02.725+0000] {processor.py:186} INFO - Started process (PID=4795) to work on /opt/airflow/dags/show_date.py
[2024-12-09T20:59:02.726+0000] {processor.py:914} INFO - Processing file /opt/airflow/dags/show_date.py for tasks to queue
[2024-12-09T20:59:02.728+0000] {logging_mixin.py:190} INFO - [2024-12-09T20:59:02.728+0000] {dagbag.py:588} INFO - Filling up the DagBag from /opt/airflow/dags/show_date.py
[2024-12-09T20:59:02.743+0000] {processor.py:925} INFO - DAG(s) 'show_date' retrieved from /opt/airflow/dags/show_date.py
[2024-12-09T20:59:02.758+0000] {logging_mixin.py:190} INFO - [2024-12-09T20:59:02.758+0000] {dag.py:3239} INFO - Sync 1 DAGs
[2024-12-09T20:59:02.776+0000] {logging_mixin.py:190} INFO - [2024-12-09T20:59:02.776+0000] {dag.py:4180} INFO - Setting next_dagrun for show_date to 2024-12-08 00:00:00+00:00, run_after=2024-12-09 00:00:00+00:00
[2024-12-09T20:59:02.790+0000] {processor.py:208} INFO - Processing /opt/airflow/dags/show_date.py took 0.070 seconds
[2024-12-09T21:00:15.625+0000] {processor.py:186} INFO - Started process (PID=70) to work on /opt/airflow/dags/show_date.py
[2024-12-09T21:00:15.627+0000] {processor.py:914} INFO - Processing file /opt/airflow/dags/show_date.py for tasks to queue
[2024-12-09T21:00:15.631+0000] {logging_mixin.py:190} INFO - [2024-12-09T21:00:15.630+0000] {dagbag.py:588} INFO - Filling up the DagBag from /opt/airflow/dags/show_date.py
[2024-12-09T21:00:15.651+0000] {processor.py:925} INFO - DAG(s) 'show_date' retrieved from /opt/airflow/dags/show_date.py
[2024-12-09T21:00:15.696+0000] {logging_mixin.py:190} INFO - [2024-12-09T21:00:15.695+0000] {dag.py:3239} INFO - Sync 1 DAGs
[2024-12-09T21:00:15.719+0000] {logging_mixin.py:190} INFO - [2024-12-09T21:00:15.719+0000] {dag.py:4180} INFO - Setting next_dagrun for show_date to 2024-12-08 00:00:00+00:00, run_after=2024-12-09 00:00:00+00:00
[2024-12-09T21:00:15.737+0000] {processor.py:208} INFO - Processing /opt/airflow/dags/show_date.py took 0.121 seconds
[2024-12-09T21:00:45.816+0000] {processor.py:186} INFO - Started process (PID=142) to work on /opt/airflow/dags/show_date.py
[2024-12-09T21:00:45.817+0000] {processor.py:914} INFO - Processing file /opt/airflow/dags/show_date.py for tasks to queue
[2024-12-09T21:00:45.820+0000] {logging_mixin.py:190} INFO - [2024-12-09T21:00:45.819+0000] {dagbag.py:588} INFO - Filling up the DagBag from /opt/airflow/dags/show_date.py
[2024-12-09T21:00:45.836+0000] {processor.py:925} INFO - DAG(s) 'show_date' retrieved from /opt/airflow/dags/show_date.py
[2024-12-09T21:00:45.855+0000] {logging_mixin.py:190} INFO - [2024-12-09T21:00:45.855+0000] {dag.py:3239} INFO - Sync 1 DAGs
[2024-12-09T21:00:45.876+0000] {logging_mixin.py:190} INFO - [2024-12-09T21:00:45.876+0000] {dag.py:4180} INFO - Setting next_dagrun for show_date to 2024-12-08 00:00:00+00:00, run_after=2024-12-09 00:00:00+00:00
[2024-12-09T21:00:45.894+0000] {processor.py:208} INFO - Processing /opt/airflow/dags/show_date.py took 0.083 seconds
[2024-12-09T21:01:16.731+0000] {processor.py:186} INFO - Started process (PID=210) to work on /opt/airflow/dags/show_date.py
[2024-12-09T21:01:16.732+0000] {processor.py:914} INFO - Processing file /opt/airflow/dags/show_date.py for tasks to queue
[2024-12-09T21:01:16.734+0000] {logging_mixin.py:190} INFO - [2024-12-09T21:01:16.734+0000] {dagbag.py:588} INFO - Filling up the DagBag from /opt/airflow/dags/show_date.py
[2024-12-09T21:01:16.747+0000] {processor.py:925} INFO - DAG(s) 'show_date' retrieved from /opt/airflow/dags/show_date.py
[2024-12-09T21:01:16.764+0000] {logging_mixin.py:190} INFO - [2024-12-09T21:01:16.764+0000] {dag.py:3239} INFO - Sync 1 DAGs
[2024-12-09T21:01:16.783+0000] {logging_mixin.py:190} INFO - [2024-12-09T21:01:16.783+0000] {dag.py:4180} INFO - Setting next_dagrun for show_date to 2024-12-08 00:00:00+00:00, run_after=2024-12-09 00:00:00+00:00
[2024-12-09T21:01:16.800+0000] {processor.py:208} INFO - Processing /opt/airflow/dags/show_date.py took 0.073 seconds
[2024-12-09T21:01:47.414+0000] {processor.py:186} INFO - Started process (PID=280) to work on /opt/airflow/dags/show_date.py
[2024-12-09T21:01:47.415+0000] {processor.py:914} INFO - Processing file /opt/airflow/dags/show_date.py for tasks to queue
[2024-12-09T21:01:47.417+0000] {logging_mixin.py:190} INFO - [2024-12-09T21:01:47.417+0000] {dagbag.py:588} INFO - Filling up the DagBag from /opt/airflow/dags/show_date.py
[2024-12-09T21:01:47.431+0000] {processor.py:925} INFO - DAG(s) 'show_date' retrieved from /opt/airflow/dags/show_date.py
[2024-12-09T21:01:47.448+0000] {logging_mixin.py:190} INFO - [2024-12-09T21:01:47.448+0000] {dag.py:3239} INFO - Sync 1 DAGs
[2024-12-09T21:01:47.468+0000] {logging_mixin.py:190} INFO - [2024-12-09T21:01:47.468+0000] {dag.py:4180} INFO - Setting next_dagrun for show_date to 2024-12-08 00:00:00+00:00, run_after=2024-12-09 00:00:00+00:00
[2024-12-09T21:01:47.482+0000] {processor.py:208} INFO - Processing /opt/airflow/dags/show_date.py took 0.074 seconds
[2024-12-09T21:02:17.987+0000] {processor.py:186} INFO - Started process (PID=353) to work on /opt/airflow/dags/show_date.py
[2024-12-09T21:02:17.988+0000] {processor.py:914} INFO - Processing file /opt/airflow/dags/show_date.py for tasks to queue
[2024-12-09T21:02:17.990+0000] {logging_mixin.py:190} INFO - [2024-12-09T21:02:17.990+0000] {dagbag.py:588} INFO - Filling up the DagBag from /opt/airflow/dags/show_date.py
[2024-12-09T21:02:18.006+0000] {processor.py:925} INFO - DAG(s) 'show_date' retrieved from /opt/airflow/dags/show_date.py
[2024-12-09T21:02:18.021+0000] {logging_mixin.py:190} INFO - [2024-12-09T21:02:18.021+0000] {dag.py:3239} INFO - Sync 1 DAGs
[2024-12-09T21:02:18.041+0000] {logging_mixin.py:190} INFO - [2024-12-09T21:02:18.041+0000] {dag.py:4180} INFO - Setting next_dagrun for show_date to 2024-12-08 00:00:00+00:00, run_after=2024-12-09 00:00:00+00:00
[2024-12-09T21:02:18.057+0000] {processor.py:208} INFO - Processing /opt/airflow/dags/show_date.py took 0.076 seconds
[2024-12-09T21:02:48.573+0000] {processor.py:186} INFO - Started process (PID=427) to work on /opt/airflow/dags/show_date.py
[2024-12-09T21:02:48.574+0000] {processor.py:914} INFO - Processing file /opt/airflow/dags/show_date.py for tasks to queue
[2024-12-09T21:02:48.576+0000] {logging_mixin.py:190} INFO - [2024-12-09T21:02:48.576+0000] {dagbag.py:588} INFO - Filling up the DagBag from /opt/airflow/dags/show_date.py
[2024-12-09T21:02:48.598+0000] {processor.py:925} INFO - DAG(s) 'show_date' retrieved from /opt/airflow/dags/show_date.py
[2024-12-09T21:02:48.618+0000] {logging_mixin.py:190} INFO - [2024-12-09T21:02:48.617+0000] {dag.py:3239} INFO - Sync 1 DAGs
[2024-12-09T21:02:48.636+0000] {logging_mixin.py:190} INFO - [2024-12-09T21:02:48.636+0000] {dag.py:4180} INFO - Setting next_dagrun for show_date to 2024-12-08 00:00:00+00:00, run_after=2024-12-09 00:00:00+00:00
[2024-12-09T21:02:48.651+0000] {processor.py:208} INFO - Processing /opt/airflow/dags/show_date.py took 0.083 seconds
[2024-12-09T21:03:19.573+0000] {processor.py:186} INFO - Started process (PID=495) to work on /opt/airflow/dags/show_date.py
[2024-12-09T21:03:19.573+0000] {processor.py:914} INFO - Processing file /opt/airflow/dags/show_date.py for tasks to queue
[2024-12-09T21:03:19.575+0000] {logging_mixin.py:190} INFO - [2024-12-09T21:03:19.575+0000] {dagbag.py:588} INFO - Filling up the DagBag from /opt/airflow/dags/show_date.py
[2024-12-09T21:03:19.588+0000] {processor.py:925} INFO - DAG(s) 'show_date' retrieved from /opt/airflow/dags/show_date.py
[2024-12-09T21:03:19.604+0000] {logging_mixin.py:190} INFO - [2024-12-09T21:03:19.604+0000] {dag.py:3239} INFO - Sync 1 DAGs
[2024-12-09T21:03:19.623+0000] {logging_mixin.py:190} INFO - [2024-12-09T21:03:19.622+0000] {dag.py:4180} INFO - Setting next_dagrun for show_date to 2024-12-08 00:00:00+00:00, run_after=2024-12-09 00:00:00+00:00
[2024-12-09T21:03:19.638+0000] {processor.py:208} INFO - Processing /opt/airflow/dags/show_date.py took 0.070 seconds
[2024-12-09T21:03:50.432+0000] {processor.py:186} INFO - Started process (PID=563) to work on /opt/airflow/dags/show_date.py
[2024-12-09T21:03:50.433+0000] {processor.py:914} INFO - Processing file /opt/airflow/dags/show_date.py for tasks to queue
[2024-12-09T21:03:50.435+0000] {logging_mixin.py:190} INFO - [2024-12-09T21:03:50.434+0000] {dagbag.py:588} INFO - Filling up the DagBag from /opt/airflow/dags/show_date.py
[2024-12-09T21:03:50.448+0000] {processor.py:925} INFO - DAG(s) 'show_date' retrieved from /opt/airflow/dags/show_date.py
[2024-12-09T21:03:50.462+0000] {logging_mixin.py:190} INFO - [2024-12-09T21:03:50.462+0000] {dag.py:3239} INFO - Sync 1 DAGs
[2024-12-09T21:03:50.480+0000] {logging_mixin.py:190} INFO - [2024-12-09T21:03:50.480+0000] {dag.py:4180} INFO - Setting next_dagrun for show_date to 2024-12-08 00:00:00+00:00, run_after=2024-12-09 00:00:00+00:00
[2024-12-09T21:03:50.496+0000] {processor.py:208} INFO - Processing /opt/airflow/dags/show_date.py took 0.069 seconds
