[2024-12-09T21:00:53.688+0000] {local_task_job_runner.py:123} INFO - ::group::Pre task execution logs
[2024-12-09T21:00:53.699+0000] {taskinstance.py:2613} INFO - Dependencies all met for dep_context=non-requeueable deps ti=<TaskInstance: etl_data_pipeline_mongodb_complex.transform_data manual__2024-12-09T21:00:41.632133+00:00 [queued]>
[2024-12-09T21:00:53.705+0000] {taskinstance.py:2613} INFO - Dependencies all met for dep_context=requeueable deps ti=<TaskInstance: etl_data_pipeline_mongodb_complex.transform_data manual__2024-12-09T21:00:41.632133+00:00 [queued]>
[2024-12-09T21:00:53.706+0000] {taskinstance.py:2866} INFO - Starting attempt 1 of 2
[2024-12-09T21:00:53.715+0000] {taskinstance.py:2889} INFO - Executing <Task(PythonOperator): transform_data> on 2024-12-09 21:00:41.632133+00:00
[2024-12-09T21:00:53.723+0000] {warnings.py:112} WARNING - /home/***/.local/lib/python3.12/site-packages/***/task/task_runner/standard_task_runner.py:70: DeprecationWarning: This process (pid=99) is multi-threaded, use of fork() may lead to deadlocks in the child.
  pid = os.fork()

[2024-12-09T21:00:53.724+0000] {standard_task_runner.py:72} INFO - Started process 101 to run task
[2024-12-09T21:00:53.725+0000] {standard_task_runner.py:104} INFO - Running: ['***', 'tasks', 'run', 'etl_data_pipeline_mongodb_complex', 'transform_data', 'manual__2024-12-09T21:00:41.632133+00:00', '--job-id', '346', '--raw', '--subdir', 'DAGS_FOLDER/etl_data_pipeline_mongodb_complex.py', '--cfg-path', '/tmp/tmpuhldjviv']
[2024-12-09T21:00:53.726+0000] {standard_task_runner.py:105} INFO - Job 346: Subtask transform_data
[2024-12-09T21:00:53.765+0000] {task_command.py:467} INFO - Running <TaskInstance: etl_data_pipeline_mongodb_complex.transform_data manual__2024-12-09T21:00:41.632133+00:00 [running]> on host 90de14a479be
[2024-12-09T21:00:54.001+0000] {taskinstance.py:3132} INFO - Exporting env vars: AIRFLOW_CTX_DAG_OWNER='***' AIRFLOW_CTX_DAG_ID='etl_data_pipeline_mongodb_complex' AIRFLOW_CTX_TASK_ID='transform_data' AIRFLOW_CTX_EXECUTION_DATE='2024-12-09T21:00:41.632133+00:00' AIRFLOW_CTX_TRY_NUMBER='1' AIRFLOW_CTX_DAG_RUN_ID='manual__2024-12-09T21:00:41.632133+00:00'
[2024-12-09T21:00:54.002+0000] {logging_mixin.py:190} INFO - Task instance is in running state
[2024-12-09T21:00:54.002+0000] {logging_mixin.py:190} INFO -  Previous state of the Task instance: queued
[2024-12-09T21:00:54.003+0000] {logging_mixin.py:190} INFO - Current task name:transform_data state:running start_date:2024-12-09 21:00:53.700300+00:00
[2024-12-09T21:00:54.003+0000] {logging_mixin.py:190} INFO - Dag name:etl_data_pipeline_mongodb_complex and current dag run status:running
[2024-12-09T21:00:54.004+0000] {taskinstance.py:731} INFO - ::endgroup::
[2024-12-09T21:00:54.015+0000] {logging_mixin.py:190} INFO - Données brutes combinées :
[2024-12-09T21:00:54.035+0000] {logging_mixin.py:190} INFO -   Month   "1958"   "1959"   "1960"  ...  "Test3"  "Test4"  "Final"  "Grade"
0   JAN    340.0    360.0    417.0  ...      NaN      NaN     None     None
1   FEB    318.0    342.0    391.0  ...      NaN      NaN     None     None
2   MAR    362.0    406.0    419.0  ...      NaN      NaN     None     None
3   APR    348.0    396.0    461.0  ...      NaN      NaN     None     None
4   MAY    363.0    420.0    472.0  ...      NaN      NaN     None     None

[5 rows x 13 columns]
[2024-12-09T21:00:54.037+0000] {logging_mixin.py:190} INFO - Données nettoyées et sauvegardées sous /tmp/cleaned_data.json
[2024-12-09T21:00:54.037+0000] {python.py:240} INFO - Done. Returned value was: {'nb_lignes': 28}
[2024-12-09T21:00:54.056+0000] {taskinstance.py:340} INFO - ::group::Post task execution logs
[2024-12-09T21:00:54.057+0000] {taskinstance.py:352} INFO - Marking task as SUCCESS. dag_id=etl_data_pipeline_mongodb_complex, task_id=transform_data, run_id=manual__2024-12-09T21:00:41.632133+00:00, execution_date=20241209T210041, start_date=20241209T210053, end_date=20241209T210054
[2024-12-09T21:00:54.065+0000] {logging_mixin.py:190} INFO - Task instance in success state
[2024-12-09T21:00:54.066+0000] {logging_mixin.py:190} INFO -  Previous state of the Task instance: running
[2024-12-09T21:00:54.067+0000] {logging_mixin.py:190} INFO - Dag name:etl_data_pipeline_mongodb_complex queued_at:2024-12-09 21:00:41.647542+00:00
[2024-12-09T21:00:54.067+0000] {logging_mixin.py:190} INFO - Task hostname:90de14a479be operator:PythonOperator
[2024-12-09T21:00:54.100+0000] {local_task_job_runner.py:266} INFO - Task exited with return code 0
[2024-12-09T21:00:54.280+0000] {taskinstance.py:3895} INFO - 1 downstream tasks scheduled from follow-on schedule check
[2024-12-09T21:00:54.282+0000] {local_task_job_runner.py:245} INFO - ::endgroup::
