[2024-12-09T20:26:58.665+0000] {local_task_job_runner.py:123} INFO - ::group::Pre task execution logs
[2024-12-09T20:26:58.678+0000] {taskinstance.py:2613} INFO - Dependencies all met for dep_context=non-requeueable deps ti=<TaskInstance: etl_data_pipeline_mongodb.transform_data manual__2024-12-09T20:26:53.195881+00:00 [queued]>
[2024-12-09T20:26:58.684+0000] {taskinstance.py:2613} INFO - Dependencies all met for dep_context=requeueable deps ti=<TaskInstance: etl_data_pipeline_mongodb.transform_data manual__2024-12-09T20:26:53.195881+00:00 [queued]>
[2024-12-09T20:26:58.685+0000] {taskinstance.py:2866} INFO - Starting attempt 1 of 2
[2024-12-09T20:26:58.696+0000] {taskinstance.py:2889} INFO - Executing <Task(PythonOperator): transform_data> on 2024-12-09 20:26:53.195881+00:00
[2024-12-09T20:26:58.703+0000] {warnings.py:112} WARNING - /home/***/.local/lib/python3.12/site-packages/***/task/task_runner/standard_task_runner.py:70: DeprecationWarning: This process (pid=366) is multi-threaded, use of fork() may lead to deadlocks in the child.
  pid = os.fork()

[2024-12-09T20:26:58.704+0000] {standard_task_runner.py:72} INFO - Started process 368 to run task
[2024-12-09T20:26:58.705+0000] {standard_task_runner.py:104} INFO - Running: ['***', 'tasks', 'run', 'etl_data_pipeline_mongodb', 'transform_data', 'manual__2024-12-09T20:26:53.195881+00:00', '--job-id', '262', '--raw', '--subdir', 'DAGS_FOLDER/etl_data_pipeline_mongodb.py', '--cfg-path', '/tmp/tmpj5p3ejtt']
[2024-12-09T20:26:58.706+0000] {standard_task_runner.py:105} INFO - Job 262: Subtask transform_data
[2024-12-09T20:26:58.949+0000] {task_command.py:467} INFO - Running <TaskInstance: etl_data_pipeline_mongodb.transform_data manual__2024-12-09T20:26:53.195881+00:00 [running]> on host 8553af9ff67b
[2024-12-09T20:26:59.010+0000] {taskinstance.py:3132} INFO - Exporting env vars: AIRFLOW_CTX_DAG_OWNER='***' AIRFLOW_CTX_DAG_ID='etl_data_pipeline_mongodb' AIRFLOW_CTX_TASK_ID='transform_data' AIRFLOW_CTX_EXECUTION_DATE='2024-12-09T20:26:53.195881+00:00' AIRFLOW_CTX_TRY_NUMBER='1' AIRFLOW_CTX_DAG_RUN_ID='manual__2024-12-09T20:26:53.195881+00:00'
[2024-12-09T20:26:59.011+0000] {logging_mixin.py:190} INFO - Task instance is in running state
[2024-12-09T20:26:59.011+0000] {logging_mixin.py:190} INFO -  Previous state of the Task instance: queued
[2024-12-09T20:26:59.012+0000] {logging_mixin.py:190} INFO - Current task name:transform_data state:running start_date:2024-12-09 20:26:58.679178+00:00
[2024-12-09T20:26:59.012+0000] {logging_mixin.py:190} INFO - Dag name:etl_data_pipeline_mongodb and current dag run status:running
[2024-12-09T20:26:59.012+0000] {taskinstance.py:731} INFO - ::endgroup::
[2024-12-09T20:26:59.016+0000] {logging_mixin.py:190} INFO - Données brutes :
[2024-12-09T20:26:59.023+0000] {logging_mixin.py:190} INFO -    Index   Height(Inches)"   "Weight(Pounds)"
0      1             65.78             112.99
1      2             71.52             136.49
2      3             69.40             153.03
3      4             68.22             142.34
4      5             67.79             144.30
[2024-12-09T20:26:59.025+0000] {logging_mixin.py:190} INFO - Données nettoyées et sauvegardées sous /tmp/cleaned_data.json
[2024-12-09T20:26:59.025+0000] {python.py:240} INFO - Done. Returned value was: None
[2024-12-09T20:26:59.033+0000] {taskinstance.py:340} INFO - ::group::Post task execution logs
[2024-12-09T20:26:59.033+0000] {taskinstance.py:352} INFO - Marking task as SUCCESS. dag_id=etl_data_pipeline_mongodb, task_id=transform_data, run_id=manual__2024-12-09T20:26:53.195881+00:00, execution_date=20241209T202653, start_date=20241209T202658, end_date=20241209T202659
[2024-12-09T20:26:59.041+0000] {logging_mixin.py:190} INFO - Task instance in success state
[2024-12-09T20:26:59.042+0000] {logging_mixin.py:190} INFO -  Previous state of the Task instance: running
[2024-12-09T20:26:59.042+0000] {logging_mixin.py:190} INFO - Dag name:etl_data_pipeline_mongodb queued_at:2024-12-09 20:26:53.201649+00:00
[2024-12-09T20:26:59.042+0000] {logging_mixin.py:190} INFO - Task hostname:8553af9ff67b operator:PythonOperator
[2024-12-09T20:26:59.080+0000] {local_task_job_runner.py:266} INFO - Task exited with return code 0
[2024-12-09T20:26:59.250+0000] {taskinstance.py:3895} INFO - 1 downstream tasks scheduled from follow-on schedule check
[2024-12-09T20:26:59.252+0000] {local_task_job_runner.py:245} INFO - ::endgroup::
