[2024-12-09T20:10:15.958+0000] {local_task_job_runner.py:123} INFO - ::group::Pre task execution logs
[2024-12-09T20:10:15.988+0000] {taskinstance.py:2613} INFO - Dependencies all met for dep_context=non-requeueable deps ti=<TaskInstance: example_branch_python_operator_decorator.branching scheduled__2024-12-07T00:00:00+00:00 [queued]>
[2024-12-09T20:10:16.011+0000] {taskinstance.py:2613} INFO - Dependencies all met for dep_context=requeueable deps ti=<TaskInstance: example_branch_python_operator_decorator.branching scheduled__2024-12-07T00:00:00+00:00 [queued]>
[2024-12-09T20:10:16.012+0000] {taskinstance.py:2866} INFO - Starting attempt 1 of 1
[2024-12-09T20:10:16.038+0000] {taskinstance.py:2889} INFO - Executing <Task(_BranchPythonDecoratedOperator): branching> on 2024-12-07 00:00:00+00:00
[2024-12-09T20:10:16.050+0000] {warnings.py:112} WARNING - /home/***/.local/lib/python3.12/site-packages/***/task/task_runner/standard_task_runner.py:70: DeprecationWarning: This process (pid=84) is multi-threaded, use of fork() may lead to deadlocks in the child.
  pid = os.fork()

[2024-12-09T20:10:16.055+0000] {standard_task_runner.py:72} INFO - Started process 106 to run task
[2024-12-09T20:10:16.061+0000] {standard_task_runner.py:104} INFO - Running: ['***', 'tasks', 'run', 'example_branch_python_operator_decorator', 'branching', 'scheduled__2024-12-07T00:00:00+00:00', '--job-id', '229', '--raw', '--subdir', '/home/***/.local/lib/python3.12/site-packages/***/example_dags/example_branch_operator_decorator.py', '--cfg-path', '/tmp/tmpfdudqn71']
[2024-12-09T20:10:16.063+0000] {standard_task_runner.py:105} INFO - Job 229: Subtask branching
[2024-12-09T20:10:16.139+0000] {task_command.py:467} INFO - Running <TaskInstance: example_branch_python_operator_decorator.branching scheduled__2024-12-07T00:00:00+00:00 [running]> on host 8553af9ff67b
[2024-12-09T20:10:16.302+0000] {taskinstance.py:3132} INFO - Exporting env vars: AIRFLOW_CTX_DAG_OWNER='***' AIRFLOW_CTX_DAG_ID='example_branch_python_operator_decorator' AIRFLOW_CTX_TASK_ID='branching' AIRFLOW_CTX_EXECUTION_DATE='2024-12-07T00:00:00+00:00' AIRFLOW_CTX_TRY_NUMBER='1' AIRFLOW_CTX_DAG_RUN_ID='scheduled__2024-12-07T00:00:00+00:00'
[2024-12-09T20:10:16.306+0000] {logging_mixin.py:190} INFO - Task instance is in running state
[2024-12-09T20:10:16.307+0000] {logging_mixin.py:190} INFO -  Previous state of the Task instance: queued
[2024-12-09T20:10:16.309+0000] {logging_mixin.py:190} INFO - Current task name:branching state:running start_date:2024-12-09 20:10:15.989855+00:00
[2024-12-09T20:10:16.309+0000] {logging_mixin.py:190} INFO - Dag name:example_branch_python_operator_decorator and current dag run status:running
[2024-12-09T20:10:16.310+0000] {taskinstance.py:731} INFO - ::endgroup::
[2024-12-09T20:10:16.311+0000] {python.py:240} INFO - Done. Returned value was: branch_b
[2024-12-09T20:10:16.311+0000] {branch.py:38} INFO - Branch into branch_b
[2024-12-09T20:10:16.312+0000] {skipmixin.py:230} INFO - Following branch ('branch_b',)
[2024-12-09T20:10:16.339+0000] {skipmixin.py:278} INFO - Skipping tasks [('branch_d', -1), ('branch_a', -1), ('branch_c', -1)]
[2024-12-09T20:10:16.381+0000] {taskinstance.py:340} INFO - ::group::Post task execution logs
[2024-12-09T20:10:16.381+0000] {taskinstance.py:352} INFO - Marking task as SUCCESS. dag_id=example_branch_python_operator_decorator, task_id=branching, run_id=scheduled__2024-12-07T00:00:00+00:00, execution_date=20241207T000000, start_date=20241209T201015, end_date=20241209T201016
[2024-12-09T20:10:16.395+0000] {logging_mixin.py:190} INFO - Task instance in success state
[2024-12-09T20:10:16.396+0000] {logging_mixin.py:190} INFO -  Previous state of the Task instance: running
[2024-12-09T20:10:16.397+0000] {logging_mixin.py:190} INFO - Dag name:example_branch_python_operator_decorator queued_at:2024-12-09 20:10:06.961355+00:00
[2024-12-09T20:10:16.397+0000] {logging_mixin.py:190} INFO - Task hostname:8553af9ff67b operator:_BranchPythonDecoratedOperator
[2024-12-09T20:10:16.439+0000] {local_task_job_runner.py:266} INFO - Task exited with return code 0
[2024-12-09T20:10:16.478+0000] {taskinstance.py:3895} INFO - 1 downstream tasks scheduled from follow-on schedule check
[2024-12-09T20:10:16.484+0000] {local_task_job_runner.py:245} INFO - ::endgroup::
