[2024-12-03T13:50:01.316+0000] {processor.py:186} INFO - Started process (PID=68) to work on /opt/airflow/dags/etl_data_pipeline_mongodb.py
[2024-12-03T13:50:01.317+0000] {processor.py:914} INFO - Processing file /opt/airflow/dags/etl_data_pipeline_mongodb.py for tasks to queue
[2024-12-03T13:50:01.320+0000] {logging_mixin.py:190} INFO - [2024-12-03T13:50:01.319+0000] {dagbag.py:588} INFO - Filling up the DagBag from /opt/airflow/dags/etl_data_pipeline_mongodb.py
[2024-12-03T13:50:01.339+0000] {logging_mixin.py:190} INFO - [2024-12-03T13:50:01.336+0000] {dagbag.py:387} ERROR - Failed to import: /opt/airflow/dags/etl_data_pipeline_mongodb.py
Traceback (most recent call last):
  File "/home/airflow/.local/lib/python3.12/site-packages/airflow/models/dagbag.py", line 383, in parse
    loader.exec_module(new_module)
  File "<frozen importlib._bootstrap_external>", line 995, in exec_module
  File "<frozen importlib._bootstrap>", line 488, in _call_with_frames_removed
  File "/opt/airflow/dags/etl_data_pipeline_mongodb.py", line 6, in <module>
    from pymongo import MongoClient
ModuleNotFoundError: No module named 'pymongo'
[2024-12-03T13:50:01.340+0000] {processor.py:927} WARNING - No viable dags retrieved from /opt/airflow/dags/etl_data_pipeline_mongodb.py
[2024-12-03T13:50:01.360+0000] {processor.py:208} INFO - Processing /opt/airflow/dags/etl_data_pipeline_mongodb.py took 0.049 seconds
[2024-12-03T13:50:31.399+0000] {processor.py:186} INFO - Started process (PID=132) to work on /opt/airflow/dags/etl_data_pipeline_mongodb.py
[2024-12-03T13:50:31.400+0000] {processor.py:914} INFO - Processing file /opt/airflow/dags/etl_data_pipeline_mongodb.py for tasks to queue
[2024-12-03T13:50:31.402+0000] {logging_mixin.py:190} INFO - [2024-12-03T13:50:31.401+0000] {dagbag.py:588} INFO - Filling up the DagBag from /opt/airflow/dags/etl_data_pipeline_mongodb.py
[2024-12-03T13:50:31.416+0000] {logging_mixin.py:190} INFO - [2024-12-03T13:50:31.414+0000] {dagbag.py:387} ERROR - Failed to import: /opt/airflow/dags/etl_data_pipeline_mongodb.py
Traceback (most recent call last):
  File "/home/airflow/.local/lib/python3.12/site-packages/airflow/models/dagbag.py", line 383, in parse
    loader.exec_module(new_module)
  File "<frozen importlib._bootstrap_external>", line 995, in exec_module
  File "<frozen importlib._bootstrap>", line 488, in _call_with_frames_removed
  File "/opt/airflow/dags/etl_data_pipeline_mongodb.py", line 6, in <module>
    from pymongo import MongoClient
ModuleNotFoundError: No module named 'pymongo'
[2024-12-03T13:50:31.417+0000] {processor.py:927} WARNING - No viable dags retrieved from /opt/airflow/dags/etl_data_pipeline_mongodb.py
[2024-12-03T13:50:31.431+0000] {processor.py:208} INFO - Processing /opt/airflow/dags/etl_data_pipeline_mongodb.py took 0.037 seconds
[2024-12-03T13:51:01.893+0000] {processor.py:186} INFO - Started process (PID=196) to work on /opt/airflow/dags/etl_data_pipeline_mongodb.py
[2024-12-03T13:51:01.895+0000] {processor.py:914} INFO - Processing file /opt/airflow/dags/etl_data_pipeline_mongodb.py for tasks to queue
[2024-12-03T13:51:01.897+0000] {logging_mixin.py:190} INFO - [2024-12-03T13:51:01.897+0000] {dagbag.py:588} INFO - Filling up the DagBag from /opt/airflow/dags/etl_data_pipeline_mongodb.py
[2024-12-03T13:51:01.911+0000] {logging_mixin.py:190} INFO - [2024-12-03T13:51:01.908+0000] {dagbag.py:387} ERROR - Failed to import: /opt/airflow/dags/etl_data_pipeline_mongodb.py
Traceback (most recent call last):
  File "/home/airflow/.local/lib/python3.12/site-packages/airflow/models/dagbag.py", line 383, in parse
    loader.exec_module(new_module)
  File "<frozen importlib._bootstrap_external>", line 995, in exec_module
  File "<frozen importlib._bootstrap>", line 488, in _call_with_frames_removed
  File "/opt/airflow/dags/etl_data_pipeline_mongodb.py", line 6, in <module>
    from pymongo import MongoClient
ModuleNotFoundError: No module named 'pymongo'
[2024-12-03T13:51:01.911+0000] {processor.py:927} WARNING - No viable dags retrieved from /opt/airflow/dags/etl_data_pipeline_mongodb.py
[2024-12-03T13:51:01.928+0000] {processor.py:208} INFO - Processing /opt/airflow/dags/etl_data_pipeline_mongodb.py took 0.041 seconds
[2024-12-03T13:51:32.146+0000] {processor.py:186} INFO - Started process (PID=260) to work on /opt/airflow/dags/etl_data_pipeline_mongodb.py
[2024-12-03T13:51:32.147+0000] {processor.py:914} INFO - Processing file /opt/airflow/dags/etl_data_pipeline_mongodb.py for tasks to queue
[2024-12-03T13:51:32.152+0000] {logging_mixin.py:190} INFO - [2024-12-03T13:51:32.151+0000] {dagbag.py:588} INFO - Filling up the DagBag from /opt/airflow/dags/etl_data_pipeline_mongodb.py
[2024-12-03T13:51:32.165+0000] {logging_mixin.py:190} INFO - [2024-12-03T13:51:32.163+0000] {dagbag.py:387} ERROR - Failed to import: /opt/airflow/dags/etl_data_pipeline_mongodb.py
Traceback (most recent call last):
  File "/home/airflow/.local/lib/python3.12/site-packages/airflow/models/dagbag.py", line 383, in parse
    loader.exec_module(new_module)
  File "<frozen importlib._bootstrap_external>", line 995, in exec_module
  File "<frozen importlib._bootstrap>", line 488, in _call_with_frames_removed
  File "/opt/airflow/dags/etl_data_pipeline_mongodb.py", line 6, in <module>
    from pymongo import MongoClient
ModuleNotFoundError: No module named 'pymongo'
[2024-12-03T13:51:32.166+0000] {processor.py:927} WARNING - No viable dags retrieved from /opt/airflow/dags/etl_data_pipeline_mongodb.py
[2024-12-03T13:51:32.183+0000] {processor.py:208} INFO - Processing /opt/airflow/dags/etl_data_pipeline_mongodb.py took 0.041 seconds
[2024-12-03T13:52:02.313+0000] {processor.py:186} INFO - Started process (PID=324) to work on /opt/airflow/dags/etl_data_pipeline_mongodb.py
[2024-12-03T13:52:02.314+0000] {processor.py:914} INFO - Processing file /opt/airflow/dags/etl_data_pipeline_mongodb.py for tasks to queue
[2024-12-03T13:52:02.315+0000] {logging_mixin.py:190} INFO - [2024-12-03T13:52:02.315+0000] {dagbag.py:588} INFO - Filling up the DagBag from /opt/airflow/dags/etl_data_pipeline_mongodb.py
[2024-12-03T13:52:02.327+0000] {logging_mixin.py:190} INFO - [2024-12-03T13:52:02.325+0000] {dagbag.py:387} ERROR - Failed to import: /opt/airflow/dags/etl_data_pipeline_mongodb.py
Traceback (most recent call last):
  File "/home/airflow/.local/lib/python3.12/site-packages/airflow/models/dagbag.py", line 383, in parse
    loader.exec_module(new_module)
  File "<frozen importlib._bootstrap_external>", line 995, in exec_module
  File "<frozen importlib._bootstrap>", line 488, in _call_with_frames_removed
  File "/opt/airflow/dags/etl_data_pipeline_mongodb.py", line 6, in <module>
    from pymongo import MongoClient
ModuleNotFoundError: No module named 'pymongo'
[2024-12-03T13:52:02.328+0000] {processor.py:927} WARNING - No viable dags retrieved from /opt/airflow/dags/etl_data_pipeline_mongodb.py
[2024-12-03T13:52:02.343+0000] {processor.py:208} INFO - Processing /opt/airflow/dags/etl_data_pipeline_mongodb.py took 0.035 seconds
[2024-12-03T13:52:33.307+0000] {processor.py:186} INFO - Started process (PID=394) to work on /opt/airflow/dags/etl_data_pipeline_mongodb.py
[2024-12-03T13:52:33.308+0000] {processor.py:914} INFO - Processing file /opt/airflow/dags/etl_data_pipeline_mongodb.py for tasks to queue
[2024-12-03T13:52:33.310+0000] {logging_mixin.py:190} INFO - [2024-12-03T13:52:33.309+0000] {dagbag.py:588} INFO - Filling up the DagBag from /opt/airflow/dags/etl_data_pipeline_mongodb.py
[2024-12-03T13:52:33.323+0000] {logging_mixin.py:190} INFO - [2024-12-03T13:52:33.321+0000] {dagbag.py:387} ERROR - Failed to import: /opt/airflow/dags/etl_data_pipeline_mongodb.py
Traceback (most recent call last):
  File "/home/airflow/.local/lib/python3.12/site-packages/airflow/models/dagbag.py", line 383, in parse
    loader.exec_module(new_module)
  File "<frozen importlib._bootstrap_external>", line 995, in exec_module
  File "<frozen importlib._bootstrap>", line 488, in _call_with_frames_removed
  File "/opt/airflow/dags/etl_data_pipeline_mongodb.py", line 6, in <module>
    from pymongo import MongoClient
ModuleNotFoundError: No module named 'pymongo'
[2024-12-03T13:52:33.324+0000] {processor.py:927} WARNING - No viable dags retrieved from /opt/airflow/dags/etl_data_pipeline_mongodb.py
[2024-12-03T13:52:33.340+0000] {processor.py:208} INFO - Processing /opt/airflow/dags/etl_data_pipeline_mongodb.py took 0.039 seconds
[2024-12-03T13:53:04.185+0000] {processor.py:186} INFO - Started process (PID=458) to work on /opt/airflow/dags/etl_data_pipeline_mongodb.py
[2024-12-03T13:53:04.186+0000] {processor.py:914} INFO - Processing file /opt/airflow/dags/etl_data_pipeline_mongodb.py for tasks to queue
[2024-12-03T13:53:04.188+0000] {logging_mixin.py:190} INFO - [2024-12-03T13:53:04.187+0000] {dagbag.py:588} INFO - Filling up the DagBag from /opt/airflow/dags/etl_data_pipeline_mongodb.py
[2024-12-03T13:53:04.199+0000] {logging_mixin.py:190} INFO - [2024-12-03T13:53:04.197+0000] {dagbag.py:387} ERROR - Failed to import: /opt/airflow/dags/etl_data_pipeline_mongodb.py
Traceback (most recent call last):
  File "/home/airflow/.local/lib/python3.12/site-packages/airflow/models/dagbag.py", line 383, in parse
    loader.exec_module(new_module)
  File "<frozen importlib._bootstrap_external>", line 995, in exec_module
  File "<frozen importlib._bootstrap>", line 488, in _call_with_frames_removed
  File "/opt/airflow/dags/etl_data_pipeline_mongodb.py", line 6, in <module>
    from pymongo import MongoClient
ModuleNotFoundError: No module named 'pymongo'
[2024-12-03T13:53:04.200+0000] {processor.py:927} WARNING - No viable dags retrieved from /opt/airflow/dags/etl_data_pipeline_mongodb.py
[2024-12-03T13:53:04.218+0000] {processor.py:208} INFO - Processing /opt/airflow/dags/etl_data_pipeline_mongodb.py took 0.037 seconds
[2024-12-03T13:53:34.311+0000] {processor.py:186} INFO - Started process (PID=522) to work on /opt/airflow/dags/etl_data_pipeline_mongodb.py
[2024-12-03T13:53:34.312+0000] {processor.py:914} INFO - Processing file /opt/airflow/dags/etl_data_pipeline_mongodb.py for tasks to queue
[2024-12-03T13:53:34.315+0000] {logging_mixin.py:190} INFO - [2024-12-03T13:53:34.314+0000] {dagbag.py:588} INFO - Filling up the DagBag from /opt/airflow/dags/etl_data_pipeline_mongodb.py
[2024-12-03T13:53:34.328+0000] {logging_mixin.py:190} INFO - [2024-12-03T13:53:34.326+0000] {dagbag.py:387} ERROR - Failed to import: /opt/airflow/dags/etl_data_pipeline_mongodb.py
Traceback (most recent call last):
  File "/home/airflow/.local/lib/python3.12/site-packages/airflow/models/dagbag.py", line 383, in parse
    loader.exec_module(new_module)
  File "<frozen importlib._bootstrap_external>", line 995, in exec_module
  File "<frozen importlib._bootstrap>", line 488, in _call_with_frames_removed
  File "/opt/airflow/dags/etl_data_pipeline_mongodb.py", line 6, in <module>
    from pymongo import MongoClient
ModuleNotFoundError: No module named 'pymongo'
[2024-12-03T13:53:34.329+0000] {processor.py:927} WARNING - No viable dags retrieved from /opt/airflow/dags/etl_data_pipeline_mongodb.py
[2024-12-03T13:53:34.347+0000] {processor.py:208} INFO - Processing /opt/airflow/dags/etl_data_pipeline_mongodb.py took 0.040 seconds
[2024-12-03T13:54:04.626+0000] {processor.py:186} INFO - Started process (PID=586) to work on /opt/airflow/dags/etl_data_pipeline_mongodb.py
[2024-12-03T13:54:04.627+0000] {processor.py:914} INFO - Processing file /opt/airflow/dags/etl_data_pipeline_mongodb.py for tasks to queue
[2024-12-03T13:54:04.631+0000] {logging_mixin.py:190} INFO - [2024-12-03T13:54:04.631+0000] {dagbag.py:588} INFO - Filling up the DagBag from /opt/airflow/dags/etl_data_pipeline_mongodb.py
[2024-12-03T13:54:04.647+0000] {logging_mixin.py:190} INFO - [2024-12-03T13:54:04.644+0000] {dagbag.py:387} ERROR - Failed to import: /opt/airflow/dags/etl_data_pipeline_mongodb.py
Traceback (most recent call last):
  File "/home/airflow/.local/lib/python3.12/site-packages/airflow/models/dagbag.py", line 383, in parse
    loader.exec_module(new_module)
  File "<frozen importlib._bootstrap_external>", line 995, in exec_module
  File "<frozen importlib._bootstrap>", line 488, in _call_with_frames_removed
  File "/opt/airflow/dags/etl_data_pipeline_mongodb.py", line 6, in <module>
    from pymongo import MongoClient
ModuleNotFoundError: No module named 'pymongo'
[2024-12-03T13:54:04.649+0000] {processor.py:927} WARNING - No viable dags retrieved from /opt/airflow/dags/etl_data_pipeline_mongodb.py
[2024-12-03T13:54:04.669+0000] {processor.py:208} INFO - Processing /opt/airflow/dags/etl_data_pipeline_mongodb.py took 0.049 seconds
[2024-12-03T13:54:35.573+0000] {processor.py:186} INFO - Started process (PID=650) to work on /opt/airflow/dags/etl_data_pipeline_mongodb.py
[2024-12-03T13:54:35.574+0000] {processor.py:914} INFO - Processing file /opt/airflow/dags/etl_data_pipeline_mongodb.py for tasks to queue
[2024-12-03T13:54:35.576+0000] {logging_mixin.py:190} INFO - [2024-12-03T13:54:35.576+0000] {dagbag.py:588} INFO - Filling up the DagBag from /opt/airflow/dags/etl_data_pipeline_mongodb.py
[2024-12-03T13:54:35.589+0000] {logging_mixin.py:190} INFO - [2024-12-03T13:54:35.586+0000] {dagbag.py:387} ERROR - Failed to import: /opt/airflow/dags/etl_data_pipeline_mongodb.py
Traceback (most recent call last):
  File "/home/airflow/.local/lib/python3.12/site-packages/airflow/models/dagbag.py", line 383, in parse
    loader.exec_module(new_module)
  File "<frozen importlib._bootstrap_external>", line 995, in exec_module
  File "<frozen importlib._bootstrap>", line 488, in _call_with_frames_removed
  File "/opt/airflow/dags/etl_data_pipeline_mongodb.py", line 6, in <module>
    from pymongo import MongoClient
ModuleNotFoundError: No module named 'pymongo'
[2024-12-03T13:54:35.590+0000] {processor.py:927} WARNING - No viable dags retrieved from /opt/airflow/dags/etl_data_pipeline_mongodb.py
[2024-12-03T13:54:35.606+0000] {processor.py:208} INFO - Processing /opt/airflow/dags/etl_data_pipeline_mongodb.py took 0.038 seconds
[2024-12-03T13:56:35.594+0000] {processor.py:186} INFO - Started process (PID=81) to work on /opt/airflow/dags/etl_data_pipeline_mongodb.py
[2024-12-03T13:56:35.602+0000] {processor.py:914} INFO - Processing file /opt/airflow/dags/etl_data_pipeline_mongodb.py for tasks to queue
[2024-12-03T13:56:35.604+0000] {logging_mixin.py:190} INFO - [2024-12-03T13:56:35.604+0000] {dagbag.py:588} INFO - Filling up the DagBag from /opt/airflow/dags/etl_data_pipeline_mongodb.py
[2024-12-03T13:56:35.733+0000] {processor.py:925} INFO - DAG(s) 'etl_data_pipeline_mongodb' retrieved from /opt/airflow/dags/etl_data_pipeline_mongodb.py
[2024-12-03T13:56:35.969+0000] {logging_mixin.py:190} INFO - [2024-12-03T13:56:35.968+0000] {dag.py:3239} INFO - Sync 1 DAGs
[2024-12-03T13:56:35.987+0000] {logging_mixin.py:190} INFO - [2024-12-03T13:56:35.987+0000] {dag.py:4180} INFO - Setting next_dagrun for etl_data_pipeline_mongodb to 2024-12-02 00:00:00+00:00, run_after=2024-12-03 00:00:00+00:00
[2024-12-03T13:56:36.014+0000] {processor.py:208} INFO - Processing /opt/airflow/dags/etl_data_pipeline_mongodb.py took 0.428 seconds
[2024-12-03T13:57:06.257+0000] {processor.py:186} INFO - Started process (PID=149) to work on /opt/airflow/dags/etl_data_pipeline_mongodb.py
[2024-12-03T13:57:06.259+0000] {processor.py:914} INFO - Processing file /opt/airflow/dags/etl_data_pipeline_mongodb.py for tasks to queue
[2024-12-03T13:57:06.262+0000] {logging_mixin.py:190} INFO - [2024-12-03T13:57:06.261+0000] {dagbag.py:588} INFO - Filling up the DagBag from /opt/airflow/dags/etl_data_pipeline_mongodb.py
[2024-12-03T13:57:06.362+0000] {processor.py:925} INFO - DAG(s) 'etl_data_pipeline_mongodb' retrieved from /opt/airflow/dags/etl_data_pipeline_mongodb.py
[2024-12-03T13:57:06.388+0000] {logging_mixin.py:190} INFO - [2024-12-03T13:57:06.388+0000] {dag.py:3239} INFO - Sync 1 DAGs
[2024-12-03T13:57:06.410+0000] {logging_mixin.py:190} INFO - [2024-12-03T13:57:06.410+0000] {dag.py:4180} INFO - Setting next_dagrun for etl_data_pipeline_mongodb to 2024-12-03 00:00:00+00:00, run_after=2024-12-04 00:00:00+00:00
[2024-12-03T13:57:06.430+0000] {processor.py:208} INFO - Processing /opt/airflow/dags/etl_data_pipeline_mongodb.py took 0.178 seconds
[2024-12-03T13:57:36.619+0000] {processor.py:186} INFO - Started process (PID=213) to work on /opt/airflow/dags/etl_data_pipeline_mongodb.py
[2024-12-03T13:57:36.624+0000] {processor.py:914} INFO - Processing file /opt/airflow/dags/etl_data_pipeline_mongodb.py for tasks to queue
[2024-12-03T13:57:36.640+0000] {logging_mixin.py:190} INFO - [2024-12-03T13:57:36.637+0000] {dagbag.py:588} INFO - Filling up the DagBag from /opt/airflow/dags/etl_data_pipeline_mongodb.py
[2024-12-03T13:57:36.984+0000] {processor.py:925} INFO - DAG(s) 'etl_data_pipeline_mongodb' retrieved from /opt/airflow/dags/etl_data_pipeline_mongodb.py
[2024-12-03T13:57:37.040+0000] {logging_mixin.py:190} INFO - [2024-12-03T13:57:37.039+0000] {dag.py:3239} INFO - Sync 1 DAGs
[2024-12-03T13:57:37.123+0000] {logging_mixin.py:190} INFO - [2024-12-03T13:57:37.122+0000] {dag.py:4180} INFO - Setting next_dagrun for etl_data_pipeline_mongodb to 2024-12-03 00:00:00+00:00, run_after=2024-12-04 00:00:00+00:00
[2024-12-03T13:57:37.165+0000] {processor.py:208} INFO - Processing /opt/airflow/dags/etl_data_pipeline_mongodb.py took 0.594 seconds
[2024-12-03T13:58:07.804+0000] {processor.py:186} INFO - Started process (PID=277) to work on /opt/airflow/dags/etl_data_pipeline_mongodb.py
[2024-12-03T13:58:07.811+0000] {processor.py:914} INFO - Processing file /opt/airflow/dags/etl_data_pipeline_mongodb.py for tasks to queue
[2024-12-03T13:58:07.876+0000] {logging_mixin.py:190} INFO - [2024-12-03T13:58:07.873+0000] {dagbag.py:588} INFO - Filling up the DagBag from /opt/airflow/dags/etl_data_pipeline_mongodb.py
[2024-12-03T13:58:08.646+0000] {processor.py:925} INFO - DAG(s) 'etl_data_pipeline_mongodb' retrieved from /opt/airflow/dags/etl_data_pipeline_mongodb.py
[2024-12-03T13:58:08.968+0000] {logging_mixin.py:190} INFO - [2024-12-03T13:58:08.965+0000] {dag.py:3239} INFO - Sync 1 DAGs
[2024-12-03T13:58:09.188+0000] {logging_mixin.py:190} INFO - [2024-12-03T13:58:09.186+0000] {dag.py:4180} INFO - Setting next_dagrun for etl_data_pipeline_mongodb to 2024-12-03 00:00:00+00:00, run_after=2024-12-04 00:00:00+00:00
[2024-12-03T13:58:09.255+0000] {processor.py:208} INFO - Processing /opt/airflow/dags/etl_data_pipeline_mongodb.py took 1.621 seconds
[2024-12-03T13:58:40.399+0000] {processor.py:186} INFO - Started process (PID=301) to work on /opt/airflow/dags/etl_data_pipeline_mongodb.py
[2024-12-03T13:58:40.407+0000] {processor.py:914} INFO - Processing file /opt/airflow/dags/etl_data_pipeline_mongodb.py for tasks to queue
[2024-12-03T13:58:40.436+0000] {logging_mixin.py:190} INFO - [2024-12-03T13:58:40.434+0000] {dagbag.py:588} INFO - Filling up the DagBag from /opt/airflow/dags/etl_data_pipeline_mongodb.py
[2024-12-03T13:58:41.152+0000] {processor.py:925} INFO - DAG(s) 'etl_data_pipeline_mongodb' retrieved from /opt/airflow/dags/etl_data_pipeline_mongodb.py
[2024-12-03T13:58:41.468+0000] {logging_mixin.py:190} INFO - [2024-12-03T13:58:41.467+0000] {dag.py:3239} INFO - Sync 1 DAGs
[2024-12-03T13:58:41.757+0000] {logging_mixin.py:190} INFO - [2024-12-03T13:58:41.756+0000] {dag.py:4180} INFO - Setting next_dagrun for etl_data_pipeline_mongodb to 2024-12-03 00:00:00+00:00, run_after=2024-12-04 00:00:00+00:00
[2024-12-03T13:58:41.796+0000] {processor.py:208} INFO - Processing /opt/airflow/dags/etl_data_pipeline_mongodb.py took 1.424 seconds
[2024-12-03T13:59:12.157+0000] {processor.py:186} INFO - Started process (PID=365) to work on /opt/airflow/dags/etl_data_pipeline_mongodb.py
[2024-12-03T13:59:12.158+0000] {processor.py:914} INFO - Processing file /opt/airflow/dags/etl_data_pipeline_mongodb.py for tasks to queue
[2024-12-03T13:59:12.161+0000] {logging_mixin.py:190} INFO - [2024-12-03T13:59:12.161+0000] {dagbag.py:588} INFO - Filling up the DagBag from /opt/airflow/dags/etl_data_pipeline_mongodb.py
[2024-12-03T13:59:12.246+0000] {processor.py:925} INFO - DAG(s) 'etl_data_pipeline_mongodb' retrieved from /opt/airflow/dags/etl_data_pipeline_mongodb.py
[2024-12-03T13:59:12.270+0000] {logging_mixin.py:190} INFO - [2024-12-03T13:59:12.270+0000] {dag.py:3239} INFO - Sync 1 DAGs
[2024-12-03T13:59:12.297+0000] {logging_mixin.py:190} INFO - [2024-12-03T13:59:12.297+0000] {dag.py:4180} INFO - Setting next_dagrun for etl_data_pipeline_mongodb to 2024-12-03 00:00:00+00:00, run_after=2024-12-04 00:00:00+00:00
[2024-12-03T13:59:12.319+0000] {processor.py:208} INFO - Processing /opt/airflow/dags/etl_data_pipeline_mongodb.py took 0.168 seconds
[2024-12-03T13:59:42.449+0000] {processor.py:186} INFO - Started process (PID=429) to work on /opt/airflow/dags/etl_data_pipeline_mongodb.py
[2024-12-03T13:59:42.451+0000] {processor.py:914} INFO - Processing file /opt/airflow/dags/etl_data_pipeline_mongodb.py for tasks to queue
[2024-12-03T13:59:42.453+0000] {logging_mixin.py:190} INFO - [2024-12-03T13:59:42.453+0000] {dagbag.py:588} INFO - Filling up the DagBag from /opt/airflow/dags/etl_data_pipeline_mongodb.py
[2024-12-03T13:59:42.543+0000] {processor.py:925} INFO - DAG(s) 'etl_data_pipeline_mongodb' retrieved from /opt/airflow/dags/etl_data_pipeline_mongodb.py
[2024-12-03T13:59:42.563+0000] {logging_mixin.py:190} INFO - [2024-12-03T13:59:42.562+0000] {dag.py:3239} INFO - Sync 1 DAGs
[2024-12-03T13:59:42.587+0000] {logging_mixin.py:190} INFO - [2024-12-03T13:59:42.587+0000] {dag.py:4180} INFO - Setting next_dagrun for etl_data_pipeline_mongodb to 2024-12-03 00:00:00+00:00, run_after=2024-12-04 00:00:00+00:00
[2024-12-03T13:59:42.607+0000] {processor.py:208} INFO - Processing /opt/airflow/dags/etl_data_pipeline_mongodb.py took 0.164 seconds
[2024-12-03T14:00:14.788+0000] {processor.py:186} INFO - Started process (PID=494) to work on /opt/airflow/dags/etl_data_pipeline_mongodb.py
[2024-12-03T14:00:14.789+0000] {processor.py:914} INFO - Processing file /opt/airflow/dags/etl_data_pipeline_mongodb.py for tasks to queue
[2024-12-03T14:00:14.792+0000] {logging_mixin.py:190} INFO - [2024-12-03T14:00:14.791+0000] {dagbag.py:588} INFO - Filling up the DagBag from /opt/airflow/dags/etl_data_pipeline_mongodb.py
[2024-12-03T14:00:14.878+0000] {processor.py:925} INFO - DAG(s) 'etl_data_pipeline_mongodb' retrieved from /opt/airflow/dags/etl_data_pipeline_mongodb.py
[2024-12-03T14:00:14.899+0000] {logging_mixin.py:190} INFO - [2024-12-03T14:00:14.899+0000] {dag.py:3239} INFO - Sync 1 DAGs
[2024-12-03T14:00:14.928+0000] {logging_mixin.py:190} INFO - [2024-12-03T14:00:14.927+0000] {dag.py:4180} INFO - Setting next_dagrun for etl_data_pipeline_mongodb to 2024-12-03 00:00:00+00:00, run_after=2024-12-04 00:00:00+00:00
[2024-12-03T14:00:14.945+0000] {processor.py:208} INFO - Processing /opt/airflow/dags/etl_data_pipeline_mongodb.py took 0.163 seconds
[2024-12-03T14:00:26.786+0000] {processor.py:186} INFO - Started process (PID=500) to work on /opt/airflow/dags/etl_data_pipeline_mongodb.py
[2024-12-03T14:00:26.787+0000] {processor.py:914} INFO - Processing file /opt/airflow/dags/etl_data_pipeline_mongodb.py for tasks to queue
[2024-12-03T14:00:26.791+0000] {logging_mixin.py:190} INFO - [2024-12-03T14:00:26.790+0000] {dagbag.py:588} INFO - Filling up the DagBag from /opt/airflow/dags/etl_data_pipeline_mongodb.py
[2024-12-03T14:00:26.956+0000] {processor.py:925} INFO - DAG(s) 'etl_data_pipeline_mongodb' retrieved from /opt/airflow/dags/etl_data_pipeline_mongodb.py
[2024-12-03T14:00:26.994+0000] {logging_mixin.py:190} INFO - [2024-12-03T14:00:26.994+0000] {dag.py:3239} INFO - Sync 1 DAGs
[2024-12-03T14:00:27.044+0000] {logging_mixin.py:190} INFO - [2024-12-03T14:00:27.044+0000] {dag.py:4180} INFO - Setting next_dagrun for etl_data_pipeline_mongodb to 2024-12-03 00:00:00+00:00, run_after=2024-12-04 00:00:00+00:00
[2024-12-03T14:00:27.083+0000] {processor.py:208} INFO - Processing /opt/airflow/dags/etl_data_pipeline_mongodb.py took 0.307 seconds
[2024-12-03T14:00:58.701+0000] {processor.py:186} INFO - Started process (PID=562) to work on /opt/airflow/dags/etl_data_pipeline_mongodb.py
[2024-12-03T14:00:58.703+0000] {processor.py:914} INFO - Processing file /opt/airflow/dags/etl_data_pipeline_mongodb.py for tasks to queue
[2024-12-03T14:00:58.708+0000] {logging_mixin.py:190} INFO - [2024-12-03T14:00:58.707+0000] {dagbag.py:588} INFO - Filling up the DagBag from /opt/airflow/dags/etl_data_pipeline_mongodb.py
[2024-12-03T14:00:58.856+0000] {processor.py:925} INFO - DAG(s) 'etl_data_pipeline_mongodb' retrieved from /opt/airflow/dags/etl_data_pipeline_mongodb.py
[2024-12-03T14:00:58.879+0000] {logging_mixin.py:190} INFO - [2024-12-03T14:00:58.879+0000] {dag.py:3239} INFO - Sync 1 DAGs
[2024-12-03T14:00:58.916+0000] {logging_mixin.py:190} INFO - [2024-12-03T14:00:58.915+0000] {dag.py:4180} INFO - Setting next_dagrun for etl_data_pipeline_mongodb to 2024-12-03 00:00:00+00:00, run_after=2024-12-04 00:00:00+00:00
[2024-12-03T14:00:58.939+0000] {processor.py:208} INFO - Processing /opt/airflow/dags/etl_data_pipeline_mongodb.py took 0.250 seconds
[2024-12-03T14:01:31.242+0000] {processor.py:186} INFO - Started process (PID=626) to work on /opt/airflow/dags/etl_data_pipeline_mongodb.py
[2024-12-03T14:01:31.243+0000] {processor.py:914} INFO - Processing file /opt/airflow/dags/etl_data_pipeline_mongodb.py for tasks to queue
[2024-12-03T14:01:31.246+0000] {logging_mixin.py:190} INFO - [2024-12-03T14:01:31.246+0000] {dagbag.py:588} INFO - Filling up the DagBag from /opt/airflow/dags/etl_data_pipeline_mongodb.py
[2024-12-03T14:01:31.373+0000] {processor.py:925} INFO - DAG(s) 'etl_data_pipeline_mongodb' retrieved from /opt/airflow/dags/etl_data_pipeline_mongodb.py
[2024-12-03T14:01:31.401+0000] {logging_mixin.py:190} INFO - [2024-12-03T14:01:31.400+0000] {dag.py:3239} INFO - Sync 1 DAGs
[2024-12-03T14:01:31.431+0000] {logging_mixin.py:190} INFO - [2024-12-03T14:01:31.430+0000] {dag.py:4180} INFO - Setting next_dagrun for etl_data_pipeline_mongodb to 2024-12-03 00:00:00+00:00, run_after=2024-12-04 00:00:00+00:00
[2024-12-03T14:01:31.455+0000] {processor.py:208} INFO - Processing /opt/airflow/dags/etl_data_pipeline_mongodb.py took 0.220 seconds
[2024-12-03T14:02:02.023+0000] {processor.py:186} INFO - Started process (PID=688) to work on /opt/airflow/dags/etl_data_pipeline_mongodb.py
[2024-12-03T14:02:02.030+0000] {processor.py:914} INFO - Processing file /opt/airflow/dags/etl_data_pipeline_mongodb.py for tasks to queue
[2024-12-03T14:02:02.034+0000] {logging_mixin.py:190} INFO - [2024-12-03T14:02:02.033+0000] {dagbag.py:588} INFO - Filling up the DagBag from /opt/airflow/dags/etl_data_pipeline_mongodb.py
[2024-12-03T14:02:02.131+0000] {processor.py:925} INFO - DAG(s) 'etl_data_pipeline_mongodb' retrieved from /opt/airflow/dags/etl_data_pipeline_mongodb.py
[2024-12-03T14:02:02.154+0000] {logging_mixin.py:190} INFO - [2024-12-03T14:02:02.154+0000] {dag.py:3239} INFO - Sync 1 DAGs
[2024-12-03T14:02:02.189+0000] {logging_mixin.py:190} INFO - [2024-12-03T14:02:02.189+0000] {dag.py:4180} INFO - Setting next_dagrun for etl_data_pipeline_mongodb to 2024-12-03 00:00:00+00:00, run_after=2024-12-04 00:00:00+00:00
[2024-12-03T14:02:02.215+0000] {processor.py:208} INFO - Processing /opt/airflow/dags/etl_data_pipeline_mongodb.py took 0.199 seconds
[2024-12-03T14:02:38.836+0000] {processor.py:186} INFO - Started process (PID=753) to work on /opt/airflow/dags/etl_data_pipeline_mongodb.py
[2024-12-03T14:02:38.838+0000] {processor.py:914} INFO - Processing file /opt/airflow/dags/etl_data_pipeline_mongodb.py for tasks to queue
[2024-12-03T14:02:38.841+0000] {logging_mixin.py:190} INFO - [2024-12-03T14:02:38.841+0000] {dagbag.py:588} INFO - Filling up the DagBag from /opt/airflow/dags/etl_data_pipeline_mongodb.py
[2024-12-03T14:02:39.992+0000] {processor.py:925} INFO - DAG(s) 'etl_data_pipeline_mongodb' retrieved from /opt/airflow/dags/etl_data_pipeline_mongodb.py
[2024-12-03T14:02:40.168+0000] {logging_mixin.py:190} INFO - [2024-12-03T14:02:40.167+0000] {dag.py:3239} INFO - Sync 1 DAGs
[2024-12-03T14:02:40.483+0000] {logging_mixin.py:190} INFO - [2024-12-03T14:02:40.482+0000] {dag.py:4180} INFO - Setting next_dagrun for etl_data_pipeline_mongodb to 2024-12-03 00:00:00+00:00, run_after=2024-12-04 00:00:00+00:00
[2024-12-03T14:02:40.588+0000] {processor.py:208} INFO - Processing /opt/airflow/dags/etl_data_pipeline_mongodb.py took 1.762 seconds
[2024-12-03T14:03:13.017+0000] {processor.py:186} INFO - Started process (PID=816) to work on /opt/airflow/dags/etl_data_pipeline_mongodb.py
[2024-12-03T14:03:13.018+0000] {processor.py:914} INFO - Processing file /opt/airflow/dags/etl_data_pipeline_mongodb.py for tasks to queue
[2024-12-03T14:03:13.022+0000] {logging_mixin.py:190} INFO - [2024-12-03T14:03:13.022+0000] {dagbag.py:588} INFO - Filling up the DagBag from /opt/airflow/dags/etl_data_pipeline_mongodb.py
[2024-12-03T14:03:13.287+0000] {processor.py:925} INFO - DAG(s) 'etl_data_pipeline_mongodb' retrieved from /opt/airflow/dags/etl_data_pipeline_mongodb.py
[2024-12-03T14:03:13.315+0000] {logging_mixin.py:190} INFO - [2024-12-03T14:03:13.315+0000] {dag.py:3239} INFO - Sync 1 DAGs
[2024-12-03T14:03:13.347+0000] {logging_mixin.py:190} INFO - [2024-12-03T14:03:13.346+0000] {dag.py:4180} INFO - Setting next_dagrun for etl_data_pipeline_mongodb to 2024-12-03 00:00:00+00:00, run_after=2024-12-04 00:00:00+00:00
[2024-12-03T14:03:13.435+0000] {processor.py:208} INFO - Processing /opt/airflow/dags/etl_data_pipeline_mongodb.py took 0.428 seconds
[2024-12-03T14:03:49.950+0000] {processor.py:186} INFO - Started process (PID=880) to work on /opt/airflow/dags/etl_data_pipeline_mongodb.py
[2024-12-03T14:03:49.952+0000] {processor.py:914} INFO - Processing file /opt/airflow/dags/etl_data_pipeline_mongodb.py for tasks to queue
[2024-12-03T14:03:49.956+0000] {logging_mixin.py:190} INFO - [2024-12-03T14:03:49.955+0000] {dagbag.py:588} INFO - Filling up the DagBag from /opt/airflow/dags/etl_data_pipeline_mongodb.py
[2024-12-03T14:03:50.098+0000] {processor.py:925} INFO - DAG(s) 'etl_data_pipeline_mongodb' retrieved from /opt/airflow/dags/etl_data_pipeline_mongodb.py
[2024-12-03T14:03:50.128+0000] {logging_mixin.py:190} INFO - [2024-12-03T14:03:50.128+0000] {dag.py:3239} INFO - Sync 1 DAGs
[2024-12-03T14:03:50.165+0000] {logging_mixin.py:190} INFO - [2024-12-03T14:03:50.165+0000] {dag.py:4180} INFO - Setting next_dagrun for etl_data_pipeline_mongodb to 2024-12-03 00:00:00+00:00, run_after=2024-12-04 00:00:00+00:00
[2024-12-03T14:03:50.193+0000] {processor.py:208} INFO - Processing /opt/airflow/dags/etl_data_pipeline_mongodb.py took 0.251 seconds
[2024-12-03T14:04:23.702+0000] {processor.py:186} INFO - Started process (PID=944) to work on /opt/airflow/dags/etl_data_pipeline_mongodb.py
[2024-12-03T14:04:23.704+0000] {processor.py:914} INFO - Processing file /opt/airflow/dags/etl_data_pipeline_mongodb.py for tasks to queue
[2024-12-03T14:04:23.708+0000] {logging_mixin.py:190} INFO - [2024-12-03T14:04:23.707+0000] {dagbag.py:588} INFO - Filling up the DagBag from /opt/airflow/dags/etl_data_pipeline_mongodb.py
[2024-12-03T14:04:23.939+0000] {processor.py:925} INFO - DAG(s) 'etl_data_pipeline_mongodb' retrieved from /opt/airflow/dags/etl_data_pipeline_mongodb.py
[2024-12-03T14:04:23.981+0000] {logging_mixin.py:190} INFO - [2024-12-03T14:04:23.980+0000] {dag.py:3239} INFO - Sync 1 DAGs
[2024-12-03T14:04:24.030+0000] {logging_mixin.py:190} INFO - [2024-12-03T14:04:24.030+0000] {dag.py:4180} INFO - Setting next_dagrun for etl_data_pipeline_mongodb to 2024-12-03 00:00:00+00:00, run_after=2024-12-04 00:00:00+00:00
[2024-12-03T14:04:24.063+0000] {processor.py:208} INFO - Processing /opt/airflow/dags/etl_data_pipeline_mongodb.py took 0.371 seconds
[2024-12-03T14:04:55.416+0000] {processor.py:186} INFO - Started process (PID=1009) to work on /opt/airflow/dags/etl_data_pipeline_mongodb.py
[2024-12-03T14:04:55.417+0000] {processor.py:914} INFO - Processing file /opt/airflow/dags/etl_data_pipeline_mongodb.py for tasks to queue
[2024-12-03T14:04:55.420+0000] {logging_mixin.py:190} INFO - [2024-12-03T14:04:55.419+0000] {dagbag.py:588} INFO - Filling up the DagBag from /opt/airflow/dags/etl_data_pipeline_mongodb.py
[2024-12-03T14:04:55.489+0000] {processor.py:925} INFO - DAG(s) 'etl_data_pipeline_mongodb' retrieved from /opt/airflow/dags/etl_data_pipeline_mongodb.py
[2024-12-03T14:04:55.508+0000] {logging_mixin.py:190} INFO - [2024-12-03T14:04:55.508+0000] {dag.py:3239} INFO - Sync 1 DAGs
[2024-12-03T14:04:55.529+0000] {logging_mixin.py:190} INFO - [2024-12-03T14:04:55.529+0000] {dag.py:4180} INFO - Setting next_dagrun for etl_data_pipeline_mongodb to 2024-12-03 00:00:00+00:00, run_after=2024-12-04 00:00:00+00:00
[2024-12-03T14:04:55.547+0000] {processor.py:208} INFO - Processing /opt/airflow/dags/etl_data_pipeline_mongodb.py took 0.137 seconds
[2024-12-03T14:05:25.676+0000] {processor.py:186} INFO - Started process (PID=1070) to work on /opt/airflow/dags/etl_data_pipeline_mongodb.py
[2024-12-03T14:05:25.677+0000] {processor.py:914} INFO - Processing file /opt/airflow/dags/etl_data_pipeline_mongodb.py for tasks to queue
[2024-12-03T14:05:25.680+0000] {logging_mixin.py:190} INFO - [2024-12-03T14:05:25.679+0000] {dagbag.py:588} INFO - Filling up the DagBag from /opt/airflow/dags/etl_data_pipeline_mongodb.py
[2024-12-03T14:05:25.752+0000] {processor.py:925} INFO - DAG(s) 'etl_data_pipeline_mongodb' retrieved from /opt/airflow/dags/etl_data_pipeline_mongodb.py
[2024-12-03T14:05:25.775+0000] {logging_mixin.py:190} INFO - [2024-12-03T14:05:25.775+0000] {dag.py:3239} INFO - Sync 1 DAGs
[2024-12-03T14:05:25.800+0000] {logging_mixin.py:190} INFO - [2024-12-03T14:05:25.800+0000] {dag.py:4180} INFO - Setting next_dagrun for etl_data_pipeline_mongodb to 2024-12-03 00:00:00+00:00, run_after=2024-12-04 00:00:00+00:00
[2024-12-03T14:05:25.820+0000] {processor.py:208} INFO - Processing /opt/airflow/dags/etl_data_pipeline_mongodb.py took 0.151 seconds
[2024-12-03T14:05:55.970+0000] {processor.py:186} INFO - Started process (PID=1134) to work on /opt/airflow/dags/etl_data_pipeline_mongodb.py
[2024-12-03T14:05:55.974+0000] {processor.py:914} INFO - Processing file /opt/airflow/dags/etl_data_pipeline_mongodb.py for tasks to queue
[2024-12-03T14:05:55.978+0000] {logging_mixin.py:190} INFO - [2024-12-03T14:05:55.978+0000] {dagbag.py:588} INFO - Filling up the DagBag from /opt/airflow/dags/etl_data_pipeline_mongodb.py
[2024-12-03T14:05:56.114+0000] {processor.py:925} INFO - DAG(s) 'etl_data_pipeline_mongodb' retrieved from /opt/airflow/dags/etl_data_pipeline_mongodb.py
[2024-12-03T14:05:56.144+0000] {logging_mixin.py:190} INFO - [2024-12-03T14:05:56.144+0000] {dag.py:3239} INFO - Sync 1 DAGs
[2024-12-03T14:05:56.188+0000] {logging_mixin.py:190} INFO - [2024-12-03T14:05:56.188+0000] {dag.py:4180} INFO - Setting next_dagrun for etl_data_pipeline_mongodb to 2024-12-03 00:00:00+00:00, run_after=2024-12-04 00:00:00+00:00
[2024-12-03T14:05:56.222+0000] {processor.py:208} INFO - Processing /opt/airflow/dags/etl_data_pipeline_mongodb.py took 0.263 seconds
[2024-12-03T14:06:26.685+0000] {processor.py:186} INFO - Started process (PID=1197) to work on /opt/airflow/dags/etl_data_pipeline_mongodb.py
[2024-12-03T14:06:26.686+0000] {processor.py:914} INFO - Processing file /opt/airflow/dags/etl_data_pipeline_mongodb.py for tasks to queue
[2024-12-03T14:06:26.689+0000] {logging_mixin.py:190} INFO - [2024-12-03T14:06:26.689+0000] {dagbag.py:588} INFO - Filling up the DagBag from /opt/airflow/dags/etl_data_pipeline_mongodb.py
[2024-12-03T14:06:26.755+0000] {processor.py:925} INFO - DAG(s) 'etl_data_pipeline_mongodb' retrieved from /opt/airflow/dags/etl_data_pipeline_mongodb.py
[2024-12-03T14:06:26.776+0000] {logging_mixin.py:190} INFO - [2024-12-03T14:06:26.776+0000] {dag.py:3239} INFO - Sync 1 DAGs
[2024-12-03T14:06:26.801+0000] {logging_mixin.py:190} INFO - [2024-12-03T14:06:26.801+0000] {dag.py:4180} INFO - Setting next_dagrun for etl_data_pipeline_mongodb to 2024-12-03 00:00:00+00:00, run_after=2024-12-04 00:00:00+00:00
[2024-12-03T14:06:26.821+0000] {processor.py:208} INFO - Processing /opt/airflow/dags/etl_data_pipeline_mongodb.py took 0.142 seconds
[2024-12-03T14:06:57.044+0000] {processor.py:186} INFO - Started process (PID=1262) to work on /opt/airflow/dags/etl_data_pipeline_mongodb.py
[2024-12-03T14:06:57.045+0000] {processor.py:914} INFO - Processing file /opt/airflow/dags/etl_data_pipeline_mongodb.py for tasks to queue
[2024-12-03T14:06:57.047+0000] {logging_mixin.py:190} INFO - [2024-12-03T14:06:57.047+0000] {dagbag.py:588} INFO - Filling up the DagBag from /opt/airflow/dags/etl_data_pipeline_mongodb.py
[2024-12-03T14:06:57.126+0000] {processor.py:925} INFO - DAG(s) 'etl_data_pipeline_mongodb' retrieved from /opt/airflow/dags/etl_data_pipeline_mongodb.py
[2024-12-03T14:06:57.149+0000] {logging_mixin.py:190} INFO - [2024-12-03T14:06:57.149+0000] {dag.py:3239} INFO - Sync 1 DAGs
[2024-12-03T14:06:57.178+0000] {logging_mixin.py:190} INFO - [2024-12-03T14:06:57.177+0000] {dag.py:4180} INFO - Setting next_dagrun for etl_data_pipeline_mongodb to 2024-12-03 00:00:00+00:00, run_after=2024-12-04 00:00:00+00:00
[2024-12-03T14:06:57.198+0000] {processor.py:208} INFO - Processing /opt/airflow/dags/etl_data_pipeline_mongodb.py took 0.159 seconds
[2024-12-03T14:07:28.141+0000] {processor.py:186} INFO - Started process (PID=1326) to work on /opt/airflow/dags/etl_data_pipeline_mongodb.py
[2024-12-03T14:07:28.142+0000] {processor.py:914} INFO - Processing file /opt/airflow/dags/etl_data_pipeline_mongodb.py for tasks to queue
[2024-12-03T14:07:28.144+0000] {logging_mixin.py:190} INFO - [2024-12-03T14:07:28.144+0000] {dagbag.py:588} INFO - Filling up the DagBag from /opt/airflow/dags/etl_data_pipeline_mongodb.py
[2024-12-03T14:07:28.196+0000] {processor.py:925} INFO - DAG(s) 'etl_data_pipeline_mongodb' retrieved from /opt/airflow/dags/etl_data_pipeline_mongodb.py
[2024-12-03T14:07:28.214+0000] {logging_mixin.py:190} INFO - [2024-12-03T14:07:28.214+0000] {dag.py:3239} INFO - Sync 1 DAGs
[2024-12-03T14:07:28.232+0000] {logging_mixin.py:190} INFO - [2024-12-03T14:07:28.232+0000] {dag.py:4180} INFO - Setting next_dagrun for etl_data_pipeline_mongodb to 2024-12-03 00:00:00+00:00, run_after=2024-12-04 00:00:00+00:00
[2024-12-03T14:07:28.248+0000] {processor.py:208} INFO - Processing /opt/airflow/dags/etl_data_pipeline_mongodb.py took 0.112 seconds
[2024-12-03T14:07:58.584+0000] {processor.py:186} INFO - Started process (PID=1390) to work on /opt/airflow/dags/etl_data_pipeline_mongodb.py
[2024-12-03T14:07:58.585+0000] {processor.py:914} INFO - Processing file /opt/airflow/dags/etl_data_pipeline_mongodb.py for tasks to queue
[2024-12-03T14:07:58.587+0000] {logging_mixin.py:190} INFO - [2024-12-03T14:07:58.587+0000] {dagbag.py:588} INFO - Filling up the DagBag from /opt/airflow/dags/etl_data_pipeline_mongodb.py
[2024-12-03T14:07:58.640+0000] {processor.py:925} INFO - DAG(s) 'etl_data_pipeline_mongodb' retrieved from /opt/airflow/dags/etl_data_pipeline_mongodb.py
[2024-12-03T14:07:58.659+0000] {logging_mixin.py:190} INFO - [2024-12-03T14:07:58.658+0000] {dag.py:3239} INFO - Sync 1 DAGs
[2024-12-03T14:07:58.677+0000] {logging_mixin.py:190} INFO - [2024-12-03T14:07:58.677+0000] {dag.py:4180} INFO - Setting next_dagrun for etl_data_pipeline_mongodb to 2024-12-03 00:00:00+00:00, run_after=2024-12-04 00:00:00+00:00
[2024-12-03T14:07:58.694+0000] {processor.py:208} INFO - Processing /opt/airflow/dags/etl_data_pipeline_mongodb.py took 0.116 seconds
[2024-12-03T14:08:28.789+0000] {processor.py:186} INFO - Started process (PID=1454) to work on /opt/airflow/dags/etl_data_pipeline_mongodb.py
[2024-12-03T14:08:28.789+0000] {processor.py:914} INFO - Processing file /opt/airflow/dags/etl_data_pipeline_mongodb.py for tasks to queue
[2024-12-03T14:08:28.792+0000] {logging_mixin.py:190} INFO - [2024-12-03T14:08:28.792+0000] {dagbag.py:588} INFO - Filling up the DagBag from /opt/airflow/dags/etl_data_pipeline_mongodb.py
[2024-12-03T14:08:28.846+0000] {processor.py:925} INFO - DAG(s) 'etl_data_pipeline_mongodb' retrieved from /opt/airflow/dags/etl_data_pipeline_mongodb.py
[2024-12-03T14:08:28.865+0000] {logging_mixin.py:190} INFO - [2024-12-03T14:08:28.865+0000] {dag.py:3239} INFO - Sync 1 DAGs
[2024-12-03T14:08:28.885+0000] {logging_mixin.py:190} INFO - [2024-12-03T14:08:28.885+0000] {dag.py:4180} INFO - Setting next_dagrun for etl_data_pipeline_mongodb to 2024-12-03 00:00:00+00:00, run_after=2024-12-04 00:00:00+00:00
[2024-12-03T14:08:28.904+0000] {processor.py:208} INFO - Processing /opt/airflow/dags/etl_data_pipeline_mongodb.py took 0.121 seconds
[2024-12-03T14:08:58.945+0000] {processor.py:186} INFO - Started process (PID=1518) to work on /opt/airflow/dags/etl_data_pipeline_mongodb.py
[2024-12-03T14:08:58.946+0000] {processor.py:914} INFO - Processing file /opt/airflow/dags/etl_data_pipeline_mongodb.py for tasks to queue
[2024-12-03T14:08:58.948+0000] {logging_mixin.py:190} INFO - [2024-12-03T14:08:58.948+0000] {dagbag.py:588} INFO - Filling up the DagBag from /opt/airflow/dags/etl_data_pipeline_mongodb.py
[2024-12-03T14:08:59.005+0000] {processor.py:925} INFO - DAG(s) 'etl_data_pipeline_mongodb' retrieved from /opt/airflow/dags/etl_data_pipeline_mongodb.py
[2024-12-03T14:08:59.024+0000] {logging_mixin.py:190} INFO - [2024-12-03T14:08:59.024+0000] {dag.py:3239} INFO - Sync 1 DAGs
[2024-12-03T14:08:59.044+0000] {logging_mixin.py:190} INFO - [2024-12-03T14:08:59.044+0000] {dag.py:4180} INFO - Setting next_dagrun for etl_data_pipeline_mongodb to 2024-12-03 00:00:00+00:00, run_after=2024-12-04 00:00:00+00:00
[2024-12-03T14:08:59.063+0000] {processor.py:208} INFO - Processing /opt/airflow/dags/etl_data_pipeline_mongodb.py took 0.124 seconds
[2024-12-03T14:09:29.459+0000] {processor.py:186} INFO - Started process (PID=1581) to work on /opt/airflow/dags/etl_data_pipeline_mongodb.py
[2024-12-03T14:09:29.460+0000] {processor.py:914} INFO - Processing file /opt/airflow/dags/etl_data_pipeline_mongodb.py for tasks to queue
[2024-12-03T14:09:29.462+0000] {logging_mixin.py:190} INFO - [2024-12-03T14:09:29.462+0000] {dagbag.py:588} INFO - Filling up the DagBag from /opt/airflow/dags/etl_data_pipeline_mongodb.py
[2024-12-03T14:09:29.517+0000] {processor.py:925} INFO - DAG(s) 'etl_data_pipeline_mongodb' retrieved from /opt/airflow/dags/etl_data_pipeline_mongodb.py
[2024-12-03T14:09:29.532+0000] {logging_mixin.py:190} INFO - [2024-12-03T14:09:29.532+0000] {dag.py:3239} INFO - Sync 1 DAGs
[2024-12-03T14:09:29.551+0000] {logging_mixin.py:190} INFO - [2024-12-03T14:09:29.551+0000] {dag.py:4180} INFO - Setting next_dagrun for etl_data_pipeline_mongodb to 2024-12-03 00:00:00+00:00, run_after=2024-12-04 00:00:00+00:00
[2024-12-03T14:09:29.570+0000] {processor.py:208} INFO - Processing /opt/airflow/dags/etl_data_pipeline_mongodb.py took 0.117 seconds
[2024-12-03T14:10:00.303+0000] {processor.py:186} INFO - Started process (PID=1645) to work on /opt/airflow/dags/etl_data_pipeline_mongodb.py
[2024-12-03T14:10:00.304+0000] {processor.py:914} INFO - Processing file /opt/airflow/dags/etl_data_pipeline_mongodb.py for tasks to queue
[2024-12-03T14:10:00.307+0000] {logging_mixin.py:190} INFO - [2024-12-03T14:10:00.307+0000] {dagbag.py:588} INFO - Filling up the DagBag from /opt/airflow/dags/etl_data_pipeline_mongodb.py
[2024-12-03T14:10:00.367+0000] {processor.py:925} INFO - DAG(s) 'etl_data_pipeline_mongodb' retrieved from /opt/airflow/dags/etl_data_pipeline_mongodb.py
[2024-12-03T14:10:00.385+0000] {logging_mixin.py:190} INFO - [2024-12-03T14:10:00.385+0000] {dag.py:3239} INFO - Sync 1 DAGs
[2024-12-03T14:10:00.407+0000] {logging_mixin.py:190} INFO - [2024-12-03T14:10:00.406+0000] {dag.py:4180} INFO - Setting next_dagrun for etl_data_pipeline_mongodb to 2024-12-03 00:00:00+00:00, run_after=2024-12-04 00:00:00+00:00
[2024-12-03T14:10:00.426+0000] {processor.py:208} INFO - Processing /opt/airflow/dags/etl_data_pipeline_mongodb.py took 0.130 seconds
[2024-12-03T14:10:30.961+0000] {processor.py:186} INFO - Started process (PID=1709) to work on /opt/airflow/dags/etl_data_pipeline_mongodb.py
[2024-12-03T14:10:30.961+0000] {processor.py:914} INFO - Processing file /opt/airflow/dags/etl_data_pipeline_mongodb.py for tasks to queue
[2024-12-03T14:10:30.964+0000] {logging_mixin.py:190} INFO - [2024-12-03T14:10:30.964+0000] {dagbag.py:588} INFO - Filling up the DagBag from /opt/airflow/dags/etl_data_pipeline_mongodb.py
[2024-12-03T14:10:31.017+0000] {processor.py:925} INFO - DAG(s) 'etl_data_pipeline_mongodb' retrieved from /opt/airflow/dags/etl_data_pipeline_mongodb.py
[2024-12-03T14:10:31.036+0000] {logging_mixin.py:190} INFO - [2024-12-03T14:10:31.036+0000] {dag.py:3239} INFO - Sync 1 DAGs
[2024-12-03T14:10:31.055+0000] {logging_mixin.py:190} INFO - [2024-12-03T14:10:31.055+0000] {dag.py:4180} INFO - Setting next_dagrun for etl_data_pipeline_mongodb to 2024-12-03 00:00:00+00:00, run_after=2024-12-04 00:00:00+00:00
[2024-12-03T14:10:31.073+0000] {processor.py:208} INFO - Processing /opt/airflow/dags/etl_data_pipeline_mongodb.py took 0.118 seconds
[2024-12-03T14:11:01.317+0000] {processor.py:186} INFO - Started process (PID=1773) to work on /opt/airflow/dags/etl_data_pipeline_mongodb.py
[2024-12-03T14:11:01.317+0000] {processor.py:914} INFO - Processing file /opt/airflow/dags/etl_data_pipeline_mongodb.py for tasks to queue
[2024-12-03T14:11:01.320+0000] {logging_mixin.py:190} INFO - [2024-12-03T14:11:01.320+0000] {dagbag.py:588} INFO - Filling up the DagBag from /opt/airflow/dags/etl_data_pipeline_mongodb.py
[2024-12-03T14:11:01.371+0000] {processor.py:925} INFO - DAG(s) 'etl_data_pipeline_mongodb' retrieved from /opt/airflow/dags/etl_data_pipeline_mongodb.py
[2024-12-03T14:11:01.386+0000] {logging_mixin.py:190} INFO - [2024-12-03T14:11:01.386+0000] {dag.py:3239} INFO - Sync 1 DAGs
[2024-12-03T14:11:01.405+0000] {logging_mixin.py:190} INFO - [2024-12-03T14:11:01.404+0000] {dag.py:4180} INFO - Setting next_dagrun for etl_data_pipeline_mongodb to 2024-12-03 00:00:00+00:00, run_after=2024-12-04 00:00:00+00:00
[2024-12-03T14:11:01.423+0000] {processor.py:208} INFO - Processing /opt/airflow/dags/etl_data_pipeline_mongodb.py took 0.111 seconds
[2024-12-03T14:11:31.584+0000] {processor.py:186} INFO - Started process (PID=1837) to work on /opt/airflow/dags/etl_data_pipeline_mongodb.py
[2024-12-03T14:11:31.584+0000] {processor.py:914} INFO - Processing file /opt/airflow/dags/etl_data_pipeline_mongodb.py for tasks to queue
[2024-12-03T14:11:31.587+0000] {logging_mixin.py:190} INFO - [2024-12-03T14:11:31.586+0000] {dagbag.py:588} INFO - Filling up the DagBag from /opt/airflow/dags/etl_data_pipeline_mongodb.py
[2024-12-03T14:11:31.639+0000] {processor.py:925} INFO - DAG(s) 'etl_data_pipeline_mongodb' retrieved from /opt/airflow/dags/etl_data_pipeline_mongodb.py
[2024-12-03T14:11:31.656+0000] {logging_mixin.py:190} INFO - [2024-12-03T14:11:31.656+0000] {dag.py:3239} INFO - Sync 1 DAGs
[2024-12-03T14:11:31.676+0000] {logging_mixin.py:190} INFO - [2024-12-03T14:11:31.675+0000] {dag.py:4180} INFO - Setting next_dagrun for etl_data_pipeline_mongodb to 2024-12-03 00:00:00+00:00, run_after=2024-12-04 00:00:00+00:00
[2024-12-03T14:11:31.693+0000] {processor.py:208} INFO - Processing /opt/airflow/dags/etl_data_pipeline_mongodb.py took 0.114 seconds
[2024-12-03T14:12:02.194+0000] {processor.py:186} INFO - Started process (PID=1901) to work on /opt/airflow/dags/etl_data_pipeline_mongodb.py
[2024-12-03T14:12:02.195+0000] {processor.py:914} INFO - Processing file /opt/airflow/dags/etl_data_pipeline_mongodb.py for tasks to queue
[2024-12-03T14:12:02.197+0000] {logging_mixin.py:190} INFO - [2024-12-03T14:12:02.196+0000] {dagbag.py:588} INFO - Filling up the DagBag from /opt/airflow/dags/etl_data_pipeline_mongodb.py
[2024-12-03T14:12:02.251+0000] {processor.py:925} INFO - DAG(s) 'etl_data_pipeline_mongodb' retrieved from /opt/airflow/dags/etl_data_pipeline_mongodb.py
[2024-12-03T14:12:02.268+0000] {logging_mixin.py:190} INFO - [2024-12-03T14:12:02.268+0000] {dag.py:3239} INFO - Sync 1 DAGs
[2024-12-03T14:12:02.287+0000] {logging_mixin.py:190} INFO - [2024-12-03T14:12:02.287+0000] {dag.py:4180} INFO - Setting next_dagrun for etl_data_pipeline_mongodb to 2024-12-03 00:00:00+00:00, run_after=2024-12-04 00:00:00+00:00
[2024-12-03T14:12:02.306+0000] {processor.py:208} INFO - Processing /opt/airflow/dags/etl_data_pipeline_mongodb.py took 0.118 seconds
[2024-12-03T14:12:32.808+0000] {processor.py:186} INFO - Started process (PID=1965) to work on /opt/airflow/dags/etl_data_pipeline_mongodb.py
[2024-12-03T14:12:32.809+0000] {processor.py:914} INFO - Processing file /opt/airflow/dags/etl_data_pipeline_mongodb.py for tasks to queue
[2024-12-03T14:12:32.811+0000] {logging_mixin.py:190} INFO - [2024-12-03T14:12:32.811+0000] {dagbag.py:588} INFO - Filling up the DagBag from /opt/airflow/dags/etl_data_pipeline_mongodb.py
[2024-12-03T14:12:32.865+0000] {processor.py:925} INFO - DAG(s) 'etl_data_pipeline_mongodb' retrieved from /opt/airflow/dags/etl_data_pipeline_mongodb.py
[2024-12-03T14:12:32.882+0000] {logging_mixin.py:190} INFO - [2024-12-03T14:12:32.881+0000] {dag.py:3239} INFO - Sync 1 DAGs
[2024-12-03T14:12:32.899+0000] {logging_mixin.py:190} INFO - [2024-12-03T14:12:32.899+0000] {dag.py:4180} INFO - Setting next_dagrun for etl_data_pipeline_mongodb to 2024-12-03 00:00:00+00:00, run_after=2024-12-04 00:00:00+00:00
[2024-12-03T14:12:32.914+0000] {processor.py:208} INFO - Processing /opt/airflow/dags/etl_data_pipeline_mongodb.py took 0.111 seconds
[2024-12-03T14:13:02.960+0000] {processor.py:186} INFO - Started process (PID=2029) to work on /opt/airflow/dags/etl_data_pipeline_mongodb.py
[2024-12-03T14:13:02.961+0000] {processor.py:914} INFO - Processing file /opt/airflow/dags/etl_data_pipeline_mongodb.py for tasks to queue
[2024-12-03T14:13:02.963+0000] {logging_mixin.py:190} INFO - [2024-12-03T14:13:02.963+0000] {dagbag.py:588} INFO - Filling up the DagBag from /opt/airflow/dags/etl_data_pipeline_mongodb.py
[2024-12-03T14:13:03.021+0000] {processor.py:925} INFO - DAG(s) 'etl_data_pipeline_mongodb' retrieved from /opt/airflow/dags/etl_data_pipeline_mongodb.py
[2024-12-03T14:13:03.037+0000] {logging_mixin.py:190} INFO - [2024-12-03T14:13:03.036+0000] {dag.py:3239} INFO - Sync 1 DAGs
[2024-12-03T14:13:03.058+0000] {logging_mixin.py:190} INFO - [2024-12-03T14:13:03.057+0000] {dag.py:4180} INFO - Setting next_dagrun for etl_data_pipeline_mongodb to 2024-12-03 00:00:00+00:00, run_after=2024-12-04 00:00:00+00:00
[2024-12-03T14:13:03.071+0000] {processor.py:208} INFO - Processing /opt/airflow/dags/etl_data_pipeline_mongodb.py took 0.116 seconds
[2024-12-03T14:13:33.173+0000] {processor.py:186} INFO - Started process (PID=2093) to work on /opt/airflow/dags/etl_data_pipeline_mongodb.py
[2024-12-03T14:13:33.174+0000] {processor.py:914} INFO - Processing file /opt/airflow/dags/etl_data_pipeline_mongodb.py for tasks to queue
[2024-12-03T14:13:33.176+0000] {logging_mixin.py:190} INFO - [2024-12-03T14:13:33.176+0000] {dagbag.py:588} INFO - Filling up the DagBag from /opt/airflow/dags/etl_data_pipeline_mongodb.py
[2024-12-03T14:13:33.229+0000] {processor.py:925} INFO - DAG(s) 'etl_data_pipeline_mongodb' retrieved from /opt/airflow/dags/etl_data_pipeline_mongodb.py
[2024-12-03T14:13:33.247+0000] {logging_mixin.py:190} INFO - [2024-12-03T14:13:33.247+0000] {dag.py:3239} INFO - Sync 1 DAGs
[2024-12-03T14:13:33.266+0000] {logging_mixin.py:190} INFO - [2024-12-03T14:13:33.265+0000] {dag.py:4180} INFO - Setting next_dagrun for etl_data_pipeline_mongodb to 2024-12-03 00:00:00+00:00, run_after=2024-12-04 00:00:00+00:00
[2024-12-03T14:13:33.279+0000] {processor.py:208} INFO - Processing /opt/airflow/dags/etl_data_pipeline_mongodb.py took 0.112 seconds
[2024-12-03T14:14:03.404+0000] {processor.py:186} INFO - Started process (PID=2157) to work on /opt/airflow/dags/etl_data_pipeline_mongodb.py
[2024-12-03T14:14:03.406+0000] {processor.py:914} INFO - Processing file /opt/airflow/dags/etl_data_pipeline_mongodb.py for tasks to queue
[2024-12-03T14:14:03.408+0000] {logging_mixin.py:190} INFO - [2024-12-03T14:14:03.408+0000] {dagbag.py:588} INFO - Filling up the DagBag from /opt/airflow/dags/etl_data_pipeline_mongodb.py
[2024-12-03T14:14:03.469+0000] {processor.py:925} INFO - DAG(s) 'etl_data_pipeline_mongodb' retrieved from /opt/airflow/dags/etl_data_pipeline_mongodb.py
[2024-12-03T14:14:03.489+0000] {logging_mixin.py:190} INFO - [2024-12-03T14:14:03.488+0000] {dag.py:3239} INFO - Sync 1 DAGs
[2024-12-03T14:14:03.509+0000] {logging_mixin.py:190} INFO - [2024-12-03T14:14:03.509+0000] {dag.py:4180} INFO - Setting next_dagrun for etl_data_pipeline_mongodb to 2024-12-03 00:00:00+00:00, run_after=2024-12-04 00:00:00+00:00
[2024-12-03T14:14:03.523+0000] {processor.py:208} INFO - Processing /opt/airflow/dags/etl_data_pipeline_mongodb.py took 0.126 seconds
[2024-12-03T14:14:34.341+0000] {processor.py:186} INFO - Started process (PID=2221) to work on /opt/airflow/dags/etl_data_pipeline_mongodb.py
[2024-12-03T14:14:34.344+0000] {processor.py:914} INFO - Processing file /opt/airflow/dags/etl_data_pipeline_mongodb.py for tasks to queue
[2024-12-03T14:14:34.350+0000] {logging_mixin.py:190} INFO - [2024-12-03T14:14:34.350+0000] {dagbag.py:588} INFO - Filling up the DagBag from /opt/airflow/dags/etl_data_pipeline_mongodb.py
[2024-12-03T14:14:34.478+0000] {processor.py:925} INFO - DAG(s) 'etl_data_pipeline_mongodb' retrieved from /opt/airflow/dags/etl_data_pipeline_mongodb.py
[2024-12-03T14:14:34.512+0000] {logging_mixin.py:190} INFO - [2024-12-03T14:14:34.512+0000] {dag.py:3239} INFO - Sync 1 DAGs
[2024-12-03T14:14:34.561+0000] {logging_mixin.py:190} INFO - [2024-12-03T14:14:34.561+0000] {dag.py:4180} INFO - Setting next_dagrun for etl_data_pipeline_mongodb to 2024-12-03 00:00:00+00:00, run_after=2024-12-04 00:00:00+00:00
[2024-12-03T14:14:34.596+0000] {processor.py:208} INFO - Processing /opt/airflow/dags/etl_data_pipeline_mongodb.py took 0.268 seconds
[2024-12-03T14:15:05.427+0000] {processor.py:186} INFO - Started process (PID=2285) to work on /opt/airflow/dags/etl_data_pipeline_mongodb.py
[2024-12-03T14:15:05.436+0000] {processor.py:914} INFO - Processing file /opt/airflow/dags/etl_data_pipeline_mongodb.py for tasks to queue
[2024-12-03T14:15:05.439+0000] {logging_mixin.py:190} INFO - [2024-12-03T14:15:05.438+0000] {dagbag.py:588} INFO - Filling up the DagBag from /opt/airflow/dags/etl_data_pipeline_mongodb.py
[2024-12-03T14:15:05.525+0000] {processor.py:925} INFO - DAG(s) 'etl_data_pipeline_mongodb' retrieved from /opt/airflow/dags/etl_data_pipeline_mongodb.py
[2024-12-03T14:15:05.550+0000] {logging_mixin.py:190} INFO - [2024-12-03T14:15:05.550+0000] {dag.py:3239} INFO - Sync 1 DAGs
[2024-12-03T14:15:05.787+0000] {logging_mixin.py:190} INFO - [2024-12-03T14:15:05.787+0000] {dag.py:4180} INFO - Setting next_dagrun for etl_data_pipeline_mongodb to 2024-12-03 00:00:00+00:00, run_after=2024-12-04 00:00:00+00:00
[2024-12-03T14:15:05.805+0000] {processor.py:208} INFO - Processing /opt/airflow/dags/etl_data_pipeline_mongodb.py took 0.385 seconds
[2024-12-03T14:15:36.172+0000] {processor.py:186} INFO - Started process (PID=2349) to work on /opt/airflow/dags/etl_data_pipeline_mongodb.py
[2024-12-03T14:15:36.174+0000] {processor.py:914} INFO - Processing file /opt/airflow/dags/etl_data_pipeline_mongodb.py for tasks to queue
[2024-12-03T14:15:36.178+0000] {logging_mixin.py:190} INFO - [2024-12-03T14:15:36.177+0000] {dagbag.py:588} INFO - Filling up the DagBag from /opt/airflow/dags/etl_data_pipeline_mongodb.py
[2024-12-03T14:15:36.259+0000] {processor.py:925} INFO - DAG(s) 'etl_data_pipeline_mongodb' retrieved from /opt/airflow/dags/etl_data_pipeline_mongodb.py
[2024-12-03T14:15:36.279+0000] {logging_mixin.py:190} INFO - [2024-12-03T14:15:36.278+0000] {dag.py:3239} INFO - Sync 1 DAGs
[2024-12-03T14:15:36.301+0000] {logging_mixin.py:190} INFO - [2024-12-03T14:15:36.301+0000] {dag.py:4180} INFO - Setting next_dagrun for etl_data_pipeline_mongodb to 2024-12-03 00:00:00+00:00, run_after=2024-12-04 00:00:00+00:00
[2024-12-03T14:15:36.319+0000] {processor.py:208} INFO - Processing /opt/airflow/dags/etl_data_pipeline_mongodb.py took 0.156 seconds
[2024-12-03T14:16:06.874+0000] {processor.py:186} INFO - Started process (PID=2419) to work on /opt/airflow/dags/etl_data_pipeline_mongodb.py
[2024-12-03T14:16:06.875+0000] {processor.py:914} INFO - Processing file /opt/airflow/dags/etl_data_pipeline_mongodb.py for tasks to queue
[2024-12-03T14:16:06.877+0000] {logging_mixin.py:190} INFO - [2024-12-03T14:16:06.877+0000] {dagbag.py:588} INFO - Filling up the DagBag from /opt/airflow/dags/etl_data_pipeline_mongodb.py
[2024-12-03T14:16:06.931+0000] {processor.py:925} INFO - DAG(s) 'etl_data_pipeline_mongodb' retrieved from /opt/airflow/dags/etl_data_pipeline_mongodb.py
[2024-12-03T14:16:06.947+0000] {logging_mixin.py:190} INFO - [2024-12-03T14:16:06.947+0000] {dag.py:3239} INFO - Sync 1 DAGs
[2024-12-03T14:16:06.965+0000] {logging_mixin.py:190} INFO - [2024-12-03T14:16:06.965+0000] {dag.py:4180} INFO - Setting next_dagrun for etl_data_pipeline_mongodb to 2024-12-03 00:00:00+00:00, run_after=2024-12-04 00:00:00+00:00
[2024-12-03T14:16:06.982+0000] {processor.py:208} INFO - Processing /opt/airflow/dags/etl_data_pipeline_mongodb.py took 0.114 seconds
[2024-12-03T14:16:37.371+0000] {processor.py:186} INFO - Started process (PID=2483) to work on /opt/airflow/dags/etl_data_pipeline_mongodb.py
[2024-12-03T14:16:37.371+0000] {processor.py:914} INFO - Processing file /opt/airflow/dags/etl_data_pipeline_mongodb.py for tasks to queue
[2024-12-03T14:16:37.373+0000] {logging_mixin.py:190} INFO - [2024-12-03T14:16:37.373+0000] {dagbag.py:588} INFO - Filling up the DagBag from /opt/airflow/dags/etl_data_pipeline_mongodb.py
[2024-12-03T14:16:37.426+0000] {processor.py:925} INFO - DAG(s) 'etl_data_pipeline_mongodb' retrieved from /opt/airflow/dags/etl_data_pipeline_mongodb.py
[2024-12-03T14:16:37.442+0000] {logging_mixin.py:190} INFO - [2024-12-03T14:16:37.442+0000] {dag.py:3239} INFO - Sync 1 DAGs
[2024-12-03T14:16:37.461+0000] {logging_mixin.py:190} INFO - [2024-12-03T14:16:37.460+0000] {dag.py:4180} INFO - Setting next_dagrun for etl_data_pipeline_mongodb to 2024-12-03 00:00:00+00:00, run_after=2024-12-04 00:00:00+00:00
[2024-12-03T14:16:37.477+0000] {processor.py:208} INFO - Processing /opt/airflow/dags/etl_data_pipeline_mongodb.py took 0.112 seconds
[2024-12-03T14:17:07.842+0000] {processor.py:186} INFO - Started process (PID=2547) to work on /opt/airflow/dags/etl_data_pipeline_mongodb.py
[2024-12-03T14:17:07.842+0000] {processor.py:914} INFO - Processing file /opt/airflow/dags/etl_data_pipeline_mongodb.py for tasks to queue
[2024-12-03T14:17:07.845+0000] {logging_mixin.py:190} INFO - [2024-12-03T14:17:07.844+0000] {dagbag.py:588} INFO - Filling up the DagBag from /opt/airflow/dags/etl_data_pipeline_mongodb.py
[2024-12-03T14:17:07.901+0000] {processor.py:925} INFO - DAG(s) 'etl_data_pipeline_mongodb' retrieved from /opt/airflow/dags/etl_data_pipeline_mongodb.py
[2024-12-03T14:17:07.918+0000] {logging_mixin.py:190} INFO - [2024-12-03T14:17:07.918+0000] {dag.py:3239} INFO - Sync 1 DAGs
[2024-12-03T14:17:08.092+0000] {logging_mixin.py:190} INFO - [2024-12-03T14:17:08.091+0000] {dag.py:4180} INFO - Setting next_dagrun for etl_data_pipeline_mongodb to 2024-12-03 00:00:00+00:00, run_after=2024-12-04 00:00:00+00:00
[2024-12-03T14:17:08.107+0000] {processor.py:208} INFO - Processing /opt/airflow/dags/etl_data_pipeline_mongodb.py took 0.272 seconds
[2024-12-03T14:17:38.213+0000] {processor.py:186} INFO - Started process (PID=2611) to work on /opt/airflow/dags/etl_data_pipeline_mongodb.py
[2024-12-03T14:17:38.214+0000] {processor.py:914} INFO - Processing file /opt/airflow/dags/etl_data_pipeline_mongodb.py for tasks to queue
[2024-12-03T14:17:38.216+0000] {logging_mixin.py:190} INFO - [2024-12-03T14:17:38.216+0000] {dagbag.py:588} INFO - Filling up the DagBag from /opt/airflow/dags/etl_data_pipeline_mongodb.py
[2024-12-03T14:17:38.279+0000] {processor.py:925} INFO - DAG(s) 'etl_data_pipeline_mongodb' retrieved from /opt/airflow/dags/etl_data_pipeline_mongodb.py
[2024-12-03T14:17:38.296+0000] {logging_mixin.py:190} INFO - [2024-12-03T14:17:38.296+0000] {dag.py:3239} INFO - Sync 1 DAGs
[2024-12-03T14:17:38.505+0000] {logging_mixin.py:190} INFO - [2024-12-03T14:17:38.505+0000] {dag.py:4180} INFO - Setting next_dagrun for etl_data_pipeline_mongodb to 2024-12-03 00:00:00+00:00, run_after=2024-12-04 00:00:00+00:00
[2024-12-03T14:17:38.521+0000] {processor.py:208} INFO - Processing /opt/airflow/dags/etl_data_pipeline_mongodb.py took 0.315 seconds
[2024-12-03T14:18:08.592+0000] {processor.py:186} INFO - Started process (PID=2675) to work on /opt/airflow/dags/etl_data_pipeline_mongodb.py
[2024-12-03T14:18:08.593+0000] {processor.py:914} INFO - Processing file /opt/airflow/dags/etl_data_pipeline_mongodb.py for tasks to queue
[2024-12-03T14:18:08.595+0000] {logging_mixin.py:190} INFO - [2024-12-03T14:18:08.595+0000] {dagbag.py:588} INFO - Filling up the DagBag from /opt/airflow/dags/etl_data_pipeline_mongodb.py
[2024-12-03T14:18:08.648+0000] {processor.py:925} INFO - DAG(s) 'etl_data_pipeline_mongodb' retrieved from /opt/airflow/dags/etl_data_pipeline_mongodb.py
[2024-12-03T14:18:08.664+0000] {logging_mixin.py:190} INFO - [2024-12-03T14:18:08.664+0000] {dag.py:3239} INFO - Sync 1 DAGs
[2024-12-03T14:18:08.847+0000] {logging_mixin.py:190} INFO - [2024-12-03T14:18:08.846+0000] {dag.py:4180} INFO - Setting next_dagrun for etl_data_pipeline_mongodb to 2024-12-03 00:00:00+00:00, run_after=2024-12-04 00:00:00+00:00
[2024-12-03T14:18:08.861+0000] {processor.py:208} INFO - Processing /opt/airflow/dags/etl_data_pipeline_mongodb.py took 0.274 seconds
[2024-12-03T14:18:39.145+0000] {processor.py:186} INFO - Started process (PID=2739) to work on /opt/airflow/dags/etl_data_pipeline_mongodb.py
[2024-12-03T14:18:39.145+0000] {processor.py:914} INFO - Processing file /opt/airflow/dags/etl_data_pipeline_mongodb.py for tasks to queue
[2024-12-03T14:18:39.148+0000] {logging_mixin.py:190} INFO - [2024-12-03T14:18:39.148+0000] {dagbag.py:588} INFO - Filling up the DagBag from /opt/airflow/dags/etl_data_pipeline_mongodb.py
[2024-12-03T14:18:39.363+0000] {processor.py:925} INFO - DAG(s) 'etl_data_pipeline_mongodb' retrieved from /opt/airflow/dags/etl_data_pipeline_mongodb.py
[2024-12-03T14:18:39.376+0000] {logging_mixin.py:190} INFO - [2024-12-03T14:18:39.376+0000] {dag.py:3239} INFO - Sync 1 DAGs
[2024-12-03T14:18:39.391+0000] {logging_mixin.py:190} INFO - [2024-12-03T14:18:39.390+0000] {dag.py:4180} INFO - Setting next_dagrun for etl_data_pipeline_mongodb to 2024-12-03 00:00:00+00:00, run_after=2024-12-04 00:00:00+00:00
[2024-12-03T14:18:39.407+0000] {processor.py:208} INFO - Processing /opt/airflow/dags/etl_data_pipeline_mongodb.py took 0.267 seconds
[2024-12-03T14:19:10.031+0000] {processor.py:186} INFO - Started process (PID=2803) to work on /opt/airflow/dags/etl_data_pipeline_mongodb.py
[2024-12-03T14:19:10.032+0000] {processor.py:914} INFO - Processing file /opt/airflow/dags/etl_data_pipeline_mongodb.py for tasks to queue
[2024-12-03T14:19:10.034+0000] {logging_mixin.py:190} INFO - [2024-12-03T14:19:10.034+0000] {dagbag.py:588} INFO - Filling up the DagBag from /opt/airflow/dags/etl_data_pipeline_mongodb.py
[2024-12-03T14:19:10.239+0000] {processor.py:925} INFO - DAG(s) 'etl_data_pipeline_mongodb' retrieved from /opt/airflow/dags/etl_data_pipeline_mongodb.py
[2024-12-03T14:19:10.253+0000] {logging_mixin.py:190} INFO - [2024-12-03T14:19:10.253+0000] {dag.py:3239} INFO - Sync 1 DAGs
[2024-12-03T14:19:10.267+0000] {logging_mixin.py:190} INFO - [2024-12-03T14:19:10.267+0000] {dag.py:4180} INFO - Setting next_dagrun for etl_data_pipeline_mongodb to 2024-12-03 00:00:00+00:00, run_after=2024-12-04 00:00:00+00:00
[2024-12-03T14:19:10.282+0000] {processor.py:208} INFO - Processing /opt/airflow/dags/etl_data_pipeline_mongodb.py took 0.256 seconds
[2024-12-03T14:19:40.323+0000] {processor.py:186} INFO - Started process (PID=2867) to work on /opt/airflow/dags/etl_data_pipeline_mongodb.py
[2024-12-03T14:19:40.324+0000] {processor.py:914} INFO - Processing file /opt/airflow/dags/etl_data_pipeline_mongodb.py for tasks to queue
[2024-12-03T14:19:40.327+0000] {logging_mixin.py:190} INFO - [2024-12-03T14:19:40.326+0000] {dagbag.py:588} INFO - Filling up the DagBag from /opt/airflow/dags/etl_data_pipeline_mongodb.py
[2024-12-03T14:19:40.380+0000] {processor.py:925} INFO - DAG(s) 'etl_data_pipeline_mongodb' retrieved from /opt/airflow/dags/etl_data_pipeline_mongodb.py
[2024-12-03T14:19:40.397+0000] {logging_mixin.py:190} INFO - [2024-12-03T14:19:40.397+0000] {dag.py:3239} INFO - Sync 1 DAGs
[2024-12-03T14:19:40.584+0000] {logging_mixin.py:190} INFO - [2024-12-03T14:19:40.584+0000] {dag.py:4180} INFO - Setting next_dagrun for etl_data_pipeline_mongodb to 2024-12-03 00:00:00+00:00, run_after=2024-12-04 00:00:00+00:00
[2024-12-03T14:19:40.601+0000] {processor.py:208} INFO - Processing /opt/airflow/dags/etl_data_pipeline_mongodb.py took 0.283 seconds
[2024-12-03T14:20:11.066+0000] {processor.py:186} INFO - Started process (PID=2931) to work on /opt/airflow/dags/etl_data_pipeline_mongodb.py
[2024-12-03T14:20:11.067+0000] {processor.py:914} INFO - Processing file /opt/airflow/dags/etl_data_pipeline_mongodb.py for tasks to queue
[2024-12-03T14:20:11.070+0000] {logging_mixin.py:190} INFO - [2024-12-03T14:20:11.069+0000] {dagbag.py:588} INFO - Filling up the DagBag from /opt/airflow/dags/etl_data_pipeline_mongodb.py
[2024-12-03T14:20:11.280+0000] {processor.py:925} INFO - DAG(s) 'etl_data_pipeline_mongodb' retrieved from /opt/airflow/dags/etl_data_pipeline_mongodb.py
[2024-12-03T14:20:11.295+0000] {logging_mixin.py:190} INFO - [2024-12-03T14:20:11.295+0000] {dag.py:3239} INFO - Sync 1 DAGs
[2024-12-03T14:20:11.311+0000] {logging_mixin.py:190} INFO - [2024-12-03T14:20:11.310+0000] {dag.py:4180} INFO - Setting next_dagrun for etl_data_pipeline_mongodb to 2024-12-03 00:00:00+00:00, run_after=2024-12-04 00:00:00+00:00
[2024-12-03T14:20:11.325+0000] {processor.py:208} INFO - Processing /opt/airflow/dags/etl_data_pipeline_mongodb.py took 0.265 seconds
[2024-12-03T14:20:41.555+0000] {processor.py:186} INFO - Started process (PID=2995) to work on /opt/airflow/dags/etl_data_pipeline_mongodb.py
[2024-12-03T14:20:41.556+0000] {processor.py:914} INFO - Processing file /opt/airflow/dags/etl_data_pipeline_mongodb.py for tasks to queue
[2024-12-03T14:20:41.558+0000] {logging_mixin.py:190} INFO - [2024-12-03T14:20:41.558+0000] {dagbag.py:588} INFO - Filling up the DagBag from /opt/airflow/dags/etl_data_pipeline_mongodb.py
[2024-12-03T14:20:41.786+0000] {processor.py:925} INFO - DAG(s) 'etl_data_pipeline_mongodb' retrieved from /opt/airflow/dags/etl_data_pipeline_mongodb.py
[2024-12-03T14:20:41.799+0000] {logging_mixin.py:190} INFO - [2024-12-03T14:20:41.799+0000] {dag.py:3239} INFO - Sync 1 DAGs
[2024-12-03T14:20:41.814+0000] {logging_mixin.py:190} INFO - [2024-12-03T14:20:41.813+0000] {dag.py:4180} INFO - Setting next_dagrun for etl_data_pipeline_mongodb to 2024-12-03 00:00:00+00:00, run_after=2024-12-04 00:00:00+00:00
[2024-12-03T14:20:41.828+0000] {processor.py:208} INFO - Processing /opt/airflow/dags/etl_data_pipeline_mongodb.py took 0.279 seconds
[2024-12-03T14:21:12.577+0000] {processor.py:186} INFO - Started process (PID=3059) to work on /opt/airflow/dags/etl_data_pipeline_mongodb.py
[2024-12-03T14:21:12.578+0000] {processor.py:914} INFO - Processing file /opt/airflow/dags/etl_data_pipeline_mongodb.py for tasks to queue
[2024-12-03T14:21:12.580+0000] {logging_mixin.py:190} INFO - [2024-12-03T14:21:12.580+0000] {dagbag.py:588} INFO - Filling up the DagBag from /opt/airflow/dags/etl_data_pipeline_mongodb.py
[2024-12-03T14:21:12.788+0000] {processor.py:925} INFO - DAG(s) 'etl_data_pipeline_mongodb' retrieved from /opt/airflow/dags/etl_data_pipeline_mongodb.py
[2024-12-03T14:21:12.801+0000] {logging_mixin.py:190} INFO - [2024-12-03T14:21:12.801+0000] {dag.py:3239} INFO - Sync 1 DAGs
[2024-12-03T14:21:12.815+0000] {logging_mixin.py:190} INFO - [2024-12-03T14:21:12.815+0000] {dag.py:4180} INFO - Setting next_dagrun for etl_data_pipeline_mongodb to 2024-12-03 00:00:00+00:00, run_after=2024-12-04 00:00:00+00:00
[2024-12-03T14:21:12.831+0000] {processor.py:208} INFO - Processing /opt/airflow/dags/etl_data_pipeline_mongodb.py took 0.260 seconds
[2024-12-03T14:21:43.324+0000] {processor.py:186} INFO - Started process (PID=3123) to work on /opt/airflow/dags/etl_data_pipeline_mongodb.py
[2024-12-03T14:21:43.326+0000] {processor.py:914} INFO - Processing file /opt/airflow/dags/etl_data_pipeline_mongodb.py for tasks to queue
[2024-12-03T14:21:43.331+0000] {logging_mixin.py:190} INFO - [2024-12-03T14:21:43.331+0000] {dagbag.py:588} INFO - Filling up the DagBag from /opt/airflow/dags/etl_data_pipeline_mongodb.py
[2024-12-03T14:21:43.701+0000] {processor.py:925} INFO - DAG(s) 'etl_data_pipeline_mongodb' retrieved from /opt/airflow/dags/etl_data_pipeline_mongodb.py
[2024-12-03T14:21:43.720+0000] {logging_mixin.py:190} INFO - [2024-12-03T14:21:43.720+0000] {dag.py:3239} INFO - Sync 1 DAGs
[2024-12-03T14:21:43.746+0000] {logging_mixin.py:190} INFO - [2024-12-03T14:21:43.745+0000] {dag.py:4180} INFO - Setting next_dagrun for etl_data_pipeline_mongodb to 2024-12-03 00:00:00+00:00, run_after=2024-12-04 00:00:00+00:00
[2024-12-03T14:21:43.770+0000] {processor.py:208} INFO - Processing /opt/airflow/dags/etl_data_pipeline_mongodb.py took 0.455 seconds
[2024-12-03T14:22:13.948+0000] {processor.py:186} INFO - Started process (PID=3188) to work on /opt/airflow/dags/etl_data_pipeline_mongodb.py
[2024-12-03T14:22:13.949+0000] {processor.py:914} INFO - Processing file /opt/airflow/dags/etl_data_pipeline_mongodb.py for tasks to queue
[2024-12-03T14:22:13.951+0000] {logging_mixin.py:190} INFO - [2024-12-03T14:22:13.951+0000] {dagbag.py:588} INFO - Filling up the DagBag from /opt/airflow/dags/etl_data_pipeline_mongodb.py
[2024-12-03T14:22:14.192+0000] {processor.py:925} INFO - DAG(s) 'etl_data_pipeline_mongodb' retrieved from /opt/airflow/dags/etl_data_pipeline_mongodb.py
[2024-12-03T14:22:14.209+0000] {logging_mixin.py:190} INFO - [2024-12-03T14:22:14.209+0000] {dag.py:3239} INFO - Sync 1 DAGs
[2024-12-03T14:22:14.226+0000] {logging_mixin.py:190} INFO - [2024-12-03T14:22:14.226+0000] {dag.py:4180} INFO - Setting next_dagrun for etl_data_pipeline_mongodb to 2024-12-03 00:00:00+00:00, run_after=2024-12-04 00:00:00+00:00
[2024-12-03T14:22:14.240+0000] {processor.py:208} INFO - Processing /opt/airflow/dags/etl_data_pipeline_mongodb.py took 0.299 seconds
[2024-12-03T14:22:44.349+0000] {processor.py:186} INFO - Started process (PID=3251) to work on /opt/airflow/dags/etl_data_pipeline_mongodb.py
[2024-12-03T14:22:44.350+0000] {processor.py:914} INFO - Processing file /opt/airflow/dags/etl_data_pipeline_mongodb.py for tasks to queue
[2024-12-03T14:22:44.353+0000] {logging_mixin.py:190} INFO - [2024-12-03T14:22:44.353+0000] {dagbag.py:588} INFO - Filling up the DagBag from /opt/airflow/dags/etl_data_pipeline_mongodb.py
[2024-12-03T14:22:44.419+0000] {processor.py:925} INFO - DAG(s) 'etl_data_pipeline_mongodb' retrieved from /opt/airflow/dags/etl_data_pipeline_mongodb.py
[2024-12-03T14:22:44.437+0000] {logging_mixin.py:190} INFO - [2024-12-03T14:22:44.437+0000] {dag.py:3239} INFO - Sync 1 DAGs
[2024-12-03T14:22:44.459+0000] {logging_mixin.py:190} INFO - [2024-12-03T14:22:44.458+0000] {dag.py:4180} INFO - Setting next_dagrun for etl_data_pipeline_mongodb to 2024-12-03 00:00:00+00:00, run_after=2024-12-04 00:00:00+00:00
[2024-12-03T14:22:44.477+0000] {processor.py:208} INFO - Processing /opt/airflow/dags/etl_data_pipeline_mongodb.py took 0.133 seconds
[2024-12-03T14:23:14.560+0000] {processor.py:186} INFO - Started process (PID=3315) to work on /opt/airflow/dags/etl_data_pipeline_mongodb.py
[2024-12-03T14:23:14.561+0000] {processor.py:914} INFO - Processing file /opt/airflow/dags/etl_data_pipeline_mongodb.py for tasks to queue
[2024-12-03T14:23:14.563+0000] {logging_mixin.py:190} INFO - [2024-12-03T14:23:14.563+0000] {dagbag.py:588} INFO - Filling up the DagBag from /opt/airflow/dags/etl_data_pipeline_mongodb.py
[2024-12-03T14:23:14.617+0000] {processor.py:925} INFO - DAG(s) 'etl_data_pipeline_mongodb' retrieved from /opt/airflow/dags/etl_data_pipeline_mongodb.py
[2024-12-03T14:23:14.636+0000] {logging_mixin.py:190} INFO - [2024-12-03T14:23:14.636+0000] {dag.py:3239} INFO - Sync 1 DAGs
[2024-12-03T14:23:14.656+0000] {logging_mixin.py:190} INFO - [2024-12-03T14:23:14.656+0000] {dag.py:4180} INFO - Setting next_dagrun for etl_data_pipeline_mongodb to 2024-12-03 00:00:00+00:00, run_after=2024-12-04 00:00:00+00:00
[2024-12-03T14:23:14.672+0000] {processor.py:208} INFO - Processing /opt/airflow/dags/etl_data_pipeline_mongodb.py took 0.118 seconds
[2024-12-03T14:23:45.515+0000] {processor.py:186} INFO - Started process (PID=3379) to work on /opt/airflow/dags/etl_data_pipeline_mongodb.py
[2024-12-03T14:23:45.516+0000] {processor.py:914} INFO - Processing file /opt/airflow/dags/etl_data_pipeline_mongodb.py for tasks to queue
[2024-12-03T14:23:45.518+0000] {logging_mixin.py:190} INFO - [2024-12-03T14:23:45.517+0000] {dagbag.py:588} INFO - Filling up the DagBag from /opt/airflow/dags/etl_data_pipeline_mongodb.py
[2024-12-03T14:23:45.573+0000] {processor.py:925} INFO - DAG(s) 'etl_data_pipeline_mongodb' retrieved from /opt/airflow/dags/etl_data_pipeline_mongodb.py
[2024-12-03T14:23:45.590+0000] {logging_mixin.py:190} INFO - [2024-12-03T14:23:45.590+0000] {dag.py:3239} INFO - Sync 1 DAGs
[2024-12-03T14:23:45.611+0000] {logging_mixin.py:190} INFO - [2024-12-03T14:23:45.611+0000] {dag.py:4180} INFO - Setting next_dagrun for etl_data_pipeline_mongodb to 2024-12-03 00:00:00+00:00, run_after=2024-12-04 00:00:00+00:00
[2024-12-03T14:23:45.627+0000] {processor.py:208} INFO - Processing /opt/airflow/dags/etl_data_pipeline_mongodb.py took 0.118 seconds
[2024-12-03T14:24:15.780+0000] {processor.py:186} INFO - Started process (PID=3443) to work on /opt/airflow/dags/etl_data_pipeline_mongodb.py
[2024-12-03T14:24:15.781+0000] {processor.py:914} INFO - Processing file /opt/airflow/dags/etl_data_pipeline_mongodb.py for tasks to queue
[2024-12-03T14:24:15.783+0000] {logging_mixin.py:190} INFO - [2024-12-03T14:24:15.783+0000] {dagbag.py:588} INFO - Filling up the DagBag from /opt/airflow/dags/etl_data_pipeline_mongodb.py
[2024-12-03T14:24:15.841+0000] {processor.py:925} INFO - DAG(s) 'etl_data_pipeline_mongodb' retrieved from /opt/airflow/dags/etl_data_pipeline_mongodb.py
[2024-12-03T14:24:15.860+0000] {logging_mixin.py:190} INFO - [2024-12-03T14:24:15.860+0000] {dag.py:3239} INFO - Sync 1 DAGs
[2024-12-03T14:24:15.882+0000] {logging_mixin.py:190} INFO - [2024-12-03T14:24:15.881+0000] {dag.py:4180} INFO - Setting next_dagrun for etl_data_pipeline_mongodb to 2024-12-03 00:00:00+00:00, run_after=2024-12-04 00:00:00+00:00
[2024-12-03T14:24:15.898+0000] {processor.py:208} INFO - Processing /opt/airflow/dags/etl_data_pipeline_mongodb.py took 0.124 seconds
[2024-12-03T14:24:46.547+0000] {processor.py:186} INFO - Started process (PID=3498) to work on /opt/airflow/dags/etl_data_pipeline_mongodb.py
[2024-12-03T14:24:46.548+0000] {processor.py:914} INFO - Processing file /opt/airflow/dags/etl_data_pipeline_mongodb.py for tasks to queue
[2024-12-03T14:24:46.550+0000] {logging_mixin.py:190} INFO - [2024-12-03T14:24:46.550+0000] {dagbag.py:588} INFO - Filling up the DagBag from /opt/airflow/dags/etl_data_pipeline_mongodb.py
[2024-12-03T14:24:46.606+0000] {processor.py:925} INFO - DAG(s) 'etl_data_pipeline_mongodb' retrieved from /opt/airflow/dags/etl_data_pipeline_mongodb.py
[2024-12-03T14:24:46.623+0000] {logging_mixin.py:190} INFO - [2024-12-03T14:24:46.623+0000] {dag.py:3239} INFO - Sync 1 DAGs
[2024-12-03T14:24:46.643+0000] {logging_mixin.py:190} INFO - [2024-12-03T14:24:46.643+0000] {dag.py:4180} INFO - Setting next_dagrun for etl_data_pipeline_mongodb to 2024-12-03 00:00:00+00:00, run_after=2024-12-04 00:00:00+00:00
[2024-12-03T14:24:46.659+0000] {processor.py:208} INFO - Processing /opt/airflow/dags/etl_data_pipeline_mongodb.py took 0.117 seconds
[2024-12-03T14:25:17.800+0000] {processor.py:186} INFO - Started process (PID=3561) to work on /opt/airflow/dags/etl_data_pipeline_mongodb.py
[2024-12-03T14:25:17.800+0000] {processor.py:914} INFO - Processing file /opt/airflow/dags/etl_data_pipeline_mongodb.py for tasks to queue
[2024-12-03T14:25:17.803+0000] {logging_mixin.py:190} INFO - [2024-12-03T14:25:17.802+0000] {dagbag.py:588} INFO - Filling up the DagBag from /opt/airflow/dags/etl_data_pipeline_mongodb.py
[2024-12-03T14:25:17.856+0000] {processor.py:925} INFO - DAG(s) 'etl_data_pipeline_mongodb' retrieved from /opt/airflow/dags/etl_data_pipeline_mongodb.py
[2024-12-03T14:25:17.876+0000] {logging_mixin.py:190} INFO - [2024-12-03T14:25:17.876+0000] {dag.py:3239} INFO - Sync 1 DAGs
[2024-12-03T14:25:17.897+0000] {logging_mixin.py:190} INFO - [2024-12-03T14:25:17.897+0000] {dag.py:4180} INFO - Setting next_dagrun for etl_data_pipeline_mongodb to 2024-12-03 00:00:00+00:00, run_after=2024-12-04 00:00:00+00:00
[2024-12-03T14:25:17.915+0000] {processor.py:208} INFO - Processing /opt/airflow/dags/etl_data_pipeline_mongodb.py took 0.120 seconds
[2024-12-03T14:25:48.046+0000] {processor.py:186} INFO - Started process (PID=3623) to work on /opt/airflow/dags/etl_data_pipeline_mongodb.py
[2024-12-03T14:25:48.047+0000] {processor.py:914} INFO - Processing file /opt/airflow/dags/etl_data_pipeline_mongodb.py for tasks to queue
[2024-12-03T14:25:48.049+0000] {logging_mixin.py:190} INFO - [2024-12-03T14:25:48.049+0000] {dagbag.py:588} INFO - Filling up the DagBag from /opt/airflow/dags/etl_data_pipeline_mongodb.py
[2024-12-03T14:25:48.107+0000] {processor.py:925} INFO - DAG(s) 'etl_data_pipeline_mongodb' retrieved from /opt/airflow/dags/etl_data_pipeline_mongodb.py
[2024-12-03T14:25:48.126+0000] {logging_mixin.py:190} INFO - [2024-12-03T14:25:48.126+0000] {dag.py:3239} INFO - Sync 1 DAGs
[2024-12-03T14:25:48.145+0000] {logging_mixin.py:190} INFO - [2024-12-03T14:25:48.145+0000] {dag.py:4180} INFO - Setting next_dagrun for etl_data_pipeline_mongodb to 2024-12-03 00:00:00+00:00, run_after=2024-12-04 00:00:00+00:00
[2024-12-03T14:25:48.162+0000] {processor.py:208} INFO - Processing /opt/airflow/dags/etl_data_pipeline_mongodb.py took 0.122 seconds
[2024-12-03T14:26:18.557+0000] {processor.py:186} INFO - Started process (PID=3673) to work on /opt/airflow/dags/etl_data_pipeline_mongodb.py
[2024-12-03T14:26:18.558+0000] {processor.py:914} INFO - Processing file /opt/airflow/dags/etl_data_pipeline_mongodb.py for tasks to queue
[2024-12-03T14:26:18.560+0000] {logging_mixin.py:190} INFO - [2024-12-03T14:26:18.560+0000] {dagbag.py:588} INFO - Filling up the DagBag from /opt/airflow/dags/etl_data_pipeline_mongodb.py
[2024-12-03T14:26:18.617+0000] {processor.py:925} INFO - DAG(s) 'etl_data_pipeline_mongodb' retrieved from /opt/airflow/dags/etl_data_pipeline_mongodb.py
[2024-12-03T14:26:18.637+0000] {logging_mixin.py:190} INFO - [2024-12-03T14:26:18.637+0000] {dag.py:3239} INFO - Sync 1 DAGs
[2024-12-03T14:26:18.656+0000] {logging_mixin.py:190} INFO - [2024-12-03T14:26:18.656+0000] {dag.py:4180} INFO - Setting next_dagrun for etl_data_pipeline_mongodb to 2024-12-03 00:00:00+00:00, run_after=2024-12-04 00:00:00+00:00
[2024-12-03T14:26:18.672+0000] {processor.py:208} INFO - Processing /opt/airflow/dags/etl_data_pipeline_mongodb.py took 0.120 seconds
[2024-12-03T14:26:49.007+0000] {processor.py:186} INFO - Started process (PID=3738) to work on /opt/airflow/dags/etl_data_pipeline_mongodb.py
[2024-12-03T14:26:49.008+0000] {processor.py:914} INFO - Processing file /opt/airflow/dags/etl_data_pipeline_mongodb.py for tasks to queue
[2024-12-03T14:26:49.010+0000] {logging_mixin.py:190} INFO - [2024-12-03T14:26:49.010+0000] {dagbag.py:588} INFO - Filling up the DagBag from /opt/airflow/dags/etl_data_pipeline_mongodb.py
[2024-12-03T14:26:49.067+0000] {processor.py:925} INFO - DAG(s) 'etl_data_pipeline_mongodb' retrieved from /opt/airflow/dags/etl_data_pipeline_mongodb.py
[2024-12-03T14:26:49.084+0000] {logging_mixin.py:190} INFO - [2024-12-03T14:26:49.084+0000] {dag.py:3239} INFO - Sync 1 DAGs
[2024-12-03T14:26:49.106+0000] {logging_mixin.py:190} INFO - [2024-12-03T14:26:49.105+0000] {dag.py:4180} INFO - Setting next_dagrun for etl_data_pipeline_mongodb to 2024-12-03 00:00:00+00:00, run_after=2024-12-04 00:00:00+00:00
[2024-12-03T14:26:49.125+0000] {processor.py:208} INFO - Processing /opt/airflow/dags/etl_data_pipeline_mongodb.py took 0.123 seconds
[2024-12-03T14:27:19.799+0000] {processor.py:186} INFO - Started process (PID=3795) to work on /opt/airflow/dags/etl_data_pipeline_mongodb.py
[2024-12-03T14:27:19.800+0000] {processor.py:914} INFO - Processing file /opt/airflow/dags/etl_data_pipeline_mongodb.py for tasks to queue
[2024-12-03T14:27:19.802+0000] {logging_mixin.py:190} INFO - [2024-12-03T14:27:19.802+0000] {dagbag.py:588} INFO - Filling up the DagBag from /opt/airflow/dags/etl_data_pipeline_mongodb.py
[2024-12-03T14:27:19.865+0000] {processor.py:925} INFO - DAG(s) 'etl_data_pipeline_mongodb' retrieved from /opt/airflow/dags/etl_data_pipeline_mongodb.py
[2024-12-03T14:27:19.881+0000] {logging_mixin.py:190} INFO - [2024-12-03T14:27:19.881+0000] {dag.py:3239} INFO - Sync 1 DAGs
[2024-12-03T14:27:19.903+0000] {logging_mixin.py:190} INFO - [2024-12-03T14:27:19.903+0000] {dag.py:4180} INFO - Setting next_dagrun for etl_data_pipeline_mongodb to 2024-12-03 00:00:00+00:00, run_after=2024-12-04 00:00:00+00:00
[2024-12-03T14:27:19.922+0000] {processor.py:208} INFO - Processing /opt/airflow/dags/etl_data_pipeline_mongodb.py took 0.129 seconds
[2024-12-03T14:27:50.196+0000] {processor.py:186} INFO - Started process (PID=3851) to work on /opt/airflow/dags/etl_data_pipeline_mongodb.py
[2024-12-03T14:27:50.197+0000] {processor.py:914} INFO - Processing file /opt/airflow/dags/etl_data_pipeline_mongodb.py for tasks to queue
[2024-12-03T14:27:50.199+0000] {logging_mixin.py:190} INFO - [2024-12-03T14:27:50.199+0000] {dagbag.py:588} INFO - Filling up the DagBag from /opt/airflow/dags/etl_data_pipeline_mongodb.py
[2024-12-03T14:27:50.250+0000] {processor.py:925} INFO - DAG(s) 'etl_data_pipeline_mongodb' retrieved from /opt/airflow/dags/etl_data_pipeline_mongodb.py
[2024-12-03T14:27:50.265+0000] {logging_mixin.py:190} INFO - [2024-12-03T14:27:50.265+0000] {dag.py:3239} INFO - Sync 1 DAGs
[2024-12-03T14:27:50.282+0000] {logging_mixin.py:190} INFO - [2024-12-03T14:27:50.282+0000] {dag.py:4180} INFO - Setting next_dagrun for etl_data_pipeline_mongodb to 2024-12-03 00:00:00+00:00, run_after=2024-12-04 00:00:00+00:00
[2024-12-03T14:27:50.298+0000] {processor.py:208} INFO - Processing /opt/airflow/dags/etl_data_pipeline_mongodb.py took 0.107 seconds
[2024-12-03T14:28:21.239+0000] {processor.py:186} INFO - Started process (PID=3915) to work on /opt/airflow/dags/etl_data_pipeline_mongodb.py
[2024-12-03T14:28:21.240+0000] {processor.py:914} INFO - Processing file /opt/airflow/dags/etl_data_pipeline_mongodb.py for tasks to queue
[2024-12-03T14:28:21.242+0000] {logging_mixin.py:190} INFO - [2024-12-03T14:28:21.242+0000] {dagbag.py:588} INFO - Filling up the DagBag from /opt/airflow/dags/etl_data_pipeline_mongodb.py
[2024-12-03T14:28:21.294+0000] {processor.py:925} INFO - DAG(s) 'etl_data_pipeline_mongodb' retrieved from /opt/airflow/dags/etl_data_pipeline_mongodb.py
[2024-12-03T14:28:21.309+0000] {logging_mixin.py:190} INFO - [2024-12-03T14:28:21.309+0000] {dag.py:3239} INFO - Sync 1 DAGs
[2024-12-03T14:28:21.326+0000] {logging_mixin.py:190} INFO - [2024-12-03T14:28:21.326+0000] {dag.py:4180} INFO - Setting next_dagrun for etl_data_pipeline_mongodb to 2024-12-03 00:00:00+00:00, run_after=2024-12-04 00:00:00+00:00
[2024-12-03T14:28:21.342+0000] {processor.py:208} INFO - Processing /opt/airflow/dags/etl_data_pipeline_mongodb.py took 0.107 seconds
[2024-12-03T14:28:51.662+0000] {processor.py:186} INFO - Started process (PID=3979) to work on /opt/airflow/dags/etl_data_pipeline_mongodb.py
[2024-12-03T14:28:51.662+0000] {processor.py:914} INFO - Processing file /opt/airflow/dags/etl_data_pipeline_mongodb.py for tasks to queue
[2024-12-03T14:28:51.664+0000] {logging_mixin.py:190} INFO - [2024-12-03T14:28:51.664+0000] {dagbag.py:588} INFO - Filling up the DagBag from /opt/airflow/dags/etl_data_pipeline_mongodb.py
[2024-12-03T14:28:51.718+0000] {processor.py:925} INFO - DAG(s) 'etl_data_pipeline_mongodb' retrieved from /opt/airflow/dags/etl_data_pipeline_mongodb.py
[2024-12-03T14:28:51.742+0000] {logging_mixin.py:190} INFO - [2024-12-03T14:28:51.742+0000] {dag.py:3239} INFO - Sync 1 DAGs
[2024-12-03T14:28:51.763+0000] {logging_mixin.py:190} INFO - [2024-12-03T14:28:51.763+0000] {dag.py:4180} INFO - Setting next_dagrun for etl_data_pipeline_mongodb to 2024-12-03 00:00:00+00:00, run_after=2024-12-04 00:00:00+00:00
[2024-12-03T14:28:51.778+0000] {processor.py:208} INFO - Processing /opt/airflow/dags/etl_data_pipeline_mongodb.py took 0.121 seconds
[2024-12-03T14:32:54.756+0000] {processor.py:186} INFO - Started process (PID=61) to work on /opt/airflow/dags/etl_data_pipeline_mongodb.py
[2024-12-03T14:32:54.757+0000] {processor.py:914} INFO - Processing file /opt/airflow/dags/etl_data_pipeline_mongodb.py for tasks to queue
[2024-12-03T14:32:54.760+0000] {logging_mixin.py:190} INFO - [2024-12-03T14:32:54.760+0000] {dagbag.py:588} INFO - Filling up the DagBag from /opt/airflow/dags/etl_data_pipeline_mongodb.py
[2024-12-03T14:32:54.838+0000] {processor.py:925} INFO - DAG(s) 'etl_data_pipeline_mongodb' retrieved from /opt/airflow/dags/etl_data_pipeline_mongodb.py
[2024-12-03T14:32:54.882+0000] {logging_mixin.py:190} INFO - [2024-12-03T14:32:54.882+0000] {dag.py:3239} INFO - Sync 1 DAGs
[2024-12-03T14:32:54.913+0000] {logging_mixin.py:190} INFO - [2024-12-03T14:32:54.913+0000] {dag.py:4180} INFO - Setting next_dagrun for etl_data_pipeline_mongodb to 2024-12-03 00:00:00+00:00, run_after=2024-12-04 00:00:00+00:00
[2024-12-03T14:32:54.934+0000] {processor.py:208} INFO - Processing /opt/airflow/dags/etl_data_pipeline_mongodb.py took 0.187 seconds
[2024-12-03T14:33:25.946+0000] {processor.py:186} INFO - Started process (PID=126) to work on /opt/airflow/dags/etl_data_pipeline_mongodb.py
[2024-12-03T14:33:25.947+0000] {processor.py:914} INFO - Processing file /opt/airflow/dags/etl_data_pipeline_mongodb.py for tasks to queue
[2024-12-03T14:33:25.949+0000] {logging_mixin.py:190} INFO - [2024-12-03T14:33:25.949+0000] {dagbag.py:588} INFO - Filling up the DagBag from /opt/airflow/dags/etl_data_pipeline_mongodb.py
[2024-12-03T14:33:26.008+0000] {processor.py:925} INFO - DAG(s) 'etl_data_pipeline_mongodb' retrieved from /opt/airflow/dags/etl_data_pipeline_mongodb.py
[2024-12-03T14:33:26.023+0000] {logging_mixin.py:190} INFO - [2024-12-03T14:33:26.023+0000] {dag.py:3239} INFO - Sync 1 DAGs
[2024-12-03T14:33:26.040+0000] {logging_mixin.py:190} INFO - [2024-12-03T14:33:26.040+0000] {dag.py:4180} INFO - Setting next_dagrun for etl_data_pipeline_mongodb to 2024-12-03 00:00:00+00:00, run_after=2024-12-04 00:00:00+00:00
[2024-12-03T14:33:26.065+0000] {processor.py:208} INFO - Processing /opt/airflow/dags/etl_data_pipeline_mongodb.py took 0.123 seconds
[2024-12-03T14:33:56.542+0000] {processor.py:186} INFO - Started process (PID=190) to work on /opt/airflow/dags/etl_data_pipeline_mongodb.py
[2024-12-03T14:33:56.543+0000] {processor.py:914} INFO - Processing file /opt/airflow/dags/etl_data_pipeline_mongodb.py for tasks to queue
[2024-12-03T14:33:56.545+0000] {logging_mixin.py:190} INFO - [2024-12-03T14:33:56.545+0000] {dagbag.py:588} INFO - Filling up the DagBag from /opt/airflow/dags/etl_data_pipeline_mongodb.py
[2024-12-03T14:33:56.610+0000] {processor.py:925} INFO - DAG(s) 'etl_data_pipeline_mongodb' retrieved from /opt/airflow/dags/etl_data_pipeline_mongodb.py
[2024-12-03T14:33:56.627+0000] {logging_mixin.py:190} INFO - [2024-12-03T14:33:56.627+0000] {dag.py:3239} INFO - Sync 1 DAGs
[2024-12-03T14:33:56.646+0000] {logging_mixin.py:190} INFO - [2024-12-03T14:33:56.646+0000] {dag.py:4180} INFO - Setting next_dagrun for etl_data_pipeline_mongodb to 2024-12-03 00:00:00+00:00, run_after=2024-12-04 00:00:00+00:00
[2024-12-03T14:33:56.661+0000] {processor.py:208} INFO - Processing /opt/airflow/dags/etl_data_pipeline_mongodb.py took 0.125 seconds
[2024-12-03T14:34:26.811+0000] {processor.py:186} INFO - Started process (PID=260) to work on /opt/airflow/dags/etl_data_pipeline_mongodb.py
[2024-12-03T14:34:26.811+0000] {processor.py:914} INFO - Processing file /opt/airflow/dags/etl_data_pipeline_mongodb.py for tasks to queue
[2024-12-03T14:34:26.813+0000] {logging_mixin.py:190} INFO - [2024-12-03T14:34:26.813+0000] {dagbag.py:588} INFO - Filling up the DagBag from /opt/airflow/dags/etl_data_pipeline_mongodb.py
[2024-12-03T14:34:26.863+0000] {processor.py:925} INFO - DAG(s) 'etl_data_pipeline_mongodb' retrieved from /opt/airflow/dags/etl_data_pipeline_mongodb.py
[2024-12-03T14:34:26.879+0000] {logging_mixin.py:190} INFO - [2024-12-03T14:34:26.879+0000] {dag.py:3239} INFO - Sync 1 DAGs
[2024-12-03T14:34:26.897+0000] {logging_mixin.py:190} INFO - [2024-12-03T14:34:26.897+0000] {dag.py:4180} INFO - Setting next_dagrun for etl_data_pipeline_mongodb to 2024-12-03 00:00:00+00:00, run_after=2024-12-04 00:00:00+00:00
[2024-12-03T14:34:26.912+0000] {processor.py:208} INFO - Processing /opt/airflow/dags/etl_data_pipeline_mongodb.py took 0.107 seconds
[2024-12-03T14:34:56.973+0000] {processor.py:186} INFO - Started process (PID=324) to work on /opt/airflow/dags/etl_data_pipeline_mongodb.py
[2024-12-03T14:34:56.974+0000] {processor.py:914} INFO - Processing file /opt/airflow/dags/etl_data_pipeline_mongodb.py for tasks to queue
[2024-12-03T14:34:56.976+0000] {logging_mixin.py:190} INFO - [2024-12-03T14:34:56.976+0000] {dagbag.py:588} INFO - Filling up the DagBag from /opt/airflow/dags/etl_data_pipeline_mongodb.py
[2024-12-03T14:34:57.031+0000] {processor.py:925} INFO - DAG(s) 'etl_data_pipeline_mongodb' retrieved from /opt/airflow/dags/etl_data_pipeline_mongodb.py
[2024-12-03T14:34:57.047+0000] {logging_mixin.py:190} INFO - [2024-12-03T14:34:57.047+0000] {dag.py:3239} INFO - Sync 1 DAGs
[2024-12-03T14:34:57.066+0000] {logging_mixin.py:190} INFO - [2024-12-03T14:34:57.065+0000] {dag.py:4180} INFO - Setting next_dagrun for etl_data_pipeline_mongodb to 2024-12-03 00:00:00+00:00, run_after=2024-12-04 00:00:00+00:00
[2024-12-03T14:34:57.080+0000] {processor.py:208} INFO - Processing /opt/airflow/dags/etl_data_pipeline_mongodb.py took 0.111 seconds
[2024-12-03T14:35:27.378+0000] {processor.py:186} INFO - Started process (PID=388) to work on /opt/airflow/dags/etl_data_pipeline_mongodb.py
[2024-12-03T14:35:27.379+0000] {processor.py:914} INFO - Processing file /opt/airflow/dags/etl_data_pipeline_mongodb.py for tasks to queue
[2024-12-03T14:35:27.381+0000] {logging_mixin.py:190} INFO - [2024-12-03T14:35:27.381+0000] {dagbag.py:588} INFO - Filling up the DagBag from /opt/airflow/dags/etl_data_pipeline_mongodb.py
[2024-12-03T14:35:27.436+0000] {processor.py:925} INFO - DAG(s) 'etl_data_pipeline_mongodb' retrieved from /opt/airflow/dags/etl_data_pipeline_mongodb.py
[2024-12-03T14:35:27.453+0000] {logging_mixin.py:190} INFO - [2024-12-03T14:35:27.452+0000] {dag.py:3239} INFO - Sync 1 DAGs
[2024-12-03T14:35:27.471+0000] {logging_mixin.py:190} INFO - [2024-12-03T14:35:27.471+0000] {dag.py:4180} INFO - Setting next_dagrun for etl_data_pipeline_mongodb to 2024-12-03 00:00:00+00:00, run_after=2024-12-04 00:00:00+00:00
[2024-12-03T14:35:27.486+0000] {processor.py:208} INFO - Processing /opt/airflow/dags/etl_data_pipeline_mongodb.py took 0.113 seconds
