[2024-12-09T20:41:18.700+0000] {local_task_job_runner.py:123} INFO - ::group::Pre task execution logs
[2024-12-09T20:41:18.714+0000] {taskinstance.py:2613} INFO - Dependencies all met for dep_context=non-requeueable deps ti=<TaskInstance: etl_data_pipeline_mongodb_complex.branch_task manual__2024-12-09T20:41:07.385832+00:00 [queued]>
[2024-12-09T20:41:18.720+0000] {taskinstance.py:2613} INFO - Dependencies all met for dep_context=requeueable deps ti=<TaskInstance: etl_data_pipeline_mongodb_complex.branch_task manual__2024-12-09T20:41:07.385832+00:00 [queued]>
[2024-12-09T20:41:18.721+0000] {taskinstance.py:2866} INFO - Starting attempt 1 of 2
[2024-12-09T20:41:18.730+0000] {taskinstance.py:2889} INFO - Executing <Task(BranchPythonOperator): branch_task> on 2024-12-09 20:41:07.385832+00:00
[2024-12-09T20:41:18.737+0000] {warnings.py:112} WARNING - /home/***/.local/lib/python3.12/site-packages/***/task/task_runner/standard_task_runner.py:70: DeprecationWarning: This process (pid=740) is multi-threaded, use of fork() may lead to deadlocks in the child.
  pid = os.fork()

[2024-12-09T20:41:18.739+0000] {standard_task_runner.py:72} INFO - Started process 742 to run task
[2024-12-09T20:41:18.739+0000] {standard_task_runner.py:104} INFO - Running: ['***', 'tasks', 'run', 'etl_data_pipeline_mongodb_complex', 'branch_task', 'manual__2024-12-09T20:41:07.385832+00:00', '--job-id', '306', '--raw', '--subdir', 'DAGS_FOLDER/etl_data_pipeline_mongodb_complex.py', '--cfg-path', '/tmp/tmpa6zszsn1']
[2024-12-09T20:41:18.740+0000] {standard_task_runner.py:105} INFO - Job 306: Subtask branch_task
[2024-12-09T20:41:18.776+0000] {task_command.py:467} INFO - Running <TaskInstance: etl_data_pipeline_mongodb_complex.branch_task manual__2024-12-09T20:41:07.385832+00:00 [running]> on host 8553af9ff67b
[2024-12-09T20:41:19.054+0000] {taskinstance.py:3132} INFO - Exporting env vars: AIRFLOW_CTX_DAG_OWNER='***' AIRFLOW_CTX_DAG_ID='etl_data_pipeline_mongodb_complex' AIRFLOW_CTX_TASK_ID='branch_task' AIRFLOW_CTX_EXECUTION_DATE='2024-12-09T20:41:07.385832+00:00' AIRFLOW_CTX_TRY_NUMBER='1' AIRFLOW_CTX_DAG_RUN_ID='manual__2024-12-09T20:41:07.385832+00:00'
[2024-12-09T20:41:19.055+0000] {logging_mixin.py:190} INFO - Task instance is in running state
[2024-12-09T20:41:19.055+0000] {logging_mixin.py:190} INFO -  Previous state of the Task instance: queued
[2024-12-09T20:41:19.055+0000] {logging_mixin.py:190} INFO - Current task name:branch_task state:running start_date:2024-12-09 20:41:18.714682+00:00
[2024-12-09T20:41:19.056+0000] {logging_mixin.py:190} INFO - Dag name:etl_data_pipeline_mongodb_complex and current dag run status:running
[2024-12-09T20:41:19.056+0000] {taskinstance.py:731} INFO - ::endgroup::
[2024-12-09T20:41:19.057+0000] {baseoperator.py:416} WARNING - BranchPythonOperator.execute cannot be called outside TaskInstance!
[2024-12-09T20:41:19.064+0000] {python.py:240} INFO - Done. Returned value was: skip_load
[2024-12-09T20:41:19.064+0000] {branch.py:38} INFO - Branch into skip_load
[2024-12-09T20:41:19.065+0000] {skipmixin.py:230} INFO - Following branch ('skip_load',)
[2024-12-09T20:41:19.073+0000] {skipmixin.py:278} INFO - Skipping tasks [('load_data', -1)]
[2024-12-09T20:41:19.098+0000] {taskinstance.py:340} INFO - ::group::Post task execution logs
[2024-12-09T20:41:19.098+0000] {taskinstance.py:352} INFO - Marking task as SUCCESS. dag_id=etl_data_pipeline_mongodb_complex, task_id=branch_task, run_id=manual__2024-12-09T20:41:07.385832+00:00, execution_date=20241209T204107, start_date=20241209T204118, end_date=20241209T204119
[2024-12-09T20:41:19.105+0000] {logging_mixin.py:190} INFO - Task instance in success state
[2024-12-09T20:41:19.106+0000] {logging_mixin.py:190} INFO -  Previous state of the Task instance: running
[2024-12-09T20:41:19.106+0000] {logging_mixin.py:190} INFO - Dag name:etl_data_pipeline_mongodb_complex queued_at:2024-12-09 20:41:07.401070+00:00
[2024-12-09T20:41:19.107+0000] {logging_mixin.py:190} INFO - Task hostname:8553af9ff67b operator:BranchPythonOperator
[2024-12-09T20:41:19.154+0000] {local_task_job_runner.py:266} INFO - Task exited with return code 0
[2024-12-09T20:41:19.311+0000] {taskinstance.py:3895} INFO - 0 downstream tasks scheduled from follow-on schedule check
[2024-12-09T20:41:19.316+0000] {local_task_job_runner.py:245} INFO - ::endgroup::
