[2024-12-09T21:00:55.669+0000] {local_task_job_runner.py:123} INFO - ::group::Pre task execution logs
[2024-12-09T21:00:55.682+0000] {taskinstance.py:2613} INFO - Dependencies all met for dep_context=non-requeueable deps ti=<TaskInstance: etl_data_pipeline_mongodb_complex.branch_task manual__2024-12-09T21:00:41.632133+00:00 [queued]>
[2024-12-09T21:00:55.689+0000] {taskinstance.py:2613} INFO - Dependencies all met for dep_context=requeueable deps ti=<TaskInstance: etl_data_pipeline_mongodb_complex.branch_task manual__2024-12-09T21:00:41.632133+00:00 [queued]>
[2024-12-09T21:00:55.690+0000] {taskinstance.py:2866} INFO - Starting attempt 1 of 2
[2024-12-09T21:00:55.699+0000] {taskinstance.py:2889} INFO - Executing <Task(BranchPythonOperator): branch_task> on 2024-12-09 21:00:41.632133+00:00
[2024-12-09T21:00:55.707+0000] {warnings.py:112} WARNING - /home/***/.local/lib/python3.12/site-packages/***/task/task_runner/standard_task_runner.py:70: DeprecationWarning: This process (pid=103) is multi-threaded, use of fork() may lead to deadlocks in the child.
  pid = os.fork()

[2024-12-09T21:00:55.709+0000] {standard_task_runner.py:72} INFO - Started process 105 to run task
[2024-12-09T21:00:55.709+0000] {standard_task_runner.py:104} INFO - Running: ['***', 'tasks', 'run', 'etl_data_pipeline_mongodb_complex', 'branch_task', 'manual__2024-12-09T21:00:41.632133+00:00', '--job-id', '347', '--raw', '--subdir', 'DAGS_FOLDER/etl_data_pipeline_mongodb_complex.py', '--cfg-path', '/tmp/tmpjhjx6f2a']
[2024-12-09T21:00:55.710+0000] {standard_task_runner.py:105} INFO - Job 347: Subtask branch_task
[2024-12-09T21:00:55.750+0000] {task_command.py:467} INFO - Running <TaskInstance: etl_data_pipeline_mongodb_complex.branch_task manual__2024-12-09T21:00:41.632133+00:00 [running]> on host 90de14a479be
[2024-12-09T21:00:55.987+0000] {taskinstance.py:3132} INFO - Exporting env vars: AIRFLOW_CTX_DAG_OWNER='***' AIRFLOW_CTX_DAG_ID='etl_data_pipeline_mongodb_complex' AIRFLOW_CTX_TASK_ID='branch_task' AIRFLOW_CTX_EXECUTION_DATE='2024-12-09T21:00:41.632133+00:00' AIRFLOW_CTX_TRY_NUMBER='1' AIRFLOW_CTX_DAG_RUN_ID='manual__2024-12-09T21:00:41.632133+00:00'
[2024-12-09T21:00:55.988+0000] {logging_mixin.py:190} INFO - Task instance is in running state
[2024-12-09T21:00:55.988+0000] {logging_mixin.py:190} INFO -  Previous state of the Task instance: queued
[2024-12-09T21:00:55.989+0000] {logging_mixin.py:190} INFO - Current task name:branch_task state:running start_date:2024-12-09 21:00:55.683527+00:00
[2024-12-09T21:00:55.989+0000] {logging_mixin.py:190} INFO - Dag name:etl_data_pipeline_mongodb_complex and current dag run status:running
[2024-12-09T21:00:55.990+0000] {taskinstance.py:731} INFO - ::endgroup::
[2024-12-09T21:00:55.990+0000] {baseoperator.py:416} WARNING - BranchPythonOperator.execute cannot be called outside TaskInstance!
[2024-12-09T21:00:55.997+0000] {python.py:240} INFO - Done. Returned value was: load_data
[2024-12-09T21:00:55.997+0000] {branch.py:38} INFO - Branch into load_data
[2024-12-09T21:00:55.998+0000] {skipmixin.py:230} INFO - Following branch ('load_data',)
[2024-12-09T21:00:56.005+0000] {skipmixin.py:278} INFO - Skipping tasks [('skip_load', -1)]
[2024-12-09T21:00:56.027+0000] {taskinstance.py:340} INFO - ::group::Post task execution logs
[2024-12-09T21:00:56.027+0000] {taskinstance.py:352} INFO - Marking task as SUCCESS. dag_id=etl_data_pipeline_mongodb_complex, task_id=branch_task, run_id=manual__2024-12-09T21:00:41.632133+00:00, execution_date=20241209T210041, start_date=20241209T210055, end_date=20241209T210056
[2024-12-09T21:00:56.034+0000] {logging_mixin.py:190} INFO - Task instance in success state
[2024-12-09T21:00:56.035+0000] {logging_mixin.py:190} INFO -  Previous state of the Task instance: running
[2024-12-09T21:00:56.035+0000] {logging_mixin.py:190} INFO - Dag name:etl_data_pipeline_mongodb_complex queued_at:2024-12-09 21:00:41.647542+00:00
[2024-12-09T21:00:56.035+0000] {logging_mixin.py:190} INFO - Task hostname:90de14a479be operator:BranchPythonOperator
[2024-12-09T21:00:56.085+0000] {local_task_job_runner.py:266} INFO - Task exited with return code 0
[2024-12-09T21:00:56.269+0000] {taskinstance.py:3895} INFO - 1 downstream tasks scheduled from follow-on schedule check
[2024-12-09T21:00:56.271+0000] {local_task_job_runner.py:245} INFO - ::endgroup::
