[2024-12-09T21:00:48.735+0000] {local_task_job_runner.py:123} INFO - ::group::Pre task execution logs
[2024-12-09T21:00:48.750+0000] {taskinstance.py:2613} INFO - Dependencies all met for dep_context=non-requeueable deps ti=<TaskInstance: etl_data_pipeline_mongodb_complex.wait_for_file manual__2024-12-09T21:00:41.632133+00:00 [queued]>
[2024-12-09T21:00:48.758+0000] {taskinstance.py:2613} INFO - Dependencies all met for dep_context=requeueable deps ti=<TaskInstance: etl_data_pipeline_mongodb_complex.wait_for_file manual__2024-12-09T21:00:41.632133+00:00 [queued]>
[2024-12-09T21:00:48.759+0000] {taskinstance.py:2866} INFO - Starting attempt 1 of 2
[2024-12-09T21:00:48.771+0000] {taskinstance.py:2889} INFO - Executing <Task(FileSensor): wait_for_file> on 2024-12-09 21:00:41.632133+00:00
[2024-12-09T21:00:48.780+0000] {warnings.py:112} WARNING - /home/***/.local/lib/python3.12/site-packages/***/task/task_runner/standard_task_runner.py:70: DeprecationWarning: This process (pid=84) is multi-threaded, use of fork() may lead to deadlocks in the child.
  pid = os.fork()

[2024-12-09T21:00:48.781+0000] {standard_task_runner.py:72} INFO - Started process 86 to run task
[2024-12-09T21:00:48.782+0000] {standard_task_runner.py:104} INFO - Running: ['***', 'tasks', 'run', 'etl_data_pipeline_mongodb_complex', 'wait_for_file', 'manual__2024-12-09T21:00:41.632133+00:00', '--job-id', '344', '--raw', '--subdir', 'DAGS_FOLDER/etl_data_pipeline_mongodb_complex.py', '--cfg-path', '/tmp/tmpceja8y7h']
[2024-12-09T21:00:48.784+0000] {standard_task_runner.py:105} INFO - Job 344: Subtask wait_for_file
[2024-12-09T21:00:49.081+0000] {task_command.py:467} INFO - Running <TaskInstance: etl_data_pipeline_mongodb_complex.wait_for_file manual__2024-12-09T21:00:41.632133+00:00 [running]> on host 90de14a479be
[2024-12-09T21:00:49.153+0000] {taskinstance.py:3132} INFO - Exporting env vars: AIRFLOW_CTX_DAG_OWNER='***' AIRFLOW_CTX_DAG_ID='etl_data_pipeline_mongodb_complex' AIRFLOW_CTX_TASK_ID='wait_for_file' AIRFLOW_CTX_EXECUTION_DATE='2024-12-09T21:00:41.632133+00:00' AIRFLOW_CTX_TRY_NUMBER='1' AIRFLOW_CTX_DAG_RUN_ID='manual__2024-12-09T21:00:41.632133+00:00'
[2024-12-09T21:00:49.154+0000] {logging_mixin.py:190} INFO - Task instance is in running state
[2024-12-09T21:00:49.154+0000] {logging_mixin.py:190} INFO -  Previous state of the Task instance: queued
[2024-12-09T21:00:49.155+0000] {logging_mixin.py:190} INFO - Current task name:wait_for_file state:running start_date:2024-12-09 21:00:48.750770+00:00
[2024-12-09T21:00:49.155+0000] {logging_mixin.py:190} INFO - Dag name:etl_data_pipeline_mongodb_complex and current dag run status:running
[2024-12-09T21:00:49.156+0000] {taskinstance.py:731} INFO - ::endgroup::
[2024-12-09T21:00:49.156+0000] {baseoperator.py:416} WARNING - FileSensor.execute cannot be called outside TaskInstance!
[2024-12-09T21:00:49.163+0000] {base.py:84} INFO - Retrieving connection 'fs_default'
[2024-12-09T21:00:49.163+0000] {filesystem.py:109} INFO - Poking for file /tmp/source1.csv
[2024-12-09T21:00:49.164+0000] {filesystem.py:113} INFO - Found File /tmp/source1.csv last modified: 20241209210047
[2024-12-09T21:00:49.164+0000] {base.py:336} INFO - Success criteria met. Exiting.
[2024-12-09T21:00:49.164+0000] {filesystem.py:109} INFO - Poking for file /tmp/source1.csv
[2024-12-09T21:00:49.165+0000] {filesystem.py:113} INFO - Found File /tmp/source1.csv last modified: 20241209210047
[2024-12-09T21:00:49.174+0000] {taskinstance.py:340} INFO - ::group::Post task execution logs
[2024-12-09T21:00:49.174+0000] {taskinstance.py:352} INFO - Marking task as SUCCESS. dag_id=etl_data_pipeline_mongodb_complex, task_id=wait_for_file, run_id=manual__2024-12-09T21:00:41.632133+00:00, execution_date=20241209T210041, start_date=20241209T210048, end_date=20241209T210049
[2024-12-09T21:00:49.182+0000] {logging_mixin.py:190} INFO - Task instance in success state
[2024-12-09T21:00:49.183+0000] {logging_mixin.py:190} INFO -  Previous state of the Task instance: running
[2024-12-09T21:00:49.183+0000] {logging_mixin.py:190} INFO - Dag name:etl_data_pipeline_mongodb_complex queued_at:2024-12-09 21:00:41.647542+00:00
[2024-12-09T21:00:49.184+0000] {logging_mixin.py:190} INFO - Task hostname:90de14a479be operator:FileSensor
[2024-12-09T21:00:49.197+0000] {local_task_job_runner.py:266} INFO - Task exited with return code 0
[2024-12-09T21:00:49.383+0000] {taskinstance.py:3895} INFO - 1 downstream tasks scheduled from follow-on schedule check
[2024-12-09T21:00:49.385+0000] {local_task_job_runner.py:245} INFO - ::endgroup::
