[2024-12-09T20:31:14.597+0000] {local_task_job_runner.py:123} INFO - ::group::Pre task execution logs
[2024-12-09T20:31:14.614+0000] {taskinstance.py:2613} INFO - Dependencies all met for dep_context=non-requeueable deps ti=<TaskInstance: etl_data_pipeline_mongodb_complex.combine_sources scheduled__2024-12-08T00:00:00+00:00 [queued]>
[2024-12-09T20:31:14.620+0000] {taskinstance.py:2613} INFO - Dependencies all met for dep_context=requeueable deps ti=<TaskInstance: etl_data_pipeline_mongodb_complex.combine_sources scheduled__2024-12-08T00:00:00+00:00 [queued]>
[2024-12-09T20:31:14.621+0000] {taskinstance.py:2866} INFO - Starting attempt 1 of 2
[2024-12-09T20:31:14.632+0000] {taskinstance.py:2889} INFO - Executing <Task(PythonOperator): combine_sources> on 2024-12-08 00:00:00+00:00
[2024-12-09T20:31:14.639+0000] {warnings.py:112} WARNING - /home/***/.local/lib/python3.12/site-packages/***/task/task_runner/standard_task_runner.py:70: DeprecationWarning: This process (pid=468) is multi-threaded, use of fork() may lead to deadlocks in the child.
  pid = os.fork()

[2024-12-09T20:31:14.640+0000] {standard_task_runner.py:72} INFO - Started process 471 to run task
[2024-12-09T20:31:14.641+0000] {standard_task_runner.py:104} INFO - Running: ['***', 'tasks', 'run', 'etl_data_pipeline_mongodb_complex', 'combine_sources', 'scheduled__2024-12-08T00:00:00+00:00', '--job-id', '271', '--raw', '--subdir', 'DAGS_FOLDER/etl_data_pipeline_mongodb_complex.py', '--cfg-path', '/tmp/tmpuwa_61mh']
[2024-12-09T20:31:14.642+0000] {standard_task_runner.py:105} INFO - Job 271: Subtask combine_sources
[2024-12-09T20:31:14.882+0000] {task_command.py:467} INFO - Running <TaskInstance: etl_data_pipeline_mongodb_complex.combine_sources scheduled__2024-12-08T00:00:00+00:00 [running]> on host 8553af9ff67b
[2024-12-09T20:31:14.938+0000] {taskinstance.py:3132} INFO - Exporting env vars: AIRFLOW_CTX_DAG_OWNER='***' AIRFLOW_CTX_DAG_ID='etl_data_pipeline_mongodb_complex' AIRFLOW_CTX_TASK_ID='combine_sources' AIRFLOW_CTX_EXECUTION_DATE='2024-12-08T00:00:00+00:00' AIRFLOW_CTX_TRY_NUMBER='1' AIRFLOW_CTX_DAG_RUN_ID='scheduled__2024-12-08T00:00:00+00:00'
[2024-12-09T20:31:14.939+0000] {logging_mixin.py:190} INFO - Task instance is in running state
[2024-12-09T20:31:14.940+0000] {logging_mixin.py:190} INFO -  Previous state of the Task instance: queued
[2024-12-09T20:31:14.940+0000] {logging_mixin.py:190} INFO - Current task name:combine_sources state:running start_date:2024-12-09 20:31:14.614732+00:00
[2024-12-09T20:31:14.941+0000] {logging_mixin.py:190} INFO - Dag name:etl_data_pipeline_mongodb_complex and current dag run status:running
[2024-12-09T20:31:14.941+0000] {taskinstance.py:731} INFO - ::endgroup::
[2024-12-09T20:31:14.955+0000] {logging_mixin.py:190} INFO - Données combinées et sauvegardées sous /tmp/combined_data.json
[2024-12-09T20:31:14.955+0000] {python.py:240} INFO - Done. Returned value was: None
[2024-12-09T20:31:14.962+0000] {taskinstance.py:340} INFO - ::group::Post task execution logs
[2024-12-09T20:31:14.963+0000] {taskinstance.py:352} INFO - Marking task as SUCCESS. dag_id=etl_data_pipeline_mongodb_complex, task_id=combine_sources, run_id=scheduled__2024-12-08T00:00:00+00:00, execution_date=20241208T000000, start_date=20241209T203114, end_date=20241209T203114
[2024-12-09T20:31:14.970+0000] {logging_mixin.py:190} INFO - Task instance in success state
[2024-12-09T20:31:14.970+0000] {logging_mixin.py:190} INFO -  Previous state of the Task instance: running
[2024-12-09T20:31:14.970+0000] {logging_mixin.py:190} INFO - Dag name:etl_data_pipeline_mongodb_complex queued_at:2024-12-09 20:31:07.094350+00:00
[2024-12-09T20:31:14.971+0000] {logging_mixin.py:190} INFO - Task hostname:8553af9ff67b operator:PythonOperator
[2024-12-09T20:31:15.016+0000] {local_task_job_runner.py:266} INFO - Task exited with return code 0
[2024-12-09T20:31:15.194+0000] {taskinstance.py:3895} INFO - 1 downstream tasks scheduled from follow-on schedule check
[2024-12-09T20:31:15.197+0000] {local_task_job_runner.py:245} INFO - ::endgroup::
