[2024-12-09T20:10:11.554+0000] {processor.py:186} INFO - Started process (PID=104) to work on /home/airflow/.local/lib/python3.12/site-packages/airflow/example_dags/example_complex.py
[2024-12-09T20:10:11.556+0000] {processor.py:914} INFO - Processing file /home/airflow/.local/lib/python3.12/site-packages/airflow/example_dags/example_complex.py for tasks to queue
[2024-12-09T20:10:11.560+0000] {logging_mixin.py:190} INFO - [2024-12-09T20:10:11.560+0000] {dagbag.py:588} INFO - Filling up the DagBag from /home/airflow/.local/lib/python3.12/site-packages/airflow/example_dags/example_complex.py
[2024-12-09T20:10:11.605+0000] {processor.py:925} INFO - DAG(s) 'example_complex' retrieved from /home/airflow/.local/lib/python3.12/site-packages/airflow/example_dags/example_complex.py
[2024-12-09T20:10:11.690+0000] {logging_mixin.py:190} INFO - [2024-12-09T20:10:11.690+0000] {dag.py:3239} INFO - Sync 1 DAGs
[2024-12-09T20:10:11.721+0000] {logging_mixin.py:190} INFO - [2024-12-09T20:10:11.720+0000] {dag.py:4180} INFO - Setting next_dagrun for example_complex to None, run_after=None
[2024-12-09T20:10:11.787+0000] {processor.py:208} INFO - Processing /home/airflow/.local/lib/python3.12/site-packages/airflow/example_dags/example_complex.py took 0.258 seconds
[2024-12-09T20:24:22.608+0000] {processor.py:186} INFO - Started process (PID=98) to work on /home/airflow/.local/lib/python3.12/site-packages/airflow/example_dags/example_complex.py
[2024-12-09T20:24:22.611+0000] {processor.py:914} INFO - Processing file /home/airflow/.local/lib/python3.12/site-packages/airflow/example_dags/example_complex.py for tasks to queue
[2024-12-09T20:24:22.614+0000] {logging_mixin.py:190} INFO - [2024-12-09T20:24:22.613+0000] {dagbag.py:588} INFO - Filling up the DagBag from /home/airflow/.local/lib/python3.12/site-packages/airflow/example_dags/example_complex.py
[2024-12-09T20:24:22.635+0000] {processor.py:925} INFO - DAG(s) 'example_complex' retrieved from /home/airflow/.local/lib/python3.12/site-packages/airflow/example_dags/example_complex.py
[2024-12-09T20:24:22.725+0000] {logging_mixin.py:190} INFO - [2024-12-09T20:24:22.725+0000] {dag.py:3239} INFO - Sync 1 DAGs
[2024-12-09T20:24:22.764+0000] {logging_mixin.py:190} INFO - [2024-12-09T20:24:22.764+0000] {dag.py:4180} INFO - Setting next_dagrun for example_complex to None, run_after=None
[2024-12-09T20:24:22.800+0000] {processor.py:208} INFO - Processing /home/airflow/.local/lib/python3.12/site-packages/airflow/example_dags/example_complex.py took 0.204 seconds
[2024-12-09T20:24:54.021+0000] {processor.py:186} INFO - Started process (PID=186) to work on /home/airflow/.local/lib/python3.12/site-packages/airflow/example_dags/example_complex.py
[2024-12-09T20:24:54.022+0000] {processor.py:914} INFO - Processing file /home/airflow/.local/lib/python3.12/site-packages/airflow/example_dags/example_complex.py for tasks to queue
[2024-12-09T20:24:54.025+0000] {logging_mixin.py:190} INFO - [2024-12-09T20:24:54.024+0000] {dagbag.py:588} INFO - Filling up the DagBag from /home/airflow/.local/lib/python3.12/site-packages/airflow/example_dags/example_complex.py
[2024-12-09T20:24:54.038+0000] {processor.py:925} INFO - DAG(s) 'example_complex' retrieved from /home/airflow/.local/lib/python3.12/site-packages/airflow/example_dags/example_complex.py
[2024-12-09T20:24:54.070+0000] {logging_mixin.py:190} INFO - [2024-12-09T20:24:54.070+0000] {dag.py:3239} INFO - Sync 1 DAGs
[2024-12-09T20:24:54.085+0000] {logging_mixin.py:190} INFO - [2024-12-09T20:24:54.085+0000] {dag.py:4180} INFO - Setting next_dagrun for example_complex to None, run_after=None
[2024-12-09T20:24:54.105+0000] {processor.py:208} INFO - Processing /home/airflow/.local/lib/python3.12/site-packages/airflow/example_dags/example_complex.py took 0.090 seconds
[2024-12-09T20:25:25.128+0000] {processor.py:186} INFO - Started process (PID=254) to work on /home/airflow/.local/lib/python3.12/site-packages/airflow/example_dags/example_complex.py
[2024-12-09T20:25:25.129+0000] {processor.py:914} INFO - Processing file /home/airflow/.local/lib/python3.12/site-packages/airflow/example_dags/example_complex.py for tasks to queue
[2024-12-09T20:25:25.131+0000] {logging_mixin.py:190} INFO - [2024-12-09T20:25:25.131+0000] {dagbag.py:588} INFO - Filling up the DagBag from /home/airflow/.local/lib/python3.12/site-packages/airflow/example_dags/example_complex.py
[2024-12-09T20:25:25.144+0000] {processor.py:925} INFO - DAG(s) 'example_complex' retrieved from /home/airflow/.local/lib/python3.12/site-packages/airflow/example_dags/example_complex.py
[2024-12-09T20:25:25.170+0000] {logging_mixin.py:190} INFO - [2024-12-09T20:25:25.170+0000] {dag.py:3239} INFO - Sync 1 DAGs
[2024-12-09T20:25:25.183+0000] {logging_mixin.py:190} INFO - [2024-12-09T20:25:25.182+0000] {dag.py:4180} INFO - Setting next_dagrun for example_complex to None, run_after=None
[2024-12-09T20:25:25.198+0000] {processor.py:208} INFO - Processing /home/airflow/.local/lib/python3.12/site-packages/airflow/example_dags/example_complex.py took 0.075 seconds
[2024-12-09T20:25:55.815+0000] {processor.py:186} INFO - Started process (PID=322) to work on /home/airflow/.local/lib/python3.12/site-packages/airflow/example_dags/example_complex.py
[2024-12-09T20:25:55.817+0000] {processor.py:914} INFO - Processing file /home/airflow/.local/lib/python3.12/site-packages/airflow/example_dags/example_complex.py for tasks to queue
[2024-12-09T20:25:55.819+0000] {logging_mixin.py:190} INFO - [2024-12-09T20:25:55.819+0000] {dagbag.py:588} INFO - Filling up the DagBag from /home/airflow/.local/lib/python3.12/site-packages/airflow/example_dags/example_complex.py
[2024-12-09T20:25:55.836+0000] {processor.py:925} INFO - DAG(s) 'example_complex' retrieved from /home/airflow/.local/lib/python3.12/site-packages/airflow/example_dags/example_complex.py
[2024-12-09T20:25:55.869+0000] {logging_mixin.py:190} INFO - [2024-12-09T20:25:55.869+0000] {dag.py:3239} INFO - Sync 1 DAGs
[2024-12-09T20:25:55.884+0000] {logging_mixin.py:190} INFO - [2024-12-09T20:25:55.883+0000] {dag.py:4180} INFO - Setting next_dagrun for example_complex to None, run_after=None
[2024-12-09T20:25:55.901+0000] {processor.py:208} INFO - Processing /home/airflow/.local/lib/python3.12/site-packages/airflow/example_dags/example_complex.py took 0.093 seconds
[2024-12-09T20:26:27.235+0000] {processor.py:186} INFO - Started process (PID=390) to work on /home/airflow/.local/lib/python3.12/site-packages/airflow/example_dags/example_complex.py
[2024-12-09T20:26:27.236+0000] {processor.py:914} INFO - Processing file /home/airflow/.local/lib/python3.12/site-packages/airflow/example_dags/example_complex.py for tasks to queue
[2024-12-09T20:26:27.238+0000] {logging_mixin.py:190} INFO - [2024-12-09T20:26:27.238+0000] {dagbag.py:588} INFO - Filling up the DagBag from /home/airflow/.local/lib/python3.12/site-packages/airflow/example_dags/example_complex.py
[2024-12-09T20:26:27.247+0000] {processor.py:925} INFO - DAG(s) 'example_complex' retrieved from /home/airflow/.local/lib/python3.12/site-packages/airflow/example_dags/example_complex.py
[2024-12-09T20:26:27.271+0000] {logging_mixin.py:190} INFO - [2024-12-09T20:26:27.271+0000] {dag.py:3239} INFO - Sync 1 DAGs
[2024-12-09T20:26:27.282+0000] {logging_mixin.py:190} INFO - [2024-12-09T20:26:27.282+0000] {dag.py:4180} INFO - Setting next_dagrun for example_complex to None, run_after=None
[2024-12-09T20:26:27.297+0000] {processor.py:208} INFO - Processing /home/airflow/.local/lib/python3.12/site-packages/airflow/example_dags/example_complex.py took 0.066 seconds
[2024-12-09T20:26:57.909+0000] {processor.py:186} INFO - Started process (PID=458) to work on /home/airflow/.local/lib/python3.12/site-packages/airflow/example_dags/example_complex.py
[2024-12-09T20:26:57.910+0000] {processor.py:914} INFO - Processing file /home/airflow/.local/lib/python3.12/site-packages/airflow/example_dags/example_complex.py for tasks to queue
[2024-12-09T20:26:57.912+0000] {logging_mixin.py:190} INFO - [2024-12-09T20:26:57.911+0000] {dagbag.py:588} INFO - Filling up the DagBag from /home/airflow/.local/lib/python3.12/site-packages/airflow/example_dags/example_complex.py
[2024-12-09T20:26:57.922+0000] {processor.py:925} INFO - DAG(s) 'example_complex' retrieved from /home/airflow/.local/lib/python3.12/site-packages/airflow/example_dags/example_complex.py
[2024-12-09T20:26:57.947+0000] {logging_mixin.py:190} INFO - [2024-12-09T20:26:57.946+0000] {dag.py:3239} INFO - Sync 1 DAGs
[2024-12-09T20:26:57.958+0000] {logging_mixin.py:190} INFO - [2024-12-09T20:26:57.958+0000] {dag.py:4180} INFO - Setting next_dagrun for example_complex to None, run_after=None
[2024-12-09T20:26:57.974+0000] {processor.py:208} INFO - Processing /home/airflow/.local/lib/python3.12/site-packages/airflow/example_dags/example_complex.py took 0.070 seconds
[2024-12-09T20:27:28.635+0000] {processor.py:186} INFO - Started process (PID=526) to work on /home/airflow/.local/lib/python3.12/site-packages/airflow/example_dags/example_complex.py
[2024-12-09T20:27:28.636+0000] {processor.py:914} INFO - Processing file /home/airflow/.local/lib/python3.12/site-packages/airflow/example_dags/example_complex.py for tasks to queue
[2024-12-09T20:27:28.638+0000] {logging_mixin.py:190} INFO - [2024-12-09T20:27:28.637+0000] {dagbag.py:588} INFO - Filling up the DagBag from /home/airflow/.local/lib/python3.12/site-packages/airflow/example_dags/example_complex.py
[2024-12-09T20:27:28.648+0000] {processor.py:925} INFO - DAG(s) 'example_complex' retrieved from /home/airflow/.local/lib/python3.12/site-packages/airflow/example_dags/example_complex.py
[2024-12-09T20:27:28.672+0000] {logging_mixin.py:190} INFO - [2024-12-09T20:27:28.672+0000] {dag.py:3239} INFO - Sync 1 DAGs
[2024-12-09T20:27:28.684+0000] {logging_mixin.py:190} INFO - [2024-12-09T20:27:28.684+0000] {dag.py:4180} INFO - Setting next_dagrun for example_complex to None, run_after=None
[2024-12-09T20:27:28.698+0000] {processor.py:208} INFO - Processing /home/airflow/.local/lib/python3.12/site-packages/airflow/example_dags/example_complex.py took 0.068 seconds
[2024-12-09T20:27:59.329+0000] {processor.py:186} INFO - Started process (PID=594) to work on /home/airflow/.local/lib/python3.12/site-packages/airflow/example_dags/example_complex.py
[2024-12-09T20:27:59.330+0000] {processor.py:914} INFO - Processing file /home/airflow/.local/lib/python3.12/site-packages/airflow/example_dags/example_complex.py for tasks to queue
[2024-12-09T20:27:59.332+0000] {logging_mixin.py:190} INFO - [2024-12-09T20:27:59.332+0000] {dagbag.py:588} INFO - Filling up the DagBag from /home/airflow/.local/lib/python3.12/site-packages/airflow/example_dags/example_complex.py
[2024-12-09T20:27:59.349+0000] {processor.py:925} INFO - DAG(s) 'example_complex' retrieved from /home/airflow/.local/lib/python3.12/site-packages/airflow/example_dags/example_complex.py
[2024-12-09T20:27:59.377+0000] {logging_mixin.py:190} INFO - [2024-12-09T20:27:59.376+0000] {dag.py:3239} INFO - Sync 1 DAGs
[2024-12-09T20:27:59.394+0000] {logging_mixin.py:190} INFO - [2024-12-09T20:27:59.394+0000] {dag.py:4180} INFO - Setting next_dagrun for example_complex to None, run_after=None
[2024-12-09T20:27:59.414+0000] {processor.py:208} INFO - Processing /home/airflow/.local/lib/python3.12/site-packages/airflow/example_dags/example_complex.py took 0.090 seconds
[2024-12-09T20:28:29.966+0000] {processor.py:186} INFO - Started process (PID=662) to work on /home/airflow/.local/lib/python3.12/site-packages/airflow/example_dags/example_complex.py
[2024-12-09T20:28:29.967+0000] {processor.py:914} INFO - Processing file /home/airflow/.local/lib/python3.12/site-packages/airflow/example_dags/example_complex.py for tasks to queue
[2024-12-09T20:28:29.969+0000] {logging_mixin.py:190} INFO - [2024-12-09T20:28:29.969+0000] {dagbag.py:588} INFO - Filling up the DagBag from /home/airflow/.local/lib/python3.12/site-packages/airflow/example_dags/example_complex.py
[2024-12-09T20:28:29.979+0000] {processor.py:925} INFO - DAG(s) 'example_complex' retrieved from /home/airflow/.local/lib/python3.12/site-packages/airflow/example_dags/example_complex.py
[2024-12-09T20:28:30.009+0000] {logging_mixin.py:190} INFO - [2024-12-09T20:28:30.008+0000] {dag.py:3239} INFO - Sync 1 DAGs
[2024-12-09T20:28:30.023+0000] {logging_mixin.py:190} INFO - [2024-12-09T20:28:30.023+0000] {dag.py:4180} INFO - Setting next_dagrun for example_complex to None, run_after=None
[2024-12-09T20:28:30.041+0000] {processor.py:208} INFO - Processing /home/airflow/.local/lib/python3.12/site-packages/airflow/example_dags/example_complex.py took 0.080 seconds
[2024-12-09T20:29:00.917+0000] {processor.py:186} INFO - Started process (PID=730) to work on /home/airflow/.local/lib/python3.12/site-packages/airflow/example_dags/example_complex.py
[2024-12-09T20:29:00.918+0000] {processor.py:914} INFO - Processing file /home/airflow/.local/lib/python3.12/site-packages/airflow/example_dags/example_complex.py for tasks to queue
[2024-12-09T20:29:00.920+0000] {logging_mixin.py:190} INFO - [2024-12-09T20:29:00.920+0000] {dagbag.py:588} INFO - Filling up the DagBag from /home/airflow/.local/lib/python3.12/site-packages/airflow/example_dags/example_complex.py
[2024-12-09T20:29:00.930+0000] {processor.py:925} INFO - DAG(s) 'example_complex' retrieved from /home/airflow/.local/lib/python3.12/site-packages/airflow/example_dags/example_complex.py
[2024-12-09T20:29:00.955+0000] {logging_mixin.py:190} INFO - [2024-12-09T20:29:00.954+0000] {dag.py:3239} INFO - Sync 1 DAGs
[2024-12-09T20:29:00.965+0000] {logging_mixin.py:190} INFO - [2024-12-09T20:29:00.965+0000] {dag.py:4180} INFO - Setting next_dagrun for example_complex to None, run_after=None
[2024-12-09T20:29:00.981+0000] {processor.py:208} INFO - Processing /home/airflow/.local/lib/python3.12/site-packages/airflow/example_dags/example_complex.py took 0.069 seconds
[2024-12-09T20:29:31.662+0000] {processor.py:186} INFO - Started process (PID=802) to work on /home/airflow/.local/lib/python3.12/site-packages/airflow/example_dags/example_complex.py
[2024-12-09T20:29:31.663+0000] {processor.py:914} INFO - Processing file /home/airflow/.local/lib/python3.12/site-packages/airflow/example_dags/example_complex.py for tasks to queue
[2024-12-09T20:29:31.666+0000] {logging_mixin.py:190} INFO - [2024-12-09T20:29:31.665+0000] {dagbag.py:588} INFO - Filling up the DagBag from /home/airflow/.local/lib/python3.12/site-packages/airflow/example_dags/example_complex.py
[2024-12-09T20:29:31.675+0000] {processor.py:925} INFO - DAG(s) 'example_complex' retrieved from /home/airflow/.local/lib/python3.12/site-packages/airflow/example_dags/example_complex.py
[2024-12-09T20:29:31.700+0000] {logging_mixin.py:190} INFO - [2024-12-09T20:29:31.700+0000] {dag.py:3239} INFO - Sync 1 DAGs
[2024-12-09T20:29:31.712+0000] {logging_mixin.py:190} INFO - [2024-12-09T20:29:31.712+0000] {dag.py:4180} INFO - Setting next_dagrun for example_complex to None, run_after=None
[2024-12-09T20:29:31.728+0000] {processor.py:208} INFO - Processing /home/airflow/.local/lib/python3.12/site-packages/airflow/example_dags/example_complex.py took 0.071 seconds
[2024-12-09T20:30:02.336+0000] {processor.py:186} INFO - Started process (PID=870) to work on /home/airflow/.local/lib/python3.12/site-packages/airflow/example_dags/example_complex.py
[2024-12-09T20:30:02.337+0000] {processor.py:914} INFO - Processing file /home/airflow/.local/lib/python3.12/site-packages/airflow/example_dags/example_complex.py for tasks to queue
[2024-12-09T20:30:02.339+0000] {logging_mixin.py:190} INFO - [2024-12-09T20:30:02.338+0000] {dagbag.py:588} INFO - Filling up the DagBag from /home/airflow/.local/lib/python3.12/site-packages/airflow/example_dags/example_complex.py
[2024-12-09T20:30:02.348+0000] {processor.py:925} INFO - DAG(s) 'example_complex' retrieved from /home/airflow/.local/lib/python3.12/site-packages/airflow/example_dags/example_complex.py
[2024-12-09T20:30:02.372+0000] {logging_mixin.py:190} INFO - [2024-12-09T20:30:02.372+0000] {dag.py:3239} INFO - Sync 1 DAGs
[2024-12-09T20:30:02.383+0000] {logging_mixin.py:190} INFO - [2024-12-09T20:30:02.383+0000] {dag.py:4180} INFO - Setting next_dagrun for example_complex to None, run_after=None
[2024-12-09T20:30:02.398+0000] {processor.py:208} INFO - Processing /home/airflow/.local/lib/python3.12/site-packages/airflow/example_dags/example_complex.py took 0.067 seconds
[2024-12-09T20:30:33.826+0000] {processor.py:186} INFO - Started process (PID=940) to work on /home/airflow/.local/lib/python3.12/site-packages/airflow/example_dags/example_complex.py
[2024-12-09T20:30:33.827+0000] {processor.py:914} INFO - Processing file /home/airflow/.local/lib/python3.12/site-packages/airflow/example_dags/example_complex.py for tasks to queue
[2024-12-09T20:30:33.829+0000] {logging_mixin.py:190} INFO - [2024-12-09T20:30:33.828+0000] {dagbag.py:588} INFO - Filling up the DagBag from /home/airflow/.local/lib/python3.12/site-packages/airflow/example_dags/example_complex.py
[2024-12-09T20:30:33.838+0000] {processor.py:925} INFO - DAG(s) 'example_complex' retrieved from /home/airflow/.local/lib/python3.12/site-packages/airflow/example_dags/example_complex.py
[2024-12-09T20:30:33.862+0000] {logging_mixin.py:190} INFO - [2024-12-09T20:30:33.862+0000] {dag.py:3239} INFO - Sync 1 DAGs
[2024-12-09T20:30:33.873+0000] {logging_mixin.py:190} INFO - [2024-12-09T20:30:33.873+0000] {dag.py:4180} INFO - Setting next_dagrun for example_complex to None, run_after=None
[2024-12-09T20:30:33.888+0000] {processor.py:208} INFO - Processing /home/airflow/.local/lib/python3.12/site-packages/airflow/example_dags/example_complex.py took 0.067 seconds
[2024-12-09T20:31:04.767+0000] {processor.py:186} INFO - Started process (PID=1008) to work on /home/airflow/.local/lib/python3.12/site-packages/airflow/example_dags/example_complex.py
[2024-12-09T20:31:04.768+0000] {processor.py:914} INFO - Processing file /home/airflow/.local/lib/python3.12/site-packages/airflow/example_dags/example_complex.py for tasks to queue
[2024-12-09T20:31:04.771+0000] {logging_mixin.py:190} INFO - [2024-12-09T20:31:04.771+0000] {dagbag.py:588} INFO - Filling up the DagBag from /home/airflow/.local/lib/python3.12/site-packages/airflow/example_dags/example_complex.py
[2024-12-09T20:31:04.785+0000] {processor.py:925} INFO - DAG(s) 'example_complex' retrieved from /home/airflow/.local/lib/python3.12/site-packages/airflow/example_dags/example_complex.py
[2024-12-09T20:31:04.815+0000] {logging_mixin.py:190} INFO - [2024-12-09T20:31:04.814+0000] {dag.py:3239} INFO - Sync 1 DAGs
[2024-12-09T20:31:04.830+0000] {logging_mixin.py:190} INFO - [2024-12-09T20:31:04.830+0000] {dag.py:4180} INFO - Setting next_dagrun for example_complex to None, run_after=None
[2024-12-09T20:31:04.848+0000] {processor.py:208} INFO - Processing /home/airflow/.local/lib/python3.12/site-packages/airflow/example_dags/example_complex.py took 0.088 seconds
[2024-12-09T20:31:36.048+0000] {processor.py:186} INFO - Started process (PID=1093) to work on /home/airflow/.local/lib/python3.12/site-packages/airflow/example_dags/example_complex.py
[2024-12-09T20:31:36.049+0000] {processor.py:914} INFO - Processing file /home/airflow/.local/lib/python3.12/site-packages/airflow/example_dags/example_complex.py for tasks to queue
[2024-12-09T20:31:36.055+0000] {logging_mixin.py:190} INFO - [2024-12-09T20:31:36.055+0000] {dagbag.py:588} INFO - Filling up the DagBag from /home/airflow/.local/lib/python3.12/site-packages/airflow/example_dags/example_complex.py
[2024-12-09T20:31:36.065+0000] {processor.py:925} INFO - DAG(s) 'example_complex' retrieved from /home/airflow/.local/lib/python3.12/site-packages/airflow/example_dags/example_complex.py
[2024-12-09T20:31:36.091+0000] {logging_mixin.py:190} INFO - [2024-12-09T20:31:36.090+0000] {dag.py:3239} INFO - Sync 1 DAGs
[2024-12-09T20:31:36.106+0000] {logging_mixin.py:190} INFO - [2024-12-09T20:31:36.106+0000] {dag.py:4180} INFO - Setting next_dagrun for example_complex to None, run_after=None
[2024-12-09T20:31:36.121+0000] {processor.py:208} INFO - Processing /home/airflow/.local/lib/python3.12/site-packages/airflow/example_dags/example_complex.py took 0.079 seconds
[2024-12-09T20:32:06.865+0000] {processor.py:186} INFO - Started process (PID=1161) to work on /home/airflow/.local/lib/python3.12/site-packages/airflow/example_dags/example_complex.py
[2024-12-09T20:32:06.866+0000] {processor.py:914} INFO - Processing file /home/airflow/.local/lib/python3.12/site-packages/airflow/example_dags/example_complex.py for tasks to queue
[2024-12-09T20:32:06.869+0000] {logging_mixin.py:190} INFO - [2024-12-09T20:32:06.868+0000] {dagbag.py:588} INFO - Filling up the DagBag from /home/airflow/.local/lib/python3.12/site-packages/airflow/example_dags/example_complex.py
[2024-12-09T20:32:06.878+0000] {processor.py:925} INFO - DAG(s) 'example_complex' retrieved from /home/airflow/.local/lib/python3.12/site-packages/airflow/example_dags/example_complex.py
[2024-12-09T20:32:06.904+0000] {logging_mixin.py:190} INFO - [2024-12-09T20:32:06.904+0000] {dag.py:3239} INFO - Sync 1 DAGs
[2024-12-09T20:32:06.917+0000] {logging_mixin.py:190} INFO - [2024-12-09T20:32:06.917+0000] {dag.py:4180} INFO - Setting next_dagrun for example_complex to None, run_after=None
[2024-12-09T20:32:06.933+0000] {processor.py:208} INFO - Processing /home/airflow/.local/lib/python3.12/site-packages/airflow/example_dags/example_complex.py took 0.073 seconds
[2024-12-09T20:32:37.556+0000] {processor.py:186} INFO - Started process (PID=1229) to work on /home/airflow/.local/lib/python3.12/site-packages/airflow/example_dags/example_complex.py
[2024-12-09T20:32:37.557+0000] {processor.py:914} INFO - Processing file /home/airflow/.local/lib/python3.12/site-packages/airflow/example_dags/example_complex.py for tasks to queue
[2024-12-09T20:32:37.559+0000] {logging_mixin.py:190} INFO - [2024-12-09T20:32:37.559+0000] {dagbag.py:588} INFO - Filling up the DagBag from /home/airflow/.local/lib/python3.12/site-packages/airflow/example_dags/example_complex.py
[2024-12-09T20:32:37.569+0000] {processor.py:925} INFO - DAG(s) 'example_complex' retrieved from /home/airflow/.local/lib/python3.12/site-packages/airflow/example_dags/example_complex.py
[2024-12-09T20:32:37.593+0000] {logging_mixin.py:190} INFO - [2024-12-09T20:32:37.593+0000] {dag.py:3239} INFO - Sync 1 DAGs
[2024-12-09T20:32:37.604+0000] {logging_mixin.py:190} INFO - [2024-12-09T20:32:37.604+0000] {dag.py:4180} INFO - Setting next_dagrun for example_complex to None, run_after=None
[2024-12-09T20:32:37.619+0000] {processor.py:208} INFO - Processing /home/airflow/.local/lib/python3.12/site-packages/airflow/example_dags/example_complex.py took 0.067 seconds
[2024-12-09T20:33:09.232+0000] {processor.py:186} INFO - Started process (PID=1297) to work on /home/airflow/.local/lib/python3.12/site-packages/airflow/example_dags/example_complex.py
[2024-12-09T20:33:09.233+0000] {processor.py:914} INFO - Processing file /home/airflow/.local/lib/python3.12/site-packages/airflow/example_dags/example_complex.py for tasks to queue
[2024-12-09T20:33:09.235+0000] {logging_mixin.py:190} INFO - [2024-12-09T20:33:09.235+0000] {dagbag.py:588} INFO - Filling up the DagBag from /home/airflow/.local/lib/python3.12/site-packages/airflow/example_dags/example_complex.py
[2024-12-09T20:33:09.246+0000] {processor.py:925} INFO - DAG(s) 'example_complex' retrieved from /home/airflow/.local/lib/python3.12/site-packages/airflow/example_dags/example_complex.py
[2024-12-09T20:33:09.275+0000] {logging_mixin.py:190} INFO - [2024-12-09T20:33:09.275+0000] {dag.py:3239} INFO - Sync 1 DAGs
[2024-12-09T20:33:09.291+0000] {logging_mixin.py:190} INFO - [2024-12-09T20:33:09.291+0000] {dag.py:4180} INFO - Setting next_dagrun for example_complex to None, run_after=None
[2024-12-09T20:33:09.311+0000] {processor.py:208} INFO - Processing /home/airflow/.local/lib/python3.12/site-packages/airflow/example_dags/example_complex.py took 0.085 seconds
[2024-12-09T20:33:40.804+0000] {processor.py:186} INFO - Started process (PID=1366) to work on /home/airflow/.local/lib/python3.12/site-packages/airflow/example_dags/example_complex.py
[2024-12-09T20:33:40.805+0000] {processor.py:914} INFO - Processing file /home/airflow/.local/lib/python3.12/site-packages/airflow/example_dags/example_complex.py for tasks to queue
[2024-12-09T20:33:40.807+0000] {logging_mixin.py:190} INFO - [2024-12-09T20:33:40.807+0000] {dagbag.py:588} INFO - Filling up the DagBag from /home/airflow/.local/lib/python3.12/site-packages/airflow/example_dags/example_complex.py
[2024-12-09T20:33:40.817+0000] {processor.py:925} INFO - DAG(s) 'example_complex' retrieved from /home/airflow/.local/lib/python3.12/site-packages/airflow/example_dags/example_complex.py
[2024-12-09T20:33:40.841+0000] {logging_mixin.py:190} INFO - [2024-12-09T20:33:40.841+0000] {dag.py:3239} INFO - Sync 1 DAGs
[2024-12-09T20:33:40.853+0000] {logging_mixin.py:190} INFO - [2024-12-09T20:33:40.853+0000] {dag.py:4180} INFO - Setting next_dagrun for example_complex to None, run_after=None
[2024-12-09T20:33:40.869+0000] {processor.py:208} INFO - Processing /home/airflow/.local/lib/python3.12/site-packages/airflow/example_dags/example_complex.py took 0.069 seconds
[2024-12-09T20:34:11.495+0000] {processor.py:186} INFO - Started process (PID=1438) to work on /home/airflow/.local/lib/python3.12/site-packages/airflow/example_dags/example_complex.py
[2024-12-09T20:34:11.496+0000] {processor.py:914} INFO - Processing file /home/airflow/.local/lib/python3.12/site-packages/airflow/example_dags/example_complex.py for tasks to queue
[2024-12-09T20:34:11.498+0000] {logging_mixin.py:190} INFO - [2024-12-09T20:34:11.498+0000] {dagbag.py:588} INFO - Filling up the DagBag from /home/airflow/.local/lib/python3.12/site-packages/airflow/example_dags/example_complex.py
[2024-12-09T20:34:11.512+0000] {processor.py:925} INFO - DAG(s) 'example_complex' retrieved from /home/airflow/.local/lib/python3.12/site-packages/airflow/example_dags/example_complex.py
[2024-12-09T20:34:11.539+0000] {logging_mixin.py:190} INFO - [2024-12-09T20:34:11.539+0000] {dag.py:3239} INFO - Sync 1 DAGs
[2024-12-09T20:34:11.550+0000] {logging_mixin.py:190} INFO - [2024-12-09T20:34:11.550+0000] {dag.py:4180} INFO - Setting next_dagrun for example_complex to None, run_after=None
[2024-12-09T20:34:11.564+0000] {processor.py:208} INFO - Processing /home/airflow/.local/lib/python3.12/site-packages/airflow/example_dags/example_complex.py took 0.074 seconds
[2024-12-09T20:34:42.968+0000] {processor.py:186} INFO - Started process (PID=1506) to work on /home/airflow/.local/lib/python3.12/site-packages/airflow/example_dags/example_complex.py
[2024-12-09T20:34:42.969+0000] {processor.py:914} INFO - Processing file /home/airflow/.local/lib/python3.12/site-packages/airflow/example_dags/example_complex.py for tasks to queue
[2024-12-09T20:34:42.971+0000] {logging_mixin.py:190} INFO - [2024-12-09T20:34:42.970+0000] {dagbag.py:588} INFO - Filling up the DagBag from /home/airflow/.local/lib/python3.12/site-packages/airflow/example_dags/example_complex.py
[2024-12-09T20:34:42.980+0000] {processor.py:925} INFO - DAG(s) 'example_complex' retrieved from /home/airflow/.local/lib/python3.12/site-packages/airflow/example_dags/example_complex.py
[2024-12-09T20:34:43.004+0000] {logging_mixin.py:190} INFO - [2024-12-09T20:34:43.003+0000] {dag.py:3239} INFO - Sync 1 DAGs
[2024-12-09T20:34:43.015+0000] {logging_mixin.py:190} INFO - [2024-12-09T20:34:43.015+0000] {dag.py:4180} INFO - Setting next_dagrun for example_complex to None, run_after=None
[2024-12-09T20:34:43.029+0000] {processor.py:208} INFO - Processing /home/airflow/.local/lib/python3.12/site-packages/airflow/example_dags/example_complex.py took 0.066 seconds
[2024-12-09T20:35:14.340+0000] {processor.py:186} INFO - Started process (PID=1577) to work on /home/airflow/.local/lib/python3.12/site-packages/airflow/example_dags/example_complex.py
[2024-12-09T20:35:14.341+0000] {processor.py:914} INFO - Processing file /home/airflow/.local/lib/python3.12/site-packages/airflow/example_dags/example_complex.py for tasks to queue
[2024-12-09T20:35:14.343+0000] {logging_mixin.py:190} INFO - [2024-12-09T20:35:14.342+0000] {dagbag.py:588} INFO - Filling up the DagBag from /home/airflow/.local/lib/python3.12/site-packages/airflow/example_dags/example_complex.py
[2024-12-09T20:35:14.352+0000] {processor.py:925} INFO - DAG(s) 'example_complex' retrieved from /home/airflow/.local/lib/python3.12/site-packages/airflow/example_dags/example_complex.py
[2024-12-09T20:35:14.377+0000] {logging_mixin.py:190} INFO - [2024-12-09T20:35:14.377+0000] {dag.py:3239} INFO - Sync 1 DAGs
[2024-12-09T20:35:14.388+0000] {logging_mixin.py:190} INFO - [2024-12-09T20:35:14.388+0000] {dag.py:4180} INFO - Setting next_dagrun for example_complex to None, run_after=None
[2024-12-09T20:35:14.403+0000] {processor.py:208} INFO - Processing /home/airflow/.local/lib/python3.12/site-packages/airflow/example_dags/example_complex.py took 0.068 seconds
[2024-12-09T20:35:45.434+0000] {processor.py:186} INFO - Started process (PID=1645) to work on /home/airflow/.local/lib/python3.12/site-packages/airflow/example_dags/example_complex.py
[2024-12-09T20:35:45.435+0000] {processor.py:914} INFO - Processing file /home/airflow/.local/lib/python3.12/site-packages/airflow/example_dags/example_complex.py for tasks to queue
[2024-12-09T20:35:45.437+0000] {logging_mixin.py:190} INFO - [2024-12-09T20:35:45.437+0000] {dagbag.py:588} INFO - Filling up the DagBag from /home/airflow/.local/lib/python3.12/site-packages/airflow/example_dags/example_complex.py
[2024-12-09T20:35:45.446+0000] {processor.py:925} INFO - DAG(s) 'example_complex' retrieved from /home/airflow/.local/lib/python3.12/site-packages/airflow/example_dags/example_complex.py
[2024-12-09T20:35:45.470+0000] {logging_mixin.py:190} INFO - [2024-12-09T20:35:45.470+0000] {dag.py:3239} INFO - Sync 1 DAGs
[2024-12-09T20:35:45.481+0000] {logging_mixin.py:190} INFO - [2024-12-09T20:35:45.481+0000] {dag.py:4180} INFO - Setting next_dagrun for example_complex to None, run_after=None
[2024-12-09T20:35:45.496+0000] {processor.py:208} INFO - Processing /home/airflow/.local/lib/python3.12/site-packages/airflow/example_dags/example_complex.py took 0.067 seconds
[2024-12-09T20:36:16.956+0000] {processor.py:186} INFO - Started process (PID=1713) to work on /home/airflow/.local/lib/python3.12/site-packages/airflow/example_dags/example_complex.py
[2024-12-09T20:36:16.957+0000] {processor.py:914} INFO - Processing file /home/airflow/.local/lib/python3.12/site-packages/airflow/example_dags/example_complex.py for tasks to queue
[2024-12-09T20:36:16.959+0000] {logging_mixin.py:190} INFO - [2024-12-09T20:36:16.959+0000] {dagbag.py:588} INFO - Filling up the DagBag from /home/airflow/.local/lib/python3.12/site-packages/airflow/example_dags/example_complex.py
[2024-12-09T20:36:16.968+0000] {processor.py:925} INFO - DAG(s) 'example_complex' retrieved from /home/airflow/.local/lib/python3.12/site-packages/airflow/example_dags/example_complex.py
[2024-12-09T20:36:16.992+0000] {logging_mixin.py:190} INFO - [2024-12-09T20:36:16.992+0000] {dag.py:3239} INFO - Sync 1 DAGs
[2024-12-09T20:36:17.002+0000] {logging_mixin.py:190} INFO - [2024-12-09T20:36:17.002+0000] {dag.py:4180} INFO - Setting next_dagrun for example_complex to None, run_after=None
[2024-12-09T20:36:17.017+0000] {processor.py:208} INFO - Processing /home/airflow/.local/lib/python3.12/site-packages/airflow/example_dags/example_complex.py took 0.066 seconds
[2024-12-09T20:36:47.748+0000] {processor.py:186} INFO - Started process (PID=1785) to work on /home/airflow/.local/lib/python3.12/site-packages/airflow/example_dags/example_complex.py
[2024-12-09T20:36:47.749+0000] {processor.py:914} INFO - Processing file /home/airflow/.local/lib/python3.12/site-packages/airflow/example_dags/example_complex.py for tasks to queue
[2024-12-09T20:36:47.752+0000] {logging_mixin.py:190} INFO - [2024-12-09T20:36:47.751+0000] {dagbag.py:588} INFO - Filling up the DagBag from /home/airflow/.local/lib/python3.12/site-packages/airflow/example_dags/example_complex.py
[2024-12-09T20:36:47.763+0000] {processor.py:925} INFO - DAG(s) 'example_complex' retrieved from /home/airflow/.local/lib/python3.12/site-packages/airflow/example_dags/example_complex.py
[2024-12-09T20:36:47.793+0000] {logging_mixin.py:190} INFO - [2024-12-09T20:36:47.793+0000] {dag.py:3239} INFO - Sync 1 DAGs
[2024-12-09T20:36:47.808+0000] {logging_mixin.py:190} INFO - [2024-12-09T20:36:47.808+0000] {dag.py:4180} INFO - Setting next_dagrun for example_complex to None, run_after=None
[2024-12-09T20:36:47.825+0000] {processor.py:208} INFO - Processing /home/airflow/.local/lib/python3.12/site-packages/airflow/example_dags/example_complex.py took 0.083 seconds
[2024-12-09T20:37:18.927+0000] {processor.py:186} INFO - Started process (PID=1866) to work on /home/airflow/.local/lib/python3.12/site-packages/airflow/example_dags/example_complex.py
[2024-12-09T20:37:18.928+0000] {processor.py:914} INFO - Processing file /home/airflow/.local/lib/python3.12/site-packages/airflow/example_dags/example_complex.py for tasks to queue
[2024-12-09T20:37:18.930+0000] {logging_mixin.py:190} INFO - [2024-12-09T20:37:18.930+0000] {dagbag.py:588} INFO - Filling up the DagBag from /home/airflow/.local/lib/python3.12/site-packages/airflow/example_dags/example_complex.py
[2024-12-09T20:37:18.941+0000] {processor.py:925} INFO - DAG(s) 'example_complex' retrieved from /home/airflow/.local/lib/python3.12/site-packages/airflow/example_dags/example_complex.py
[2024-12-09T20:37:18.970+0000] {logging_mixin.py:190} INFO - [2024-12-09T20:37:18.970+0000] {dag.py:3239} INFO - Sync 1 DAGs
[2024-12-09T20:37:18.984+0000] {logging_mixin.py:190} INFO - [2024-12-09T20:37:18.984+0000] {dag.py:4180} INFO - Setting next_dagrun for example_complex to None, run_after=None
[2024-12-09T20:37:19.001+0000] {processor.py:208} INFO - Processing /home/airflow/.local/lib/python3.12/site-packages/airflow/example_dags/example_complex.py took 0.079 seconds
[2024-12-09T20:37:50.217+0000] {processor.py:186} INFO - Started process (PID=1934) to work on /home/airflow/.local/lib/python3.12/site-packages/airflow/example_dags/example_complex.py
[2024-12-09T20:37:50.218+0000] {processor.py:914} INFO - Processing file /home/airflow/.local/lib/python3.12/site-packages/airflow/example_dags/example_complex.py for tasks to queue
[2024-12-09T20:37:50.220+0000] {logging_mixin.py:190} INFO - [2024-12-09T20:37:50.220+0000] {dagbag.py:588} INFO - Filling up the DagBag from /home/airflow/.local/lib/python3.12/site-packages/airflow/example_dags/example_complex.py
[2024-12-09T20:37:50.229+0000] {processor.py:925} INFO - DAG(s) 'example_complex' retrieved from /home/airflow/.local/lib/python3.12/site-packages/airflow/example_dags/example_complex.py
[2024-12-09T20:37:50.251+0000] {logging_mixin.py:190} INFO - [2024-12-09T20:37:50.251+0000] {dag.py:3239} INFO - Sync 1 DAGs
[2024-12-09T20:37:50.261+0000] {logging_mixin.py:190} INFO - [2024-12-09T20:37:50.261+0000] {dag.py:4180} INFO - Setting next_dagrun for example_complex to None, run_after=None
[2024-12-09T20:37:50.274+0000] {processor.py:208} INFO - Processing /home/airflow/.local/lib/python3.12/site-packages/airflow/example_dags/example_complex.py took 0.061 seconds
[2024-12-09T20:38:21.578+0000] {processor.py:186} INFO - Started process (PID=2002) to work on /home/airflow/.local/lib/python3.12/site-packages/airflow/example_dags/example_complex.py
[2024-12-09T20:38:21.579+0000] {processor.py:914} INFO - Processing file /home/airflow/.local/lib/python3.12/site-packages/airflow/example_dags/example_complex.py for tasks to queue
[2024-12-09T20:38:21.581+0000] {logging_mixin.py:190} INFO - [2024-12-09T20:38:21.581+0000] {dagbag.py:588} INFO - Filling up the DagBag from /home/airflow/.local/lib/python3.12/site-packages/airflow/example_dags/example_complex.py
[2024-12-09T20:38:21.590+0000] {processor.py:925} INFO - DAG(s) 'example_complex' retrieved from /home/airflow/.local/lib/python3.12/site-packages/airflow/example_dags/example_complex.py
[2024-12-09T20:38:21.614+0000] {logging_mixin.py:190} INFO - [2024-12-09T20:38:21.614+0000] {dag.py:3239} INFO - Sync 1 DAGs
[2024-12-09T20:38:21.625+0000] {logging_mixin.py:190} INFO - [2024-12-09T20:38:21.625+0000] {dag.py:4180} INFO - Setting next_dagrun for example_complex to None, run_after=None
[2024-12-09T20:38:21.640+0000] {processor.py:208} INFO - Processing /home/airflow/.local/lib/python3.12/site-packages/airflow/example_dags/example_complex.py took 0.066 seconds
[2024-12-09T20:38:53.071+0000] {processor.py:186} INFO - Started process (PID=2073) to work on /home/airflow/.local/lib/python3.12/site-packages/airflow/example_dags/example_complex.py
[2024-12-09T20:38:53.072+0000] {processor.py:914} INFO - Processing file /home/airflow/.local/lib/python3.12/site-packages/airflow/example_dags/example_complex.py for tasks to queue
[2024-12-09T20:38:53.075+0000] {logging_mixin.py:190} INFO - [2024-12-09T20:38:53.074+0000] {dagbag.py:588} INFO - Filling up the DagBag from /home/airflow/.local/lib/python3.12/site-packages/airflow/example_dags/example_complex.py
[2024-12-09T20:38:53.085+0000] {processor.py:925} INFO - DAG(s) 'example_complex' retrieved from /home/airflow/.local/lib/python3.12/site-packages/airflow/example_dags/example_complex.py
[2024-12-09T20:38:53.110+0000] {logging_mixin.py:190} INFO - [2024-12-09T20:38:53.110+0000] {dag.py:3239} INFO - Sync 1 DAGs
[2024-12-09T20:38:53.123+0000] {logging_mixin.py:190} INFO - [2024-12-09T20:38:53.123+0000] {dag.py:4180} INFO - Setting next_dagrun for example_complex to None, run_after=None
[2024-12-09T20:38:53.138+0000] {processor.py:208} INFO - Processing /home/airflow/.local/lib/python3.12/site-packages/airflow/example_dags/example_complex.py took 0.072 seconds
[2024-12-09T20:39:24.424+0000] {processor.py:186} INFO - Started process (PID=2145) to work on /home/airflow/.local/lib/python3.12/site-packages/airflow/example_dags/example_complex.py
[2024-12-09T20:39:24.424+0000] {processor.py:914} INFO - Processing file /home/airflow/.local/lib/python3.12/site-packages/airflow/example_dags/example_complex.py for tasks to queue
[2024-12-09T20:39:24.426+0000] {logging_mixin.py:190} INFO - [2024-12-09T20:39:24.426+0000] {dagbag.py:588} INFO - Filling up the DagBag from /home/airflow/.local/lib/python3.12/site-packages/airflow/example_dags/example_complex.py
[2024-12-09T20:39:24.436+0000] {processor.py:925} INFO - DAG(s) 'example_complex' retrieved from /home/airflow/.local/lib/python3.12/site-packages/airflow/example_dags/example_complex.py
[2024-12-09T20:39:24.459+0000] {logging_mixin.py:190} INFO - [2024-12-09T20:39:24.459+0000] {dag.py:3239} INFO - Sync 1 DAGs
[2024-12-09T20:39:24.471+0000] {logging_mixin.py:190} INFO - [2024-12-09T20:39:24.470+0000] {dag.py:4180} INFO - Setting next_dagrun for example_complex to None, run_after=None
[2024-12-09T20:39:24.485+0000] {processor.py:208} INFO - Processing /home/airflow/.local/lib/python3.12/site-packages/airflow/example_dags/example_complex.py took 0.066 seconds
[2024-12-09T20:39:55.810+0000] {processor.py:186} INFO - Started process (PID=2213) to work on /home/airflow/.local/lib/python3.12/site-packages/airflow/example_dags/example_complex.py
[2024-12-09T20:39:55.811+0000] {processor.py:914} INFO - Processing file /home/airflow/.local/lib/python3.12/site-packages/airflow/example_dags/example_complex.py for tasks to queue
[2024-12-09T20:39:55.813+0000] {logging_mixin.py:190} INFO - [2024-12-09T20:39:55.813+0000] {dagbag.py:588} INFO - Filling up the DagBag from /home/airflow/.local/lib/python3.12/site-packages/airflow/example_dags/example_complex.py
[2024-12-09T20:39:55.822+0000] {processor.py:925} INFO - DAG(s) 'example_complex' retrieved from /home/airflow/.local/lib/python3.12/site-packages/airflow/example_dags/example_complex.py
[2024-12-09T20:39:55.847+0000] {logging_mixin.py:190} INFO - [2024-12-09T20:39:55.847+0000] {dag.py:3239} INFO - Sync 1 DAGs
[2024-12-09T20:39:55.858+0000] {logging_mixin.py:190} INFO - [2024-12-09T20:39:55.858+0000] {dag.py:4180} INFO - Setting next_dagrun for example_complex to None, run_after=None
[2024-12-09T20:39:55.872+0000] {processor.py:208} INFO - Processing /home/airflow/.local/lib/python3.12/site-packages/airflow/example_dags/example_complex.py took 0.066 seconds
[2024-12-09T20:40:27.269+0000] {processor.py:186} INFO - Started process (PID=2283) to work on /home/airflow/.local/lib/python3.12/site-packages/airflow/example_dags/example_complex.py
[2024-12-09T20:40:27.270+0000] {processor.py:914} INFO - Processing file /home/airflow/.local/lib/python3.12/site-packages/airflow/example_dags/example_complex.py for tasks to queue
[2024-12-09T20:40:27.272+0000] {logging_mixin.py:190} INFO - [2024-12-09T20:40:27.272+0000] {dagbag.py:588} INFO - Filling up the DagBag from /home/airflow/.local/lib/python3.12/site-packages/airflow/example_dags/example_complex.py
[2024-12-09T20:40:27.283+0000] {processor.py:925} INFO - DAG(s) 'example_complex' retrieved from /home/airflow/.local/lib/python3.12/site-packages/airflow/example_dags/example_complex.py
[2024-12-09T20:40:27.307+0000] {logging_mixin.py:190} INFO - [2024-12-09T20:40:27.307+0000] {dag.py:3239} INFO - Sync 1 DAGs
[2024-12-09T20:40:27.318+0000] {logging_mixin.py:190} INFO - [2024-12-09T20:40:27.318+0000] {dag.py:4180} INFO - Setting next_dagrun for example_complex to None, run_after=None
[2024-12-09T20:40:27.333+0000] {processor.py:208} INFO - Processing /home/airflow/.local/lib/python3.12/site-packages/airflow/example_dags/example_complex.py took 0.068 seconds
[2024-12-09T20:40:57.990+0000] {processor.py:186} INFO - Started process (PID=2358) to work on /home/airflow/.local/lib/python3.12/site-packages/airflow/example_dags/example_complex.py
[2024-12-09T20:40:57.991+0000] {processor.py:914} INFO - Processing file /home/airflow/.local/lib/python3.12/site-packages/airflow/example_dags/example_complex.py for tasks to queue
[2024-12-09T20:40:57.993+0000] {logging_mixin.py:190} INFO - [2024-12-09T20:40:57.993+0000] {dagbag.py:588} INFO - Filling up the DagBag from /home/airflow/.local/lib/python3.12/site-packages/airflow/example_dags/example_complex.py
[2024-12-09T20:40:58.005+0000] {processor.py:925} INFO - DAG(s) 'example_complex' retrieved from /home/airflow/.local/lib/python3.12/site-packages/airflow/example_dags/example_complex.py
[2024-12-09T20:40:58.032+0000] {logging_mixin.py:190} INFO - [2024-12-09T20:40:58.032+0000] {dag.py:3239} INFO - Sync 1 DAGs
[2024-12-09T20:40:58.045+0000] {logging_mixin.py:190} INFO - [2024-12-09T20:40:58.045+0000] {dag.py:4180} INFO - Setting next_dagrun for example_complex to None, run_after=None
[2024-12-09T20:40:58.062+0000] {processor.py:208} INFO - Processing /home/airflow/.local/lib/python3.12/site-packages/airflow/example_dags/example_complex.py took 0.078 seconds
[2024-12-09T20:41:28.935+0000] {processor.py:186} INFO - Started process (PID=2431) to work on /home/airflow/.local/lib/python3.12/site-packages/airflow/example_dags/example_complex.py
[2024-12-09T20:41:28.936+0000] {processor.py:914} INFO - Processing file /home/airflow/.local/lib/python3.12/site-packages/airflow/example_dags/example_complex.py for tasks to queue
[2024-12-09T20:41:28.939+0000] {logging_mixin.py:190} INFO - [2024-12-09T20:41:28.938+0000] {dagbag.py:588} INFO - Filling up the DagBag from /home/airflow/.local/lib/python3.12/site-packages/airflow/example_dags/example_complex.py
[2024-12-09T20:41:28.950+0000] {processor.py:925} INFO - DAG(s) 'example_complex' retrieved from /home/airflow/.local/lib/python3.12/site-packages/airflow/example_dags/example_complex.py
[2024-12-09T20:41:28.991+0000] {logging_mixin.py:190} INFO - [2024-12-09T20:41:28.990+0000] {dag.py:3239} INFO - Sync 1 DAGs
[2024-12-09T20:41:29.011+0000] {logging_mixin.py:190} INFO - [2024-12-09T20:41:29.011+0000] {dag.py:4180} INFO - Setting next_dagrun for example_complex to None, run_after=None
[2024-12-09T20:41:29.036+0000] {processor.py:208} INFO - Processing /home/airflow/.local/lib/python3.12/site-packages/airflow/example_dags/example_complex.py took 0.107 seconds
[2024-12-09T20:41:59.621+0000] {processor.py:186} INFO - Started process (PID=2504) to work on /home/airflow/.local/lib/python3.12/site-packages/airflow/example_dags/example_complex.py
[2024-12-09T20:41:59.622+0000] {processor.py:914} INFO - Processing file /home/airflow/.local/lib/python3.12/site-packages/airflow/example_dags/example_complex.py for tasks to queue
[2024-12-09T20:41:59.624+0000] {logging_mixin.py:190} INFO - [2024-12-09T20:41:59.623+0000] {dagbag.py:588} INFO - Filling up the DagBag from /home/airflow/.local/lib/python3.12/site-packages/airflow/example_dags/example_complex.py
[2024-12-09T20:41:59.633+0000] {processor.py:925} INFO - DAG(s) 'example_complex' retrieved from /home/airflow/.local/lib/python3.12/site-packages/airflow/example_dags/example_complex.py
[2024-12-09T20:41:59.658+0000] {logging_mixin.py:190} INFO - [2024-12-09T20:41:59.658+0000] {dag.py:3239} INFO - Sync 1 DAGs
[2024-12-09T20:41:59.670+0000] {logging_mixin.py:190} INFO - [2024-12-09T20:41:59.670+0000] {dag.py:4180} INFO - Setting next_dagrun for example_complex to None, run_after=None
[2024-12-09T20:41:59.683+0000] {processor.py:208} INFO - Processing /home/airflow/.local/lib/python3.12/site-packages/airflow/example_dags/example_complex.py took 0.067 seconds
[2024-12-09T20:42:30.920+0000] {processor.py:186} INFO - Started process (PID=2572) to work on /home/airflow/.local/lib/python3.12/site-packages/airflow/example_dags/example_complex.py
[2024-12-09T20:42:30.921+0000] {processor.py:914} INFO - Processing file /home/airflow/.local/lib/python3.12/site-packages/airflow/example_dags/example_complex.py for tasks to queue
[2024-12-09T20:42:30.923+0000] {logging_mixin.py:190} INFO - [2024-12-09T20:42:30.923+0000] {dagbag.py:588} INFO - Filling up the DagBag from /home/airflow/.local/lib/python3.12/site-packages/airflow/example_dags/example_complex.py
[2024-12-09T20:42:30.933+0000] {processor.py:925} INFO - DAG(s) 'example_complex' retrieved from /home/airflow/.local/lib/python3.12/site-packages/airflow/example_dags/example_complex.py
[2024-12-09T20:42:30.959+0000] {logging_mixin.py:190} INFO - [2024-12-09T20:42:30.959+0000] {dag.py:3239} INFO - Sync 1 DAGs
[2024-12-09T20:42:30.970+0000] {logging_mixin.py:190} INFO - [2024-12-09T20:42:30.970+0000] {dag.py:4180} INFO - Setting next_dagrun for example_complex to None, run_after=None
[2024-12-09T20:42:30.987+0000] {processor.py:208} INFO - Processing /home/airflow/.local/lib/python3.12/site-packages/airflow/example_dags/example_complex.py took 0.072 seconds
[2024-12-09T20:43:01.616+0000] {processor.py:186} INFO - Started process (PID=2640) to work on /home/airflow/.local/lib/python3.12/site-packages/airflow/example_dags/example_complex.py
[2024-12-09T20:43:01.617+0000] {processor.py:914} INFO - Processing file /home/airflow/.local/lib/python3.12/site-packages/airflow/example_dags/example_complex.py for tasks to queue
[2024-12-09T20:43:01.619+0000] {logging_mixin.py:190} INFO - [2024-12-09T20:43:01.618+0000] {dagbag.py:588} INFO - Filling up the DagBag from /home/airflow/.local/lib/python3.12/site-packages/airflow/example_dags/example_complex.py
[2024-12-09T20:43:01.629+0000] {processor.py:925} INFO - DAG(s) 'example_complex' retrieved from /home/airflow/.local/lib/python3.12/site-packages/airflow/example_dags/example_complex.py
[2024-12-09T20:43:01.653+0000] {logging_mixin.py:190} INFO - [2024-12-09T20:43:01.653+0000] {dag.py:3239} INFO - Sync 1 DAGs
[2024-12-09T20:43:01.664+0000] {logging_mixin.py:190} INFO - [2024-12-09T20:43:01.664+0000] {dag.py:4180} INFO - Setting next_dagrun for example_complex to None, run_after=None
[2024-12-09T20:43:01.679+0000] {processor.py:208} INFO - Processing /home/airflow/.local/lib/python3.12/site-packages/airflow/example_dags/example_complex.py took 0.069 seconds
[2024-12-09T20:43:32.892+0000] {processor.py:186} INFO - Started process (PID=2708) to work on /home/airflow/.local/lib/python3.12/site-packages/airflow/example_dags/example_complex.py
[2024-12-09T20:43:32.892+0000] {processor.py:914} INFO - Processing file /home/airflow/.local/lib/python3.12/site-packages/airflow/example_dags/example_complex.py for tasks to queue
[2024-12-09T20:43:32.895+0000] {logging_mixin.py:190} INFO - [2024-12-09T20:43:32.895+0000] {dagbag.py:588} INFO - Filling up the DagBag from /home/airflow/.local/lib/python3.12/site-packages/airflow/example_dags/example_complex.py
[2024-12-09T20:43:32.905+0000] {processor.py:925} INFO - DAG(s) 'example_complex' retrieved from /home/airflow/.local/lib/python3.12/site-packages/airflow/example_dags/example_complex.py
[2024-12-09T20:43:32.934+0000] {logging_mixin.py:190} INFO - [2024-12-09T20:43:32.934+0000] {dag.py:3239} INFO - Sync 1 DAGs
[2024-12-09T20:43:32.948+0000] {logging_mixin.py:190} INFO - [2024-12-09T20:43:32.948+0000] {dag.py:4180} INFO - Setting next_dagrun for example_complex to None, run_after=None
[2024-12-09T20:43:32.967+0000] {processor.py:208} INFO - Processing /home/airflow/.local/lib/python3.12/site-packages/airflow/example_dags/example_complex.py took 0.081 seconds
[2024-12-09T20:44:04.312+0000] {processor.py:186} INFO - Started process (PID=2776) to work on /home/airflow/.local/lib/python3.12/site-packages/airflow/example_dags/example_complex.py
[2024-12-09T20:44:04.313+0000] {processor.py:914} INFO - Processing file /home/airflow/.local/lib/python3.12/site-packages/airflow/example_dags/example_complex.py for tasks to queue
[2024-12-09T20:44:04.315+0000] {logging_mixin.py:190} INFO - [2024-12-09T20:44:04.315+0000] {dagbag.py:588} INFO - Filling up the DagBag from /home/airflow/.local/lib/python3.12/site-packages/airflow/example_dags/example_complex.py
[2024-12-09T20:44:04.324+0000] {processor.py:925} INFO - DAG(s) 'example_complex' retrieved from /home/airflow/.local/lib/python3.12/site-packages/airflow/example_dags/example_complex.py
[2024-12-09T20:44:04.349+0000] {logging_mixin.py:190} INFO - [2024-12-09T20:44:04.349+0000] {dag.py:3239} INFO - Sync 1 DAGs
[2024-12-09T20:44:04.360+0000] {logging_mixin.py:190} INFO - [2024-12-09T20:44:04.360+0000] {dag.py:4180} INFO - Setting next_dagrun for example_complex to None, run_after=None
[2024-12-09T20:44:04.376+0000] {processor.py:208} INFO - Processing /home/airflow/.local/lib/python3.12/site-packages/airflow/example_dags/example_complex.py took 0.068 seconds
[2024-12-09T20:44:35.640+0000] {processor.py:186} INFO - Started process (PID=2844) to work on /home/airflow/.local/lib/python3.12/site-packages/airflow/example_dags/example_complex.py
[2024-12-09T20:44:35.641+0000] {processor.py:914} INFO - Processing file /home/airflow/.local/lib/python3.12/site-packages/airflow/example_dags/example_complex.py for tasks to queue
[2024-12-09T20:44:35.642+0000] {logging_mixin.py:190} INFO - [2024-12-09T20:44:35.642+0000] {dagbag.py:588} INFO - Filling up the DagBag from /home/airflow/.local/lib/python3.12/site-packages/airflow/example_dags/example_complex.py
[2024-12-09T20:44:35.651+0000] {processor.py:925} INFO - DAG(s) 'example_complex' retrieved from /home/airflow/.local/lib/python3.12/site-packages/airflow/example_dags/example_complex.py
[2024-12-09T20:44:35.676+0000] {logging_mixin.py:190} INFO - [2024-12-09T20:44:35.676+0000] {dag.py:3239} INFO - Sync 1 DAGs
[2024-12-09T20:44:35.688+0000] {logging_mixin.py:190} INFO - [2024-12-09T20:44:35.688+0000] {dag.py:4180} INFO - Setting next_dagrun for example_complex to None, run_after=None
[2024-12-09T20:44:35.702+0000] {processor.py:208} INFO - Processing /home/airflow/.local/lib/python3.12/site-packages/airflow/example_dags/example_complex.py took 0.066 seconds
[2024-12-09T20:45:06.539+0000] {processor.py:186} INFO - Started process (PID=2912) to work on /home/airflow/.local/lib/python3.12/site-packages/airflow/example_dags/example_complex.py
[2024-12-09T20:45:06.540+0000] {processor.py:914} INFO - Processing file /home/airflow/.local/lib/python3.12/site-packages/airflow/example_dags/example_complex.py for tasks to queue
[2024-12-09T20:45:06.542+0000] {logging_mixin.py:190} INFO - [2024-12-09T20:45:06.542+0000] {dagbag.py:588} INFO - Filling up the DagBag from /home/airflow/.local/lib/python3.12/site-packages/airflow/example_dags/example_complex.py
[2024-12-09T20:45:06.553+0000] {processor.py:925} INFO - DAG(s) 'example_complex' retrieved from /home/airflow/.local/lib/python3.12/site-packages/airflow/example_dags/example_complex.py
[2024-12-09T20:45:06.578+0000] {logging_mixin.py:190} INFO - [2024-12-09T20:45:06.577+0000] {dag.py:3239} INFO - Sync 1 DAGs
[2024-12-09T20:45:06.589+0000] {logging_mixin.py:190} INFO - [2024-12-09T20:45:06.589+0000] {dag.py:4180} INFO - Setting next_dagrun for example_complex to None, run_after=None
[2024-12-09T20:45:06.606+0000] {processor.py:208} INFO - Processing /home/airflow/.local/lib/python3.12/site-packages/airflow/example_dags/example_complex.py took 0.072 seconds
[2024-12-09T20:45:37.417+0000] {processor.py:186} INFO - Started process (PID=2982) to work on /home/airflow/.local/lib/python3.12/site-packages/airflow/example_dags/example_complex.py
[2024-12-09T20:45:37.418+0000] {processor.py:914} INFO - Processing file /home/airflow/.local/lib/python3.12/site-packages/airflow/example_dags/example_complex.py for tasks to queue
[2024-12-09T20:45:37.420+0000] {logging_mixin.py:190} INFO - [2024-12-09T20:45:37.420+0000] {dagbag.py:588} INFO - Filling up the DagBag from /home/airflow/.local/lib/python3.12/site-packages/airflow/example_dags/example_complex.py
[2024-12-09T20:45:37.429+0000] {processor.py:925} INFO - DAG(s) 'example_complex' retrieved from /home/airflow/.local/lib/python3.12/site-packages/airflow/example_dags/example_complex.py
[2024-12-09T20:45:37.453+0000] {logging_mixin.py:190} INFO - [2024-12-09T20:45:37.453+0000] {dag.py:3239} INFO - Sync 1 DAGs
[2024-12-09T20:45:37.465+0000] {logging_mixin.py:190} INFO - [2024-12-09T20:45:37.465+0000] {dag.py:4180} INFO - Setting next_dagrun for example_complex to None, run_after=None
[2024-12-09T20:45:37.480+0000] {processor.py:208} INFO - Processing /home/airflow/.local/lib/python3.12/site-packages/airflow/example_dags/example_complex.py took 0.068 seconds
[2024-12-09T20:46:08.319+0000] {processor.py:186} INFO - Started process (PID=3058) to work on /home/airflow/.local/lib/python3.12/site-packages/airflow/example_dags/example_complex.py
[2024-12-09T20:46:08.320+0000] {processor.py:914} INFO - Processing file /home/airflow/.local/lib/python3.12/site-packages/airflow/example_dags/example_complex.py for tasks to queue
[2024-12-09T20:46:08.323+0000] {logging_mixin.py:190} INFO - [2024-12-09T20:46:08.323+0000] {dagbag.py:588} INFO - Filling up the DagBag from /home/airflow/.local/lib/python3.12/site-packages/airflow/example_dags/example_complex.py
[2024-12-09T20:46:08.334+0000] {processor.py:925} INFO - DAG(s) 'example_complex' retrieved from /home/airflow/.local/lib/python3.12/site-packages/airflow/example_dags/example_complex.py
[2024-12-09T20:46:08.358+0000] {logging_mixin.py:190} INFO - [2024-12-09T20:46:08.358+0000] {dag.py:3239} INFO - Sync 1 DAGs
[2024-12-09T20:46:08.370+0000] {logging_mixin.py:190} INFO - [2024-12-09T20:46:08.370+0000] {dag.py:4180} INFO - Setting next_dagrun for example_complex to None, run_after=None
[2024-12-09T20:46:08.384+0000] {processor.py:208} INFO - Processing /home/airflow/.local/lib/python3.12/site-packages/airflow/example_dags/example_complex.py took 0.071 seconds
[2024-12-09T20:46:38.842+0000] {processor.py:186} INFO - Started process (PID=3130) to work on /home/airflow/.local/lib/python3.12/site-packages/airflow/example_dags/example_complex.py
[2024-12-09T20:46:38.842+0000] {processor.py:914} INFO - Processing file /home/airflow/.local/lib/python3.12/site-packages/airflow/example_dags/example_complex.py for tasks to queue
[2024-12-09T20:46:38.845+0000] {logging_mixin.py:190} INFO - [2024-12-09T20:46:38.844+0000] {dagbag.py:588} INFO - Filling up the DagBag from /home/airflow/.local/lib/python3.12/site-packages/airflow/example_dags/example_complex.py
[2024-12-09T20:46:38.854+0000] {processor.py:925} INFO - DAG(s) 'example_complex' retrieved from /home/airflow/.local/lib/python3.12/site-packages/airflow/example_dags/example_complex.py
[2024-12-09T20:46:38.877+0000] {logging_mixin.py:190} INFO - [2024-12-09T20:46:38.877+0000] {dag.py:3239} INFO - Sync 1 DAGs
[2024-12-09T20:46:38.888+0000] {logging_mixin.py:190} INFO - [2024-12-09T20:46:38.888+0000] {dag.py:4180} INFO - Setting next_dagrun for example_complex to None, run_after=None
[2024-12-09T20:46:38.903+0000] {processor.py:208} INFO - Processing /home/airflow/.local/lib/python3.12/site-packages/airflow/example_dags/example_complex.py took 0.066 seconds
[2024-12-09T20:47:09.277+0000] {processor.py:186} INFO - Started process (PID=3197) to work on /home/airflow/.local/lib/python3.12/site-packages/airflow/example_dags/example_complex.py
[2024-12-09T20:47:09.279+0000] {processor.py:914} INFO - Processing file /home/airflow/.local/lib/python3.12/site-packages/airflow/example_dags/example_complex.py for tasks to queue
[2024-12-09T20:47:09.281+0000] {logging_mixin.py:190} INFO - [2024-12-09T20:47:09.281+0000] {dagbag.py:588} INFO - Filling up the DagBag from /home/airflow/.local/lib/python3.12/site-packages/airflow/example_dags/example_complex.py
[2024-12-09T20:47:09.292+0000] {processor.py:925} INFO - DAG(s) 'example_complex' retrieved from /home/airflow/.local/lib/python3.12/site-packages/airflow/example_dags/example_complex.py
[2024-12-09T20:47:09.338+0000] {logging_mixin.py:190} INFO - [2024-12-09T20:47:09.337+0000] {dag.py:3239} INFO - Sync 1 DAGs
[2024-12-09T20:47:09.352+0000] {logging_mixin.py:190} INFO - [2024-12-09T20:47:09.352+0000] {dag.py:4180} INFO - Setting next_dagrun for example_complex to None, run_after=None
[2024-12-09T20:47:09.371+0000] {processor.py:208} INFO - Processing /home/airflow/.local/lib/python3.12/site-packages/airflow/example_dags/example_complex.py took 0.099 seconds
[2024-12-09T20:47:39.948+0000] {processor.py:186} INFO - Started process (PID=3265) to work on /home/airflow/.local/lib/python3.12/site-packages/airflow/example_dags/example_complex.py
[2024-12-09T20:47:39.949+0000] {processor.py:914} INFO - Processing file /home/airflow/.local/lib/python3.12/site-packages/airflow/example_dags/example_complex.py for tasks to queue
[2024-12-09T20:47:39.951+0000] {logging_mixin.py:190} INFO - [2024-12-09T20:47:39.951+0000] {dagbag.py:588} INFO - Filling up the DagBag from /home/airflow/.local/lib/python3.12/site-packages/airflow/example_dags/example_complex.py
[2024-12-09T20:47:39.962+0000] {processor.py:925} INFO - DAG(s) 'example_complex' retrieved from /home/airflow/.local/lib/python3.12/site-packages/airflow/example_dags/example_complex.py
[2024-12-09T20:47:39.989+0000] {logging_mixin.py:190} INFO - [2024-12-09T20:47:39.989+0000] {dag.py:3239} INFO - Sync 1 DAGs
[2024-12-09T20:47:40.002+0000] {logging_mixin.py:190} INFO - [2024-12-09T20:47:40.002+0000] {dag.py:4180} INFO - Setting next_dagrun for example_complex to None, run_after=None
[2024-12-09T20:47:40.016+0000] {processor.py:208} INFO - Processing /home/airflow/.local/lib/python3.12/site-packages/airflow/example_dags/example_complex.py took 0.073 seconds
[2024-12-09T20:48:10.214+0000] {processor.py:186} INFO - Started process (PID=3332) to work on /home/airflow/.local/lib/python3.12/site-packages/airflow/example_dags/example_complex.py
[2024-12-09T20:48:10.215+0000] {processor.py:914} INFO - Processing file /home/airflow/.local/lib/python3.12/site-packages/airflow/example_dags/example_complex.py for tasks to queue
[2024-12-09T20:48:10.217+0000] {logging_mixin.py:190} INFO - [2024-12-09T20:48:10.217+0000] {dagbag.py:588} INFO - Filling up the DagBag from /home/airflow/.local/lib/python3.12/site-packages/airflow/example_dags/example_complex.py
[2024-12-09T20:48:10.226+0000] {processor.py:925} INFO - DAG(s) 'example_complex' retrieved from /home/airflow/.local/lib/python3.12/site-packages/airflow/example_dags/example_complex.py
[2024-12-09T20:48:10.250+0000] {logging_mixin.py:190} INFO - [2024-12-09T20:48:10.250+0000] {dag.py:3239} INFO - Sync 1 DAGs
[2024-12-09T20:48:10.261+0000] {logging_mixin.py:190} INFO - [2024-12-09T20:48:10.261+0000] {dag.py:4180} INFO - Setting next_dagrun for example_complex to None, run_after=None
[2024-12-09T20:48:10.275+0000] {processor.py:208} INFO - Processing /home/airflow/.local/lib/python3.12/site-packages/airflow/example_dags/example_complex.py took 0.066 seconds
[2024-12-09T20:48:40.798+0000] {processor.py:186} INFO - Started process (PID=3400) to work on /home/airflow/.local/lib/python3.12/site-packages/airflow/example_dags/example_complex.py
[2024-12-09T20:48:40.799+0000] {processor.py:914} INFO - Processing file /home/airflow/.local/lib/python3.12/site-packages/airflow/example_dags/example_complex.py for tasks to queue
[2024-12-09T20:48:40.801+0000] {logging_mixin.py:190} INFO - [2024-12-09T20:48:40.801+0000] {dagbag.py:588} INFO - Filling up the DagBag from /home/airflow/.local/lib/python3.12/site-packages/airflow/example_dags/example_complex.py
[2024-12-09T20:48:40.810+0000] {processor.py:925} INFO - DAG(s) 'example_complex' retrieved from /home/airflow/.local/lib/python3.12/site-packages/airflow/example_dags/example_complex.py
[2024-12-09T20:48:40.834+0000] {logging_mixin.py:190} INFO - [2024-12-09T20:48:40.834+0000] {dag.py:3239} INFO - Sync 1 DAGs
[2024-12-09T20:48:40.845+0000] {logging_mixin.py:190} INFO - [2024-12-09T20:48:40.845+0000] {dag.py:4180} INFO - Setting next_dagrun for example_complex to None, run_after=None
[2024-12-09T20:48:40.860+0000] {processor.py:208} INFO - Processing /home/airflow/.local/lib/python3.12/site-packages/airflow/example_dags/example_complex.py took 0.066 seconds
[2024-12-09T20:49:11.944+0000] {processor.py:186} INFO - Started process (PID=3468) to work on /home/airflow/.local/lib/python3.12/site-packages/airflow/example_dags/example_complex.py
[2024-12-09T20:49:11.945+0000] {processor.py:914} INFO - Processing file /home/airflow/.local/lib/python3.12/site-packages/airflow/example_dags/example_complex.py for tasks to queue
[2024-12-09T20:49:11.948+0000] {logging_mixin.py:190} INFO - [2024-12-09T20:49:11.947+0000] {dagbag.py:588} INFO - Filling up the DagBag from /home/airflow/.local/lib/python3.12/site-packages/airflow/example_dags/example_complex.py
[2024-12-09T20:49:11.958+0000] {processor.py:925} INFO - DAG(s) 'example_complex' retrieved from /home/airflow/.local/lib/python3.12/site-packages/airflow/example_dags/example_complex.py
[2024-12-09T20:49:11.982+0000] {logging_mixin.py:190} INFO - [2024-12-09T20:49:11.982+0000] {dag.py:3239} INFO - Sync 1 DAGs
[2024-12-09T20:49:11.994+0000] {logging_mixin.py:190} INFO - [2024-12-09T20:49:11.994+0000] {dag.py:4180} INFO - Setting next_dagrun for example_complex to None, run_after=None
[2024-12-09T20:49:12.009+0000] {processor.py:208} INFO - Processing /home/airflow/.local/lib/python3.12/site-packages/airflow/example_dags/example_complex.py took 0.069 seconds
[2024-12-09T20:49:43.526+0000] {processor.py:186} INFO - Started process (PID=3536) to work on /home/airflow/.local/lib/python3.12/site-packages/airflow/example_dags/example_complex.py
[2024-12-09T20:49:43.527+0000] {processor.py:914} INFO - Processing file /home/airflow/.local/lib/python3.12/site-packages/airflow/example_dags/example_complex.py for tasks to queue
[2024-12-09T20:49:43.529+0000] {logging_mixin.py:190} INFO - [2024-12-09T20:49:43.529+0000] {dagbag.py:588} INFO - Filling up the DagBag from /home/airflow/.local/lib/python3.12/site-packages/airflow/example_dags/example_complex.py
[2024-12-09T20:49:43.538+0000] {processor.py:925} INFO - DAG(s) 'example_complex' retrieved from /home/airflow/.local/lib/python3.12/site-packages/airflow/example_dags/example_complex.py
[2024-12-09T20:49:43.719+0000] {logging_mixin.py:190} INFO - [2024-12-09T20:49:43.718+0000] {dag.py:3239} INFO - Sync 1 DAGs
[2024-12-09T20:49:43.729+0000] {logging_mixin.py:190} INFO - [2024-12-09T20:49:43.729+0000] {dag.py:4180} INFO - Setting next_dagrun for example_complex to None, run_after=None
[2024-12-09T20:49:43.747+0000] {processor.py:208} INFO - Processing /home/airflow/.local/lib/python3.12/site-packages/airflow/example_dags/example_complex.py took 0.227 seconds
[2024-12-09T20:50:14.995+0000] {processor.py:186} INFO - Started process (PID=3608) to work on /home/airflow/.local/lib/python3.12/site-packages/airflow/example_dags/example_complex.py
[2024-12-09T20:50:14.996+0000] {processor.py:914} INFO - Processing file /home/airflow/.local/lib/python3.12/site-packages/airflow/example_dags/example_complex.py for tasks to queue
[2024-12-09T20:50:14.999+0000] {logging_mixin.py:190} INFO - [2024-12-09T20:50:14.998+0000] {dagbag.py:588} INFO - Filling up the DagBag from /home/airflow/.local/lib/python3.12/site-packages/airflow/example_dags/example_complex.py
[2024-12-09T20:50:15.011+0000] {processor.py:925} INFO - DAG(s) 'example_complex' retrieved from /home/airflow/.local/lib/python3.12/site-packages/airflow/example_dags/example_complex.py
[2024-12-09T20:50:15.038+0000] {logging_mixin.py:190} INFO - [2024-12-09T20:50:15.038+0000] {dag.py:3239} INFO - Sync 1 DAGs
[2024-12-09T20:50:15.194+0000] {logging_mixin.py:190} INFO - [2024-12-09T20:50:15.194+0000] {dag.py:4180} INFO - Setting next_dagrun for example_complex to None, run_after=None
[2024-12-09T20:50:15.207+0000] {processor.py:208} INFO - Processing /home/airflow/.local/lib/python3.12/site-packages/airflow/example_dags/example_complex.py took 0.218 seconds
[2024-12-09T20:50:45.731+0000] {processor.py:186} INFO - Started process (PID=3676) to work on /home/airflow/.local/lib/python3.12/site-packages/airflow/example_dags/example_complex.py
[2024-12-09T20:50:45.732+0000] {processor.py:914} INFO - Processing file /home/airflow/.local/lib/python3.12/site-packages/airflow/example_dags/example_complex.py for tasks to queue
[2024-12-09T20:50:45.734+0000] {logging_mixin.py:190} INFO - [2024-12-09T20:50:45.734+0000] {dagbag.py:588} INFO - Filling up the DagBag from /home/airflow/.local/lib/python3.12/site-packages/airflow/example_dags/example_complex.py
[2024-12-09T20:50:45.745+0000] {processor.py:925} INFO - DAG(s) 'example_complex' retrieved from /home/airflow/.local/lib/python3.12/site-packages/airflow/example_dags/example_complex.py
[2024-12-09T20:50:45.770+0000] {logging_mixin.py:190} INFO - [2024-12-09T20:50:45.770+0000] {dag.py:3239} INFO - Sync 1 DAGs
[2024-12-09T20:50:45.782+0000] {logging_mixin.py:190} INFO - [2024-12-09T20:50:45.781+0000] {dag.py:4180} INFO - Setting next_dagrun for example_complex to None, run_after=None
[2024-12-09T20:50:45.798+0000] {processor.py:208} INFO - Processing /home/airflow/.local/lib/python3.12/site-packages/airflow/example_dags/example_complex.py took 0.072 seconds
[2024-12-09T20:51:16.597+0000] {processor.py:186} INFO - Started process (PID=3744) to work on /home/airflow/.local/lib/python3.12/site-packages/airflow/example_dags/example_complex.py
[2024-12-09T20:51:16.598+0000] {processor.py:914} INFO - Processing file /home/airflow/.local/lib/python3.12/site-packages/airflow/example_dags/example_complex.py for tasks to queue
[2024-12-09T20:51:16.600+0000] {logging_mixin.py:190} INFO - [2024-12-09T20:51:16.599+0000] {dagbag.py:588} INFO - Filling up the DagBag from /home/airflow/.local/lib/python3.12/site-packages/airflow/example_dags/example_complex.py
[2024-12-09T20:51:16.610+0000] {processor.py:925} INFO - DAG(s) 'example_complex' retrieved from /home/airflow/.local/lib/python3.12/site-packages/airflow/example_dags/example_complex.py
[2024-12-09T20:51:16.634+0000] {logging_mixin.py:190} INFO - [2024-12-09T20:51:16.634+0000] {dag.py:3239} INFO - Sync 1 DAGs
[2024-12-09T20:51:16.651+0000] {logging_mixin.py:190} INFO - [2024-12-09T20:51:16.651+0000] {dag.py:4180} INFO - Setting next_dagrun for example_complex to None, run_after=None
[2024-12-09T20:51:16.665+0000] {processor.py:208} INFO - Processing /home/airflow/.local/lib/python3.12/site-packages/airflow/example_dags/example_complex.py took 0.073 seconds
[2024-12-09T20:51:47.460+0000] {processor.py:186} INFO - Started process (PID=3812) to work on /home/airflow/.local/lib/python3.12/site-packages/airflow/example_dags/example_complex.py
[2024-12-09T20:51:47.461+0000] {processor.py:914} INFO - Processing file /home/airflow/.local/lib/python3.12/site-packages/airflow/example_dags/example_complex.py for tasks to queue
[2024-12-09T20:51:47.463+0000] {logging_mixin.py:190} INFO - [2024-12-09T20:51:47.463+0000] {dagbag.py:588} INFO - Filling up the DagBag from /home/airflow/.local/lib/python3.12/site-packages/airflow/example_dags/example_complex.py
[2024-12-09T20:51:47.473+0000] {processor.py:925} INFO - DAG(s) 'example_complex' retrieved from /home/airflow/.local/lib/python3.12/site-packages/airflow/example_dags/example_complex.py
[2024-12-09T20:51:47.498+0000] {logging_mixin.py:190} INFO - [2024-12-09T20:51:47.498+0000] {dag.py:3239} INFO - Sync 1 DAGs
[2024-12-09T20:51:47.509+0000] {logging_mixin.py:190} INFO - [2024-12-09T20:51:47.509+0000] {dag.py:4180} INFO - Setting next_dagrun for example_complex to None, run_after=None
[2024-12-09T20:51:47.524+0000] {processor.py:208} INFO - Processing /home/airflow/.local/lib/python3.12/site-packages/airflow/example_dags/example_complex.py took 0.069 seconds
[2024-12-09T20:52:18.397+0000] {processor.py:186} INFO - Started process (PID=3880) to work on /home/airflow/.local/lib/python3.12/site-packages/airflow/example_dags/example_complex.py
[2024-12-09T20:52:18.398+0000] {processor.py:914} INFO - Processing file /home/airflow/.local/lib/python3.12/site-packages/airflow/example_dags/example_complex.py for tasks to queue
[2024-12-09T20:52:18.400+0000] {logging_mixin.py:190} INFO - [2024-12-09T20:52:18.400+0000] {dagbag.py:588} INFO - Filling up the DagBag from /home/airflow/.local/lib/python3.12/site-packages/airflow/example_dags/example_complex.py
[2024-12-09T20:52:18.410+0000] {processor.py:925} INFO - DAG(s) 'example_complex' retrieved from /home/airflow/.local/lib/python3.12/site-packages/airflow/example_dags/example_complex.py
[2024-12-09T20:52:18.438+0000] {logging_mixin.py:190} INFO - [2024-12-09T20:52:18.438+0000] {dag.py:3239} INFO - Sync 1 DAGs
[2024-12-09T20:52:18.450+0000] {logging_mixin.py:190} INFO - [2024-12-09T20:52:18.450+0000] {dag.py:4180} INFO - Setting next_dagrun for example_complex to None, run_after=None
[2024-12-09T20:52:18.465+0000] {processor.py:208} INFO - Processing /home/airflow/.local/lib/python3.12/site-packages/airflow/example_dags/example_complex.py took 0.073 seconds
[2024-12-09T20:52:49.393+0000] {processor.py:186} INFO - Started process (PID=3948) to work on /home/airflow/.local/lib/python3.12/site-packages/airflow/example_dags/example_complex.py
[2024-12-09T20:52:49.394+0000] {processor.py:914} INFO - Processing file /home/airflow/.local/lib/python3.12/site-packages/airflow/example_dags/example_complex.py for tasks to queue
[2024-12-09T20:52:49.396+0000] {logging_mixin.py:190} INFO - [2024-12-09T20:52:49.396+0000] {dagbag.py:588} INFO - Filling up the DagBag from /home/airflow/.local/lib/python3.12/site-packages/airflow/example_dags/example_complex.py
[2024-12-09T20:52:49.408+0000] {processor.py:925} INFO - DAG(s) 'example_complex' retrieved from /home/airflow/.local/lib/python3.12/site-packages/airflow/example_dags/example_complex.py
[2024-12-09T20:52:49.453+0000] {logging_mixin.py:190} INFO - [2024-12-09T20:52:49.453+0000] {dag.py:3239} INFO - Sync 1 DAGs
[2024-12-09T20:52:49.472+0000] {logging_mixin.py:190} INFO - [2024-12-09T20:52:49.471+0000] {dag.py:4180} INFO - Setting next_dagrun for example_complex to None, run_after=None
[2024-12-09T20:52:49.493+0000] {processor.py:208} INFO - Processing /home/airflow/.local/lib/python3.12/site-packages/airflow/example_dags/example_complex.py took 0.106 seconds
[2024-12-09T20:53:19.863+0000] {processor.py:186} INFO - Started process (PID=4022) to work on /home/airflow/.local/lib/python3.12/site-packages/airflow/example_dags/example_complex.py
[2024-12-09T20:53:19.864+0000] {processor.py:914} INFO - Processing file /home/airflow/.local/lib/python3.12/site-packages/airflow/example_dags/example_complex.py for tasks to queue
[2024-12-09T20:53:19.866+0000] {logging_mixin.py:190} INFO - [2024-12-09T20:53:19.866+0000] {dagbag.py:588} INFO - Filling up the DagBag from /home/airflow/.local/lib/python3.12/site-packages/airflow/example_dags/example_complex.py
[2024-12-09T20:53:19.876+0000] {processor.py:925} INFO - DAG(s) 'example_complex' retrieved from /home/airflow/.local/lib/python3.12/site-packages/airflow/example_dags/example_complex.py
[2024-12-09T20:53:19.904+0000] {logging_mixin.py:190} INFO - [2024-12-09T20:53:19.904+0000] {dag.py:3239} INFO - Sync 1 DAGs
[2024-12-09T20:53:19.916+0000] {logging_mixin.py:190} INFO - [2024-12-09T20:53:19.916+0000] {dag.py:4180} INFO - Setting next_dagrun for example_complex to None, run_after=None
[2024-12-09T20:53:19.931+0000] {processor.py:208} INFO - Processing /home/airflow/.local/lib/python3.12/site-packages/airflow/example_dags/example_complex.py took 0.073 seconds
[2024-12-09T20:53:50.794+0000] {processor.py:186} INFO - Started process (PID=4090) to work on /home/airflow/.local/lib/python3.12/site-packages/airflow/example_dags/example_complex.py
[2024-12-09T20:53:50.796+0000] {processor.py:914} INFO - Processing file /home/airflow/.local/lib/python3.12/site-packages/airflow/example_dags/example_complex.py for tasks to queue
[2024-12-09T20:53:50.798+0000] {logging_mixin.py:190} INFO - [2024-12-09T20:53:50.798+0000] {dagbag.py:588} INFO - Filling up the DagBag from /home/airflow/.local/lib/python3.12/site-packages/airflow/example_dags/example_complex.py
[2024-12-09T20:53:50.809+0000] {processor.py:925} INFO - DAG(s) 'example_complex' retrieved from /home/airflow/.local/lib/python3.12/site-packages/airflow/example_dags/example_complex.py
[2024-12-09T20:53:50.836+0000] {logging_mixin.py:190} INFO - [2024-12-09T20:53:50.836+0000] {dag.py:3239} INFO - Sync 1 DAGs
[2024-12-09T20:53:50.848+0000] {logging_mixin.py:190} INFO - [2024-12-09T20:53:50.848+0000] {dag.py:4180} INFO - Setting next_dagrun for example_complex to None, run_after=None
[2024-12-09T20:53:50.866+0000] {processor.py:208} INFO - Processing /home/airflow/.local/lib/python3.12/site-packages/airflow/example_dags/example_complex.py took 0.077 seconds
[2024-12-09T20:54:21.592+0000] {processor.py:186} INFO - Started process (PID=4158) to work on /home/airflow/.local/lib/python3.12/site-packages/airflow/example_dags/example_complex.py
[2024-12-09T20:54:21.593+0000] {processor.py:914} INFO - Processing file /home/airflow/.local/lib/python3.12/site-packages/airflow/example_dags/example_complex.py for tasks to queue
[2024-12-09T20:54:21.595+0000] {logging_mixin.py:190} INFO - [2024-12-09T20:54:21.595+0000] {dagbag.py:588} INFO - Filling up the DagBag from /home/airflow/.local/lib/python3.12/site-packages/airflow/example_dags/example_complex.py
[2024-12-09T20:54:21.604+0000] {processor.py:925} INFO - DAG(s) 'example_complex' retrieved from /home/airflow/.local/lib/python3.12/site-packages/airflow/example_dags/example_complex.py
[2024-12-09T20:54:21.629+0000] {logging_mixin.py:190} INFO - [2024-12-09T20:54:21.629+0000] {dag.py:3239} INFO - Sync 1 DAGs
[2024-12-09T20:54:21.640+0000] {logging_mixin.py:190} INFO - [2024-12-09T20:54:21.640+0000] {dag.py:4180} INFO - Setting next_dagrun for example_complex to None, run_after=None
[2024-12-09T20:54:21.653+0000] {processor.py:208} INFO - Processing /home/airflow/.local/lib/python3.12/site-packages/airflow/example_dags/example_complex.py took 0.066 seconds
[2024-12-09T20:54:52.238+0000] {processor.py:186} INFO - Started process (PID=4226) to work on /home/airflow/.local/lib/python3.12/site-packages/airflow/example_dags/example_complex.py
[2024-12-09T20:54:52.238+0000] {processor.py:914} INFO - Processing file /home/airflow/.local/lib/python3.12/site-packages/airflow/example_dags/example_complex.py for tasks to queue
[2024-12-09T20:54:52.241+0000] {logging_mixin.py:190} INFO - [2024-12-09T20:54:52.240+0000] {dagbag.py:588} INFO - Filling up the DagBag from /home/airflow/.local/lib/python3.12/site-packages/airflow/example_dags/example_complex.py
[2024-12-09T20:54:52.250+0000] {processor.py:925} INFO - DAG(s) 'example_complex' retrieved from /home/airflow/.local/lib/python3.12/site-packages/airflow/example_dags/example_complex.py
[2024-12-09T20:54:52.273+0000] {logging_mixin.py:190} INFO - [2024-12-09T20:54:52.273+0000] {dag.py:3239} INFO - Sync 1 DAGs
[2024-12-09T20:54:52.284+0000] {logging_mixin.py:190} INFO - [2024-12-09T20:54:52.284+0000] {dag.py:4180} INFO - Setting next_dagrun for example_complex to None, run_after=None
[2024-12-09T20:54:52.299+0000] {processor.py:208} INFO - Processing /home/airflow/.local/lib/python3.12/site-packages/airflow/example_dags/example_complex.py took 0.067 seconds
[2024-12-09T20:55:23.290+0000] {processor.py:186} INFO - Started process (PID=4294) to work on /home/airflow/.local/lib/python3.12/site-packages/airflow/example_dags/example_complex.py
[2024-12-09T20:55:23.291+0000] {processor.py:914} INFO - Processing file /home/airflow/.local/lib/python3.12/site-packages/airflow/example_dags/example_complex.py for tasks to queue
[2024-12-09T20:55:23.293+0000] {logging_mixin.py:190} INFO - [2024-12-09T20:55:23.292+0000] {dagbag.py:588} INFO - Filling up the DagBag from /home/airflow/.local/lib/python3.12/site-packages/airflow/example_dags/example_complex.py
[2024-12-09T20:55:23.301+0000] {processor.py:925} INFO - DAG(s) 'example_complex' retrieved from /home/airflow/.local/lib/python3.12/site-packages/airflow/example_dags/example_complex.py
[2024-12-09T20:55:23.325+0000] {logging_mixin.py:190} INFO - [2024-12-09T20:55:23.325+0000] {dag.py:3239} INFO - Sync 1 DAGs
[2024-12-09T20:55:23.336+0000] {logging_mixin.py:190} INFO - [2024-12-09T20:55:23.336+0000] {dag.py:4180} INFO - Setting next_dagrun for example_complex to None, run_after=None
[2024-12-09T20:55:23.350+0000] {processor.py:208} INFO - Processing /home/airflow/.local/lib/python3.12/site-packages/airflow/example_dags/example_complex.py took 0.065 seconds
[2024-12-09T20:55:53.899+0000] {processor.py:186} INFO - Started process (PID=4362) to work on /home/airflow/.local/lib/python3.12/site-packages/airflow/example_dags/example_complex.py
[2024-12-09T20:55:53.900+0000] {processor.py:914} INFO - Processing file /home/airflow/.local/lib/python3.12/site-packages/airflow/example_dags/example_complex.py for tasks to queue
[2024-12-09T20:55:53.902+0000] {logging_mixin.py:190} INFO - [2024-12-09T20:55:53.902+0000] {dagbag.py:588} INFO - Filling up the DagBag from /home/airflow/.local/lib/python3.12/site-packages/airflow/example_dags/example_complex.py
[2024-12-09T20:55:53.912+0000] {processor.py:925} INFO - DAG(s) 'example_complex' retrieved from /home/airflow/.local/lib/python3.12/site-packages/airflow/example_dags/example_complex.py
[2024-12-09T20:55:53.936+0000] {logging_mixin.py:190} INFO - [2024-12-09T20:55:53.936+0000] {dag.py:3239} INFO - Sync 1 DAGs
[2024-12-09T20:55:53.947+0000] {logging_mixin.py:190} INFO - [2024-12-09T20:55:53.947+0000] {dag.py:4180} INFO - Setting next_dagrun for example_complex to None, run_after=None
[2024-12-09T20:55:53.961+0000] {processor.py:208} INFO - Processing /home/airflow/.local/lib/python3.12/site-packages/airflow/example_dags/example_complex.py took 0.066 seconds
[2024-12-09T20:56:24.665+0000] {processor.py:186} INFO - Started process (PID=4430) to work on /home/airflow/.local/lib/python3.12/site-packages/airflow/example_dags/example_complex.py
[2024-12-09T20:56:24.665+0000] {processor.py:914} INFO - Processing file /home/airflow/.local/lib/python3.12/site-packages/airflow/example_dags/example_complex.py for tasks to queue
[2024-12-09T20:56:24.667+0000] {logging_mixin.py:190} INFO - [2024-12-09T20:56:24.667+0000] {dagbag.py:588} INFO - Filling up the DagBag from /home/airflow/.local/lib/python3.12/site-packages/airflow/example_dags/example_complex.py
[2024-12-09T20:56:24.677+0000] {processor.py:925} INFO - DAG(s) 'example_complex' retrieved from /home/airflow/.local/lib/python3.12/site-packages/airflow/example_dags/example_complex.py
[2024-12-09T20:56:24.701+0000] {logging_mixin.py:190} INFO - [2024-12-09T20:56:24.700+0000] {dag.py:3239} INFO - Sync 1 DAGs
[2024-12-09T20:56:24.712+0000] {logging_mixin.py:190} INFO - [2024-12-09T20:56:24.711+0000] {dag.py:4180} INFO - Setting next_dagrun for example_complex to None, run_after=None
[2024-12-09T20:56:24.726+0000] {processor.py:208} INFO - Processing /home/airflow/.local/lib/python3.12/site-packages/airflow/example_dags/example_complex.py took 0.066 seconds
[2024-12-09T20:56:55.609+0000] {processor.py:186} INFO - Started process (PID=4498) to work on /home/airflow/.local/lib/python3.12/site-packages/airflow/example_dags/example_complex.py
[2024-12-09T20:56:55.610+0000] {processor.py:914} INFO - Processing file /home/airflow/.local/lib/python3.12/site-packages/airflow/example_dags/example_complex.py for tasks to queue
[2024-12-09T20:56:55.613+0000] {logging_mixin.py:190} INFO - [2024-12-09T20:56:55.612+0000] {dagbag.py:588} INFO - Filling up the DagBag from /home/airflow/.local/lib/python3.12/site-packages/airflow/example_dags/example_complex.py
[2024-12-09T20:56:55.622+0000] {processor.py:925} INFO - DAG(s) 'example_complex' retrieved from /home/airflow/.local/lib/python3.12/site-packages/airflow/example_dags/example_complex.py
[2024-12-09T20:56:55.646+0000] {logging_mixin.py:190} INFO - [2024-12-09T20:56:55.646+0000] {dag.py:3239} INFO - Sync 1 DAGs
[2024-12-09T20:56:55.657+0000] {logging_mixin.py:190} INFO - [2024-12-09T20:56:55.657+0000] {dag.py:4180} INFO - Setting next_dagrun for example_complex to None, run_after=None
[2024-12-09T20:56:55.672+0000] {processor.py:208} INFO - Processing /home/airflow/.local/lib/python3.12/site-packages/airflow/example_dags/example_complex.py took 0.068 seconds
[2024-12-09T20:57:26.438+0000] {processor.py:186} INFO - Started process (PID=4566) to work on /home/airflow/.local/lib/python3.12/site-packages/airflow/example_dags/example_complex.py
[2024-12-09T20:57:26.439+0000] {processor.py:914} INFO - Processing file /home/airflow/.local/lib/python3.12/site-packages/airflow/example_dags/example_complex.py for tasks to queue
[2024-12-09T20:57:26.441+0000] {logging_mixin.py:190} INFO - [2024-12-09T20:57:26.440+0000] {dagbag.py:588} INFO - Filling up the DagBag from /home/airflow/.local/lib/python3.12/site-packages/airflow/example_dags/example_complex.py
[2024-12-09T20:57:26.450+0000] {processor.py:925} INFO - DAG(s) 'example_complex' retrieved from /home/airflow/.local/lib/python3.12/site-packages/airflow/example_dags/example_complex.py
[2024-12-09T20:57:26.478+0000] {logging_mixin.py:190} INFO - [2024-12-09T20:57:26.477+0000] {dag.py:3239} INFO - Sync 1 DAGs
[2024-12-09T20:57:26.492+0000] {logging_mixin.py:190} INFO - [2024-12-09T20:57:26.492+0000] {dag.py:4180} INFO - Setting next_dagrun for example_complex to None, run_after=None
[2024-12-09T20:57:26.510+0000] {processor.py:208} INFO - Processing /home/airflow/.local/lib/python3.12/site-packages/airflow/example_dags/example_complex.py took 0.076 seconds
[2024-12-09T20:57:57.397+0000] {processor.py:186} INFO - Started process (PID=4634) to work on /home/airflow/.local/lib/python3.12/site-packages/airflow/example_dags/example_complex.py
[2024-12-09T20:57:57.398+0000] {processor.py:914} INFO - Processing file /home/airflow/.local/lib/python3.12/site-packages/airflow/example_dags/example_complex.py for tasks to queue
[2024-12-09T20:57:57.400+0000] {logging_mixin.py:190} INFO - [2024-12-09T20:57:57.400+0000] {dagbag.py:588} INFO - Filling up the DagBag from /home/airflow/.local/lib/python3.12/site-packages/airflow/example_dags/example_complex.py
[2024-12-09T20:57:57.411+0000] {processor.py:925} INFO - DAG(s) 'example_complex' retrieved from /home/airflow/.local/lib/python3.12/site-packages/airflow/example_dags/example_complex.py
[2024-12-09T20:57:57.438+0000] {logging_mixin.py:190} INFO - [2024-12-09T20:57:57.437+0000] {dag.py:3239} INFO - Sync 1 DAGs
[2024-12-09T20:57:57.450+0000] {logging_mixin.py:190} INFO - [2024-12-09T20:57:57.450+0000] {dag.py:4180} INFO - Setting next_dagrun for example_complex to None, run_after=None
[2024-12-09T20:57:57.467+0000] {processor.py:208} INFO - Processing /home/airflow/.local/lib/python3.12/site-packages/airflow/example_dags/example_complex.py took 0.076 seconds
[2024-12-09T20:58:28.333+0000] {processor.py:186} INFO - Started process (PID=4702) to work on /home/airflow/.local/lib/python3.12/site-packages/airflow/example_dags/example_complex.py
[2024-12-09T20:58:28.334+0000] {processor.py:914} INFO - Processing file /home/airflow/.local/lib/python3.12/site-packages/airflow/example_dags/example_complex.py for tasks to queue
[2024-12-09T20:58:28.336+0000] {logging_mixin.py:190} INFO - [2024-12-09T20:58:28.336+0000] {dagbag.py:588} INFO - Filling up the DagBag from /home/airflow/.local/lib/python3.12/site-packages/airflow/example_dags/example_complex.py
[2024-12-09T20:58:28.346+0000] {processor.py:925} INFO - DAG(s) 'example_complex' retrieved from /home/airflow/.local/lib/python3.12/site-packages/airflow/example_dags/example_complex.py
[2024-12-09T20:58:28.370+0000] {logging_mixin.py:190} INFO - [2024-12-09T20:58:28.370+0000] {dag.py:3239} INFO - Sync 1 DAGs
[2024-12-09T20:58:28.382+0000] {logging_mixin.py:190} INFO - [2024-12-09T20:58:28.382+0000] {dag.py:4180} INFO - Setting next_dagrun for example_complex to None, run_after=None
[2024-12-09T20:58:28.396+0000] {processor.py:208} INFO - Processing /home/airflow/.local/lib/python3.12/site-packages/airflow/example_dags/example_complex.py took 0.067 seconds
[2024-12-09T20:58:59.310+0000] {processor.py:186} INFO - Started process (PID=4770) to work on /home/airflow/.local/lib/python3.12/site-packages/airflow/example_dags/example_complex.py
[2024-12-09T20:58:59.311+0000] {processor.py:914} INFO - Processing file /home/airflow/.local/lib/python3.12/site-packages/airflow/example_dags/example_complex.py for tasks to queue
[2024-12-09T20:58:59.313+0000] {logging_mixin.py:190} INFO - [2024-12-09T20:58:59.313+0000] {dagbag.py:588} INFO - Filling up the DagBag from /home/airflow/.local/lib/python3.12/site-packages/airflow/example_dags/example_complex.py
[2024-12-09T20:58:59.322+0000] {processor.py:925} INFO - DAG(s) 'example_complex' retrieved from /home/airflow/.local/lib/python3.12/site-packages/airflow/example_dags/example_complex.py
[2024-12-09T20:58:59.346+0000] {logging_mixin.py:190} INFO - [2024-12-09T20:58:59.346+0000] {dag.py:3239} INFO - Sync 1 DAGs
[2024-12-09T20:58:59.357+0000] {logging_mixin.py:190} INFO - [2024-12-09T20:58:59.357+0000] {dag.py:4180} INFO - Setting next_dagrun for example_complex to None, run_after=None
[2024-12-09T20:58:59.370+0000] {processor.py:208} INFO - Processing /home/airflow/.local/lib/python3.12/site-packages/airflow/example_dags/example_complex.py took 0.065 seconds
[2024-12-09T21:00:19.773+0000] {processor.py:186} INFO - Started process (PID=97) to work on /home/airflow/.local/lib/python3.12/site-packages/airflow/example_dags/example_complex.py
[2024-12-09T21:00:19.774+0000] {processor.py:914} INFO - Processing file /home/airflow/.local/lib/python3.12/site-packages/airflow/example_dags/example_complex.py for tasks to queue
[2024-12-09T21:00:19.778+0000] {logging_mixin.py:190} INFO - [2024-12-09T21:00:19.777+0000] {dagbag.py:588} INFO - Filling up the DagBag from /home/airflow/.local/lib/python3.12/site-packages/airflow/example_dags/example_complex.py
[2024-12-09T21:00:19.791+0000] {processor.py:925} INFO - DAG(s) 'example_complex' retrieved from /home/airflow/.local/lib/python3.12/site-packages/airflow/example_dags/example_complex.py
[2024-12-09T21:00:19.827+0000] {logging_mixin.py:190} INFO - [2024-12-09T21:00:19.826+0000] {dag.py:3239} INFO - Sync 1 DAGs
[2024-12-09T21:00:19.842+0000] {logging_mixin.py:190} INFO - [2024-12-09T21:00:19.841+0000] {dag.py:4180} INFO - Setting next_dagrun for example_complex to None, run_after=None
[2024-12-09T21:00:19.859+0000] {processor.py:208} INFO - Processing /home/airflow/.local/lib/python3.12/site-packages/airflow/example_dags/example_complex.py took 0.095 seconds
[2024-12-09T21:00:51.203+0000] {processor.py:186} INFO - Started process (PID=169) to work on /home/airflow/.local/lib/python3.12/site-packages/airflow/example_dags/example_complex.py
[2024-12-09T21:00:51.204+0000] {processor.py:914} INFO - Processing file /home/airflow/.local/lib/python3.12/site-packages/airflow/example_dags/example_complex.py for tasks to queue
[2024-12-09T21:00:51.207+0000] {logging_mixin.py:190} INFO - [2024-12-09T21:00:51.206+0000] {dagbag.py:588} INFO - Filling up the DagBag from /home/airflow/.local/lib/python3.12/site-packages/airflow/example_dags/example_complex.py
[2024-12-09T21:00:51.218+0000] {processor.py:925} INFO - DAG(s) 'example_complex' retrieved from /home/airflow/.local/lib/python3.12/site-packages/airflow/example_dags/example_complex.py
[2024-12-09T21:00:51.247+0000] {logging_mixin.py:190} INFO - [2024-12-09T21:00:51.247+0000] {dag.py:3239} INFO - Sync 1 DAGs
[2024-12-09T21:00:51.260+0000] {logging_mixin.py:190} INFO - [2024-12-09T21:00:51.260+0000] {dag.py:4180} INFO - Setting next_dagrun for example_complex to None, run_after=None
[2024-12-09T21:00:51.276+0000] {processor.py:208} INFO - Processing /home/airflow/.local/lib/python3.12/site-packages/airflow/example_dags/example_complex.py took 0.079 seconds
[2024-12-09T21:01:21.802+0000] {processor.py:186} INFO - Started process (PID=237) to work on /home/airflow/.local/lib/python3.12/site-packages/airflow/example_dags/example_complex.py
[2024-12-09T21:01:21.803+0000] {processor.py:914} INFO - Processing file /home/airflow/.local/lib/python3.12/site-packages/airflow/example_dags/example_complex.py for tasks to queue
[2024-12-09T21:01:21.805+0000] {logging_mixin.py:190} INFO - [2024-12-09T21:01:21.805+0000] {dagbag.py:588} INFO - Filling up the DagBag from /home/airflow/.local/lib/python3.12/site-packages/airflow/example_dags/example_complex.py
[2024-12-09T21:01:21.814+0000] {processor.py:925} INFO - DAG(s) 'example_complex' retrieved from /home/airflow/.local/lib/python3.12/site-packages/airflow/example_dags/example_complex.py
[2024-12-09T21:01:21.838+0000] {logging_mixin.py:190} INFO - [2024-12-09T21:01:21.838+0000] {dag.py:3239} INFO - Sync 1 DAGs
[2024-12-09T21:01:21.849+0000] {logging_mixin.py:190} INFO - [2024-12-09T21:01:21.849+0000] {dag.py:4180} INFO - Setting next_dagrun for example_complex to None, run_after=None
[2024-12-09T21:01:21.865+0000] {processor.py:208} INFO - Processing /home/airflow/.local/lib/python3.12/site-packages/airflow/example_dags/example_complex.py took 0.068 seconds
[2024-12-09T21:01:52.596+0000] {processor.py:186} INFO - Started process (PID=308) to work on /home/airflow/.local/lib/python3.12/site-packages/airflow/example_dags/example_complex.py
[2024-12-09T21:01:52.597+0000] {processor.py:914} INFO - Processing file /home/airflow/.local/lib/python3.12/site-packages/airflow/example_dags/example_complex.py for tasks to queue
[2024-12-09T21:01:52.599+0000] {logging_mixin.py:190} INFO - [2024-12-09T21:01:52.599+0000] {dagbag.py:588} INFO - Filling up the DagBag from /home/airflow/.local/lib/python3.12/site-packages/airflow/example_dags/example_complex.py
[2024-12-09T21:01:52.608+0000] {processor.py:925} INFO - DAG(s) 'example_complex' retrieved from /home/airflow/.local/lib/python3.12/site-packages/airflow/example_dags/example_complex.py
[2024-12-09T21:01:52.634+0000] {logging_mixin.py:190} INFO - [2024-12-09T21:01:52.634+0000] {dag.py:3239} INFO - Sync 1 DAGs
[2024-12-09T21:01:52.646+0000] {logging_mixin.py:190} INFO - [2024-12-09T21:01:52.646+0000] {dag.py:4180} INFO - Setting next_dagrun for example_complex to None, run_after=None
[2024-12-09T21:01:52.662+0000] {processor.py:208} INFO - Processing /home/airflow/.local/lib/python3.12/site-packages/airflow/example_dags/example_complex.py took 0.070 seconds
[2024-12-09T21:02:23.166+0000] {processor.py:186} INFO - Started process (PID=380) to work on /home/airflow/.local/lib/python3.12/site-packages/airflow/example_dags/example_complex.py
[2024-12-09T21:02:23.167+0000] {processor.py:914} INFO - Processing file /home/airflow/.local/lib/python3.12/site-packages/airflow/example_dags/example_complex.py for tasks to queue
[2024-12-09T21:02:23.169+0000] {logging_mixin.py:190} INFO - [2024-12-09T21:02:23.169+0000] {dagbag.py:588} INFO - Filling up the DagBag from /home/airflow/.local/lib/python3.12/site-packages/airflow/example_dags/example_complex.py
[2024-12-09T21:02:23.179+0000] {processor.py:925} INFO - DAG(s) 'example_complex' retrieved from /home/airflow/.local/lib/python3.12/site-packages/airflow/example_dags/example_complex.py
[2024-12-09T21:02:23.205+0000] {logging_mixin.py:190} INFO - [2024-12-09T21:02:23.204+0000] {dag.py:3239} INFO - Sync 1 DAGs
[2024-12-09T21:02:23.217+0000] {logging_mixin.py:190} INFO - [2024-12-09T21:02:23.216+0000] {dag.py:4180} INFO - Setting next_dagrun for example_complex to None, run_after=None
[2024-12-09T21:02:23.235+0000] {processor.py:208} INFO - Processing /home/airflow/.local/lib/python3.12/site-packages/airflow/example_dags/example_complex.py took 0.074 seconds
[2024-12-09T21:02:53.711+0000] {processor.py:186} INFO - Started process (PID=448) to work on /home/airflow/.local/lib/python3.12/site-packages/airflow/example_dags/example_complex.py
[2024-12-09T21:02:53.712+0000] {processor.py:914} INFO - Processing file /home/airflow/.local/lib/python3.12/site-packages/airflow/example_dags/example_complex.py for tasks to queue
[2024-12-09T21:02:53.714+0000] {logging_mixin.py:190} INFO - [2024-12-09T21:02:53.713+0000] {dagbag.py:588} INFO - Filling up the DagBag from /home/airflow/.local/lib/python3.12/site-packages/airflow/example_dags/example_complex.py
[2024-12-09T21:02:53.723+0000] {processor.py:925} INFO - DAG(s) 'example_complex' retrieved from /home/airflow/.local/lib/python3.12/site-packages/airflow/example_dags/example_complex.py
[2024-12-09T21:02:53.747+0000] {logging_mixin.py:190} INFO - [2024-12-09T21:02:53.747+0000] {dag.py:3239} INFO - Sync 1 DAGs
[2024-12-09T21:02:53.758+0000] {logging_mixin.py:190} INFO - [2024-12-09T21:02:53.758+0000] {dag.py:4180} INFO - Setting next_dagrun for example_complex to None, run_after=None
[2024-12-09T21:02:53.772+0000] {processor.py:208} INFO - Processing /home/airflow/.local/lib/python3.12/site-packages/airflow/example_dags/example_complex.py took 0.066 seconds
[2024-12-09T21:03:24.255+0000] {processor.py:186} INFO - Started process (PID=515) to work on /home/airflow/.local/lib/python3.12/site-packages/airflow/example_dags/example_complex.py
[2024-12-09T21:03:24.256+0000] {processor.py:914} INFO - Processing file /home/airflow/.local/lib/python3.12/site-packages/airflow/example_dags/example_complex.py for tasks to queue
[2024-12-09T21:03:24.258+0000] {logging_mixin.py:190} INFO - [2024-12-09T21:03:24.258+0000] {dagbag.py:588} INFO - Filling up the DagBag from /home/airflow/.local/lib/python3.12/site-packages/airflow/example_dags/example_complex.py
[2024-12-09T21:03:24.268+0000] {processor.py:925} INFO - DAG(s) 'example_complex' retrieved from /home/airflow/.local/lib/python3.12/site-packages/airflow/example_dags/example_complex.py
[2024-12-09T21:03:24.294+0000] {logging_mixin.py:190} INFO - [2024-12-09T21:03:24.294+0000] {dag.py:3239} INFO - Sync 1 DAGs
[2024-12-09T21:03:24.307+0000] {logging_mixin.py:190} INFO - [2024-12-09T21:03:24.307+0000] {dag.py:4180} INFO - Setting next_dagrun for example_complex to None, run_after=None
[2024-12-09T21:03:24.322+0000] {processor.py:208} INFO - Processing /home/airflow/.local/lib/python3.12/site-packages/airflow/example_dags/example_complex.py took 0.073 seconds
[2024-12-09T21:03:54.904+0000] {processor.py:186} INFO - Started process (PID=582) to work on /home/airflow/.local/lib/python3.12/site-packages/airflow/example_dags/example_complex.py
[2024-12-09T21:03:54.905+0000] {processor.py:914} INFO - Processing file /home/airflow/.local/lib/python3.12/site-packages/airflow/example_dags/example_complex.py for tasks to queue
[2024-12-09T21:03:54.907+0000] {logging_mixin.py:190} INFO - [2024-12-09T21:03:54.906+0000] {dagbag.py:588} INFO - Filling up the DagBag from /home/airflow/.local/lib/python3.12/site-packages/airflow/example_dags/example_complex.py
[2024-12-09T21:03:54.916+0000] {processor.py:925} INFO - DAG(s) 'example_complex' retrieved from /home/airflow/.local/lib/python3.12/site-packages/airflow/example_dags/example_complex.py
[2024-12-09T21:03:54.940+0000] {logging_mixin.py:190} INFO - [2024-12-09T21:03:54.940+0000] {dag.py:3239} INFO - Sync 1 DAGs
[2024-12-09T21:03:54.951+0000] {logging_mixin.py:190} INFO - [2024-12-09T21:03:54.951+0000] {dag.py:4180} INFO - Setting next_dagrun for example_complex to None, run_after=None
[2024-12-09T21:03:54.965+0000] {processor.py:208} INFO - Processing /home/airflow/.local/lib/python3.12/site-packages/airflow/example_dags/example_complex.py took 0.066 seconds
