[2024-12-09T20:10:12.190+0000] {processor.py:186} INFO - Started process (PID=107) to work on /home/airflow/.local/lib/python3.12/site-packages/airflow/example_dags/example_sensors.py
[2024-12-09T20:10:12.199+0000] {processor.py:914} INFO - Processing file /home/airflow/.local/lib/python3.12/site-packages/airflow/example_dags/example_sensors.py for tasks to queue
[2024-12-09T20:10:12.203+0000] {logging_mixin.py:190} INFO - [2024-12-09T20:10:12.203+0000] {dagbag.py:588} INFO - Filling up the DagBag from /home/airflow/.local/lib/python3.12/site-packages/airflow/example_dags/example_sensors.py
[2024-12-09T20:10:12.232+0000] {processor.py:925} INFO - DAG(s) 'example_sensors' retrieved from /home/airflow/.local/lib/python3.12/site-packages/airflow/example_dags/example_sensors.py
[2024-12-09T20:10:12.310+0000] {logging_mixin.py:190} INFO - [2024-12-09T20:10:12.310+0000] {dag.py:3239} INFO - Sync 1 DAGs
[2024-12-09T20:10:12.364+0000] {logging_mixin.py:190} INFO - [2024-12-09T20:10:12.363+0000] {dag.py:4180} INFO - Setting next_dagrun for example_sensors to None, run_after=None
[2024-12-09T20:10:12.476+0000] {processor.py:208} INFO - Processing /home/airflow/.local/lib/python3.12/site-packages/airflow/example_dags/example_sensors.py took 0.304 seconds
[2024-12-09T20:24:23.417+0000] {processor.py:186} INFO - Started process (PID=101) to work on /home/airflow/.local/lib/python3.12/site-packages/airflow/example_dags/example_sensors.py
[2024-12-09T20:24:23.427+0000] {processor.py:914} INFO - Processing file /home/airflow/.local/lib/python3.12/site-packages/airflow/example_dags/example_sensors.py for tasks to queue
[2024-12-09T20:24:23.454+0000] {logging_mixin.py:190} INFO - [2024-12-09T20:24:23.453+0000] {dagbag.py:588} INFO - Filling up the DagBag from /home/airflow/.local/lib/python3.12/site-packages/airflow/example_dags/example_sensors.py
[2024-12-09T20:24:23.507+0000] {processor.py:925} INFO - DAG(s) 'example_sensors' retrieved from /home/airflow/.local/lib/python3.12/site-packages/airflow/example_dags/example_sensors.py
[2024-12-09T20:24:23.639+0000] {logging_mixin.py:190} INFO - [2024-12-09T20:24:23.639+0000] {dag.py:3239} INFO - Sync 1 DAGs
[2024-12-09T20:24:23.703+0000] {logging_mixin.py:190} INFO - [2024-12-09T20:24:23.703+0000] {dag.py:4180} INFO - Setting next_dagrun for example_sensors to None, run_after=None
[2024-12-09T20:24:23.752+0000] {processor.py:208} INFO - Processing /home/airflow/.local/lib/python3.12/site-packages/airflow/example_dags/example_sensors.py took 0.375 seconds
[2024-12-09T20:24:54.139+0000] {processor.py:186} INFO - Started process (PID=188) to work on /home/airflow/.local/lib/python3.12/site-packages/airflow/example_dags/example_sensors.py
[2024-12-09T20:24:54.140+0000] {processor.py:914} INFO - Processing file /home/airflow/.local/lib/python3.12/site-packages/airflow/example_dags/example_sensors.py for tasks to queue
[2024-12-09T20:24:54.143+0000] {logging_mixin.py:190} INFO - [2024-12-09T20:24:54.142+0000] {dagbag.py:588} INFO - Filling up the DagBag from /home/airflow/.local/lib/python3.12/site-packages/airflow/example_dags/example_sensors.py
[2024-12-09T20:24:54.154+0000] {processor.py:925} INFO - DAG(s) 'example_sensors' retrieved from /home/airflow/.local/lib/python3.12/site-packages/airflow/example_dags/example_sensors.py
[2024-12-09T20:24:54.178+0000] {logging_mixin.py:190} INFO - [2024-12-09T20:24:54.178+0000] {dag.py:3239} INFO - Sync 1 DAGs
[2024-12-09T20:24:54.192+0000] {logging_mixin.py:190} INFO - [2024-12-09T20:24:54.192+0000] {dag.py:4180} INFO - Setting next_dagrun for example_sensors to None, run_after=None
[2024-12-09T20:24:54.212+0000] {processor.py:208} INFO - Processing /home/airflow/.local/lib/python3.12/site-packages/airflow/example_dags/example_sensors.py took 0.080 seconds
[2024-12-09T20:25:25.228+0000] {processor.py:186} INFO - Started process (PID=256) to work on /home/airflow/.local/lib/python3.12/site-packages/airflow/example_dags/example_sensors.py
[2024-12-09T20:25:25.229+0000] {processor.py:914} INFO - Processing file /home/airflow/.local/lib/python3.12/site-packages/airflow/example_dags/example_sensors.py for tasks to queue
[2024-12-09T20:25:25.231+0000] {logging_mixin.py:190} INFO - [2024-12-09T20:25:25.231+0000] {dagbag.py:588} INFO - Filling up the DagBag from /home/airflow/.local/lib/python3.12/site-packages/airflow/example_dags/example_sensors.py
[2024-12-09T20:25:25.241+0000] {processor.py:925} INFO - DAG(s) 'example_sensors' retrieved from /home/airflow/.local/lib/python3.12/site-packages/airflow/example_dags/example_sensors.py
[2024-12-09T20:25:25.261+0000] {logging_mixin.py:190} INFO - [2024-12-09T20:25:25.261+0000] {dag.py:3239} INFO - Sync 1 DAGs
[2024-12-09T20:25:25.272+0000] {logging_mixin.py:190} INFO - [2024-12-09T20:25:25.272+0000] {dag.py:4180} INFO - Setting next_dagrun for example_sensors to None, run_after=None
[2024-12-09T20:25:25.286+0000] {processor.py:208} INFO - Processing /home/airflow/.local/lib/python3.12/site-packages/airflow/example_dags/example_sensors.py took 0.064 seconds
[2024-12-09T20:25:55.974+0000] {processor.py:186} INFO - Started process (PID=324) to work on /home/airflow/.local/lib/python3.12/site-packages/airflow/example_dags/example_sensors.py
[2024-12-09T20:25:55.975+0000] {processor.py:914} INFO - Processing file /home/airflow/.local/lib/python3.12/site-packages/airflow/example_dags/example_sensors.py for tasks to queue
[2024-12-09T20:25:55.978+0000] {logging_mixin.py:190} INFO - [2024-12-09T20:25:55.977+0000] {dagbag.py:588} INFO - Filling up the DagBag from /home/airflow/.local/lib/python3.12/site-packages/airflow/example_dags/example_sensors.py
[2024-12-09T20:25:55.988+0000] {processor.py:925} INFO - DAG(s) 'example_sensors' retrieved from /home/airflow/.local/lib/python3.12/site-packages/airflow/example_dags/example_sensors.py
[2024-12-09T20:25:56.012+0000] {logging_mixin.py:190} INFO - [2024-12-09T20:25:56.012+0000] {dag.py:3239} INFO - Sync 1 DAGs
[2024-12-09T20:25:56.024+0000] {logging_mixin.py:190} INFO - [2024-12-09T20:25:56.024+0000] {dag.py:4180} INFO - Setting next_dagrun for example_sensors to None, run_after=None
[2024-12-09T20:25:56.038+0000] {processor.py:208} INFO - Processing /home/airflow/.local/lib/python3.12/site-packages/airflow/example_dags/example_sensors.py took 0.070 seconds
[2024-12-09T20:26:27.323+0000] {processor.py:186} INFO - Started process (PID=392) to work on /home/airflow/.local/lib/python3.12/site-packages/airflow/example_dags/example_sensors.py
[2024-12-09T20:26:27.324+0000] {processor.py:914} INFO - Processing file /home/airflow/.local/lib/python3.12/site-packages/airflow/example_dags/example_sensors.py for tasks to queue
[2024-12-09T20:26:27.326+0000] {logging_mixin.py:190} INFO - [2024-12-09T20:26:27.326+0000] {dagbag.py:588} INFO - Filling up the DagBag from /home/airflow/.local/lib/python3.12/site-packages/airflow/example_dags/example_sensors.py
[2024-12-09T20:26:27.335+0000] {processor.py:925} INFO - DAG(s) 'example_sensors' retrieved from /home/airflow/.local/lib/python3.12/site-packages/airflow/example_dags/example_sensors.py
[2024-12-09T20:26:27.355+0000] {logging_mixin.py:190} INFO - [2024-12-09T20:26:27.355+0000] {dag.py:3239} INFO - Sync 1 DAGs
[2024-12-09T20:26:27.366+0000] {logging_mixin.py:190} INFO - [2024-12-09T20:26:27.366+0000] {dag.py:4180} INFO - Setting next_dagrun for example_sensors to None, run_after=None
[2024-12-09T20:26:27.381+0000] {processor.py:208} INFO - Processing /home/airflow/.local/lib/python3.12/site-packages/airflow/example_dags/example_sensors.py took 0.062 seconds
[2024-12-09T20:26:58.005+0000] {processor.py:186} INFO - Started process (PID=460) to work on /home/airflow/.local/lib/python3.12/site-packages/airflow/example_dags/example_sensors.py
[2024-12-09T20:26:58.006+0000] {processor.py:914} INFO - Processing file /home/airflow/.local/lib/python3.12/site-packages/airflow/example_dags/example_sensors.py for tasks to queue
[2024-12-09T20:26:58.008+0000] {logging_mixin.py:190} INFO - [2024-12-09T20:26:58.008+0000] {dagbag.py:588} INFO - Filling up the DagBag from /home/airflow/.local/lib/python3.12/site-packages/airflow/example_dags/example_sensors.py
[2024-12-09T20:26:58.017+0000] {processor.py:925} INFO - DAG(s) 'example_sensors' retrieved from /home/airflow/.local/lib/python3.12/site-packages/airflow/example_dags/example_sensors.py
[2024-12-09T20:26:58.037+0000] {logging_mixin.py:190} INFO - [2024-12-09T20:26:58.036+0000] {dag.py:3239} INFO - Sync 1 DAGs
[2024-12-09T20:26:58.047+0000] {logging_mixin.py:190} INFO - [2024-12-09T20:26:58.047+0000] {dag.py:4180} INFO - Setting next_dagrun for example_sensors to None, run_after=None
[2024-12-09T20:26:58.062+0000] {processor.py:208} INFO - Processing /home/airflow/.local/lib/python3.12/site-packages/airflow/example_dags/example_sensors.py took 0.062 seconds
[2024-12-09T20:27:28.728+0000] {processor.py:186} INFO - Started process (PID=528) to work on /home/airflow/.local/lib/python3.12/site-packages/airflow/example_dags/example_sensors.py
[2024-12-09T20:27:28.728+0000] {processor.py:914} INFO - Processing file /home/airflow/.local/lib/python3.12/site-packages/airflow/example_dags/example_sensors.py for tasks to queue
[2024-12-09T20:27:28.730+0000] {logging_mixin.py:190} INFO - [2024-12-09T20:27:28.730+0000] {dagbag.py:588} INFO - Filling up the DagBag from /home/airflow/.local/lib/python3.12/site-packages/airflow/example_dags/example_sensors.py
[2024-12-09T20:27:28.739+0000] {processor.py:925} INFO - DAG(s) 'example_sensors' retrieved from /home/airflow/.local/lib/python3.12/site-packages/airflow/example_dags/example_sensors.py
[2024-12-09T20:27:28.760+0000] {logging_mixin.py:190} INFO - [2024-12-09T20:27:28.760+0000] {dag.py:3239} INFO - Sync 1 DAGs
[2024-12-09T20:27:28.773+0000] {logging_mixin.py:190} INFO - [2024-12-09T20:27:28.773+0000] {dag.py:4180} INFO - Setting next_dagrun for example_sensors to None, run_after=None
[2024-12-09T20:27:28.787+0000] {processor.py:208} INFO - Processing /home/airflow/.local/lib/python3.12/site-packages/airflow/example_dags/example_sensors.py took 0.064 seconds
[2024-12-09T20:27:59.486+0000] {processor.py:186} INFO - Started process (PID=596) to work on /home/airflow/.local/lib/python3.12/site-packages/airflow/example_dags/example_sensors.py
[2024-12-09T20:27:59.487+0000] {processor.py:914} INFO - Processing file /home/airflow/.local/lib/python3.12/site-packages/airflow/example_dags/example_sensors.py for tasks to queue
[2024-12-09T20:27:59.490+0000] {logging_mixin.py:190} INFO - [2024-12-09T20:27:59.490+0000] {dagbag.py:588} INFO - Filling up the DagBag from /home/airflow/.local/lib/python3.12/site-packages/airflow/example_dags/example_sensors.py
[2024-12-09T20:27:59.502+0000] {processor.py:925} INFO - DAG(s) 'example_sensors' retrieved from /home/airflow/.local/lib/python3.12/site-packages/airflow/example_dags/example_sensors.py
[2024-12-09T20:27:59.526+0000] {logging_mixin.py:190} INFO - [2024-12-09T20:27:59.525+0000] {dag.py:3239} INFO - Sync 1 DAGs
[2024-12-09T20:27:59.539+0000] {logging_mixin.py:190} INFO - [2024-12-09T20:27:59.539+0000] {dag.py:4180} INFO - Setting next_dagrun for example_sensors to None, run_after=None
[2024-12-09T20:27:59.557+0000] {processor.py:208} INFO - Processing /home/airflow/.local/lib/python3.12/site-packages/airflow/example_dags/example_sensors.py took 0.076 seconds
[2024-12-09T20:28:30.098+0000] {processor.py:186} INFO - Started process (PID=664) to work on /home/airflow/.local/lib/python3.12/site-packages/airflow/example_dags/example_sensors.py
[2024-12-09T20:28:30.099+0000] {processor.py:914} INFO - Processing file /home/airflow/.local/lib/python3.12/site-packages/airflow/example_dags/example_sensors.py for tasks to queue
[2024-12-09T20:28:30.101+0000] {logging_mixin.py:190} INFO - [2024-12-09T20:28:30.101+0000] {dagbag.py:588} INFO - Filling up the DagBag from /home/airflow/.local/lib/python3.12/site-packages/airflow/example_dags/example_sensors.py
[2024-12-09T20:28:30.111+0000] {processor.py:925} INFO - DAG(s) 'example_sensors' retrieved from /home/airflow/.local/lib/python3.12/site-packages/airflow/example_dags/example_sensors.py
[2024-12-09T20:28:30.132+0000] {logging_mixin.py:190} INFO - [2024-12-09T20:28:30.132+0000] {dag.py:3239} INFO - Sync 1 DAGs
[2024-12-09T20:28:30.143+0000] {logging_mixin.py:190} INFO - [2024-12-09T20:28:30.143+0000] {dag.py:4180} INFO - Setting next_dagrun for example_sensors to None, run_after=None
[2024-12-09T20:28:30.160+0000] {processor.py:208} INFO - Processing /home/airflow/.local/lib/python3.12/site-packages/airflow/example_dags/example_sensors.py took 0.067 seconds
[2024-12-09T20:29:01.012+0000] {processor.py:186} INFO - Started process (PID=732) to work on /home/airflow/.local/lib/python3.12/site-packages/airflow/example_dags/example_sensors.py
[2024-12-09T20:29:01.013+0000] {processor.py:914} INFO - Processing file /home/airflow/.local/lib/python3.12/site-packages/airflow/example_dags/example_sensors.py for tasks to queue
[2024-12-09T20:29:01.015+0000] {logging_mixin.py:190} INFO - [2024-12-09T20:29:01.015+0000] {dagbag.py:588} INFO - Filling up the DagBag from /home/airflow/.local/lib/python3.12/site-packages/airflow/example_dags/example_sensors.py
[2024-12-09T20:29:01.024+0000] {processor.py:925} INFO - DAG(s) 'example_sensors' retrieved from /home/airflow/.local/lib/python3.12/site-packages/airflow/example_dags/example_sensors.py
[2024-12-09T20:29:01.044+0000] {logging_mixin.py:190} INFO - [2024-12-09T20:29:01.044+0000] {dag.py:3239} INFO - Sync 1 DAGs
[2024-12-09T20:29:01.057+0000] {logging_mixin.py:190} INFO - [2024-12-09T20:29:01.057+0000] {dag.py:4180} INFO - Setting next_dagrun for example_sensors to None, run_after=None
[2024-12-09T20:29:01.071+0000] {processor.py:208} INFO - Processing /home/airflow/.local/lib/python3.12/site-packages/airflow/example_dags/example_sensors.py took 0.064 seconds
[2024-12-09T20:29:31.765+0000] {processor.py:186} INFO - Started process (PID=804) to work on /home/airflow/.local/lib/python3.12/site-packages/airflow/example_dags/example_sensors.py
[2024-12-09T20:29:31.765+0000] {processor.py:914} INFO - Processing file /home/airflow/.local/lib/python3.12/site-packages/airflow/example_dags/example_sensors.py for tasks to queue
[2024-12-09T20:29:31.768+0000] {logging_mixin.py:190} INFO - [2024-12-09T20:29:31.767+0000] {dagbag.py:588} INFO - Filling up the DagBag from /home/airflow/.local/lib/python3.12/site-packages/airflow/example_dags/example_sensors.py
[2024-12-09T20:29:31.776+0000] {processor.py:925} INFO - DAG(s) 'example_sensors' retrieved from /home/airflow/.local/lib/python3.12/site-packages/airflow/example_dags/example_sensors.py
[2024-12-09T20:29:31.798+0000] {logging_mixin.py:190} INFO - [2024-12-09T20:29:31.798+0000] {dag.py:3239} INFO - Sync 1 DAGs
[2024-12-09T20:29:31.810+0000] {logging_mixin.py:190} INFO - [2024-12-09T20:29:31.810+0000] {dag.py:4180} INFO - Setting next_dagrun for example_sensors to None, run_after=None
[2024-12-09T20:29:31.828+0000] {processor.py:208} INFO - Processing /home/airflow/.local/lib/python3.12/site-packages/airflow/example_dags/example_sensors.py took 0.068 seconds
[2024-12-09T20:30:02.426+0000] {processor.py:186} INFO - Started process (PID=872) to work on /home/airflow/.local/lib/python3.12/site-packages/airflow/example_dags/example_sensors.py
[2024-12-09T20:30:02.427+0000] {processor.py:914} INFO - Processing file /home/airflow/.local/lib/python3.12/site-packages/airflow/example_dags/example_sensors.py for tasks to queue
[2024-12-09T20:30:02.429+0000] {logging_mixin.py:190} INFO - [2024-12-09T20:30:02.429+0000] {dagbag.py:588} INFO - Filling up the DagBag from /home/airflow/.local/lib/python3.12/site-packages/airflow/example_dags/example_sensors.py
[2024-12-09T20:30:02.438+0000] {processor.py:925} INFO - DAG(s) 'example_sensors' retrieved from /home/airflow/.local/lib/python3.12/site-packages/airflow/example_dags/example_sensors.py
[2024-12-09T20:30:02.457+0000] {logging_mixin.py:190} INFO - [2024-12-09T20:30:02.457+0000] {dag.py:3239} INFO - Sync 1 DAGs
[2024-12-09T20:30:02.468+0000] {logging_mixin.py:190} INFO - [2024-12-09T20:30:02.468+0000] {dag.py:4180} INFO - Setting next_dagrun for example_sensors to None, run_after=None
[2024-12-09T20:30:02.483+0000] {processor.py:208} INFO - Processing /home/airflow/.local/lib/python3.12/site-packages/airflow/example_dags/example_sensors.py took 0.061 seconds
[2024-12-09T20:30:33.921+0000] {processor.py:186} INFO - Started process (PID=942) to work on /home/airflow/.local/lib/python3.12/site-packages/airflow/example_dags/example_sensors.py
[2024-12-09T20:30:33.922+0000] {processor.py:914} INFO - Processing file /home/airflow/.local/lib/python3.12/site-packages/airflow/example_dags/example_sensors.py for tasks to queue
[2024-12-09T20:30:33.924+0000] {logging_mixin.py:190} INFO - [2024-12-09T20:30:33.923+0000] {dagbag.py:588} INFO - Filling up the DagBag from /home/airflow/.local/lib/python3.12/site-packages/airflow/example_dags/example_sensors.py
[2024-12-09T20:30:33.931+0000] {processor.py:925} INFO - DAG(s) 'example_sensors' retrieved from /home/airflow/.local/lib/python3.12/site-packages/airflow/example_dags/example_sensors.py
[2024-12-09T20:30:33.951+0000] {logging_mixin.py:190} INFO - [2024-12-09T20:30:33.951+0000] {dag.py:3239} INFO - Sync 1 DAGs
[2024-12-09T20:30:33.961+0000] {logging_mixin.py:190} INFO - [2024-12-09T20:30:33.961+0000] {dag.py:4180} INFO - Setting next_dagrun for example_sensors to None, run_after=None
[2024-12-09T20:30:33.976+0000] {processor.py:208} INFO - Processing /home/airflow/.local/lib/python3.12/site-packages/airflow/example_dags/example_sensors.py took 0.060 seconds
[2024-12-09T20:31:04.879+0000] {processor.py:186} INFO - Started process (PID=1010) to work on /home/airflow/.local/lib/python3.12/site-packages/airflow/example_dags/example_sensors.py
[2024-12-09T20:31:04.880+0000] {processor.py:914} INFO - Processing file /home/airflow/.local/lib/python3.12/site-packages/airflow/example_dags/example_sensors.py for tasks to queue
[2024-12-09T20:31:04.883+0000] {logging_mixin.py:190} INFO - [2024-12-09T20:31:04.883+0000] {dagbag.py:588} INFO - Filling up the DagBag from /home/airflow/.local/lib/python3.12/site-packages/airflow/example_dags/example_sensors.py
[2024-12-09T20:31:04.897+0000] {processor.py:925} INFO - DAG(s) 'example_sensors' retrieved from /home/airflow/.local/lib/python3.12/site-packages/airflow/example_dags/example_sensors.py
[2024-12-09T20:31:04.920+0000] {logging_mixin.py:190} INFO - [2024-12-09T20:31:04.919+0000] {dag.py:3239} INFO - Sync 1 DAGs
[2024-12-09T20:31:04.934+0000] {logging_mixin.py:190} INFO - [2024-12-09T20:31:04.934+0000] {dag.py:4180} INFO - Setting next_dagrun for example_sensors to None, run_after=None
[2024-12-09T20:31:04.949+0000] {processor.py:208} INFO - Processing /home/airflow/.local/lib/python3.12/site-packages/airflow/example_dags/example_sensors.py took 0.075 seconds
[2024-12-09T20:31:36.150+0000] {processor.py:186} INFO - Started process (PID=1095) to work on /home/airflow/.local/lib/python3.12/site-packages/airflow/example_dags/example_sensors.py
[2024-12-09T20:31:36.151+0000] {processor.py:914} INFO - Processing file /home/airflow/.local/lib/python3.12/site-packages/airflow/example_dags/example_sensors.py for tasks to queue
[2024-12-09T20:31:36.153+0000] {logging_mixin.py:190} INFO - [2024-12-09T20:31:36.153+0000] {dagbag.py:588} INFO - Filling up the DagBag from /home/airflow/.local/lib/python3.12/site-packages/airflow/example_dags/example_sensors.py
[2024-12-09T20:31:36.163+0000] {processor.py:925} INFO - DAG(s) 'example_sensors' retrieved from /home/airflow/.local/lib/python3.12/site-packages/airflow/example_dags/example_sensors.py
[2024-12-09T20:31:36.183+0000] {logging_mixin.py:190} INFO - [2024-12-09T20:31:36.183+0000] {dag.py:3239} INFO - Sync 1 DAGs
[2024-12-09T20:31:36.194+0000] {logging_mixin.py:190} INFO - [2024-12-09T20:31:36.193+0000] {dag.py:4180} INFO - Setting next_dagrun for example_sensors to None, run_after=None
[2024-12-09T20:31:36.209+0000] {processor.py:208} INFO - Processing /home/airflow/.local/lib/python3.12/site-packages/airflow/example_dags/example_sensors.py took 0.064 seconds
[2024-12-09T20:32:06.966+0000] {processor.py:186} INFO - Started process (PID=1163) to work on /home/airflow/.local/lib/python3.12/site-packages/airflow/example_dags/example_sensors.py
[2024-12-09T20:32:06.967+0000] {processor.py:914} INFO - Processing file /home/airflow/.local/lib/python3.12/site-packages/airflow/example_dags/example_sensors.py for tasks to queue
[2024-12-09T20:32:06.970+0000] {logging_mixin.py:190} INFO - [2024-12-09T20:32:06.969+0000] {dagbag.py:588} INFO - Filling up the DagBag from /home/airflow/.local/lib/python3.12/site-packages/airflow/example_dags/example_sensors.py
[2024-12-09T20:32:06.980+0000] {processor.py:925} INFO - DAG(s) 'example_sensors' retrieved from /home/airflow/.local/lib/python3.12/site-packages/airflow/example_dags/example_sensors.py
[2024-12-09T20:32:07.004+0000] {logging_mixin.py:190} INFO - [2024-12-09T20:32:07.004+0000] {dag.py:3239} INFO - Sync 1 DAGs
[2024-12-09T20:32:07.016+0000] {logging_mixin.py:190} INFO - [2024-12-09T20:32:07.016+0000] {dag.py:4180} INFO - Setting next_dagrun for example_sensors to None, run_after=None
[2024-12-09T20:32:07.033+0000] {processor.py:208} INFO - Processing /home/airflow/.local/lib/python3.12/site-packages/airflow/example_dags/example_sensors.py took 0.073 seconds
[2024-12-09T20:32:37.646+0000] {processor.py:186} INFO - Started process (PID=1231) to work on /home/airflow/.local/lib/python3.12/site-packages/airflow/example_dags/example_sensors.py
[2024-12-09T20:32:37.647+0000] {processor.py:914} INFO - Processing file /home/airflow/.local/lib/python3.12/site-packages/airflow/example_dags/example_sensors.py for tasks to queue
[2024-12-09T20:32:37.649+0000] {logging_mixin.py:190} INFO - [2024-12-09T20:32:37.649+0000] {dagbag.py:588} INFO - Filling up the DagBag from /home/airflow/.local/lib/python3.12/site-packages/airflow/example_dags/example_sensors.py
[2024-12-09T20:32:37.658+0000] {processor.py:925} INFO - DAG(s) 'example_sensors' retrieved from /home/airflow/.local/lib/python3.12/site-packages/airflow/example_dags/example_sensors.py
[2024-12-09T20:32:37.677+0000] {logging_mixin.py:190} INFO - [2024-12-09T20:32:37.677+0000] {dag.py:3239} INFO - Sync 1 DAGs
[2024-12-09T20:32:37.688+0000] {logging_mixin.py:190} INFO - [2024-12-09T20:32:37.688+0000] {dag.py:4180} INFO - Setting next_dagrun for example_sensors to None, run_after=None
[2024-12-09T20:32:37.703+0000] {processor.py:208} INFO - Processing /home/airflow/.local/lib/python3.12/site-packages/airflow/example_dags/example_sensors.py took 0.061 seconds
[2024-12-09T20:33:09.348+0000] {processor.py:186} INFO - Started process (PID=1299) to work on /home/airflow/.local/lib/python3.12/site-packages/airflow/example_dags/example_sensors.py
[2024-12-09T20:33:09.350+0000] {processor.py:914} INFO - Processing file /home/airflow/.local/lib/python3.12/site-packages/airflow/example_dags/example_sensors.py for tasks to queue
[2024-12-09T20:33:09.353+0000] {logging_mixin.py:190} INFO - [2024-12-09T20:33:09.352+0000] {dagbag.py:588} INFO - Filling up the DagBag from /home/airflow/.local/lib/python3.12/site-packages/airflow/example_dags/example_sensors.py
[2024-12-09T20:33:09.364+0000] {processor.py:925} INFO - DAG(s) 'example_sensors' retrieved from /home/airflow/.local/lib/python3.12/site-packages/airflow/example_dags/example_sensors.py
[2024-12-09T20:33:09.389+0000] {logging_mixin.py:190} INFO - [2024-12-09T20:33:09.389+0000] {dag.py:3239} INFO - Sync 1 DAGs
[2024-12-09T20:33:09.403+0000] {logging_mixin.py:190} INFO - [2024-12-09T20:33:09.403+0000] {dag.py:4180} INFO - Setting next_dagrun for example_sensors to None, run_after=None
[2024-12-09T20:33:09.419+0000] {processor.py:208} INFO - Processing /home/airflow/.local/lib/python3.12/site-packages/airflow/example_dags/example_sensors.py took 0.078 seconds
[2024-12-09T20:33:40.903+0000] {processor.py:186} INFO - Started process (PID=1368) to work on /home/airflow/.local/lib/python3.12/site-packages/airflow/example_dags/example_sensors.py
[2024-12-09T20:33:40.904+0000] {processor.py:914} INFO - Processing file /home/airflow/.local/lib/python3.12/site-packages/airflow/example_dags/example_sensors.py for tasks to queue
[2024-12-09T20:33:40.906+0000] {logging_mixin.py:190} INFO - [2024-12-09T20:33:40.906+0000] {dagbag.py:588} INFO - Filling up the DagBag from /home/airflow/.local/lib/python3.12/site-packages/airflow/example_dags/example_sensors.py
[2024-12-09T20:33:40.916+0000] {processor.py:925} INFO - DAG(s) 'example_sensors' retrieved from /home/airflow/.local/lib/python3.12/site-packages/airflow/example_dags/example_sensors.py
[2024-12-09T20:33:40.941+0000] {logging_mixin.py:190} INFO - [2024-12-09T20:33:40.941+0000] {dag.py:3239} INFO - Sync 1 DAGs
[2024-12-09T20:33:40.953+0000] {logging_mixin.py:190} INFO - [2024-12-09T20:33:40.953+0000] {dag.py:4180} INFO - Setting next_dagrun for example_sensors to None, run_after=None
[2024-12-09T20:33:40.969+0000] {processor.py:208} INFO - Processing /home/airflow/.local/lib/python3.12/site-packages/airflow/example_dags/example_sensors.py took 0.072 seconds
[2024-12-09T20:34:11.593+0000] {processor.py:186} INFO - Started process (PID=1440) to work on /home/airflow/.local/lib/python3.12/site-packages/airflow/example_dags/example_sensors.py
[2024-12-09T20:34:11.594+0000] {processor.py:914} INFO - Processing file /home/airflow/.local/lib/python3.12/site-packages/airflow/example_dags/example_sensors.py for tasks to queue
[2024-12-09T20:34:11.596+0000] {logging_mixin.py:190} INFO - [2024-12-09T20:34:11.595+0000] {dagbag.py:588} INFO - Filling up the DagBag from /home/airflow/.local/lib/python3.12/site-packages/airflow/example_dags/example_sensors.py
[2024-12-09T20:34:11.605+0000] {processor.py:925} INFO - DAG(s) 'example_sensors' retrieved from /home/airflow/.local/lib/python3.12/site-packages/airflow/example_dags/example_sensors.py
[2024-12-09T20:34:11.623+0000] {logging_mixin.py:190} INFO - [2024-12-09T20:34:11.623+0000] {dag.py:3239} INFO - Sync 1 DAGs
[2024-12-09T20:34:11.633+0000] {logging_mixin.py:190} INFO - [2024-12-09T20:34:11.633+0000] {dag.py:4180} INFO - Setting next_dagrun for example_sensors to None, run_after=None
[2024-12-09T20:34:11.647+0000] {processor.py:208} INFO - Processing /home/airflow/.local/lib/python3.12/site-packages/airflow/example_dags/example_sensors.py took 0.058 seconds
[2024-12-09T20:34:43.055+0000] {processor.py:186} INFO - Started process (PID=1508) to work on /home/airflow/.local/lib/python3.12/site-packages/airflow/example_dags/example_sensors.py
[2024-12-09T20:34:43.056+0000] {processor.py:914} INFO - Processing file /home/airflow/.local/lib/python3.12/site-packages/airflow/example_dags/example_sensors.py for tasks to queue
[2024-12-09T20:34:43.058+0000] {logging_mixin.py:190} INFO - [2024-12-09T20:34:43.058+0000] {dagbag.py:588} INFO - Filling up the DagBag from /home/airflow/.local/lib/python3.12/site-packages/airflow/example_dags/example_sensors.py
[2024-12-09T20:34:43.067+0000] {processor.py:925} INFO - DAG(s) 'example_sensors' retrieved from /home/airflow/.local/lib/python3.12/site-packages/airflow/example_dags/example_sensors.py
[2024-12-09T20:34:43.088+0000] {logging_mixin.py:190} INFO - [2024-12-09T20:34:43.088+0000] {dag.py:3239} INFO - Sync 1 DAGs
[2024-12-09T20:34:43.100+0000] {logging_mixin.py:190} INFO - [2024-12-09T20:34:43.099+0000] {dag.py:4180} INFO - Setting next_dagrun for example_sensors to None, run_after=None
[2024-12-09T20:34:43.114+0000] {processor.py:208} INFO - Processing /home/airflow/.local/lib/python3.12/site-packages/airflow/example_dags/example_sensors.py took 0.064 seconds
[2024-12-09T20:35:14.429+0000] {processor.py:186} INFO - Started process (PID=1579) to work on /home/airflow/.local/lib/python3.12/site-packages/airflow/example_dags/example_sensors.py
[2024-12-09T20:35:14.430+0000] {processor.py:914} INFO - Processing file /home/airflow/.local/lib/python3.12/site-packages/airflow/example_dags/example_sensors.py for tasks to queue
[2024-12-09T20:35:14.432+0000] {logging_mixin.py:190} INFO - [2024-12-09T20:35:14.432+0000] {dagbag.py:588} INFO - Filling up the DagBag from /home/airflow/.local/lib/python3.12/site-packages/airflow/example_dags/example_sensors.py
[2024-12-09T20:35:14.441+0000] {processor.py:925} INFO - DAG(s) 'example_sensors' retrieved from /home/airflow/.local/lib/python3.12/site-packages/airflow/example_dags/example_sensors.py
[2024-12-09T20:35:14.463+0000] {logging_mixin.py:190} INFO - [2024-12-09T20:35:14.463+0000] {dag.py:3239} INFO - Sync 1 DAGs
[2024-12-09T20:35:14.474+0000] {logging_mixin.py:190} INFO - [2024-12-09T20:35:14.474+0000] {dag.py:4180} INFO - Setting next_dagrun for example_sensors to None, run_after=None
[2024-12-09T20:35:14.489+0000] {processor.py:208} INFO - Processing /home/airflow/.local/lib/python3.12/site-packages/airflow/example_dags/example_sensors.py took 0.064 seconds
[2024-12-09T20:35:45.527+0000] {processor.py:186} INFO - Started process (PID=1647) to work on /home/airflow/.local/lib/python3.12/site-packages/airflow/example_dags/example_sensors.py
[2024-12-09T20:35:45.529+0000] {processor.py:914} INFO - Processing file /home/airflow/.local/lib/python3.12/site-packages/airflow/example_dags/example_sensors.py for tasks to queue
[2024-12-09T20:35:45.531+0000] {logging_mixin.py:190} INFO - [2024-12-09T20:35:45.531+0000] {dagbag.py:588} INFO - Filling up the DagBag from /home/airflow/.local/lib/python3.12/site-packages/airflow/example_dags/example_sensors.py
[2024-12-09T20:35:45.544+0000] {processor.py:925} INFO - DAG(s) 'example_sensors' retrieved from /home/airflow/.local/lib/python3.12/site-packages/airflow/example_dags/example_sensors.py
[2024-12-09T20:35:45.565+0000] {logging_mixin.py:190} INFO - [2024-12-09T20:35:45.565+0000] {dag.py:3239} INFO - Sync 1 DAGs
[2024-12-09T20:35:45.577+0000] {logging_mixin.py:190} INFO - [2024-12-09T20:35:45.577+0000] {dag.py:4180} INFO - Setting next_dagrun for example_sensors to None, run_after=None
[2024-12-09T20:35:45.594+0000] {processor.py:208} INFO - Processing /home/airflow/.local/lib/python3.12/site-packages/airflow/example_dags/example_sensors.py took 0.072 seconds
[2024-12-09T20:36:17.044+0000] {processor.py:186} INFO - Started process (PID=1715) to work on /home/airflow/.local/lib/python3.12/site-packages/airflow/example_dags/example_sensors.py
[2024-12-09T20:36:17.045+0000] {processor.py:914} INFO - Processing file /home/airflow/.local/lib/python3.12/site-packages/airflow/example_dags/example_sensors.py for tasks to queue
[2024-12-09T20:36:17.047+0000] {logging_mixin.py:190} INFO - [2024-12-09T20:36:17.047+0000] {dagbag.py:588} INFO - Filling up the DagBag from /home/airflow/.local/lib/python3.12/site-packages/airflow/example_dags/example_sensors.py
[2024-12-09T20:36:17.055+0000] {processor.py:925} INFO - DAG(s) 'example_sensors' retrieved from /home/airflow/.local/lib/python3.12/site-packages/airflow/example_dags/example_sensors.py
[2024-12-09T20:36:17.075+0000] {logging_mixin.py:190} INFO - [2024-12-09T20:36:17.075+0000] {dag.py:3239} INFO - Sync 1 DAGs
[2024-12-09T20:36:17.085+0000] {logging_mixin.py:190} INFO - [2024-12-09T20:36:17.085+0000] {dag.py:4180} INFO - Setting next_dagrun for example_sensors to None, run_after=None
[2024-12-09T20:36:17.098+0000] {processor.py:208} INFO - Processing /home/airflow/.local/lib/python3.12/site-packages/airflow/example_dags/example_sensors.py took 0.059 seconds
[2024-12-09T20:36:47.887+0000] {processor.py:186} INFO - Started process (PID=1787) to work on /home/airflow/.local/lib/python3.12/site-packages/airflow/example_dags/example_sensors.py
[2024-12-09T20:36:47.888+0000] {processor.py:914} INFO - Processing file /home/airflow/.local/lib/python3.12/site-packages/airflow/example_dags/example_sensors.py for tasks to queue
[2024-12-09T20:36:47.890+0000] {logging_mixin.py:190} INFO - [2024-12-09T20:36:47.890+0000] {dagbag.py:588} INFO - Filling up the DagBag from /home/airflow/.local/lib/python3.12/site-packages/airflow/example_dags/example_sensors.py
[2024-12-09T20:36:47.901+0000] {processor.py:925} INFO - DAG(s) 'example_sensors' retrieved from /home/airflow/.local/lib/python3.12/site-packages/airflow/example_dags/example_sensors.py
[2024-12-09T20:36:47.923+0000] {logging_mixin.py:190} INFO - [2024-12-09T20:36:47.923+0000] {dag.py:3239} INFO - Sync 1 DAGs
[2024-12-09T20:36:47.935+0000] {logging_mixin.py:190} INFO - [2024-12-09T20:36:47.935+0000] {dag.py:4180} INFO - Setting next_dagrun for example_sensors to None, run_after=None
[2024-12-09T20:36:47.951+0000] {processor.py:208} INFO - Processing /home/airflow/.local/lib/python3.12/site-packages/airflow/example_dags/example_sensors.py took 0.069 seconds
[2024-12-09T20:37:19.037+0000] {processor.py:186} INFO - Started process (PID=1868) to work on /home/airflow/.local/lib/python3.12/site-packages/airflow/example_dags/example_sensors.py
[2024-12-09T20:37:19.038+0000] {processor.py:914} INFO - Processing file /home/airflow/.local/lib/python3.12/site-packages/airflow/example_dags/example_sensors.py for tasks to queue
[2024-12-09T20:37:19.040+0000] {logging_mixin.py:190} INFO - [2024-12-09T20:37:19.040+0000] {dagbag.py:588} INFO - Filling up the DagBag from /home/airflow/.local/lib/python3.12/site-packages/airflow/example_dags/example_sensors.py
[2024-12-09T20:37:19.050+0000] {processor.py:925} INFO - DAG(s) 'example_sensors' retrieved from /home/airflow/.local/lib/python3.12/site-packages/airflow/example_dags/example_sensors.py
[2024-12-09T20:37:19.072+0000] {logging_mixin.py:190} INFO - [2024-12-09T20:37:19.071+0000] {dag.py:3239} INFO - Sync 1 DAGs
[2024-12-09T20:37:19.086+0000] {logging_mixin.py:190} INFO - [2024-12-09T20:37:19.086+0000] {dag.py:4180} INFO - Setting next_dagrun for example_sensors to None, run_after=None
[2024-12-09T20:37:19.104+0000] {processor.py:208} INFO - Processing /home/airflow/.local/lib/python3.12/site-packages/airflow/example_dags/example_sensors.py took 0.072 seconds
[2024-12-09T20:37:50.303+0000] {processor.py:186} INFO - Started process (PID=1936) to work on /home/airflow/.local/lib/python3.12/site-packages/airflow/example_dags/example_sensors.py
[2024-12-09T20:37:50.304+0000] {processor.py:914} INFO - Processing file /home/airflow/.local/lib/python3.12/site-packages/airflow/example_dags/example_sensors.py for tasks to queue
[2024-12-09T20:37:50.306+0000] {logging_mixin.py:190} INFO - [2024-12-09T20:37:50.306+0000] {dagbag.py:588} INFO - Filling up the DagBag from /home/airflow/.local/lib/python3.12/site-packages/airflow/example_dags/example_sensors.py
[2024-12-09T20:37:50.315+0000] {processor.py:925} INFO - DAG(s) 'example_sensors' retrieved from /home/airflow/.local/lib/python3.12/site-packages/airflow/example_dags/example_sensors.py
[2024-12-09T20:37:50.334+0000] {logging_mixin.py:190} INFO - [2024-12-09T20:37:50.334+0000] {dag.py:3239} INFO - Sync 1 DAGs
[2024-12-09T20:37:50.346+0000] {logging_mixin.py:190} INFO - [2024-12-09T20:37:50.345+0000] {dag.py:4180} INFO - Setting next_dagrun for example_sensors to None, run_after=None
[2024-12-09T20:37:50.361+0000] {processor.py:208} INFO - Processing /home/airflow/.local/lib/python3.12/site-packages/airflow/example_dags/example_sensors.py took 0.063 seconds
[2024-12-09T20:38:21.667+0000] {processor.py:186} INFO - Started process (PID=2004) to work on /home/airflow/.local/lib/python3.12/site-packages/airflow/example_dags/example_sensors.py
[2024-12-09T20:38:21.668+0000] {processor.py:914} INFO - Processing file /home/airflow/.local/lib/python3.12/site-packages/airflow/example_dags/example_sensors.py for tasks to queue
[2024-12-09T20:38:21.670+0000] {logging_mixin.py:190} INFO - [2024-12-09T20:38:21.670+0000] {dagbag.py:588} INFO - Filling up the DagBag from /home/airflow/.local/lib/python3.12/site-packages/airflow/example_dags/example_sensors.py
[2024-12-09T20:38:21.679+0000] {processor.py:925} INFO - DAG(s) 'example_sensors' retrieved from /home/airflow/.local/lib/python3.12/site-packages/airflow/example_dags/example_sensors.py
[2024-12-09T20:38:21.699+0000] {logging_mixin.py:190} INFO - [2024-12-09T20:38:21.699+0000] {dag.py:3239} INFO - Sync 1 DAGs
[2024-12-09T20:38:21.709+0000] {logging_mixin.py:190} INFO - [2024-12-09T20:38:21.709+0000] {dag.py:4180} INFO - Setting next_dagrun for example_sensors to None, run_after=None
[2024-12-09T20:38:21.724+0000] {processor.py:208} INFO - Processing /home/airflow/.local/lib/python3.12/site-packages/airflow/example_dags/example_sensors.py took 0.062 seconds
[2024-12-09T20:38:53.167+0000] {processor.py:186} INFO - Started process (PID=2075) to work on /home/airflow/.local/lib/python3.12/site-packages/airflow/example_dags/example_sensors.py
[2024-12-09T20:38:53.168+0000] {processor.py:914} INFO - Processing file /home/airflow/.local/lib/python3.12/site-packages/airflow/example_dags/example_sensors.py for tasks to queue
[2024-12-09T20:38:53.170+0000] {logging_mixin.py:190} INFO - [2024-12-09T20:38:53.170+0000] {dagbag.py:588} INFO - Filling up the DagBag from /home/airflow/.local/lib/python3.12/site-packages/airflow/example_dags/example_sensors.py
[2024-12-09T20:38:53.179+0000] {processor.py:925} INFO - DAG(s) 'example_sensors' retrieved from /home/airflow/.local/lib/python3.12/site-packages/airflow/example_dags/example_sensors.py
[2024-12-09T20:38:53.200+0000] {logging_mixin.py:190} INFO - [2024-12-09T20:38:53.200+0000] {dag.py:3239} INFO - Sync 1 DAGs
[2024-12-09T20:38:53.212+0000] {logging_mixin.py:190} INFO - [2024-12-09T20:38:53.211+0000] {dag.py:4180} INFO - Setting next_dagrun for example_sensors to None, run_after=None
[2024-12-09T20:38:53.227+0000] {processor.py:208} INFO - Processing /home/airflow/.local/lib/python3.12/site-packages/airflow/example_dags/example_sensors.py took 0.066 seconds
[2024-12-09T20:39:24.511+0000] {processor.py:186} INFO - Started process (PID=2147) to work on /home/airflow/.local/lib/python3.12/site-packages/airflow/example_dags/example_sensors.py
[2024-12-09T20:39:24.512+0000] {processor.py:914} INFO - Processing file /home/airflow/.local/lib/python3.12/site-packages/airflow/example_dags/example_sensors.py for tasks to queue
[2024-12-09T20:39:24.514+0000] {logging_mixin.py:190} INFO - [2024-12-09T20:39:24.513+0000] {dagbag.py:588} INFO - Filling up the DagBag from /home/airflow/.local/lib/python3.12/site-packages/airflow/example_dags/example_sensors.py
[2024-12-09T20:39:24.522+0000] {processor.py:925} INFO - DAG(s) 'example_sensors' retrieved from /home/airflow/.local/lib/python3.12/site-packages/airflow/example_dags/example_sensors.py
[2024-12-09T20:39:24.541+0000] {logging_mixin.py:190} INFO - [2024-12-09T20:39:24.541+0000] {dag.py:3239} INFO - Sync 1 DAGs
[2024-12-09T20:39:24.551+0000] {logging_mixin.py:190} INFO - [2024-12-09T20:39:24.551+0000] {dag.py:4180} INFO - Setting next_dagrun for example_sensors to None, run_after=None
[2024-12-09T20:39:24.565+0000] {processor.py:208} INFO - Processing /home/airflow/.local/lib/python3.12/site-packages/airflow/example_dags/example_sensors.py took 0.059 seconds
[2024-12-09T20:39:55.902+0000] {processor.py:186} INFO - Started process (PID=2215) to work on /home/airflow/.local/lib/python3.12/site-packages/airflow/example_dags/example_sensors.py
[2024-12-09T20:39:55.903+0000] {processor.py:914} INFO - Processing file /home/airflow/.local/lib/python3.12/site-packages/airflow/example_dags/example_sensors.py for tasks to queue
[2024-12-09T20:39:55.905+0000] {logging_mixin.py:190} INFO - [2024-12-09T20:39:55.904+0000] {dagbag.py:588} INFO - Filling up the DagBag from /home/airflow/.local/lib/python3.12/site-packages/airflow/example_dags/example_sensors.py
[2024-12-09T20:39:55.914+0000] {processor.py:925} INFO - DAG(s) 'example_sensors' retrieved from /home/airflow/.local/lib/python3.12/site-packages/airflow/example_dags/example_sensors.py
[2024-12-09T20:39:55.933+0000] {logging_mixin.py:190} INFO - [2024-12-09T20:39:55.933+0000] {dag.py:3239} INFO - Sync 1 DAGs
[2024-12-09T20:39:55.944+0000] {logging_mixin.py:190} INFO - [2024-12-09T20:39:55.944+0000] {dag.py:4180} INFO - Setting next_dagrun for example_sensors to None, run_after=None
[2024-12-09T20:39:55.958+0000] {processor.py:208} INFO - Processing /home/airflow/.local/lib/python3.12/site-packages/airflow/example_dags/example_sensors.py took 0.061 seconds
[2024-12-09T20:40:27.359+0000] {processor.py:186} INFO - Started process (PID=2285) to work on /home/airflow/.local/lib/python3.12/site-packages/airflow/example_dags/example_sensors.py
[2024-12-09T20:40:27.360+0000] {processor.py:914} INFO - Processing file /home/airflow/.local/lib/python3.12/site-packages/airflow/example_dags/example_sensors.py for tasks to queue
[2024-12-09T20:40:27.362+0000] {logging_mixin.py:190} INFO - [2024-12-09T20:40:27.362+0000] {dagbag.py:588} INFO - Filling up the DagBag from /home/airflow/.local/lib/python3.12/site-packages/airflow/example_dags/example_sensors.py
[2024-12-09T20:40:27.370+0000] {processor.py:925} INFO - DAG(s) 'example_sensors' retrieved from /home/airflow/.local/lib/python3.12/site-packages/airflow/example_dags/example_sensors.py
[2024-12-09T20:40:27.392+0000] {logging_mixin.py:190} INFO - [2024-12-09T20:40:27.392+0000] {dag.py:3239} INFO - Sync 1 DAGs
[2024-12-09T20:40:27.404+0000] {logging_mixin.py:190} INFO - [2024-12-09T20:40:27.404+0000] {dag.py:4180} INFO - Setting next_dagrun for example_sensors to None, run_after=None
[2024-12-09T20:40:27.419+0000] {processor.py:208} INFO - Processing /home/airflow/.local/lib/python3.12/site-packages/airflow/example_dags/example_sensors.py took 0.065 seconds
[2024-12-09T20:40:58.090+0000] {processor.py:186} INFO - Started process (PID=2360) to work on /home/airflow/.local/lib/python3.12/site-packages/airflow/example_dags/example_sensors.py
[2024-12-09T20:40:58.092+0000] {processor.py:914} INFO - Processing file /home/airflow/.local/lib/python3.12/site-packages/airflow/example_dags/example_sensors.py for tasks to queue
[2024-12-09T20:40:58.094+0000] {logging_mixin.py:190} INFO - [2024-12-09T20:40:58.094+0000] {dagbag.py:588} INFO - Filling up the DagBag from /home/airflow/.local/lib/python3.12/site-packages/airflow/example_dags/example_sensors.py
[2024-12-09T20:40:58.106+0000] {processor.py:925} INFO - DAG(s) 'example_sensors' retrieved from /home/airflow/.local/lib/python3.12/site-packages/airflow/example_dags/example_sensors.py
[2024-12-09T20:40:58.133+0000] {logging_mixin.py:190} INFO - [2024-12-09T20:40:58.133+0000] {dag.py:3239} INFO - Sync 1 DAGs
[2024-12-09T20:40:58.148+0000] {logging_mixin.py:190} INFO - [2024-12-09T20:40:58.148+0000] {dag.py:4180} INFO - Setting next_dagrun for example_sensors to None, run_after=None
[2024-12-09T20:40:58.169+0000] {processor.py:208} INFO - Processing /home/airflow/.local/lib/python3.12/site-packages/airflow/example_dags/example_sensors.py took 0.085 seconds
[2024-12-09T20:41:29.074+0000] {processor.py:186} INFO - Started process (PID=2433) to work on /home/airflow/.local/lib/python3.12/site-packages/airflow/example_dags/example_sensors.py
[2024-12-09T20:41:29.075+0000] {processor.py:914} INFO - Processing file /home/airflow/.local/lib/python3.12/site-packages/airflow/example_dags/example_sensors.py for tasks to queue
[2024-12-09T20:41:29.078+0000] {logging_mixin.py:190} INFO - [2024-12-09T20:41:29.077+0000] {dagbag.py:588} INFO - Filling up the DagBag from /home/airflow/.local/lib/python3.12/site-packages/airflow/example_dags/example_sensors.py
[2024-12-09T20:41:29.090+0000] {processor.py:925} INFO - DAG(s) 'example_sensors' retrieved from /home/airflow/.local/lib/python3.12/site-packages/airflow/example_dags/example_sensors.py
[2024-12-09T20:41:29.120+0000] {logging_mixin.py:190} INFO - [2024-12-09T20:41:29.119+0000] {dag.py:3239} INFO - Sync 1 DAGs
[2024-12-09T20:41:29.135+0000] {logging_mixin.py:190} INFO - [2024-12-09T20:41:29.135+0000] {dag.py:4180} INFO - Setting next_dagrun for example_sensors to None, run_after=None
[2024-12-09T20:41:29.152+0000] {processor.py:208} INFO - Processing /home/airflow/.local/lib/python3.12/site-packages/airflow/example_dags/example_sensors.py took 0.084 seconds
[2024-12-09T20:41:59.710+0000] {processor.py:186} INFO - Started process (PID=2506) to work on /home/airflow/.local/lib/python3.12/site-packages/airflow/example_dags/example_sensors.py
[2024-12-09T20:41:59.711+0000] {processor.py:914} INFO - Processing file /home/airflow/.local/lib/python3.12/site-packages/airflow/example_dags/example_sensors.py for tasks to queue
[2024-12-09T20:41:59.713+0000] {logging_mixin.py:190} INFO - [2024-12-09T20:41:59.712+0000] {dagbag.py:588} INFO - Filling up the DagBag from /home/airflow/.local/lib/python3.12/site-packages/airflow/example_dags/example_sensors.py
[2024-12-09T20:41:59.722+0000] {processor.py:925} INFO - DAG(s) 'example_sensors' retrieved from /home/airflow/.local/lib/python3.12/site-packages/airflow/example_dags/example_sensors.py
[2024-12-09T20:41:59.741+0000] {logging_mixin.py:190} INFO - [2024-12-09T20:41:59.741+0000] {dag.py:3239} INFO - Sync 1 DAGs
[2024-12-09T20:41:59.753+0000] {logging_mixin.py:190} INFO - [2024-12-09T20:41:59.753+0000] {dag.py:4180} INFO - Setting next_dagrun for example_sensors to None, run_after=None
[2024-12-09T20:41:59.767+0000] {processor.py:208} INFO - Processing /home/airflow/.local/lib/python3.12/site-packages/airflow/example_dags/example_sensors.py took 0.063 seconds
[2024-12-09T20:42:31.022+0000] {processor.py:186} INFO - Started process (PID=2574) to work on /home/airflow/.local/lib/python3.12/site-packages/airflow/example_dags/example_sensors.py
[2024-12-09T20:42:31.023+0000] {processor.py:914} INFO - Processing file /home/airflow/.local/lib/python3.12/site-packages/airflow/example_dags/example_sensors.py for tasks to queue
[2024-12-09T20:42:31.025+0000] {logging_mixin.py:190} INFO - [2024-12-09T20:42:31.024+0000] {dagbag.py:588} INFO - Filling up the DagBag from /home/airflow/.local/lib/python3.12/site-packages/airflow/example_dags/example_sensors.py
[2024-12-09T20:42:31.033+0000] {processor.py:925} INFO - DAG(s) 'example_sensors' retrieved from /home/airflow/.local/lib/python3.12/site-packages/airflow/example_dags/example_sensors.py
[2024-12-09T20:42:31.053+0000] {logging_mixin.py:190} INFO - [2024-12-09T20:42:31.052+0000] {dag.py:3239} INFO - Sync 1 DAGs
[2024-12-09T20:42:31.063+0000] {logging_mixin.py:190} INFO - [2024-12-09T20:42:31.063+0000] {dag.py:4180} INFO - Setting next_dagrun for example_sensors to None, run_after=None
[2024-12-09T20:42:31.079+0000] {processor.py:208} INFO - Processing /home/airflow/.local/lib/python3.12/site-packages/airflow/example_dags/example_sensors.py took 0.063 seconds
[2024-12-09T20:43:01.708+0000] {processor.py:186} INFO - Started process (PID=2642) to work on /home/airflow/.local/lib/python3.12/site-packages/airflow/example_dags/example_sensors.py
[2024-12-09T20:43:01.708+0000] {processor.py:914} INFO - Processing file /home/airflow/.local/lib/python3.12/site-packages/airflow/example_dags/example_sensors.py for tasks to queue
[2024-12-09T20:43:01.710+0000] {logging_mixin.py:190} INFO - [2024-12-09T20:43:01.710+0000] {dagbag.py:588} INFO - Filling up the DagBag from /home/airflow/.local/lib/python3.12/site-packages/airflow/example_dags/example_sensors.py
[2024-12-09T20:43:01.719+0000] {processor.py:925} INFO - DAG(s) 'example_sensors' retrieved from /home/airflow/.local/lib/python3.12/site-packages/airflow/example_dags/example_sensors.py
[2024-12-09T20:43:01.740+0000] {logging_mixin.py:190} INFO - [2024-12-09T20:43:01.740+0000] {dag.py:3239} INFO - Sync 1 DAGs
[2024-12-09T20:43:01.752+0000] {logging_mixin.py:190} INFO - [2024-12-09T20:43:01.752+0000] {dag.py:4180} INFO - Setting next_dagrun for example_sensors to None, run_after=None
[2024-12-09T20:43:01.767+0000] {processor.py:208} INFO - Processing /home/airflow/.local/lib/python3.12/site-packages/airflow/example_dags/example_sensors.py took 0.064 seconds
[2024-12-09T20:43:33.004+0000] {processor.py:186} INFO - Started process (PID=2710) to work on /home/airflow/.local/lib/python3.12/site-packages/airflow/example_dags/example_sensors.py
[2024-12-09T20:43:33.005+0000] {processor.py:914} INFO - Processing file /home/airflow/.local/lib/python3.12/site-packages/airflow/example_dags/example_sensors.py for tasks to queue
[2024-12-09T20:43:33.007+0000] {logging_mixin.py:190} INFO - [2024-12-09T20:43:33.007+0000] {dagbag.py:588} INFO - Filling up the DagBag from /home/airflow/.local/lib/python3.12/site-packages/airflow/example_dags/example_sensors.py
[2024-12-09T20:43:33.018+0000] {processor.py:925} INFO - DAG(s) 'example_sensors' retrieved from /home/airflow/.local/lib/python3.12/site-packages/airflow/example_dags/example_sensors.py
[2024-12-09T20:43:33.049+0000] {logging_mixin.py:190} INFO - [2024-12-09T20:43:33.048+0000] {dag.py:3239} INFO - Sync 1 DAGs
[2024-12-09T20:43:33.068+0000] {logging_mixin.py:190} INFO - [2024-12-09T20:43:33.067+0000] {dag.py:4180} INFO - Setting next_dagrun for example_sensors to None, run_after=None
[2024-12-09T20:43:33.099+0000] {processor.py:208} INFO - Processing /home/airflow/.local/lib/python3.12/site-packages/airflow/example_dags/example_sensors.py took 0.100 seconds
[2024-12-09T20:44:04.404+0000] {processor.py:186} INFO - Started process (PID=2778) to work on /home/airflow/.local/lib/python3.12/site-packages/airflow/example_dags/example_sensors.py
[2024-12-09T20:44:04.405+0000] {processor.py:914} INFO - Processing file /home/airflow/.local/lib/python3.12/site-packages/airflow/example_dags/example_sensors.py for tasks to queue
[2024-12-09T20:44:04.407+0000] {logging_mixin.py:190} INFO - [2024-12-09T20:44:04.406+0000] {dagbag.py:588} INFO - Filling up the DagBag from /home/airflow/.local/lib/python3.12/site-packages/airflow/example_dags/example_sensors.py
[2024-12-09T20:44:04.416+0000] {processor.py:925} INFO - DAG(s) 'example_sensors' retrieved from /home/airflow/.local/lib/python3.12/site-packages/airflow/example_dags/example_sensors.py
[2024-12-09T20:44:04.437+0000] {logging_mixin.py:190} INFO - [2024-12-09T20:44:04.436+0000] {dag.py:3239} INFO - Sync 1 DAGs
[2024-12-09T20:44:04.447+0000] {logging_mixin.py:190} INFO - [2024-12-09T20:44:04.447+0000] {dag.py:4180} INFO - Setting next_dagrun for example_sensors to None, run_after=None
[2024-12-09T20:44:04.462+0000] {processor.py:208} INFO - Processing /home/airflow/.local/lib/python3.12/site-packages/airflow/example_dags/example_sensors.py took 0.063 seconds
[2024-12-09T20:44:35.728+0000] {processor.py:186} INFO - Started process (PID=2846) to work on /home/airflow/.local/lib/python3.12/site-packages/airflow/example_dags/example_sensors.py
[2024-12-09T20:44:35.729+0000] {processor.py:914} INFO - Processing file /home/airflow/.local/lib/python3.12/site-packages/airflow/example_dags/example_sensors.py for tasks to queue
[2024-12-09T20:44:35.731+0000] {logging_mixin.py:190} INFO - [2024-12-09T20:44:35.731+0000] {dagbag.py:588} INFO - Filling up the DagBag from /home/airflow/.local/lib/python3.12/site-packages/airflow/example_dags/example_sensors.py
[2024-12-09T20:44:35.739+0000] {processor.py:925} INFO - DAG(s) 'example_sensors' retrieved from /home/airflow/.local/lib/python3.12/site-packages/airflow/example_dags/example_sensors.py
[2024-12-09T20:44:35.760+0000] {logging_mixin.py:190} INFO - [2024-12-09T20:44:35.760+0000] {dag.py:3239} INFO - Sync 1 DAGs
[2024-12-09T20:44:35.771+0000] {logging_mixin.py:190} INFO - [2024-12-09T20:44:35.771+0000] {dag.py:4180} INFO - Setting next_dagrun for example_sensors to None, run_after=None
[2024-12-09T20:44:35.785+0000] {processor.py:208} INFO - Processing /home/airflow/.local/lib/python3.12/site-packages/airflow/example_dags/example_sensors.py took 0.061 seconds
[2024-12-09T20:45:06.638+0000] {processor.py:186} INFO - Started process (PID=2914) to work on /home/airflow/.local/lib/python3.12/site-packages/airflow/example_dags/example_sensors.py
[2024-12-09T20:45:06.639+0000] {processor.py:914} INFO - Processing file /home/airflow/.local/lib/python3.12/site-packages/airflow/example_dags/example_sensors.py for tasks to queue
[2024-12-09T20:45:06.642+0000] {logging_mixin.py:190} INFO - [2024-12-09T20:45:06.641+0000] {dagbag.py:588} INFO - Filling up the DagBag from /home/airflow/.local/lib/python3.12/site-packages/airflow/example_dags/example_sensors.py
[2024-12-09T20:45:06.650+0000] {processor.py:925} INFO - DAG(s) 'example_sensors' retrieved from /home/airflow/.local/lib/python3.12/site-packages/airflow/example_dags/example_sensors.py
[2024-12-09T20:45:06.671+0000] {logging_mixin.py:190} INFO - [2024-12-09T20:45:06.671+0000] {dag.py:3239} INFO - Sync 1 DAGs
[2024-12-09T20:45:06.682+0000] {logging_mixin.py:190} INFO - [2024-12-09T20:45:06.682+0000] {dag.py:4180} INFO - Setting next_dagrun for example_sensors to None, run_after=None
[2024-12-09T20:45:06.697+0000] {processor.py:208} INFO - Processing /home/airflow/.local/lib/python3.12/site-packages/airflow/example_dags/example_sensors.py took 0.064 seconds
[2024-12-09T20:45:37.508+0000] {processor.py:186} INFO - Started process (PID=2984) to work on /home/airflow/.local/lib/python3.12/site-packages/airflow/example_dags/example_sensors.py
[2024-12-09T20:45:37.509+0000] {processor.py:914} INFO - Processing file /home/airflow/.local/lib/python3.12/site-packages/airflow/example_dags/example_sensors.py for tasks to queue
[2024-12-09T20:45:37.511+0000] {logging_mixin.py:190} INFO - [2024-12-09T20:45:37.511+0000] {dagbag.py:588} INFO - Filling up the DagBag from /home/airflow/.local/lib/python3.12/site-packages/airflow/example_dags/example_sensors.py
[2024-12-09T20:45:37.520+0000] {processor.py:925} INFO - DAG(s) 'example_sensors' retrieved from /home/airflow/.local/lib/python3.12/site-packages/airflow/example_dags/example_sensors.py
[2024-12-09T20:45:37.539+0000] {logging_mixin.py:190} INFO - [2024-12-09T20:45:37.539+0000] {dag.py:3239} INFO - Sync 1 DAGs
[2024-12-09T20:45:37.550+0000] {logging_mixin.py:190} INFO - [2024-12-09T20:45:37.550+0000] {dag.py:4180} INFO - Setting next_dagrun for example_sensors to None, run_after=None
[2024-12-09T20:45:37.565+0000] {processor.py:208} INFO - Processing /home/airflow/.local/lib/python3.12/site-packages/airflow/example_dags/example_sensors.py took 0.062 seconds
[2024-12-09T20:46:08.415+0000] {processor.py:186} INFO - Started process (PID=3060) to work on /home/airflow/.local/lib/python3.12/site-packages/airflow/example_dags/example_sensors.py
[2024-12-09T20:46:08.416+0000] {processor.py:914} INFO - Processing file /home/airflow/.local/lib/python3.12/site-packages/airflow/example_dags/example_sensors.py for tasks to queue
[2024-12-09T20:46:08.418+0000] {logging_mixin.py:190} INFO - [2024-12-09T20:46:08.418+0000] {dagbag.py:588} INFO - Filling up the DagBag from /home/airflow/.local/lib/python3.12/site-packages/airflow/example_dags/example_sensors.py
[2024-12-09T20:46:08.427+0000] {processor.py:925} INFO - DAG(s) 'example_sensors' retrieved from /home/airflow/.local/lib/python3.12/site-packages/airflow/example_dags/example_sensors.py
[2024-12-09T20:46:08.447+0000] {logging_mixin.py:190} INFO - [2024-12-09T20:46:08.447+0000] {dag.py:3239} INFO - Sync 1 DAGs
[2024-12-09T20:46:08.459+0000] {logging_mixin.py:190} INFO - [2024-12-09T20:46:08.459+0000] {dag.py:4180} INFO - Setting next_dagrun for example_sensors to None, run_after=None
[2024-12-09T20:46:08.473+0000] {processor.py:208} INFO - Processing /home/airflow/.local/lib/python3.12/site-packages/airflow/example_dags/example_sensors.py took 0.063 seconds
[2024-12-09T20:46:39.035+0000] {processor.py:186} INFO - Started process (PID=3132) to work on /home/airflow/.local/lib/python3.12/site-packages/airflow/example_dags/example_sensors.py
[2024-12-09T20:46:39.036+0000] {processor.py:914} INFO - Processing file /home/airflow/.local/lib/python3.12/site-packages/airflow/example_dags/example_sensors.py for tasks to queue
[2024-12-09T20:46:39.038+0000] {logging_mixin.py:190} INFO - [2024-12-09T20:46:39.038+0000] {dagbag.py:588} INFO - Filling up the DagBag from /home/airflow/.local/lib/python3.12/site-packages/airflow/example_dags/example_sensors.py
[2024-12-09T20:46:39.046+0000] {processor.py:925} INFO - DAG(s) 'example_sensors' retrieved from /home/airflow/.local/lib/python3.12/site-packages/airflow/example_dags/example_sensors.py
[2024-12-09T20:46:39.067+0000] {logging_mixin.py:190} INFO - [2024-12-09T20:46:39.067+0000] {dag.py:3239} INFO - Sync 1 DAGs
[2024-12-09T20:46:39.079+0000] {logging_mixin.py:190} INFO - [2024-12-09T20:46:39.078+0000] {dag.py:4180} INFO - Setting next_dagrun for example_sensors to None, run_after=None
[2024-12-09T20:46:39.093+0000] {processor.py:208} INFO - Processing /home/airflow/.local/lib/python3.12/site-packages/airflow/example_dags/example_sensors.py took 0.063 seconds
[2024-12-09T20:47:09.632+0000] {processor.py:186} INFO - Started process (PID=3199) to work on /home/airflow/.local/lib/python3.12/site-packages/airflow/example_dags/example_sensors.py
[2024-12-09T20:47:09.633+0000] {processor.py:914} INFO - Processing file /home/airflow/.local/lib/python3.12/site-packages/airflow/example_dags/example_sensors.py for tasks to queue
[2024-12-09T20:47:09.635+0000] {logging_mixin.py:190} INFO - [2024-12-09T20:47:09.635+0000] {dagbag.py:588} INFO - Filling up the DagBag from /home/airflow/.local/lib/python3.12/site-packages/airflow/example_dags/example_sensors.py
[2024-12-09T20:47:09.644+0000] {processor.py:925} INFO - DAG(s) 'example_sensors' retrieved from /home/airflow/.local/lib/python3.12/site-packages/airflow/example_dags/example_sensors.py
[2024-12-09T20:47:09.665+0000] {logging_mixin.py:190} INFO - [2024-12-09T20:47:09.664+0000] {dag.py:3239} INFO - Sync 1 DAGs
[2024-12-09T20:47:09.675+0000] {logging_mixin.py:190} INFO - [2024-12-09T20:47:09.675+0000] {dag.py:4180} INFO - Setting next_dagrun for example_sensors to None, run_after=None
[2024-12-09T20:47:09.825+0000] {processor.py:208} INFO - Processing /home/airflow/.local/lib/python3.12/site-packages/airflow/example_dags/example_sensors.py took 0.199 seconds
[2024-12-09T20:47:40.127+0000] {processor.py:186} INFO - Started process (PID=3267) to work on /home/airflow/.local/lib/python3.12/site-packages/airflow/example_dags/example_sensors.py
[2024-12-09T20:47:40.128+0000] {processor.py:914} INFO - Processing file /home/airflow/.local/lib/python3.12/site-packages/airflow/example_dags/example_sensors.py for tasks to queue
[2024-12-09T20:47:40.130+0000] {logging_mixin.py:190} INFO - [2024-12-09T20:47:40.129+0000] {dagbag.py:588} INFO - Filling up the DagBag from /home/airflow/.local/lib/python3.12/site-packages/airflow/example_dags/example_sensors.py
[2024-12-09T20:47:40.138+0000] {processor.py:925} INFO - DAG(s) 'example_sensors' retrieved from /home/airflow/.local/lib/python3.12/site-packages/airflow/example_dags/example_sensors.py
[2024-12-09T20:47:40.159+0000] {logging_mixin.py:190} INFO - [2024-12-09T20:47:40.159+0000] {dag.py:3239} INFO - Sync 1 DAGs
[2024-12-09T20:47:40.172+0000] {logging_mixin.py:190} INFO - [2024-12-09T20:47:40.172+0000] {dag.py:4180} INFO - Setting next_dagrun for example_sensors to None, run_after=None
[2024-12-09T20:47:40.190+0000] {processor.py:208} INFO - Processing /home/airflow/.local/lib/python3.12/site-packages/airflow/example_dags/example_sensors.py took 0.068 seconds
[2024-12-09T20:48:10.307+0000] {processor.py:186} INFO - Started process (PID=3334) to work on /home/airflow/.local/lib/python3.12/site-packages/airflow/example_dags/example_sensors.py
[2024-12-09T20:48:10.308+0000] {processor.py:914} INFO - Processing file /home/airflow/.local/lib/python3.12/site-packages/airflow/example_dags/example_sensors.py for tasks to queue
[2024-12-09T20:48:10.310+0000] {logging_mixin.py:190} INFO - [2024-12-09T20:48:10.309+0000] {dagbag.py:588} INFO - Filling up the DagBag from /home/airflow/.local/lib/python3.12/site-packages/airflow/example_dags/example_sensors.py
[2024-12-09T20:48:10.319+0000] {processor.py:925} INFO - DAG(s) 'example_sensors' retrieved from /home/airflow/.local/lib/python3.12/site-packages/airflow/example_dags/example_sensors.py
[2024-12-09T20:48:10.338+0000] {logging_mixin.py:190} INFO - [2024-12-09T20:48:10.338+0000] {dag.py:3239} INFO - Sync 1 DAGs
[2024-12-09T20:48:10.349+0000] {logging_mixin.py:190} INFO - [2024-12-09T20:48:10.349+0000] {dag.py:4180} INFO - Setting next_dagrun for example_sensors to None, run_after=None
[2024-12-09T20:48:10.363+0000] {processor.py:208} INFO - Processing /home/airflow/.local/lib/python3.12/site-packages/airflow/example_dags/example_sensors.py took 0.061 seconds
[2024-12-09T20:48:40.893+0000] {processor.py:186} INFO - Started process (PID=3402) to work on /home/airflow/.local/lib/python3.12/site-packages/airflow/example_dags/example_sensors.py
[2024-12-09T20:48:40.894+0000] {processor.py:914} INFO - Processing file /home/airflow/.local/lib/python3.12/site-packages/airflow/example_dags/example_sensors.py for tasks to queue
[2024-12-09T20:48:40.896+0000] {logging_mixin.py:190} INFO - [2024-12-09T20:48:40.896+0000] {dagbag.py:588} INFO - Filling up the DagBag from /home/airflow/.local/lib/python3.12/site-packages/airflow/example_dags/example_sensors.py
[2024-12-09T20:48:40.904+0000] {processor.py:925} INFO - DAG(s) 'example_sensors' retrieved from /home/airflow/.local/lib/python3.12/site-packages/airflow/example_dags/example_sensors.py
[2024-12-09T20:48:40.924+0000] {logging_mixin.py:190} INFO - [2024-12-09T20:48:40.923+0000] {dag.py:3239} INFO - Sync 1 DAGs
[2024-12-09T20:48:40.935+0000] {logging_mixin.py:190} INFO - [2024-12-09T20:48:40.935+0000] {dag.py:4180} INFO - Setting next_dagrun for example_sensors to None, run_after=None
[2024-12-09T20:48:40.949+0000] {processor.py:208} INFO - Processing /home/airflow/.local/lib/python3.12/site-packages/airflow/example_dags/example_sensors.py took 0.061 seconds
[2024-12-09T20:49:12.046+0000] {processor.py:186} INFO - Started process (PID=3470) to work on /home/airflow/.local/lib/python3.12/site-packages/airflow/example_dags/example_sensors.py
[2024-12-09T20:49:12.047+0000] {processor.py:914} INFO - Processing file /home/airflow/.local/lib/python3.12/site-packages/airflow/example_dags/example_sensors.py for tasks to queue
[2024-12-09T20:49:12.048+0000] {logging_mixin.py:190} INFO - [2024-12-09T20:49:12.048+0000] {dagbag.py:588} INFO - Filling up the DagBag from /home/airflow/.local/lib/python3.12/site-packages/airflow/example_dags/example_sensors.py
[2024-12-09T20:49:12.057+0000] {processor.py:925} INFO - DAG(s) 'example_sensors' retrieved from /home/airflow/.local/lib/python3.12/site-packages/airflow/example_dags/example_sensors.py
[2024-12-09T20:49:12.076+0000] {logging_mixin.py:190} INFO - [2024-12-09T20:49:12.076+0000] {dag.py:3239} INFO - Sync 1 DAGs
[2024-12-09T20:49:12.086+0000] {logging_mixin.py:190} INFO - [2024-12-09T20:49:12.086+0000] {dag.py:4180} INFO - Setting next_dagrun for example_sensors to None, run_after=None
[2024-12-09T20:49:12.101+0000] {processor.py:208} INFO - Processing /home/airflow/.local/lib/python3.12/site-packages/airflow/example_dags/example_sensors.py took 0.061 seconds
[2024-12-09T20:49:43.783+0000] {processor.py:186} INFO - Started process (PID=3538) to work on /home/airflow/.local/lib/python3.12/site-packages/airflow/example_dags/example_sensors.py
[2024-12-09T20:49:43.785+0000] {processor.py:914} INFO - Processing file /home/airflow/.local/lib/python3.12/site-packages/airflow/example_dags/example_sensors.py for tasks to queue
[2024-12-09T20:49:43.788+0000] {logging_mixin.py:190} INFO - [2024-12-09T20:49:43.788+0000] {dagbag.py:588} INFO - Filling up the DagBag from /home/airflow/.local/lib/python3.12/site-packages/airflow/example_dags/example_sensors.py
[2024-12-09T20:49:43.806+0000] {processor.py:925} INFO - DAG(s) 'example_sensors' retrieved from /home/airflow/.local/lib/python3.12/site-packages/airflow/example_dags/example_sensors.py
[2024-12-09T20:49:43.986+0000] {logging_mixin.py:190} INFO - [2024-12-09T20:49:43.986+0000] {dag.py:3239} INFO - Sync 1 DAGs
[2024-12-09T20:49:43.997+0000] {logging_mixin.py:190} INFO - [2024-12-09T20:49:43.997+0000] {dag.py:4180} INFO - Setting next_dagrun for example_sensors to None, run_after=None
[2024-12-09T20:49:44.012+0000] {processor.py:208} INFO - Processing /home/airflow/.local/lib/python3.12/site-packages/airflow/example_dags/example_sensors.py took 0.235 seconds
[2024-12-09T20:50:15.236+0000] {processor.py:186} INFO - Started process (PID=3610) to work on /home/airflow/.local/lib/python3.12/site-packages/airflow/example_dags/example_sensors.py
[2024-12-09T20:50:15.237+0000] {processor.py:914} INFO - Processing file /home/airflow/.local/lib/python3.12/site-packages/airflow/example_dags/example_sensors.py for tasks to queue
[2024-12-09T20:50:15.239+0000] {logging_mixin.py:190} INFO - [2024-12-09T20:50:15.238+0000] {dagbag.py:588} INFO - Filling up the DagBag from /home/airflow/.local/lib/python3.12/site-packages/airflow/example_dags/example_sensors.py
[2024-12-09T20:50:15.247+0000] {processor.py:925} INFO - DAG(s) 'example_sensors' retrieved from /home/airflow/.local/lib/python3.12/site-packages/airflow/example_dags/example_sensors.py
[2024-12-09T20:50:15.409+0000] {logging_mixin.py:190} INFO - [2024-12-09T20:50:15.409+0000] {dag.py:3239} INFO - Sync 1 DAGs
[2024-12-09T20:50:15.419+0000] {logging_mixin.py:190} INFO - [2024-12-09T20:50:15.419+0000] {dag.py:4180} INFO - Setting next_dagrun for example_sensors to None, run_after=None
[2024-12-09T20:50:15.433+0000] {processor.py:208} INFO - Processing /home/airflow/.local/lib/python3.12/site-packages/airflow/example_dags/example_sensors.py took 0.201 seconds
[2024-12-09T20:50:45.830+0000] {processor.py:186} INFO - Started process (PID=3678) to work on /home/airflow/.local/lib/python3.12/site-packages/airflow/example_dags/example_sensors.py
[2024-12-09T20:50:45.831+0000] {processor.py:914} INFO - Processing file /home/airflow/.local/lib/python3.12/site-packages/airflow/example_dags/example_sensors.py for tasks to queue
[2024-12-09T20:50:45.833+0000] {logging_mixin.py:190} INFO - [2024-12-09T20:50:45.833+0000] {dagbag.py:588} INFO - Filling up the DagBag from /home/airflow/.local/lib/python3.12/site-packages/airflow/example_dags/example_sensors.py
[2024-12-09T20:50:45.843+0000] {processor.py:925} INFO - DAG(s) 'example_sensors' retrieved from /home/airflow/.local/lib/python3.12/site-packages/airflow/example_dags/example_sensors.py
[2024-12-09T20:50:45.864+0000] {logging_mixin.py:190} INFO - [2024-12-09T20:50:45.864+0000] {dag.py:3239} INFO - Sync 1 DAGs
[2024-12-09T20:50:45.876+0000] {logging_mixin.py:190} INFO - [2024-12-09T20:50:45.876+0000] {dag.py:4180} INFO - Setting next_dagrun for example_sensors to None, run_after=None
[2024-12-09T20:50:45.893+0000] {processor.py:208} INFO - Processing /home/airflow/.local/lib/python3.12/site-packages/airflow/example_dags/example_sensors.py took 0.069 seconds
[2024-12-09T20:51:16.693+0000] {processor.py:186} INFO - Started process (PID=3746) to work on /home/airflow/.local/lib/python3.12/site-packages/airflow/example_dags/example_sensors.py
[2024-12-09T20:51:16.694+0000] {processor.py:914} INFO - Processing file /home/airflow/.local/lib/python3.12/site-packages/airflow/example_dags/example_sensors.py for tasks to queue
[2024-12-09T20:51:16.696+0000] {logging_mixin.py:190} INFO - [2024-12-09T20:51:16.696+0000] {dagbag.py:588} INFO - Filling up the DagBag from /home/airflow/.local/lib/python3.12/site-packages/airflow/example_dags/example_sensors.py
[2024-12-09T20:51:16.706+0000] {processor.py:925} INFO - DAG(s) 'example_sensors' retrieved from /home/airflow/.local/lib/python3.12/site-packages/airflow/example_dags/example_sensors.py
[2024-12-09T20:51:16.726+0000] {logging_mixin.py:190} INFO - [2024-12-09T20:51:16.726+0000] {dag.py:3239} INFO - Sync 1 DAGs
[2024-12-09T20:51:16.737+0000] {logging_mixin.py:190} INFO - [2024-12-09T20:51:16.737+0000] {dag.py:4180} INFO - Setting next_dagrun for example_sensors to None, run_after=None
[2024-12-09T20:51:16.752+0000] {processor.py:208} INFO - Processing /home/airflow/.local/lib/python3.12/site-packages/airflow/example_dags/example_sensors.py took 0.064 seconds
[2024-12-09T20:51:47.555+0000] {processor.py:186} INFO - Started process (PID=3814) to work on /home/airflow/.local/lib/python3.12/site-packages/airflow/example_dags/example_sensors.py
[2024-12-09T20:51:47.556+0000] {processor.py:914} INFO - Processing file /home/airflow/.local/lib/python3.12/site-packages/airflow/example_dags/example_sensors.py for tasks to queue
[2024-12-09T20:51:47.558+0000] {logging_mixin.py:190} INFO - [2024-12-09T20:51:47.558+0000] {dagbag.py:588} INFO - Filling up the DagBag from /home/airflow/.local/lib/python3.12/site-packages/airflow/example_dags/example_sensors.py
[2024-12-09T20:51:47.567+0000] {processor.py:925} INFO - DAG(s) 'example_sensors' retrieved from /home/airflow/.local/lib/python3.12/site-packages/airflow/example_dags/example_sensors.py
[2024-12-09T20:51:47.587+0000] {logging_mixin.py:190} INFO - [2024-12-09T20:51:47.587+0000] {dag.py:3239} INFO - Sync 1 DAGs
[2024-12-09T20:51:47.598+0000] {logging_mixin.py:190} INFO - [2024-12-09T20:51:47.598+0000] {dag.py:4180} INFO - Setting next_dagrun for example_sensors to None, run_after=None
[2024-12-09T20:51:47.614+0000] {processor.py:208} INFO - Processing /home/airflow/.local/lib/python3.12/site-packages/airflow/example_dags/example_sensors.py took 0.064 seconds
[2024-12-09T20:52:18.501+0000] {processor.py:186} INFO - Started process (PID=3882) to work on /home/airflow/.local/lib/python3.12/site-packages/airflow/example_dags/example_sensors.py
[2024-12-09T20:52:18.502+0000] {processor.py:914} INFO - Processing file /home/airflow/.local/lib/python3.12/site-packages/airflow/example_dags/example_sensors.py for tasks to queue
[2024-12-09T20:52:18.505+0000] {logging_mixin.py:190} INFO - [2024-12-09T20:52:18.505+0000] {dagbag.py:588} INFO - Filling up the DagBag from /home/airflow/.local/lib/python3.12/site-packages/airflow/example_dags/example_sensors.py
[2024-12-09T20:52:18.516+0000] {processor.py:925} INFO - DAG(s) 'example_sensors' retrieved from /home/airflow/.local/lib/python3.12/site-packages/airflow/example_dags/example_sensors.py
[2024-12-09T20:52:18.542+0000] {logging_mixin.py:190} INFO - [2024-12-09T20:52:18.541+0000] {dag.py:3239} INFO - Sync 1 DAGs
[2024-12-09T20:52:18.553+0000] {logging_mixin.py:190} INFO - [2024-12-09T20:52:18.553+0000] {dag.py:4180} INFO - Setting next_dagrun for example_sensors to None, run_after=None
[2024-12-09T20:52:18.570+0000] {processor.py:208} INFO - Processing /home/airflow/.local/lib/python3.12/site-packages/airflow/example_dags/example_sensors.py took 0.075 seconds
[2024-12-09T20:52:49.525+0000] {processor.py:186} INFO - Started process (PID=3956) to work on /home/airflow/.local/lib/python3.12/site-packages/airflow/example_dags/example_sensors.py
[2024-12-09T20:52:49.526+0000] {processor.py:914} INFO - Processing file /home/airflow/.local/lib/python3.12/site-packages/airflow/example_dags/example_sensors.py for tasks to queue
[2024-12-09T20:52:49.529+0000] {logging_mixin.py:190} INFO - [2024-12-09T20:52:49.528+0000] {dagbag.py:588} INFO - Filling up the DagBag from /home/airflow/.local/lib/python3.12/site-packages/airflow/example_dags/example_sensors.py
[2024-12-09T20:52:49.541+0000] {processor.py:925} INFO - DAG(s) 'example_sensors' retrieved from /home/airflow/.local/lib/python3.12/site-packages/airflow/example_dags/example_sensors.py
[2024-12-09T20:52:49.563+0000] {logging_mixin.py:190} INFO - [2024-12-09T20:52:49.563+0000] {dag.py:3239} INFO - Sync 1 DAGs
[2024-12-09T20:52:49.575+0000] {logging_mixin.py:190} INFO - [2024-12-09T20:52:49.575+0000] {dag.py:4180} INFO - Setting next_dagrun for example_sensors to None, run_after=None
[2024-12-09T20:52:49.591+0000] {processor.py:208} INFO - Processing /home/airflow/.local/lib/python3.12/site-packages/airflow/example_dags/example_sensors.py took 0.072 seconds
[2024-12-09T20:53:19.961+0000] {processor.py:186} INFO - Started process (PID=4024) to work on /home/airflow/.local/lib/python3.12/site-packages/airflow/example_dags/example_sensors.py
[2024-12-09T20:53:19.962+0000] {processor.py:914} INFO - Processing file /home/airflow/.local/lib/python3.12/site-packages/airflow/example_dags/example_sensors.py for tasks to queue
[2024-12-09T20:53:19.964+0000] {logging_mixin.py:190} INFO - [2024-12-09T20:53:19.964+0000] {dagbag.py:588} INFO - Filling up the DagBag from /home/airflow/.local/lib/python3.12/site-packages/airflow/example_dags/example_sensors.py
[2024-12-09T20:53:19.973+0000] {processor.py:925} INFO - DAG(s) 'example_sensors' retrieved from /home/airflow/.local/lib/python3.12/site-packages/airflow/example_dags/example_sensors.py
[2024-12-09T20:53:19.992+0000] {logging_mixin.py:190} INFO - [2024-12-09T20:53:19.992+0000] {dag.py:3239} INFO - Sync 1 DAGs
[2024-12-09T20:53:20.004+0000] {logging_mixin.py:190} INFO - [2024-12-09T20:53:20.003+0000] {dag.py:4180} INFO - Setting next_dagrun for example_sensors to None, run_after=None
[2024-12-09T20:53:20.020+0000] {processor.py:208} INFO - Processing /home/airflow/.local/lib/python3.12/site-packages/airflow/example_dags/example_sensors.py took 0.063 seconds
[2024-12-09T20:53:50.896+0000] {processor.py:186} INFO - Started process (PID=4092) to work on /home/airflow/.local/lib/python3.12/site-packages/airflow/example_dags/example_sensors.py
[2024-12-09T20:53:50.897+0000] {processor.py:914} INFO - Processing file /home/airflow/.local/lib/python3.12/site-packages/airflow/example_dags/example_sensors.py for tasks to queue
[2024-12-09T20:53:50.899+0000] {logging_mixin.py:190} INFO - [2024-12-09T20:53:50.899+0000] {dagbag.py:588} INFO - Filling up the DagBag from /home/airflow/.local/lib/python3.12/site-packages/airflow/example_dags/example_sensors.py
[2024-12-09T20:53:50.909+0000] {processor.py:925} INFO - DAG(s) 'example_sensors' retrieved from /home/airflow/.local/lib/python3.12/site-packages/airflow/example_dags/example_sensors.py
[2024-12-09T20:53:50.932+0000] {logging_mixin.py:190} INFO - [2024-12-09T20:53:50.931+0000] {dag.py:3239} INFO - Sync 1 DAGs
[2024-12-09T20:53:50.943+0000] {logging_mixin.py:190} INFO - [2024-12-09T20:53:50.943+0000] {dag.py:4180} INFO - Setting next_dagrun for example_sensors to None, run_after=None
[2024-12-09T20:53:50.959+0000] {processor.py:208} INFO - Processing /home/airflow/.local/lib/python3.12/site-packages/airflow/example_dags/example_sensors.py took 0.068 seconds
[2024-12-09T20:54:21.680+0000] {processor.py:186} INFO - Started process (PID=4160) to work on /home/airflow/.local/lib/python3.12/site-packages/airflow/example_dags/example_sensors.py
[2024-12-09T20:54:21.681+0000] {processor.py:914} INFO - Processing file /home/airflow/.local/lib/python3.12/site-packages/airflow/example_dags/example_sensors.py for tasks to queue
[2024-12-09T20:54:21.683+0000] {logging_mixin.py:190} INFO - [2024-12-09T20:54:21.683+0000] {dagbag.py:588} INFO - Filling up the DagBag from /home/airflow/.local/lib/python3.12/site-packages/airflow/example_dags/example_sensors.py
[2024-12-09T20:54:21.692+0000] {processor.py:925} INFO - DAG(s) 'example_sensors' retrieved from /home/airflow/.local/lib/python3.12/site-packages/airflow/example_dags/example_sensors.py
[2024-12-09T20:54:21.712+0000] {logging_mixin.py:190} INFO - [2024-12-09T20:54:21.712+0000] {dag.py:3239} INFO - Sync 1 DAGs
[2024-12-09T20:54:21.723+0000] {logging_mixin.py:190} INFO - [2024-12-09T20:54:21.723+0000] {dag.py:4180} INFO - Setting next_dagrun for example_sensors to None, run_after=None
[2024-12-09T20:54:21.738+0000] {processor.py:208} INFO - Processing /home/airflow/.local/lib/python3.12/site-packages/airflow/example_dags/example_sensors.py took 0.062 seconds
[2024-12-09T20:54:52.326+0000] {processor.py:186} INFO - Started process (PID=4228) to work on /home/airflow/.local/lib/python3.12/site-packages/airflow/example_dags/example_sensors.py
[2024-12-09T20:54:52.327+0000] {processor.py:914} INFO - Processing file /home/airflow/.local/lib/python3.12/site-packages/airflow/example_dags/example_sensors.py for tasks to queue
[2024-12-09T20:54:52.329+0000] {logging_mixin.py:190} INFO - [2024-12-09T20:54:52.329+0000] {dagbag.py:588} INFO - Filling up the DagBag from /home/airflow/.local/lib/python3.12/site-packages/airflow/example_dags/example_sensors.py
[2024-12-09T20:54:52.338+0000] {processor.py:925} INFO - DAG(s) 'example_sensors' retrieved from /home/airflow/.local/lib/python3.12/site-packages/airflow/example_dags/example_sensors.py
[2024-12-09T20:54:52.356+0000] {logging_mixin.py:190} INFO - [2024-12-09T20:54:52.356+0000] {dag.py:3239} INFO - Sync 1 DAGs
[2024-12-09T20:54:52.367+0000] {logging_mixin.py:190} INFO - [2024-12-09T20:54:52.367+0000] {dag.py:4180} INFO - Setting next_dagrun for example_sensors to None, run_after=None
[2024-12-09T20:54:52.382+0000] {processor.py:208} INFO - Processing /home/airflow/.local/lib/python3.12/site-packages/airflow/example_dags/example_sensors.py took 0.060 seconds
[2024-12-09T20:55:23.382+0000] {processor.py:186} INFO - Started process (PID=4296) to work on /home/airflow/.local/lib/python3.12/site-packages/airflow/example_dags/example_sensors.py
[2024-12-09T20:55:23.383+0000] {processor.py:914} INFO - Processing file /home/airflow/.local/lib/python3.12/site-packages/airflow/example_dags/example_sensors.py for tasks to queue
[2024-12-09T20:55:23.385+0000] {logging_mixin.py:190} INFO - [2024-12-09T20:55:23.385+0000] {dagbag.py:588} INFO - Filling up the DagBag from /home/airflow/.local/lib/python3.12/site-packages/airflow/example_dags/example_sensors.py
[2024-12-09T20:55:23.393+0000] {processor.py:925} INFO - DAG(s) 'example_sensors' retrieved from /home/airflow/.local/lib/python3.12/site-packages/airflow/example_dags/example_sensors.py
[2024-12-09T20:55:23.414+0000] {logging_mixin.py:190} INFO - [2024-12-09T20:55:23.414+0000] {dag.py:3239} INFO - Sync 1 DAGs
[2024-12-09T20:55:23.425+0000] {logging_mixin.py:190} INFO - [2024-12-09T20:55:23.424+0000] {dag.py:4180} INFO - Setting next_dagrun for example_sensors to None, run_after=None
[2024-12-09T20:55:23.439+0000] {processor.py:208} INFO - Processing /home/airflow/.local/lib/python3.12/site-packages/airflow/example_dags/example_sensors.py took 0.061 seconds
[2024-12-09T20:55:53.992+0000] {processor.py:186} INFO - Started process (PID=4364) to work on /home/airflow/.local/lib/python3.12/site-packages/airflow/example_dags/example_sensors.py
[2024-12-09T20:55:53.993+0000] {processor.py:914} INFO - Processing file /home/airflow/.local/lib/python3.12/site-packages/airflow/example_dags/example_sensors.py for tasks to queue
[2024-12-09T20:55:53.995+0000] {logging_mixin.py:190} INFO - [2024-12-09T20:55:53.995+0000] {dagbag.py:588} INFO - Filling up the DagBag from /home/airflow/.local/lib/python3.12/site-packages/airflow/example_dags/example_sensors.py
[2024-12-09T20:55:54.005+0000] {processor.py:925} INFO - DAG(s) 'example_sensors' retrieved from /home/airflow/.local/lib/python3.12/site-packages/airflow/example_dags/example_sensors.py
[2024-12-09T20:55:54.030+0000] {logging_mixin.py:190} INFO - [2024-12-09T20:55:54.030+0000] {dag.py:3239} INFO - Sync 1 DAGs
[2024-12-09T20:55:54.041+0000] {logging_mixin.py:190} INFO - [2024-12-09T20:55:54.041+0000] {dag.py:4180} INFO - Setting next_dagrun for example_sensors to None, run_after=None
[2024-12-09T20:55:54.057+0000] {processor.py:208} INFO - Processing /home/airflow/.local/lib/python3.12/site-packages/airflow/example_dags/example_sensors.py took 0.070 seconds
[2024-12-09T20:56:24.753+0000] {processor.py:186} INFO - Started process (PID=4432) to work on /home/airflow/.local/lib/python3.12/site-packages/airflow/example_dags/example_sensors.py
[2024-12-09T20:56:24.754+0000] {processor.py:914} INFO - Processing file /home/airflow/.local/lib/python3.12/site-packages/airflow/example_dags/example_sensors.py for tasks to queue
[2024-12-09T20:56:24.756+0000] {logging_mixin.py:190} INFO - [2024-12-09T20:56:24.755+0000] {dagbag.py:588} INFO - Filling up the DagBag from /home/airflow/.local/lib/python3.12/site-packages/airflow/example_dags/example_sensors.py
[2024-12-09T20:56:24.764+0000] {processor.py:925} INFO - DAG(s) 'example_sensors' retrieved from /home/airflow/.local/lib/python3.12/site-packages/airflow/example_dags/example_sensors.py
[2024-12-09T20:56:24.786+0000] {logging_mixin.py:190} INFO - [2024-12-09T20:56:24.785+0000] {dag.py:3239} INFO - Sync 1 DAGs
[2024-12-09T20:56:24.796+0000] {logging_mixin.py:190} INFO - [2024-12-09T20:56:24.796+0000] {dag.py:4180} INFO - Setting next_dagrun for example_sensors to None, run_after=None
[2024-12-09T20:56:24.811+0000] {processor.py:208} INFO - Processing /home/airflow/.local/lib/python3.12/site-packages/airflow/example_dags/example_sensors.py took 0.064 seconds
[2024-12-09T20:56:55.700+0000] {processor.py:186} INFO - Started process (PID=4500) to work on /home/airflow/.local/lib/python3.12/site-packages/airflow/example_dags/example_sensors.py
[2024-12-09T20:56:55.700+0000] {processor.py:914} INFO - Processing file /home/airflow/.local/lib/python3.12/site-packages/airflow/example_dags/example_sensors.py for tasks to queue
[2024-12-09T20:56:55.702+0000] {logging_mixin.py:190} INFO - [2024-12-09T20:56:55.702+0000] {dagbag.py:588} INFO - Filling up the DagBag from /home/airflow/.local/lib/python3.12/site-packages/airflow/example_dags/example_sensors.py
[2024-12-09T20:56:55.712+0000] {processor.py:925} INFO - DAG(s) 'example_sensors' retrieved from /home/airflow/.local/lib/python3.12/site-packages/airflow/example_dags/example_sensors.py
[2024-12-09T20:56:55.733+0000] {logging_mixin.py:190} INFO - [2024-12-09T20:56:55.732+0000] {dag.py:3239} INFO - Sync 1 DAGs
[2024-12-09T20:56:55.743+0000] {logging_mixin.py:190} INFO - [2024-12-09T20:56:55.743+0000] {dag.py:4180} INFO - Setting next_dagrun for example_sensors to None, run_after=None
[2024-12-09T20:56:55.757+0000] {processor.py:208} INFO - Processing /home/airflow/.local/lib/python3.12/site-packages/airflow/example_dags/example_sensors.py took 0.062 seconds
[2024-12-09T20:57:26.539+0000] {processor.py:186} INFO - Started process (PID=4568) to work on /home/airflow/.local/lib/python3.12/site-packages/airflow/example_dags/example_sensors.py
[2024-12-09T20:57:26.540+0000] {processor.py:914} INFO - Processing file /home/airflow/.local/lib/python3.12/site-packages/airflow/example_dags/example_sensors.py for tasks to queue
[2024-12-09T20:57:26.542+0000] {logging_mixin.py:190} INFO - [2024-12-09T20:57:26.542+0000] {dagbag.py:588} INFO - Filling up the DagBag from /home/airflow/.local/lib/python3.12/site-packages/airflow/example_dags/example_sensors.py
[2024-12-09T20:57:26.551+0000] {processor.py:925} INFO - DAG(s) 'example_sensors' retrieved from /home/airflow/.local/lib/python3.12/site-packages/airflow/example_dags/example_sensors.py
[2024-12-09T20:57:26.572+0000] {logging_mixin.py:190} INFO - [2024-12-09T20:57:26.572+0000] {dag.py:3239} INFO - Sync 1 DAGs
[2024-12-09T20:57:26.583+0000] {logging_mixin.py:190} INFO - [2024-12-09T20:57:26.583+0000] {dag.py:4180} INFO - Setting next_dagrun for example_sensors to None, run_after=None
[2024-12-09T20:57:26.599+0000] {processor.py:208} INFO - Processing /home/airflow/.local/lib/python3.12/site-packages/airflow/example_dags/example_sensors.py took 0.065 seconds
[2024-12-09T20:57:57.505+0000] {processor.py:186} INFO - Started process (PID=4636) to work on /home/airflow/.local/lib/python3.12/site-packages/airflow/example_dags/example_sensors.py
[2024-12-09T20:57:57.506+0000] {processor.py:914} INFO - Processing file /home/airflow/.local/lib/python3.12/site-packages/airflow/example_dags/example_sensors.py for tasks to queue
[2024-12-09T20:57:57.509+0000] {logging_mixin.py:190} INFO - [2024-12-09T20:57:57.508+0000] {dagbag.py:588} INFO - Filling up the DagBag from /home/airflow/.local/lib/python3.12/site-packages/airflow/example_dags/example_sensors.py
[2024-12-09T20:57:57.519+0000] {processor.py:925} INFO - DAG(s) 'example_sensors' retrieved from /home/airflow/.local/lib/python3.12/site-packages/airflow/example_dags/example_sensors.py
[2024-12-09T20:57:57.543+0000] {logging_mixin.py:190} INFO - [2024-12-09T20:57:57.543+0000] {dag.py:3239} INFO - Sync 1 DAGs
[2024-12-09T20:57:57.556+0000] {logging_mixin.py:190} INFO - [2024-12-09T20:57:57.555+0000] {dag.py:4180} INFO - Setting next_dagrun for example_sensors to None, run_after=None
[2024-12-09T20:57:57.571+0000] {processor.py:208} INFO - Processing /home/airflow/.local/lib/python3.12/site-packages/airflow/example_dags/example_sensors.py took 0.070 seconds
[2024-12-09T20:58:28.423+0000] {processor.py:186} INFO - Started process (PID=4704) to work on /home/airflow/.local/lib/python3.12/site-packages/airflow/example_dags/example_sensors.py
[2024-12-09T20:58:28.424+0000] {processor.py:914} INFO - Processing file /home/airflow/.local/lib/python3.12/site-packages/airflow/example_dags/example_sensors.py for tasks to queue
[2024-12-09T20:58:28.425+0000] {logging_mixin.py:190} INFO - [2024-12-09T20:58:28.425+0000] {dagbag.py:588} INFO - Filling up the DagBag from /home/airflow/.local/lib/python3.12/site-packages/airflow/example_dags/example_sensors.py
[2024-12-09T20:58:28.434+0000] {processor.py:925} INFO - DAG(s) 'example_sensors' retrieved from /home/airflow/.local/lib/python3.12/site-packages/airflow/example_dags/example_sensors.py
[2024-12-09T20:58:28.455+0000] {logging_mixin.py:190} INFO - [2024-12-09T20:58:28.455+0000] {dag.py:3239} INFO - Sync 1 DAGs
[2024-12-09T20:58:28.465+0000] {logging_mixin.py:190} INFO - [2024-12-09T20:58:28.465+0000] {dag.py:4180} INFO - Setting next_dagrun for example_sensors to None, run_after=None
[2024-12-09T20:58:28.479+0000] {processor.py:208} INFO - Processing /home/airflow/.local/lib/python3.12/site-packages/airflow/example_dags/example_sensors.py took 0.061 seconds
[2024-12-09T20:58:59.398+0000] {processor.py:186} INFO - Started process (PID=4772) to work on /home/airflow/.local/lib/python3.12/site-packages/airflow/example_dags/example_sensors.py
[2024-12-09T20:58:59.399+0000] {processor.py:914} INFO - Processing file /home/airflow/.local/lib/python3.12/site-packages/airflow/example_dags/example_sensors.py for tasks to queue
[2024-12-09T20:58:59.401+0000] {logging_mixin.py:190} INFO - [2024-12-09T20:58:59.401+0000] {dagbag.py:588} INFO - Filling up the DagBag from /home/airflow/.local/lib/python3.12/site-packages/airflow/example_dags/example_sensors.py
[2024-12-09T20:58:59.410+0000] {processor.py:925} INFO - DAG(s) 'example_sensors' retrieved from /home/airflow/.local/lib/python3.12/site-packages/airflow/example_dags/example_sensors.py
[2024-12-09T20:58:59.432+0000] {logging_mixin.py:190} INFO - [2024-12-09T20:58:59.432+0000] {dag.py:3239} INFO - Sync 1 DAGs
[2024-12-09T20:58:59.443+0000] {logging_mixin.py:190} INFO - [2024-12-09T20:58:59.443+0000] {dag.py:4180} INFO - Setting next_dagrun for example_sensors to None, run_after=None
[2024-12-09T20:58:59.458+0000] {processor.py:208} INFO - Processing /home/airflow/.local/lib/python3.12/site-packages/airflow/example_dags/example_sensors.py took 0.064 seconds
[2024-12-09T21:00:20.044+0000] {processor.py:186} INFO - Started process (PID=100) to work on /home/airflow/.local/lib/python3.12/site-packages/airflow/example_dags/example_sensors.py
[2024-12-09T21:00:20.045+0000] {processor.py:914} INFO - Processing file /home/airflow/.local/lib/python3.12/site-packages/airflow/example_dags/example_sensors.py for tasks to queue
[2024-12-09T21:00:20.047+0000] {logging_mixin.py:190} INFO - [2024-12-09T21:00:20.047+0000] {dagbag.py:588} INFO - Filling up the DagBag from /home/airflow/.local/lib/python3.12/site-packages/airflow/example_dags/example_sensors.py
[2024-12-09T21:00:20.060+0000] {processor.py:925} INFO - DAG(s) 'example_sensors' retrieved from /home/airflow/.local/lib/python3.12/site-packages/airflow/example_dags/example_sensors.py
[2024-12-09T21:00:20.093+0000] {logging_mixin.py:190} INFO - [2024-12-09T21:00:20.093+0000] {dag.py:3239} INFO - Sync 1 DAGs
[2024-12-09T21:00:20.107+0000] {logging_mixin.py:190} INFO - [2024-12-09T21:00:20.107+0000] {dag.py:4180} INFO - Setting next_dagrun for example_sensors to None, run_after=None
[2024-12-09T21:00:20.124+0000] {processor.py:208} INFO - Processing /home/airflow/.local/lib/python3.12/site-packages/airflow/example_dags/example_sensors.py took 0.087 seconds
[2024-12-09T21:00:51.308+0000] {processor.py:186} INFO - Started process (PID=171) to work on /home/airflow/.local/lib/python3.12/site-packages/airflow/example_dags/example_sensors.py
[2024-12-09T21:00:51.309+0000] {processor.py:914} INFO - Processing file /home/airflow/.local/lib/python3.12/site-packages/airflow/example_dags/example_sensors.py for tasks to queue
[2024-12-09T21:00:51.311+0000] {logging_mixin.py:190} INFO - [2024-12-09T21:00:51.311+0000] {dagbag.py:588} INFO - Filling up the DagBag from /home/airflow/.local/lib/python3.12/site-packages/airflow/example_dags/example_sensors.py
[2024-12-09T21:00:51.322+0000] {processor.py:925} INFO - DAG(s) 'example_sensors' retrieved from /home/airflow/.local/lib/python3.12/site-packages/airflow/example_dags/example_sensors.py
[2024-12-09T21:00:51.345+0000] {logging_mixin.py:190} INFO - [2024-12-09T21:00:51.345+0000] {dag.py:3239} INFO - Sync 1 DAGs
[2024-12-09T21:00:51.359+0000] {logging_mixin.py:190} INFO - [2024-12-09T21:00:51.359+0000] {dag.py:4180} INFO - Setting next_dagrun for example_sensors to None, run_after=None
[2024-12-09T21:00:51.379+0000] {processor.py:208} INFO - Processing /home/airflow/.local/lib/python3.12/site-packages/airflow/example_dags/example_sensors.py took 0.076 seconds
[2024-12-09T21:01:21.895+0000] {processor.py:186} INFO - Started process (PID=239) to work on /home/airflow/.local/lib/python3.12/site-packages/airflow/example_dags/example_sensors.py
[2024-12-09T21:01:21.896+0000] {processor.py:914} INFO - Processing file /home/airflow/.local/lib/python3.12/site-packages/airflow/example_dags/example_sensors.py for tasks to queue
[2024-12-09T21:01:21.898+0000] {logging_mixin.py:190} INFO - [2024-12-09T21:01:21.897+0000] {dagbag.py:588} INFO - Filling up the DagBag from /home/airflow/.local/lib/python3.12/site-packages/airflow/example_dags/example_sensors.py
[2024-12-09T21:01:21.906+0000] {processor.py:925} INFO - DAG(s) 'example_sensors' retrieved from /home/airflow/.local/lib/python3.12/site-packages/airflow/example_dags/example_sensors.py
[2024-12-09T21:01:21.925+0000] {logging_mixin.py:190} INFO - [2024-12-09T21:01:21.925+0000] {dag.py:3239} INFO - Sync 1 DAGs
[2024-12-09T21:01:21.936+0000] {logging_mixin.py:190} INFO - [2024-12-09T21:01:21.936+0000] {dag.py:4180} INFO - Setting next_dagrun for example_sensors to None, run_after=None
[2024-12-09T21:01:21.951+0000] {processor.py:208} INFO - Processing /home/airflow/.local/lib/python3.12/site-packages/airflow/example_dags/example_sensors.py took 0.062 seconds
[2024-12-09T21:01:52.693+0000] {processor.py:186} INFO - Started process (PID=310) to work on /home/airflow/.local/lib/python3.12/site-packages/airflow/example_dags/example_sensors.py
[2024-12-09T21:01:52.693+0000] {processor.py:914} INFO - Processing file /home/airflow/.local/lib/python3.12/site-packages/airflow/example_dags/example_sensors.py for tasks to queue
[2024-12-09T21:01:52.696+0000] {logging_mixin.py:190} INFO - [2024-12-09T21:01:52.695+0000] {dagbag.py:588} INFO - Filling up the DagBag from /home/airflow/.local/lib/python3.12/site-packages/airflow/example_dags/example_sensors.py
[2024-12-09T21:01:52.705+0000] {processor.py:925} INFO - DAG(s) 'example_sensors' retrieved from /home/airflow/.local/lib/python3.12/site-packages/airflow/example_dags/example_sensors.py
[2024-12-09T21:01:52.725+0000] {logging_mixin.py:190} INFO - [2024-12-09T21:01:52.725+0000] {dag.py:3239} INFO - Sync 1 DAGs
[2024-12-09T21:01:52.738+0000] {logging_mixin.py:190} INFO - [2024-12-09T21:01:52.738+0000] {dag.py:4180} INFO - Setting next_dagrun for example_sensors to None, run_after=None
[2024-12-09T21:01:52.752+0000] {processor.py:208} INFO - Processing /home/airflow/.local/lib/python3.12/site-packages/airflow/example_dags/example_sensors.py took 0.064 seconds
[2024-12-09T21:02:23.370+0000] {processor.py:186} INFO - Started process (PID=382) to work on /home/airflow/.local/lib/python3.12/site-packages/airflow/example_dags/example_sensors.py
[2024-12-09T21:02:23.370+0000] {processor.py:914} INFO - Processing file /home/airflow/.local/lib/python3.12/site-packages/airflow/example_dags/example_sensors.py for tasks to queue
[2024-12-09T21:02:23.372+0000] {logging_mixin.py:190} INFO - [2024-12-09T21:02:23.372+0000] {dagbag.py:588} INFO - Filling up the DagBag from /home/airflow/.local/lib/python3.12/site-packages/airflow/example_dags/example_sensors.py
[2024-12-09T21:02:23.381+0000] {processor.py:925} INFO - DAG(s) 'example_sensors' retrieved from /home/airflow/.local/lib/python3.12/site-packages/airflow/example_dags/example_sensors.py
[2024-12-09T21:02:23.401+0000] {logging_mixin.py:190} INFO - [2024-12-09T21:02:23.400+0000] {dag.py:3239} INFO - Sync 1 DAGs
[2024-12-09T21:02:23.411+0000] {logging_mixin.py:190} INFO - [2024-12-09T21:02:23.411+0000] {dag.py:4180} INFO - Setting next_dagrun for example_sensors to None, run_after=None
[2024-12-09T21:02:23.427+0000] {processor.py:208} INFO - Processing /home/airflow/.local/lib/python3.12/site-packages/airflow/example_dags/example_sensors.py took 0.062 seconds
[2024-12-09T21:02:53.885+0000] {processor.py:186} INFO - Started process (PID=450) to work on /home/airflow/.local/lib/python3.12/site-packages/airflow/example_dags/example_sensors.py
[2024-12-09T21:02:53.886+0000] {processor.py:914} INFO - Processing file /home/airflow/.local/lib/python3.12/site-packages/airflow/example_dags/example_sensors.py for tasks to queue
[2024-12-09T21:02:53.888+0000] {logging_mixin.py:190} INFO - [2024-12-09T21:02:53.888+0000] {dagbag.py:588} INFO - Filling up the DagBag from /home/airflow/.local/lib/python3.12/site-packages/airflow/example_dags/example_sensors.py
[2024-12-09T21:02:53.896+0000] {processor.py:925} INFO - DAG(s) 'example_sensors' retrieved from /home/airflow/.local/lib/python3.12/site-packages/airflow/example_dags/example_sensors.py
[2024-12-09T21:02:53.916+0000] {logging_mixin.py:190} INFO - [2024-12-09T21:02:53.916+0000] {dag.py:3239} INFO - Sync 1 DAGs
[2024-12-09T21:02:53.927+0000] {logging_mixin.py:190} INFO - [2024-12-09T21:02:53.927+0000] {dag.py:4180} INFO - Setting next_dagrun for example_sensors to None, run_after=None
[2024-12-09T21:02:53.943+0000] {processor.py:208} INFO - Processing /home/airflow/.local/lib/python3.12/site-packages/airflow/example_dags/example_sensors.py took 0.063 seconds
[2024-12-09T21:03:24.869+0000] {processor.py:186} INFO - Started process (PID=518) to work on /home/airflow/.local/lib/python3.12/site-packages/airflow/example_dags/example_sensors.py
[2024-12-09T21:03:24.870+0000] {processor.py:914} INFO - Processing file /home/airflow/.local/lib/python3.12/site-packages/airflow/example_dags/example_sensors.py for tasks to queue
[2024-12-09T21:03:24.872+0000] {logging_mixin.py:190} INFO - [2024-12-09T21:03:24.872+0000] {dagbag.py:588} INFO - Filling up the DagBag from /home/airflow/.local/lib/python3.12/site-packages/airflow/example_dags/example_sensors.py
[2024-12-09T21:03:24.881+0000] {processor.py:925} INFO - DAG(s) 'example_sensors' retrieved from /home/airflow/.local/lib/python3.12/site-packages/airflow/example_dags/example_sensors.py
[2024-12-09T21:03:24.905+0000] {logging_mixin.py:190} INFO - [2024-12-09T21:03:24.905+0000] {dag.py:3239} INFO - Sync 1 DAGs
[2024-12-09T21:03:24.918+0000] {logging_mixin.py:190} INFO - [2024-12-09T21:03:24.917+0000] {dag.py:4180} INFO - Setting next_dagrun for example_sensors to None, run_after=None
[2024-12-09T21:03:24.936+0000] {processor.py:208} INFO - Processing /home/airflow/.local/lib/python3.12/site-packages/airflow/example_dags/example_sensors.py took 0.072 seconds
[2024-12-09T21:03:55.043+0000] {processor.py:186} INFO - Started process (PID=585) to work on /home/airflow/.local/lib/python3.12/site-packages/airflow/example_dags/example_sensors.py
[2024-12-09T21:03:55.044+0000] {processor.py:914} INFO - Processing file /home/airflow/.local/lib/python3.12/site-packages/airflow/example_dags/example_sensors.py for tasks to queue
[2024-12-09T21:03:55.046+0000] {logging_mixin.py:190} INFO - [2024-12-09T21:03:55.046+0000] {dagbag.py:588} INFO - Filling up the DagBag from /home/airflow/.local/lib/python3.12/site-packages/airflow/example_dags/example_sensors.py
[2024-12-09T21:03:55.055+0000] {processor.py:925} INFO - DAG(s) 'example_sensors' retrieved from /home/airflow/.local/lib/python3.12/site-packages/airflow/example_dags/example_sensors.py
[2024-12-09T21:03:55.076+0000] {logging_mixin.py:190} INFO - [2024-12-09T21:03:55.075+0000] {dag.py:3239} INFO - Sync 1 DAGs
[2024-12-09T21:03:55.087+0000] {logging_mixin.py:190} INFO - [2024-12-09T21:03:55.087+0000] {dag.py:4180} INFO - Setting next_dagrun for example_sensors to None, run_after=None
[2024-12-09T21:03:55.102+0000] {processor.py:208} INFO - Processing /home/airflow/.local/lib/python3.12/site-packages/airflow/example_dags/example_sensors.py took 0.063 seconds
