[2024-12-09T20:10:14.359+0000] {processor.py:186} INFO - Started process (PID=112) to work on /home/airflow/.local/lib/python3.12/site-packages/airflow/example_dags/tutorial.py
[2024-12-09T20:10:14.362+0000] {processor.py:914} INFO - Processing file /home/airflow/.local/lib/python3.12/site-packages/airflow/example_dags/tutorial.py for tasks to queue
[2024-12-09T20:10:14.367+0000] {logging_mixin.py:190} INFO - [2024-12-09T20:10:14.367+0000] {dagbag.py:588} INFO - Filling up the DagBag from /home/airflow/.local/lib/python3.12/site-packages/airflow/example_dags/tutorial.py
[2024-12-09T20:10:14.384+0000] {processor.py:925} INFO - DAG(s) 'tutorial' retrieved from /home/airflow/.local/lib/python3.12/site-packages/airflow/example_dags/tutorial.py
[2024-12-09T20:10:14.459+0000] {logging_mixin.py:190} INFO - [2024-12-09T20:10:14.459+0000] {dag.py:3239} INFO - Sync 1 DAGs
[2024-12-09T20:10:14.529+0000] {logging_mixin.py:190} INFO - [2024-12-09T20:10:14.526+0000] {dag.py:4180} INFO - Setting next_dagrun for tutorial to 2024-12-09 00:00:00+00:00, run_after=2024-12-10 00:00:00+00:00
[2024-12-09T20:10:14.596+0000] {processor.py:208} INFO - Processing /home/airflow/.local/lib/python3.12/site-packages/airflow/example_dags/tutorial.py took 0.247 seconds
[2024-12-09T20:24:24.798+0000] {processor.py:186} INFO - Started process (PID=106) to work on /home/airflow/.local/lib/python3.12/site-packages/airflow/example_dags/tutorial.py
[2024-12-09T20:24:24.800+0000] {processor.py:914} INFO - Processing file /home/airflow/.local/lib/python3.12/site-packages/airflow/example_dags/tutorial.py for tasks to queue
[2024-12-09T20:24:24.803+0000] {logging_mixin.py:190} INFO - [2024-12-09T20:24:24.803+0000] {dagbag.py:588} INFO - Filling up the DagBag from /home/airflow/.local/lib/python3.12/site-packages/airflow/example_dags/tutorial.py
[2024-12-09T20:24:24.818+0000] {processor.py:925} INFO - DAG(s) 'tutorial' retrieved from /home/airflow/.local/lib/python3.12/site-packages/airflow/example_dags/tutorial.py
[2024-12-09T20:24:24.865+0000] {logging_mixin.py:190} INFO - [2024-12-09T20:24:24.865+0000] {dag.py:3239} INFO - Sync 1 DAGs
[2024-12-09T20:24:24.909+0000] {logging_mixin.py:190} INFO - [2024-12-09T20:24:24.909+0000] {dag.py:4180} INFO - Setting next_dagrun for tutorial to 2024-12-09 00:00:00+00:00, run_after=2024-12-10 00:00:00+00:00
[2024-12-09T20:24:24.941+0000] {processor.py:208} INFO - Processing /home/airflow/.local/lib/python3.12/site-packages/airflow/example_dags/tutorial.py took 0.153 seconds
[2024-12-09T20:24:55.650+0000] {processor.py:186} INFO - Started process (PID=194) to work on /home/airflow/.local/lib/python3.12/site-packages/airflow/example_dags/tutorial.py
[2024-12-09T20:24:55.651+0000] {processor.py:914} INFO - Processing file /home/airflow/.local/lib/python3.12/site-packages/airflow/example_dags/tutorial.py for tasks to queue
[2024-12-09T20:24:55.654+0000] {logging_mixin.py:190} INFO - [2024-12-09T20:24:55.654+0000] {dagbag.py:588} INFO - Filling up the DagBag from /home/airflow/.local/lib/python3.12/site-packages/airflow/example_dags/tutorial.py
[2024-12-09T20:24:55.662+0000] {processor.py:925} INFO - DAG(s) 'tutorial' retrieved from /home/airflow/.local/lib/python3.12/site-packages/airflow/example_dags/tutorial.py
[2024-12-09T20:24:55.683+0000] {logging_mixin.py:190} INFO - [2024-12-09T20:24:55.682+0000] {dag.py:3239} INFO - Sync 1 DAGs
[2024-12-09T20:24:55.705+0000] {logging_mixin.py:190} INFO - [2024-12-09T20:24:55.705+0000] {dag.py:4180} INFO - Setting next_dagrun for tutorial to 2024-12-09 00:00:00+00:00, run_after=2024-12-10 00:00:00+00:00
[2024-12-09T20:24:55.728+0000] {processor.py:208} INFO - Processing /home/airflow/.local/lib/python3.12/site-packages/airflow/example_dags/tutorial.py took 0.084 seconds
[2024-12-09T20:25:26.608+0000] {processor.py:186} INFO - Started process (PID=262) to work on /home/airflow/.local/lib/python3.12/site-packages/airflow/example_dags/tutorial.py
[2024-12-09T20:25:26.609+0000] {processor.py:914} INFO - Processing file /home/airflow/.local/lib/python3.12/site-packages/airflow/example_dags/tutorial.py for tasks to queue
[2024-12-09T20:25:26.612+0000] {logging_mixin.py:190} INFO - [2024-12-09T20:25:26.611+0000] {dagbag.py:588} INFO - Filling up the DagBag from /home/airflow/.local/lib/python3.12/site-packages/airflow/example_dags/tutorial.py
[2024-12-09T20:25:26.619+0000] {processor.py:925} INFO - DAG(s) 'tutorial' retrieved from /home/airflow/.local/lib/python3.12/site-packages/airflow/example_dags/tutorial.py
[2024-12-09T20:25:26.635+0000] {logging_mixin.py:190} INFO - [2024-12-09T20:25:26.635+0000] {dag.py:3239} INFO - Sync 1 DAGs
[2024-12-09T20:25:26.653+0000] {logging_mixin.py:190} INFO - [2024-12-09T20:25:26.653+0000] {dag.py:4180} INFO - Setting next_dagrun for tutorial to 2024-12-09 00:00:00+00:00, run_after=2024-12-10 00:00:00+00:00
[2024-12-09T20:25:26.667+0000] {processor.py:208} INFO - Processing /home/airflow/.local/lib/python3.12/site-packages/airflow/example_dags/tutorial.py took 0.063 seconds
[2024-12-09T20:25:57.370+0000] {processor.py:186} INFO - Started process (PID=330) to work on /home/airflow/.local/lib/python3.12/site-packages/airflow/example_dags/tutorial.py
[2024-12-09T20:25:57.371+0000] {processor.py:914} INFO - Processing file /home/airflow/.local/lib/python3.12/site-packages/airflow/example_dags/tutorial.py for tasks to queue
[2024-12-09T20:25:57.374+0000] {logging_mixin.py:190} INFO - [2024-12-09T20:25:57.373+0000] {dagbag.py:588} INFO - Filling up the DagBag from /home/airflow/.local/lib/python3.12/site-packages/airflow/example_dags/tutorial.py
[2024-12-09T20:25:57.382+0000] {processor.py:925} INFO - DAG(s) 'tutorial' retrieved from /home/airflow/.local/lib/python3.12/site-packages/airflow/example_dags/tutorial.py
[2024-12-09T20:25:57.400+0000] {logging_mixin.py:190} INFO - [2024-12-09T20:25:57.400+0000] {dag.py:3239} INFO - Sync 1 DAGs
[2024-12-09T20:25:57.422+0000] {logging_mixin.py:190} INFO - [2024-12-09T20:25:57.422+0000] {dag.py:4180} INFO - Setting next_dagrun for tutorial to 2024-12-09 00:00:00+00:00, run_after=2024-12-10 00:00:00+00:00
[2024-12-09T20:25:57.438+0000] {processor.py:208} INFO - Processing /home/airflow/.local/lib/python3.12/site-packages/airflow/example_dags/tutorial.py took 0.073 seconds
[2024-12-09T20:26:27.556+0000] {processor.py:186} INFO - Started process (PID=397) to work on /home/airflow/.local/lib/python3.12/site-packages/airflow/example_dags/tutorial.py
[2024-12-09T20:26:27.557+0000] {processor.py:914} INFO - Processing file /home/airflow/.local/lib/python3.12/site-packages/airflow/example_dags/tutorial.py for tasks to queue
[2024-12-09T20:26:27.559+0000] {logging_mixin.py:190} INFO - [2024-12-09T20:26:27.559+0000] {dagbag.py:588} INFO - Filling up the DagBag from /home/airflow/.local/lib/python3.12/site-packages/airflow/example_dags/tutorial.py
[2024-12-09T20:26:27.566+0000] {processor.py:925} INFO - DAG(s) 'tutorial' retrieved from /home/airflow/.local/lib/python3.12/site-packages/airflow/example_dags/tutorial.py
[2024-12-09T20:26:27.582+0000] {logging_mixin.py:190} INFO - [2024-12-09T20:26:27.582+0000] {dag.py:3239} INFO - Sync 1 DAGs
[2024-12-09T20:26:27.600+0000] {logging_mixin.py:190} INFO - [2024-12-09T20:26:27.600+0000] {dag.py:4180} INFO - Setting next_dagrun for tutorial to 2024-12-09 00:00:00+00:00, run_after=2024-12-10 00:00:00+00:00
[2024-12-09T20:26:27.615+0000] {processor.py:208} INFO - Processing /home/airflow/.local/lib/python3.12/site-packages/airflow/example_dags/tutorial.py took 0.064 seconds
[2024-12-09T20:26:58.213+0000] {processor.py:186} INFO - Started process (PID=465) to work on /home/airflow/.local/lib/python3.12/site-packages/airflow/example_dags/tutorial.py
[2024-12-09T20:26:58.214+0000] {processor.py:914} INFO - Processing file /home/airflow/.local/lib/python3.12/site-packages/airflow/example_dags/tutorial.py for tasks to queue
[2024-12-09T20:26:58.216+0000] {logging_mixin.py:190} INFO - [2024-12-09T20:26:58.216+0000] {dagbag.py:588} INFO - Filling up the DagBag from /home/airflow/.local/lib/python3.12/site-packages/airflow/example_dags/tutorial.py
[2024-12-09T20:26:58.223+0000] {processor.py:925} INFO - DAG(s) 'tutorial' retrieved from /home/airflow/.local/lib/python3.12/site-packages/airflow/example_dags/tutorial.py
[2024-12-09T20:26:58.242+0000] {logging_mixin.py:190} INFO - [2024-12-09T20:26:58.242+0000] {dag.py:3239} INFO - Sync 1 DAGs
[2024-12-09T20:26:58.261+0000] {logging_mixin.py:190} INFO - [2024-12-09T20:26:58.261+0000] {dag.py:4180} INFO - Setting next_dagrun for tutorial to 2024-12-09 00:00:00+00:00, run_after=2024-12-10 00:00:00+00:00
[2024-12-09T20:26:58.274+0000] {processor.py:208} INFO - Processing /home/airflow/.local/lib/python3.12/site-packages/airflow/example_dags/tutorial.py took 0.066 seconds
[2024-12-09T20:27:28.961+0000] {processor.py:186} INFO - Started process (PID=533) to work on /home/airflow/.local/lib/python3.12/site-packages/airflow/example_dags/tutorial.py
[2024-12-09T20:27:28.962+0000] {processor.py:914} INFO - Processing file /home/airflow/.local/lib/python3.12/site-packages/airflow/example_dags/tutorial.py for tasks to queue
[2024-12-09T20:27:28.964+0000] {logging_mixin.py:190} INFO - [2024-12-09T20:27:28.964+0000] {dagbag.py:588} INFO - Filling up the DagBag from /home/airflow/.local/lib/python3.12/site-packages/airflow/example_dags/tutorial.py
[2024-12-09T20:27:28.971+0000] {processor.py:925} INFO - DAG(s) 'tutorial' retrieved from /home/airflow/.local/lib/python3.12/site-packages/airflow/example_dags/tutorial.py
[2024-12-09T20:27:28.987+0000] {logging_mixin.py:190} INFO - [2024-12-09T20:27:28.987+0000] {dag.py:3239} INFO - Sync 1 DAGs
[2024-12-09T20:27:29.004+0000] {logging_mixin.py:190} INFO - [2024-12-09T20:27:29.004+0000] {dag.py:4180} INFO - Setting next_dagrun for tutorial to 2024-12-09 00:00:00+00:00, run_after=2024-12-10 00:00:00+00:00
[2024-12-09T20:27:29.017+0000] {processor.py:208} INFO - Processing /home/airflow/.local/lib/python3.12/site-packages/airflow/example_dags/tutorial.py took 0.061 seconds
[2024-12-09T20:27:59.849+0000] {processor.py:186} INFO - Started process (PID=601) to work on /home/airflow/.local/lib/python3.12/site-packages/airflow/example_dags/tutorial.py
[2024-12-09T20:27:59.850+0000] {processor.py:914} INFO - Processing file /home/airflow/.local/lib/python3.12/site-packages/airflow/example_dags/tutorial.py for tasks to queue
[2024-12-09T20:27:59.852+0000] {logging_mixin.py:190} INFO - [2024-12-09T20:27:59.851+0000] {dagbag.py:588} INFO - Filling up the DagBag from /home/airflow/.local/lib/python3.12/site-packages/airflow/example_dags/tutorial.py
[2024-12-09T20:27:59.858+0000] {processor.py:925} INFO - DAG(s) 'tutorial' retrieved from /home/airflow/.local/lib/python3.12/site-packages/airflow/example_dags/tutorial.py
[2024-12-09T20:27:59.874+0000] {logging_mixin.py:190} INFO - [2024-12-09T20:27:59.874+0000] {dag.py:3239} INFO - Sync 1 DAGs
[2024-12-09T20:27:59.893+0000] {logging_mixin.py:190} INFO - [2024-12-09T20:27:59.893+0000] {dag.py:4180} INFO - Setting next_dagrun for tutorial to 2024-12-09 00:00:00+00:00, run_after=2024-12-10 00:00:00+00:00
[2024-12-09T20:27:59.908+0000] {processor.py:208} INFO - Processing /home/airflow/.local/lib/python3.12/site-packages/airflow/example_dags/tutorial.py took 0.064 seconds
[2024-12-09T20:28:30.372+0000] {processor.py:186} INFO - Started process (PID=669) to work on /home/airflow/.local/lib/python3.12/site-packages/airflow/example_dags/tutorial.py
[2024-12-09T20:28:30.373+0000] {processor.py:914} INFO - Processing file /home/airflow/.local/lib/python3.12/site-packages/airflow/example_dags/tutorial.py for tasks to queue
[2024-12-09T20:28:30.374+0000] {logging_mixin.py:190} INFO - [2024-12-09T20:28:30.374+0000] {dagbag.py:588} INFO - Filling up the DagBag from /home/airflow/.local/lib/python3.12/site-packages/airflow/example_dags/tutorial.py
[2024-12-09T20:28:30.381+0000] {processor.py:925} INFO - DAG(s) 'tutorial' retrieved from /home/airflow/.local/lib/python3.12/site-packages/airflow/example_dags/tutorial.py
[2024-12-09T20:28:30.400+0000] {logging_mixin.py:190} INFO - [2024-12-09T20:28:30.399+0000] {dag.py:3239} INFO - Sync 1 DAGs
[2024-12-09T20:28:30.416+0000] {logging_mixin.py:190} INFO - [2024-12-09T20:28:30.416+0000] {dag.py:4180} INFO - Setting next_dagrun for tutorial to 2024-12-09 00:00:00+00:00, run_after=2024-12-10 00:00:00+00:00
[2024-12-09T20:28:30.431+0000] {processor.py:208} INFO - Processing /home/airflow/.local/lib/python3.12/site-packages/airflow/example_dags/tutorial.py took 0.064 seconds
[2024-12-09T20:29:01.231+0000] {processor.py:186} INFO - Started process (PID=737) to work on /home/airflow/.local/lib/python3.12/site-packages/airflow/example_dags/tutorial.py
[2024-12-09T20:29:01.232+0000] {processor.py:914} INFO - Processing file /home/airflow/.local/lib/python3.12/site-packages/airflow/example_dags/tutorial.py for tasks to queue
[2024-12-09T20:29:01.234+0000] {logging_mixin.py:190} INFO - [2024-12-09T20:29:01.234+0000] {dagbag.py:588} INFO - Filling up the DagBag from /home/airflow/.local/lib/python3.12/site-packages/airflow/example_dags/tutorial.py
[2024-12-09T20:29:01.241+0000] {processor.py:925} INFO - DAG(s) 'tutorial' retrieved from /home/airflow/.local/lib/python3.12/site-packages/airflow/example_dags/tutorial.py
[2024-12-09T20:29:01.256+0000] {logging_mixin.py:190} INFO - [2024-12-09T20:29:01.256+0000] {dag.py:3239} INFO - Sync 1 DAGs
[2024-12-09T20:29:01.273+0000] {logging_mixin.py:190} INFO - [2024-12-09T20:29:01.273+0000] {dag.py:4180} INFO - Setting next_dagrun for tutorial to 2024-12-09 00:00:00+00:00, run_after=2024-12-10 00:00:00+00:00
[2024-12-09T20:29:01.287+0000] {processor.py:208} INFO - Processing /home/airflow/.local/lib/python3.12/site-packages/airflow/example_dags/tutorial.py took 0.060 seconds
[2024-12-09T20:29:32.139+0000] {processor.py:186} INFO - Started process (PID=809) to work on /home/airflow/.local/lib/python3.12/site-packages/airflow/example_dags/tutorial.py
[2024-12-09T20:29:32.139+0000] {processor.py:914} INFO - Processing file /home/airflow/.local/lib/python3.12/site-packages/airflow/example_dags/tutorial.py for tasks to queue
[2024-12-09T20:29:32.141+0000] {logging_mixin.py:190} INFO - [2024-12-09T20:29:32.141+0000] {dagbag.py:588} INFO - Filling up the DagBag from /home/airflow/.local/lib/python3.12/site-packages/airflow/example_dags/tutorial.py
[2024-12-09T20:29:32.148+0000] {processor.py:925} INFO - DAG(s) 'tutorial' retrieved from /home/airflow/.local/lib/python3.12/site-packages/airflow/example_dags/tutorial.py
[2024-12-09T20:29:32.162+0000] {logging_mixin.py:190} INFO - [2024-12-09T20:29:32.162+0000] {dag.py:3239} INFO - Sync 1 DAGs
[2024-12-09T20:29:32.179+0000] {logging_mixin.py:190} INFO - [2024-12-09T20:29:32.179+0000] {dag.py:4180} INFO - Setting next_dagrun for tutorial to 2024-12-09 00:00:00+00:00, run_after=2024-12-10 00:00:00+00:00
[2024-12-09T20:29:32.194+0000] {processor.py:208} INFO - Processing /home/airflow/.local/lib/python3.12/site-packages/airflow/example_dags/tutorial.py took 0.060 seconds
[2024-12-09T20:30:02.637+0000] {processor.py:186} INFO - Started process (PID=877) to work on /home/airflow/.local/lib/python3.12/site-packages/airflow/example_dags/tutorial.py
[2024-12-09T20:30:02.637+0000] {processor.py:914} INFO - Processing file /home/airflow/.local/lib/python3.12/site-packages/airflow/example_dags/tutorial.py for tasks to queue
[2024-12-09T20:30:02.639+0000] {logging_mixin.py:190} INFO - [2024-12-09T20:30:02.639+0000] {dagbag.py:588} INFO - Filling up the DagBag from /home/airflow/.local/lib/python3.12/site-packages/airflow/example_dags/tutorial.py
[2024-12-09T20:30:02.646+0000] {processor.py:925} INFO - DAG(s) 'tutorial' retrieved from /home/airflow/.local/lib/python3.12/site-packages/airflow/example_dags/tutorial.py
[2024-12-09T20:30:02.662+0000] {logging_mixin.py:190} INFO - [2024-12-09T20:30:02.661+0000] {dag.py:3239} INFO - Sync 1 DAGs
[2024-12-09T20:30:02.680+0000] {logging_mixin.py:190} INFO - [2024-12-09T20:30:02.679+0000] {dag.py:4180} INFO - Setting next_dagrun for tutorial to 2024-12-09 00:00:00+00:00, run_after=2024-12-10 00:00:00+00:00
[2024-12-09T20:30:02.693+0000] {processor.py:208} INFO - Processing /home/airflow/.local/lib/python3.12/site-packages/airflow/example_dags/tutorial.py took 0.062 seconds
[2024-12-09T20:30:34.279+0000] {processor.py:186} INFO - Started process (PID=947) to work on /home/airflow/.local/lib/python3.12/site-packages/airflow/example_dags/tutorial.py
[2024-12-09T20:30:34.280+0000] {processor.py:914} INFO - Processing file /home/airflow/.local/lib/python3.12/site-packages/airflow/example_dags/tutorial.py for tasks to queue
[2024-12-09T20:30:34.282+0000] {logging_mixin.py:190} INFO - [2024-12-09T20:30:34.281+0000] {dagbag.py:588} INFO - Filling up the DagBag from /home/airflow/.local/lib/python3.12/site-packages/airflow/example_dags/tutorial.py
[2024-12-09T20:30:34.288+0000] {processor.py:925} INFO - DAG(s) 'tutorial' retrieved from /home/airflow/.local/lib/python3.12/site-packages/airflow/example_dags/tutorial.py
[2024-12-09T20:30:34.302+0000] {logging_mixin.py:190} INFO - [2024-12-09T20:30:34.302+0000] {dag.py:3239} INFO - Sync 1 DAGs
[2024-12-09T20:30:34.320+0000] {logging_mixin.py:190} INFO - [2024-12-09T20:30:34.319+0000] {dag.py:4180} INFO - Setting next_dagrun for tutorial to 2024-12-09 00:00:00+00:00, run_after=2024-12-10 00:00:00+00:00
[2024-12-09T20:30:34.334+0000] {processor.py:208} INFO - Processing /home/airflow/.local/lib/python3.12/site-packages/airflow/example_dags/tutorial.py took 0.060 seconds
[2024-12-09T20:31:05.112+0000] {processor.py:186} INFO - Started process (PID=1015) to work on /home/airflow/.local/lib/python3.12/site-packages/airflow/example_dags/tutorial.py
[2024-12-09T20:31:05.113+0000] {processor.py:914} INFO - Processing file /home/airflow/.local/lib/python3.12/site-packages/airflow/example_dags/tutorial.py for tasks to queue
[2024-12-09T20:31:05.115+0000] {logging_mixin.py:190} INFO - [2024-12-09T20:31:05.115+0000] {dagbag.py:588} INFO - Filling up the DagBag from /home/airflow/.local/lib/python3.12/site-packages/airflow/example_dags/tutorial.py
[2024-12-09T20:31:05.123+0000] {processor.py:925} INFO - DAG(s) 'tutorial' retrieved from /home/airflow/.local/lib/python3.12/site-packages/airflow/example_dags/tutorial.py
[2024-12-09T20:31:05.140+0000] {logging_mixin.py:190} INFO - [2024-12-09T20:31:05.140+0000] {dag.py:3239} INFO - Sync 1 DAGs
[2024-12-09T20:31:05.161+0000] {logging_mixin.py:190} INFO - [2024-12-09T20:31:05.161+0000] {dag.py:4180} INFO - Setting next_dagrun for tutorial to 2024-12-09 00:00:00+00:00, run_after=2024-12-10 00:00:00+00:00
[2024-12-09T20:31:05.178+0000] {processor.py:208} INFO - Processing /home/airflow/.local/lib/python3.12/site-packages/airflow/example_dags/tutorial.py took 0.071 seconds
[2024-12-09T20:31:36.363+0000] {processor.py:186} INFO - Started process (PID=1100) to work on /home/airflow/.local/lib/python3.12/site-packages/airflow/example_dags/tutorial.py
[2024-12-09T20:31:36.364+0000] {processor.py:914} INFO - Processing file /home/airflow/.local/lib/python3.12/site-packages/airflow/example_dags/tutorial.py for tasks to queue
[2024-12-09T20:31:36.366+0000] {logging_mixin.py:190} INFO - [2024-12-09T20:31:36.366+0000] {dagbag.py:588} INFO - Filling up the DagBag from /home/airflow/.local/lib/python3.12/site-packages/airflow/example_dags/tutorial.py
[2024-12-09T20:31:36.373+0000] {processor.py:925} INFO - DAG(s) 'tutorial' retrieved from /home/airflow/.local/lib/python3.12/site-packages/airflow/example_dags/tutorial.py
[2024-12-09T20:31:36.388+0000] {logging_mixin.py:190} INFO - [2024-12-09T20:31:36.387+0000] {dag.py:3239} INFO - Sync 1 DAGs
[2024-12-09T20:31:36.405+0000] {logging_mixin.py:190} INFO - [2024-12-09T20:31:36.405+0000] {dag.py:4180} INFO - Setting next_dagrun for tutorial to 2024-12-09 00:00:00+00:00, run_after=2024-12-10 00:00:00+00:00
[2024-12-09T20:31:36.419+0000] {processor.py:208} INFO - Processing /home/airflow/.local/lib/python3.12/site-packages/airflow/example_dags/tutorial.py took 0.060 seconds
[2024-12-09T20:32:07.269+0000] {processor.py:186} INFO - Started process (PID=1168) to work on /home/airflow/.local/lib/python3.12/site-packages/airflow/example_dags/tutorial.py
[2024-12-09T20:32:07.270+0000] {processor.py:914} INFO - Processing file /home/airflow/.local/lib/python3.12/site-packages/airflow/example_dags/tutorial.py for tasks to queue
[2024-12-09T20:32:07.272+0000] {logging_mixin.py:190} INFO - [2024-12-09T20:32:07.272+0000] {dagbag.py:588} INFO - Filling up the DagBag from /home/airflow/.local/lib/python3.12/site-packages/airflow/example_dags/tutorial.py
[2024-12-09T20:32:07.279+0000] {processor.py:925} INFO - DAG(s) 'tutorial' retrieved from /home/airflow/.local/lib/python3.12/site-packages/airflow/example_dags/tutorial.py
[2024-12-09T20:32:07.295+0000] {logging_mixin.py:190} INFO - [2024-12-09T20:32:07.295+0000] {dag.py:3239} INFO - Sync 1 DAGs
[2024-12-09T20:32:07.314+0000] {logging_mixin.py:190} INFO - [2024-12-09T20:32:07.314+0000] {dag.py:4180} INFO - Setting next_dagrun for tutorial to 2024-12-09 00:00:00+00:00, run_after=2024-12-10 00:00:00+00:00
[2024-12-09T20:32:07.329+0000] {processor.py:208} INFO - Processing /home/airflow/.local/lib/python3.12/site-packages/airflow/example_dags/tutorial.py took 0.065 seconds
[2024-12-09T20:32:37.890+0000] {processor.py:186} INFO - Started process (PID=1236) to work on /home/airflow/.local/lib/python3.12/site-packages/airflow/example_dags/tutorial.py
[2024-12-09T20:32:37.891+0000] {processor.py:914} INFO - Processing file /home/airflow/.local/lib/python3.12/site-packages/airflow/example_dags/tutorial.py for tasks to queue
[2024-12-09T20:32:37.893+0000] {logging_mixin.py:190} INFO - [2024-12-09T20:32:37.893+0000] {dagbag.py:588} INFO - Filling up the DagBag from /home/airflow/.local/lib/python3.12/site-packages/airflow/example_dags/tutorial.py
[2024-12-09T20:32:37.899+0000] {processor.py:925} INFO - DAG(s) 'tutorial' retrieved from /home/airflow/.local/lib/python3.12/site-packages/airflow/example_dags/tutorial.py
[2024-12-09T20:32:37.915+0000] {logging_mixin.py:190} INFO - [2024-12-09T20:32:37.914+0000] {dag.py:3239} INFO - Sync 1 DAGs
[2024-12-09T20:32:37.931+0000] {logging_mixin.py:190} INFO - [2024-12-09T20:32:37.931+0000] {dag.py:4180} INFO - Setting next_dagrun for tutorial to 2024-12-09 00:00:00+00:00, run_after=2024-12-10 00:00:00+00:00
[2024-12-09T20:32:37.945+0000] {processor.py:208} INFO - Processing /home/airflow/.local/lib/python3.12/site-packages/airflow/example_dags/tutorial.py took 0.060 seconds
[2024-12-09T20:33:09.613+0000] {processor.py:186} INFO - Started process (PID=1304) to work on /home/airflow/.local/lib/python3.12/site-packages/airflow/example_dags/tutorial.py
[2024-12-09T20:33:09.614+0000] {processor.py:914} INFO - Processing file /home/airflow/.local/lib/python3.12/site-packages/airflow/example_dags/tutorial.py for tasks to queue
[2024-12-09T20:33:09.616+0000] {logging_mixin.py:190} INFO - [2024-12-09T20:33:09.616+0000] {dagbag.py:588} INFO - Filling up the DagBag from /home/airflow/.local/lib/python3.12/site-packages/airflow/example_dags/tutorial.py
[2024-12-09T20:33:09.623+0000] {processor.py:925} INFO - DAG(s) 'tutorial' retrieved from /home/airflow/.local/lib/python3.12/site-packages/airflow/example_dags/tutorial.py
[2024-12-09T20:33:09.638+0000] {logging_mixin.py:190} INFO - [2024-12-09T20:33:09.638+0000] {dag.py:3239} INFO - Sync 1 DAGs
[2024-12-09T20:33:09.657+0000] {logging_mixin.py:190} INFO - [2024-12-09T20:33:09.657+0000] {dag.py:4180} INFO - Setting next_dagrun for tutorial to 2024-12-09 00:00:00+00:00, run_after=2024-12-10 00:00:00+00:00
[2024-12-09T20:33:09.671+0000] {processor.py:208} INFO - Processing /home/airflow/.local/lib/python3.12/site-packages/airflow/example_dags/tutorial.py took 0.062 seconds
[2024-12-09T20:33:41.174+0000] {processor.py:186} INFO - Started process (PID=1373) to work on /home/airflow/.local/lib/python3.12/site-packages/airflow/example_dags/tutorial.py
[2024-12-09T20:33:41.175+0000] {processor.py:914} INFO - Processing file /home/airflow/.local/lib/python3.12/site-packages/airflow/example_dags/tutorial.py for tasks to queue
[2024-12-09T20:33:41.177+0000] {logging_mixin.py:190} INFO - [2024-12-09T20:33:41.177+0000] {dagbag.py:588} INFO - Filling up the DagBag from /home/airflow/.local/lib/python3.12/site-packages/airflow/example_dags/tutorial.py
[2024-12-09T20:33:41.184+0000] {processor.py:925} INFO - DAG(s) 'tutorial' retrieved from /home/airflow/.local/lib/python3.12/site-packages/airflow/example_dags/tutorial.py
[2024-12-09T20:33:41.200+0000] {logging_mixin.py:190} INFO - [2024-12-09T20:33:41.200+0000] {dag.py:3239} INFO - Sync 1 DAGs
[2024-12-09T20:33:41.219+0000] {logging_mixin.py:190} INFO - [2024-12-09T20:33:41.219+0000] {dag.py:4180} INFO - Setting next_dagrun for tutorial to 2024-12-09 00:00:00+00:00, run_after=2024-12-10 00:00:00+00:00
[2024-12-09T20:33:41.234+0000] {processor.py:208} INFO - Processing /home/airflow/.local/lib/python3.12/site-packages/airflow/example_dags/tutorial.py took 0.065 seconds
[2024-12-09T20:34:11.802+0000] {processor.py:186} INFO - Started process (PID=1445) to work on /home/airflow/.local/lib/python3.12/site-packages/airflow/example_dags/tutorial.py
[2024-12-09T20:34:11.803+0000] {processor.py:914} INFO - Processing file /home/airflow/.local/lib/python3.12/site-packages/airflow/example_dags/tutorial.py for tasks to queue
[2024-12-09T20:34:11.805+0000] {logging_mixin.py:190} INFO - [2024-12-09T20:34:11.805+0000] {dagbag.py:588} INFO - Filling up the DagBag from /home/airflow/.local/lib/python3.12/site-packages/airflow/example_dags/tutorial.py
[2024-12-09T20:34:11.812+0000] {processor.py:925} INFO - DAG(s) 'tutorial' retrieved from /home/airflow/.local/lib/python3.12/site-packages/airflow/example_dags/tutorial.py
[2024-12-09T20:34:11.829+0000] {logging_mixin.py:190} INFO - [2024-12-09T20:34:11.829+0000] {dag.py:3239} INFO - Sync 1 DAGs
[2024-12-09T20:34:11.847+0000] {logging_mixin.py:190} INFO - [2024-12-09T20:34:11.847+0000] {dag.py:4180} INFO - Setting next_dagrun for tutorial to 2024-12-09 00:00:00+00:00, run_after=2024-12-10 00:00:00+00:00
[2024-12-09T20:34:11.861+0000] {processor.py:208} INFO - Processing /home/airflow/.local/lib/python3.12/site-packages/airflow/example_dags/tutorial.py took 0.063 seconds
[2024-12-09T20:34:43.263+0000] {processor.py:186} INFO - Started process (PID=1513) to work on /home/airflow/.local/lib/python3.12/site-packages/airflow/example_dags/tutorial.py
[2024-12-09T20:34:43.264+0000] {processor.py:914} INFO - Processing file /home/airflow/.local/lib/python3.12/site-packages/airflow/example_dags/tutorial.py for tasks to queue
[2024-12-09T20:34:43.266+0000] {logging_mixin.py:190} INFO - [2024-12-09T20:34:43.266+0000] {dagbag.py:588} INFO - Filling up the DagBag from /home/airflow/.local/lib/python3.12/site-packages/airflow/example_dags/tutorial.py
[2024-12-09T20:34:43.273+0000] {processor.py:925} INFO - DAG(s) 'tutorial' retrieved from /home/airflow/.local/lib/python3.12/site-packages/airflow/example_dags/tutorial.py
[2024-12-09T20:34:43.288+0000] {logging_mixin.py:190} INFO - [2024-12-09T20:34:43.288+0000] {dag.py:3239} INFO - Sync 1 DAGs
[2024-12-09T20:34:43.307+0000] {logging_mixin.py:190} INFO - [2024-12-09T20:34:43.307+0000] {dag.py:4180} INFO - Setting next_dagrun for tutorial to 2024-12-09 00:00:00+00:00, run_after=2024-12-10 00:00:00+00:00
[2024-12-09T20:34:43.320+0000] {processor.py:208} INFO - Processing /home/airflow/.local/lib/python3.12/site-packages/airflow/example_dags/tutorial.py took 0.062 seconds
[2024-12-09T20:35:14.650+0000] {processor.py:186} INFO - Started process (PID=1584) to work on /home/airflow/.local/lib/python3.12/site-packages/airflow/example_dags/tutorial.py
[2024-12-09T20:35:14.651+0000] {processor.py:914} INFO - Processing file /home/airflow/.local/lib/python3.12/site-packages/airflow/example_dags/tutorial.py for tasks to queue
[2024-12-09T20:35:14.653+0000] {logging_mixin.py:190} INFO - [2024-12-09T20:35:14.653+0000] {dagbag.py:588} INFO - Filling up the DagBag from /home/airflow/.local/lib/python3.12/site-packages/airflow/example_dags/tutorial.py
[2024-12-09T20:35:14.660+0000] {processor.py:925} INFO - DAG(s) 'tutorial' retrieved from /home/airflow/.local/lib/python3.12/site-packages/airflow/example_dags/tutorial.py
[2024-12-09T20:35:14.675+0000] {logging_mixin.py:190} INFO - [2024-12-09T20:35:14.675+0000] {dag.py:3239} INFO - Sync 1 DAGs
[2024-12-09T20:35:14.694+0000] {logging_mixin.py:190} INFO - [2024-12-09T20:35:14.693+0000] {dag.py:4180} INFO - Setting next_dagrun for tutorial to 2024-12-09 00:00:00+00:00, run_after=2024-12-10 00:00:00+00:00
[2024-12-09T20:35:14.707+0000] {processor.py:208} INFO - Processing /home/airflow/.local/lib/python3.12/site-packages/airflow/example_dags/tutorial.py took 0.062 seconds
[2024-12-09T20:35:45.791+0000] {processor.py:186} INFO - Started process (PID=1652) to work on /home/airflow/.local/lib/python3.12/site-packages/airflow/example_dags/tutorial.py
[2024-12-09T20:35:45.792+0000] {processor.py:914} INFO - Processing file /home/airflow/.local/lib/python3.12/site-packages/airflow/example_dags/tutorial.py for tasks to queue
[2024-12-09T20:35:45.794+0000] {logging_mixin.py:190} INFO - [2024-12-09T20:35:45.793+0000] {dagbag.py:588} INFO - Filling up the DagBag from /home/airflow/.local/lib/python3.12/site-packages/airflow/example_dags/tutorial.py
[2024-12-09T20:35:45.800+0000] {processor.py:925} INFO - DAG(s) 'tutorial' retrieved from /home/airflow/.local/lib/python3.12/site-packages/airflow/example_dags/tutorial.py
[2024-12-09T20:35:45.815+0000] {logging_mixin.py:190} INFO - [2024-12-09T20:35:45.815+0000] {dag.py:3239} INFO - Sync 1 DAGs
[2024-12-09T20:35:45.833+0000] {logging_mixin.py:190} INFO - [2024-12-09T20:35:45.833+0000] {dag.py:4180} INFO - Setting next_dagrun for tutorial to 2024-12-09 00:00:00+00:00, run_after=2024-12-10 00:00:00+00:00
[2024-12-09T20:35:45.845+0000] {processor.py:208} INFO - Processing /home/airflow/.local/lib/python3.12/site-packages/airflow/example_dags/tutorial.py took 0.059 seconds
[2024-12-09T20:36:17.261+0000] {processor.py:186} INFO - Started process (PID=1720) to work on /home/airflow/.local/lib/python3.12/site-packages/airflow/example_dags/tutorial.py
[2024-12-09T20:36:17.262+0000] {processor.py:914} INFO - Processing file /home/airflow/.local/lib/python3.12/site-packages/airflow/example_dags/tutorial.py for tasks to queue
[2024-12-09T20:36:17.264+0000] {logging_mixin.py:190} INFO - [2024-12-09T20:36:17.264+0000] {dagbag.py:588} INFO - Filling up the DagBag from /home/airflow/.local/lib/python3.12/site-packages/airflow/example_dags/tutorial.py
[2024-12-09T20:36:17.271+0000] {processor.py:925} INFO - DAG(s) 'tutorial' retrieved from /home/airflow/.local/lib/python3.12/site-packages/airflow/example_dags/tutorial.py
[2024-12-09T20:36:17.286+0000] {logging_mixin.py:190} INFO - [2024-12-09T20:36:17.286+0000] {dag.py:3239} INFO - Sync 1 DAGs
[2024-12-09T20:36:17.303+0000] {logging_mixin.py:190} INFO - [2024-12-09T20:36:17.303+0000] {dag.py:4180} INFO - Setting next_dagrun for tutorial to 2024-12-09 00:00:00+00:00, run_after=2024-12-10 00:00:00+00:00
[2024-12-09T20:36:17.320+0000] {processor.py:208} INFO - Processing /home/airflow/.local/lib/python3.12/site-packages/airflow/example_dags/tutorial.py took 0.063 seconds
[2024-12-09T20:36:48.174+0000] {processor.py:186} INFO - Started process (PID=1792) to work on /home/airflow/.local/lib/python3.12/site-packages/airflow/example_dags/tutorial.py
[2024-12-09T20:36:48.175+0000] {processor.py:914} INFO - Processing file /home/airflow/.local/lib/python3.12/site-packages/airflow/example_dags/tutorial.py for tasks to queue
[2024-12-09T20:36:48.177+0000] {logging_mixin.py:190} INFO - [2024-12-09T20:36:48.177+0000] {dagbag.py:588} INFO - Filling up the DagBag from /home/airflow/.local/lib/python3.12/site-packages/airflow/example_dags/tutorial.py
[2024-12-09T20:36:48.184+0000] {processor.py:925} INFO - DAG(s) 'tutorial' retrieved from /home/airflow/.local/lib/python3.12/site-packages/airflow/example_dags/tutorial.py
[2024-12-09T20:36:48.200+0000] {logging_mixin.py:190} INFO - [2024-12-09T20:36:48.199+0000] {dag.py:3239} INFO - Sync 1 DAGs
[2024-12-09T20:36:48.225+0000] {logging_mixin.py:190} INFO - [2024-12-09T20:36:48.225+0000] {dag.py:4180} INFO - Setting next_dagrun for tutorial to 2024-12-09 00:00:00+00:00, run_after=2024-12-10 00:00:00+00:00
[2024-12-09T20:36:48.241+0000] {processor.py:208} INFO - Processing /home/airflow/.local/lib/python3.12/site-packages/airflow/example_dags/tutorial.py took 0.071 seconds
[2024-12-09T20:37:19.344+0000] {processor.py:186} INFO - Started process (PID=1874) to work on /home/airflow/.local/lib/python3.12/site-packages/airflow/example_dags/tutorial.py
[2024-12-09T20:37:19.345+0000] {processor.py:914} INFO - Processing file /home/airflow/.local/lib/python3.12/site-packages/airflow/example_dags/tutorial.py for tasks to queue
[2024-12-09T20:37:19.347+0000] {logging_mixin.py:190} INFO - [2024-12-09T20:37:19.347+0000] {dagbag.py:588} INFO - Filling up the DagBag from /home/airflow/.local/lib/python3.12/site-packages/airflow/example_dags/tutorial.py
[2024-12-09T20:37:19.355+0000] {processor.py:925} INFO - DAG(s) 'tutorial' retrieved from /home/airflow/.local/lib/python3.12/site-packages/airflow/example_dags/tutorial.py
[2024-12-09T20:37:19.374+0000] {logging_mixin.py:190} INFO - [2024-12-09T20:37:19.374+0000] {dag.py:3239} INFO - Sync 1 DAGs
[2024-12-09T20:37:19.394+0000] {logging_mixin.py:190} INFO - [2024-12-09T20:37:19.393+0000] {dag.py:4180} INFO - Setting next_dagrun for tutorial to 2024-12-09 00:00:00+00:00, run_after=2024-12-10 00:00:00+00:00
[2024-12-09T20:37:19.409+0000] {processor.py:208} INFO - Processing /home/airflow/.local/lib/python3.12/site-packages/airflow/example_dags/tutorial.py took 0.069 seconds
[2024-12-09T20:37:50.521+0000] {processor.py:186} INFO - Started process (PID=1941) to work on /home/airflow/.local/lib/python3.12/site-packages/airflow/example_dags/tutorial.py
[2024-12-09T20:37:50.522+0000] {processor.py:914} INFO - Processing file /home/airflow/.local/lib/python3.12/site-packages/airflow/example_dags/tutorial.py for tasks to queue
[2024-12-09T20:37:50.524+0000] {logging_mixin.py:190} INFO - [2024-12-09T20:37:50.524+0000] {dagbag.py:588} INFO - Filling up the DagBag from /home/airflow/.local/lib/python3.12/site-packages/airflow/example_dags/tutorial.py
[2024-12-09T20:37:50.533+0000] {processor.py:925} INFO - DAG(s) 'tutorial' retrieved from /home/airflow/.local/lib/python3.12/site-packages/airflow/example_dags/tutorial.py
[2024-12-09T20:37:50.550+0000] {logging_mixin.py:190} INFO - [2024-12-09T20:37:50.550+0000] {dag.py:3239} INFO - Sync 1 DAGs
[2024-12-09T20:37:50.570+0000] {logging_mixin.py:190} INFO - [2024-12-09T20:37:50.569+0000] {dag.py:4180} INFO - Setting next_dagrun for tutorial to 2024-12-09 00:00:00+00:00, run_after=2024-12-10 00:00:00+00:00
[2024-12-09T20:37:50.584+0000] {processor.py:208} INFO - Processing /home/airflow/.local/lib/python3.12/site-packages/airflow/example_dags/tutorial.py took 0.067 seconds
[2024-12-09T20:38:21.880+0000] {processor.py:186} INFO - Started process (PID=2009) to work on /home/airflow/.local/lib/python3.12/site-packages/airflow/example_dags/tutorial.py
[2024-12-09T20:38:21.881+0000] {processor.py:914} INFO - Processing file /home/airflow/.local/lib/python3.12/site-packages/airflow/example_dags/tutorial.py for tasks to queue
[2024-12-09T20:38:21.883+0000] {logging_mixin.py:190} INFO - [2024-12-09T20:38:21.883+0000] {dagbag.py:588} INFO - Filling up the DagBag from /home/airflow/.local/lib/python3.12/site-packages/airflow/example_dags/tutorial.py
[2024-12-09T20:38:21.890+0000] {processor.py:925} INFO - DAG(s) 'tutorial' retrieved from /home/airflow/.local/lib/python3.12/site-packages/airflow/example_dags/tutorial.py
[2024-12-09T20:38:21.905+0000] {logging_mixin.py:190} INFO - [2024-12-09T20:38:21.905+0000] {dag.py:3239} INFO - Sync 1 DAGs
[2024-12-09T20:38:21.923+0000] {logging_mixin.py:190} INFO - [2024-12-09T20:38:21.923+0000] {dag.py:4180} INFO - Setting next_dagrun for tutorial to 2024-12-09 00:00:00+00:00, run_after=2024-12-10 00:00:00+00:00
[2024-12-09T20:38:21.936+0000] {processor.py:208} INFO - Processing /home/airflow/.local/lib/python3.12/site-packages/airflow/example_dags/tutorial.py took 0.060 seconds
[2024-12-09T20:38:53.384+0000] {processor.py:186} INFO - Started process (PID=2080) to work on /home/airflow/.local/lib/python3.12/site-packages/airflow/example_dags/tutorial.py
[2024-12-09T20:38:53.385+0000] {processor.py:914} INFO - Processing file /home/airflow/.local/lib/python3.12/site-packages/airflow/example_dags/tutorial.py for tasks to queue
[2024-12-09T20:38:53.387+0000] {logging_mixin.py:190} INFO - [2024-12-09T20:38:53.386+0000] {dagbag.py:588} INFO - Filling up the DagBag from /home/airflow/.local/lib/python3.12/site-packages/airflow/example_dags/tutorial.py
[2024-12-09T20:38:53.393+0000] {processor.py:925} INFO - DAG(s) 'tutorial' retrieved from /home/airflow/.local/lib/python3.12/site-packages/airflow/example_dags/tutorial.py
[2024-12-09T20:38:53.409+0000] {logging_mixin.py:190} INFO - [2024-12-09T20:38:53.409+0000] {dag.py:3239} INFO - Sync 1 DAGs
[2024-12-09T20:38:53.427+0000] {logging_mixin.py:190} INFO - [2024-12-09T20:38:53.427+0000] {dag.py:4180} INFO - Setting next_dagrun for tutorial to 2024-12-09 00:00:00+00:00, run_after=2024-12-10 00:00:00+00:00
[2024-12-09T20:38:53.440+0000] {processor.py:208} INFO - Processing /home/airflow/.local/lib/python3.12/site-packages/airflow/example_dags/tutorial.py took 0.062 seconds
[2024-12-09T20:39:24.724+0000] {processor.py:186} INFO - Started process (PID=2152) to work on /home/airflow/.local/lib/python3.12/site-packages/airflow/example_dags/tutorial.py
[2024-12-09T20:39:24.725+0000] {processor.py:914} INFO - Processing file /home/airflow/.local/lib/python3.12/site-packages/airflow/example_dags/tutorial.py for tasks to queue
[2024-12-09T20:39:24.727+0000] {logging_mixin.py:190} INFO - [2024-12-09T20:39:24.727+0000] {dagbag.py:588} INFO - Filling up the DagBag from /home/airflow/.local/lib/python3.12/site-packages/airflow/example_dags/tutorial.py
[2024-12-09T20:39:24.733+0000] {processor.py:925} INFO - DAG(s) 'tutorial' retrieved from /home/airflow/.local/lib/python3.12/site-packages/airflow/example_dags/tutorial.py
[2024-12-09T20:39:24.749+0000] {logging_mixin.py:190} INFO - [2024-12-09T20:39:24.749+0000] {dag.py:3239} INFO - Sync 1 DAGs
[2024-12-09T20:39:24.766+0000] {logging_mixin.py:190} INFO - [2024-12-09T20:39:24.766+0000] {dag.py:4180} INFO - Setting next_dagrun for tutorial to 2024-12-09 00:00:00+00:00, run_after=2024-12-10 00:00:00+00:00
[2024-12-09T20:39:24.779+0000] {processor.py:208} INFO - Processing /home/airflow/.local/lib/python3.12/site-packages/airflow/example_dags/tutorial.py took 0.061 seconds
[2024-12-09T20:39:56.111+0000] {processor.py:186} INFO - Started process (PID=2220) to work on /home/airflow/.local/lib/python3.12/site-packages/airflow/example_dags/tutorial.py
[2024-12-09T20:39:56.112+0000] {processor.py:914} INFO - Processing file /home/airflow/.local/lib/python3.12/site-packages/airflow/example_dags/tutorial.py for tasks to queue
[2024-12-09T20:39:56.114+0000] {logging_mixin.py:190} INFO - [2024-12-09T20:39:56.113+0000] {dagbag.py:588} INFO - Filling up the DagBag from /home/airflow/.local/lib/python3.12/site-packages/airflow/example_dags/tutorial.py
[2024-12-09T20:39:56.120+0000] {processor.py:925} INFO - DAG(s) 'tutorial' retrieved from /home/airflow/.local/lib/python3.12/site-packages/airflow/example_dags/tutorial.py
[2024-12-09T20:39:56.135+0000] {logging_mixin.py:190} INFO - [2024-12-09T20:39:56.134+0000] {dag.py:3239} INFO - Sync 1 DAGs
[2024-12-09T20:39:56.152+0000] {logging_mixin.py:190} INFO - [2024-12-09T20:39:56.152+0000] {dag.py:4180} INFO - Setting next_dagrun for tutorial to 2024-12-09 00:00:00+00:00, run_after=2024-12-10 00:00:00+00:00
[2024-12-09T20:39:56.165+0000] {processor.py:208} INFO - Processing /home/airflow/.local/lib/python3.12/site-packages/airflow/example_dags/tutorial.py took 0.059 seconds
[2024-12-09T20:40:27.590+0000] {processor.py:186} INFO - Started process (PID=2290) to work on /home/airflow/.local/lib/python3.12/site-packages/airflow/example_dags/tutorial.py
[2024-12-09T20:40:27.591+0000] {processor.py:914} INFO - Processing file /home/airflow/.local/lib/python3.12/site-packages/airflow/example_dags/tutorial.py for tasks to queue
[2024-12-09T20:40:27.593+0000] {logging_mixin.py:190} INFO - [2024-12-09T20:40:27.593+0000] {dagbag.py:588} INFO - Filling up the DagBag from /home/airflow/.local/lib/python3.12/site-packages/airflow/example_dags/tutorial.py
[2024-12-09T20:40:27.600+0000] {processor.py:925} INFO - DAG(s) 'tutorial' retrieved from /home/airflow/.local/lib/python3.12/site-packages/airflow/example_dags/tutorial.py
[2024-12-09T20:40:27.615+0000] {logging_mixin.py:190} INFO - [2024-12-09T20:40:27.614+0000] {dag.py:3239} INFO - Sync 1 DAGs
[2024-12-09T20:40:27.632+0000] {logging_mixin.py:190} INFO - [2024-12-09T20:40:27.632+0000] {dag.py:4180} INFO - Setting next_dagrun for tutorial to 2024-12-09 00:00:00+00:00, run_after=2024-12-10 00:00:00+00:00
[2024-12-09T20:40:27.646+0000] {processor.py:208} INFO - Processing /home/airflow/.local/lib/python3.12/site-packages/airflow/example_dags/tutorial.py took 0.061 seconds
[2024-12-09T20:40:58.381+0000] {processor.py:186} INFO - Started process (PID=2365) to work on /home/airflow/.local/lib/python3.12/site-packages/airflow/example_dags/tutorial.py
[2024-12-09T20:40:58.382+0000] {processor.py:914} INFO - Processing file /home/airflow/.local/lib/python3.12/site-packages/airflow/example_dags/tutorial.py for tasks to queue
[2024-12-09T20:40:58.385+0000] {logging_mixin.py:190} INFO - [2024-12-09T20:40:58.385+0000] {dagbag.py:588} INFO - Filling up the DagBag from /home/airflow/.local/lib/python3.12/site-packages/airflow/example_dags/tutorial.py
[2024-12-09T20:40:58.399+0000] {processor.py:925} INFO - DAG(s) 'tutorial' retrieved from /home/airflow/.local/lib/python3.12/site-packages/airflow/example_dags/tutorial.py
[2024-12-09T20:40:58.421+0000] {logging_mixin.py:190} INFO - [2024-12-09T20:40:58.421+0000] {dag.py:3239} INFO - Sync 1 DAGs
[2024-12-09T20:40:58.450+0000] {logging_mixin.py:190} INFO - [2024-12-09T20:40:58.450+0000] {dag.py:4180} INFO - Setting next_dagrun for tutorial to 2024-12-09 00:00:00+00:00, run_after=2024-12-10 00:00:00+00:00
[2024-12-09T20:40:58.472+0000] {processor.py:208} INFO - Processing /home/airflow/.local/lib/python3.12/site-packages/airflow/example_dags/tutorial.py took 0.098 seconds
[2024-12-09T20:41:29.321+0000] {processor.py:186} INFO - Started process (PID=2438) to work on /home/airflow/.local/lib/python3.12/site-packages/airflow/example_dags/tutorial.py
[2024-12-09T20:41:29.322+0000] {processor.py:914} INFO - Processing file /home/airflow/.local/lib/python3.12/site-packages/airflow/example_dags/tutorial.py for tasks to queue
[2024-12-09T20:41:29.323+0000] {logging_mixin.py:190} INFO - [2024-12-09T20:41:29.323+0000] {dagbag.py:588} INFO - Filling up the DagBag from /home/airflow/.local/lib/python3.12/site-packages/airflow/example_dags/tutorial.py
[2024-12-09T20:41:29.330+0000] {processor.py:925} INFO - DAG(s) 'tutorial' retrieved from /home/airflow/.local/lib/python3.12/site-packages/airflow/example_dags/tutorial.py
[2024-12-09T20:41:29.348+0000] {logging_mixin.py:190} INFO - [2024-12-09T20:41:29.347+0000] {dag.py:3239} INFO - Sync 1 DAGs
[2024-12-09T20:41:29.366+0000] {logging_mixin.py:190} INFO - [2024-12-09T20:41:29.366+0000] {dag.py:4180} INFO - Setting next_dagrun for tutorial to 2024-12-09 00:00:00+00:00, run_after=2024-12-10 00:00:00+00:00
[2024-12-09T20:41:29.380+0000] {processor.py:208} INFO - Processing /home/airflow/.local/lib/python3.12/site-packages/airflow/example_dags/tutorial.py took 0.064 seconds
[2024-12-09T20:41:59.932+0000] {processor.py:186} INFO - Started process (PID=2511) to work on /home/airflow/.local/lib/python3.12/site-packages/airflow/example_dags/tutorial.py
[2024-12-09T20:41:59.933+0000] {processor.py:914} INFO - Processing file /home/airflow/.local/lib/python3.12/site-packages/airflow/example_dags/tutorial.py for tasks to queue
[2024-12-09T20:41:59.936+0000] {logging_mixin.py:190} INFO - [2024-12-09T20:41:59.935+0000] {dagbag.py:588} INFO - Filling up the DagBag from /home/airflow/.local/lib/python3.12/site-packages/airflow/example_dags/tutorial.py
[2024-12-09T20:41:59.943+0000] {processor.py:925} INFO - DAG(s) 'tutorial' retrieved from /home/airflow/.local/lib/python3.12/site-packages/airflow/example_dags/tutorial.py
[2024-12-09T20:41:59.957+0000] {logging_mixin.py:190} INFO - [2024-12-09T20:41:59.957+0000] {dag.py:3239} INFO - Sync 1 DAGs
[2024-12-09T20:41:59.976+0000] {logging_mixin.py:190} INFO - [2024-12-09T20:41:59.976+0000] {dag.py:4180} INFO - Setting next_dagrun for tutorial to 2024-12-09 00:00:00+00:00, run_after=2024-12-10 00:00:00+00:00
[2024-12-09T20:41:59.989+0000] {processor.py:208} INFO - Processing /home/airflow/.local/lib/python3.12/site-packages/airflow/example_dags/tutorial.py took 0.062 seconds
[2024-12-09T20:42:31.405+0000] {processor.py:186} INFO - Started process (PID=2579) to work on /home/airflow/.local/lib/python3.12/site-packages/airflow/example_dags/tutorial.py
[2024-12-09T20:42:31.406+0000] {processor.py:914} INFO - Processing file /home/airflow/.local/lib/python3.12/site-packages/airflow/example_dags/tutorial.py for tasks to queue
[2024-12-09T20:42:31.408+0000] {logging_mixin.py:190} INFO - [2024-12-09T20:42:31.407+0000] {dagbag.py:588} INFO - Filling up the DagBag from /home/airflow/.local/lib/python3.12/site-packages/airflow/example_dags/tutorial.py
[2024-12-09T20:42:31.414+0000] {processor.py:925} INFO - DAG(s) 'tutorial' retrieved from /home/airflow/.local/lib/python3.12/site-packages/airflow/example_dags/tutorial.py
[2024-12-09T20:42:31.430+0000] {logging_mixin.py:190} INFO - [2024-12-09T20:42:31.430+0000] {dag.py:3239} INFO - Sync 1 DAGs
[2024-12-09T20:42:31.452+0000] {logging_mixin.py:190} INFO - [2024-12-09T20:42:31.452+0000] {dag.py:4180} INFO - Setting next_dagrun for tutorial to 2024-12-09 00:00:00+00:00, run_after=2024-12-10 00:00:00+00:00
[2024-12-09T20:42:31.468+0000] {processor.py:208} INFO - Processing /home/airflow/.local/lib/python3.12/site-packages/airflow/example_dags/tutorial.py took 0.068 seconds
[2024-12-09T20:43:01.926+0000] {processor.py:186} INFO - Started process (PID=2647) to work on /home/airflow/.local/lib/python3.12/site-packages/airflow/example_dags/tutorial.py
[2024-12-09T20:43:01.927+0000] {processor.py:914} INFO - Processing file /home/airflow/.local/lib/python3.12/site-packages/airflow/example_dags/tutorial.py for tasks to queue
[2024-12-09T20:43:01.929+0000] {logging_mixin.py:190} INFO - [2024-12-09T20:43:01.929+0000] {dagbag.py:588} INFO - Filling up the DagBag from /home/airflow/.local/lib/python3.12/site-packages/airflow/example_dags/tutorial.py
[2024-12-09T20:43:01.936+0000] {processor.py:925} INFO - DAG(s) 'tutorial' retrieved from /home/airflow/.local/lib/python3.12/site-packages/airflow/example_dags/tutorial.py
[2024-12-09T20:43:01.952+0000] {logging_mixin.py:190} INFO - [2024-12-09T20:43:01.951+0000] {dag.py:3239} INFO - Sync 1 DAGs
[2024-12-09T20:43:01.969+0000] {logging_mixin.py:190} INFO - [2024-12-09T20:43:01.969+0000] {dag.py:4180} INFO - Setting next_dagrun for tutorial to 2024-12-09 00:00:00+00:00, run_after=2024-12-10 00:00:00+00:00
[2024-12-09T20:43:01.983+0000] {processor.py:208} INFO - Processing /home/airflow/.local/lib/python3.12/site-packages/airflow/example_dags/tutorial.py took 0.062 seconds
[2024-12-09T20:43:33.282+0000] {processor.py:186} INFO - Started process (PID=2715) to work on /home/airflow/.local/lib/python3.12/site-packages/airflow/example_dags/tutorial.py
[2024-12-09T20:43:33.283+0000] {processor.py:914} INFO - Processing file /home/airflow/.local/lib/python3.12/site-packages/airflow/example_dags/tutorial.py for tasks to queue
[2024-12-09T20:43:33.285+0000] {logging_mixin.py:190} INFO - [2024-12-09T20:43:33.285+0000] {dagbag.py:588} INFO - Filling up the DagBag from /home/airflow/.local/lib/python3.12/site-packages/airflow/example_dags/tutorial.py
[2024-12-09T20:43:33.292+0000] {processor.py:925} INFO - DAG(s) 'tutorial' retrieved from /home/airflow/.local/lib/python3.12/site-packages/airflow/example_dags/tutorial.py
[2024-12-09T20:43:33.310+0000] {logging_mixin.py:190} INFO - [2024-12-09T20:43:33.310+0000] {dag.py:3239} INFO - Sync 1 DAGs
[2024-12-09T20:43:33.330+0000] {logging_mixin.py:190} INFO - [2024-12-09T20:43:33.330+0000] {dag.py:4180} INFO - Setting next_dagrun for tutorial to 2024-12-09 00:00:00+00:00, run_after=2024-12-10 00:00:00+00:00
[2024-12-09T20:43:33.345+0000] {processor.py:208} INFO - Processing /home/airflow/.local/lib/python3.12/site-packages/airflow/example_dags/tutorial.py took 0.067 seconds
[2024-12-09T20:44:04.617+0000] {processor.py:186} INFO - Started process (PID=2783) to work on /home/airflow/.local/lib/python3.12/site-packages/airflow/example_dags/tutorial.py
[2024-12-09T20:44:04.618+0000] {processor.py:914} INFO - Processing file /home/airflow/.local/lib/python3.12/site-packages/airflow/example_dags/tutorial.py for tasks to queue
[2024-12-09T20:44:04.620+0000] {logging_mixin.py:190} INFO - [2024-12-09T20:44:04.620+0000] {dagbag.py:588} INFO - Filling up the DagBag from /home/airflow/.local/lib/python3.12/site-packages/airflow/example_dags/tutorial.py
[2024-12-09T20:44:04.626+0000] {processor.py:925} INFO - DAG(s) 'tutorial' retrieved from /home/airflow/.local/lib/python3.12/site-packages/airflow/example_dags/tutorial.py
[2024-12-09T20:44:04.641+0000] {logging_mixin.py:190} INFO - [2024-12-09T20:44:04.640+0000] {dag.py:3239} INFO - Sync 1 DAGs
[2024-12-09T20:44:04.658+0000] {logging_mixin.py:190} INFO - [2024-12-09T20:44:04.658+0000] {dag.py:4180} INFO - Setting next_dagrun for tutorial to 2024-12-09 00:00:00+00:00, run_after=2024-12-10 00:00:00+00:00
[2024-12-09T20:44:04.673+0000] {processor.py:208} INFO - Processing /home/airflow/.local/lib/python3.12/site-packages/airflow/example_dags/tutorial.py took 0.060 seconds
[2024-12-09T20:44:35.962+0000] {processor.py:186} INFO - Started process (PID=2851) to work on /home/airflow/.local/lib/python3.12/site-packages/airflow/example_dags/tutorial.py
[2024-12-09T20:44:35.962+0000] {processor.py:914} INFO - Processing file /home/airflow/.local/lib/python3.12/site-packages/airflow/example_dags/tutorial.py for tasks to queue
[2024-12-09T20:44:35.964+0000] {logging_mixin.py:190} INFO - [2024-12-09T20:44:35.964+0000] {dagbag.py:588} INFO - Filling up the DagBag from /home/airflow/.local/lib/python3.12/site-packages/airflow/example_dags/tutorial.py
[2024-12-09T20:44:35.971+0000] {processor.py:925} INFO - DAG(s) 'tutorial' retrieved from /home/airflow/.local/lib/python3.12/site-packages/airflow/example_dags/tutorial.py
[2024-12-09T20:44:35.985+0000] {logging_mixin.py:190} INFO - [2024-12-09T20:44:35.985+0000] {dag.py:3239} INFO - Sync 1 DAGs
[2024-12-09T20:44:36.002+0000] {logging_mixin.py:190} INFO - [2024-12-09T20:44:36.002+0000] {dag.py:4180} INFO - Setting next_dagrun for tutorial to 2024-12-09 00:00:00+00:00, run_after=2024-12-10 00:00:00+00:00
[2024-12-09T20:44:36.015+0000] {processor.py:208} INFO - Processing /home/airflow/.local/lib/python3.12/site-packages/airflow/example_dags/tutorial.py took 0.058 seconds
[2024-12-09T20:45:06.884+0000] {processor.py:186} INFO - Started process (PID=2920) to work on /home/airflow/.local/lib/python3.12/site-packages/airflow/example_dags/tutorial.py
[2024-12-09T20:45:06.885+0000] {processor.py:914} INFO - Processing file /home/airflow/.local/lib/python3.12/site-packages/airflow/example_dags/tutorial.py for tasks to queue
[2024-12-09T20:45:06.887+0000] {logging_mixin.py:190} INFO - [2024-12-09T20:45:06.887+0000] {dagbag.py:588} INFO - Filling up the DagBag from /home/airflow/.local/lib/python3.12/site-packages/airflow/example_dags/tutorial.py
[2024-12-09T20:45:06.894+0000] {processor.py:925} INFO - DAG(s) 'tutorial' retrieved from /home/airflow/.local/lib/python3.12/site-packages/airflow/example_dags/tutorial.py
[2024-12-09T20:45:06.912+0000] {logging_mixin.py:190} INFO - [2024-12-09T20:45:06.912+0000] {dag.py:3239} INFO - Sync 1 DAGs
[2024-12-09T20:45:06.933+0000] {logging_mixin.py:190} INFO - [2024-12-09T20:45:06.933+0000] {dag.py:4180} INFO - Setting next_dagrun for tutorial to 2024-12-09 00:00:00+00:00, run_after=2024-12-10 00:00:00+00:00
[2024-12-09T20:45:06.947+0000] {processor.py:208} INFO - Processing /home/airflow/.local/lib/python3.12/site-packages/airflow/example_dags/tutorial.py took 0.068 seconds
[2024-12-09T20:45:37.721+0000] {processor.py:186} INFO - Started process (PID=2989) to work on /home/airflow/.local/lib/python3.12/site-packages/airflow/example_dags/tutorial.py
[2024-12-09T20:45:37.722+0000] {processor.py:914} INFO - Processing file /home/airflow/.local/lib/python3.12/site-packages/airflow/example_dags/tutorial.py for tasks to queue
[2024-12-09T20:45:37.724+0000] {logging_mixin.py:190} INFO - [2024-12-09T20:45:37.724+0000] {dagbag.py:588} INFO - Filling up the DagBag from /home/airflow/.local/lib/python3.12/site-packages/airflow/example_dags/tutorial.py
[2024-12-09T20:45:37.732+0000] {processor.py:925} INFO - DAG(s) 'tutorial' retrieved from /home/airflow/.local/lib/python3.12/site-packages/airflow/example_dags/tutorial.py
[2024-12-09T20:45:37.749+0000] {logging_mixin.py:190} INFO - [2024-12-09T20:45:37.748+0000] {dag.py:3239} INFO - Sync 1 DAGs
[2024-12-09T20:45:37.768+0000] {logging_mixin.py:190} INFO - [2024-12-09T20:45:37.768+0000] {dag.py:4180} INFO - Setting next_dagrun for tutorial to 2024-12-09 00:00:00+00:00, run_after=2024-12-10 00:00:00+00:00
[2024-12-09T20:45:37.784+0000] {processor.py:208} INFO - Processing /home/airflow/.local/lib/python3.12/site-packages/airflow/example_dags/tutorial.py took 0.068 seconds
[2024-12-09T20:46:08.627+0000] {processor.py:186} INFO - Started process (PID=3065) to work on /home/airflow/.local/lib/python3.12/site-packages/airflow/example_dags/tutorial.py
[2024-12-09T20:46:08.629+0000] {processor.py:914} INFO - Processing file /home/airflow/.local/lib/python3.12/site-packages/airflow/example_dags/tutorial.py for tasks to queue
[2024-12-09T20:46:08.631+0000] {logging_mixin.py:190} INFO - [2024-12-09T20:46:08.631+0000] {dagbag.py:588} INFO - Filling up the DagBag from /home/airflow/.local/lib/python3.12/site-packages/airflow/example_dags/tutorial.py
[2024-12-09T20:46:08.641+0000] {processor.py:925} INFO - DAG(s) 'tutorial' retrieved from /home/airflow/.local/lib/python3.12/site-packages/airflow/example_dags/tutorial.py
[2024-12-09T20:46:08.657+0000] {logging_mixin.py:190} INFO - [2024-12-09T20:46:08.657+0000] {dag.py:3239} INFO - Sync 1 DAGs
[2024-12-09T20:46:08.676+0000] {logging_mixin.py:190} INFO - [2024-12-09T20:46:08.676+0000] {dag.py:4180} INFO - Setting next_dagrun for tutorial to 2024-12-09 00:00:00+00:00, run_after=2024-12-10 00:00:00+00:00
[2024-12-09T20:46:08.689+0000] {processor.py:208} INFO - Processing /home/airflow/.local/lib/python3.12/site-packages/airflow/example_dags/tutorial.py took 0.069 seconds
[2024-12-09T20:46:39.438+0000] {processor.py:186} INFO - Started process (PID=3137) to work on /home/airflow/.local/lib/python3.12/site-packages/airflow/example_dags/tutorial.py
[2024-12-09T20:46:39.438+0000] {processor.py:914} INFO - Processing file /home/airflow/.local/lib/python3.12/site-packages/airflow/example_dags/tutorial.py for tasks to queue
[2024-12-09T20:46:39.440+0000] {logging_mixin.py:190} INFO - [2024-12-09T20:46:39.440+0000] {dagbag.py:588} INFO - Filling up the DagBag from /home/airflow/.local/lib/python3.12/site-packages/airflow/example_dags/tutorial.py
[2024-12-09T20:46:39.447+0000] {processor.py:925} INFO - DAG(s) 'tutorial' retrieved from /home/airflow/.local/lib/python3.12/site-packages/airflow/example_dags/tutorial.py
[2024-12-09T20:46:39.464+0000] {logging_mixin.py:190} INFO - [2024-12-09T20:46:39.463+0000] {dag.py:3239} INFO - Sync 1 DAGs
[2024-12-09T20:46:39.481+0000] {logging_mixin.py:190} INFO - [2024-12-09T20:46:39.481+0000] {dag.py:4180} INFO - Setting next_dagrun for tutorial to 2024-12-09 00:00:00+00:00, run_after=2024-12-10 00:00:00+00:00
[2024-12-09T20:46:39.495+0000] {processor.py:208} INFO - Processing /home/airflow/.local/lib/python3.12/site-packages/airflow/example_dags/tutorial.py took 0.062 seconds
[2024-12-09T20:47:10.456+0000] {processor.py:186} INFO - Started process (PID=3205) to work on /home/airflow/.local/lib/python3.12/site-packages/airflow/example_dags/tutorial.py
[2024-12-09T20:47:10.457+0000] {processor.py:914} INFO - Processing file /home/airflow/.local/lib/python3.12/site-packages/airflow/example_dags/tutorial.py for tasks to queue
[2024-12-09T20:47:10.459+0000] {logging_mixin.py:190} INFO - [2024-12-09T20:47:10.459+0000] {dagbag.py:588} INFO - Filling up the DagBag from /home/airflow/.local/lib/python3.12/site-packages/airflow/example_dags/tutorial.py
[2024-12-09T20:47:10.466+0000] {processor.py:925} INFO - DAG(s) 'tutorial' retrieved from /home/airflow/.local/lib/python3.12/site-packages/airflow/example_dags/tutorial.py
[2024-12-09T20:47:10.485+0000] {logging_mixin.py:190} INFO - [2024-12-09T20:47:10.485+0000] {dag.py:3239} INFO - Sync 1 DAGs
[2024-12-09T20:47:10.507+0000] {logging_mixin.py:190} INFO - [2024-12-09T20:47:10.507+0000] {dag.py:4180} INFO - Setting next_dagrun for tutorial to 2024-12-09 00:00:00+00:00, run_after=2024-12-10 00:00:00+00:00
[2024-12-09T20:47:10.523+0000] {processor.py:208} INFO - Processing /home/airflow/.local/lib/python3.12/site-packages/airflow/example_dags/tutorial.py took 0.072 seconds
[2024-12-09T20:47:40.579+0000] {processor.py:186} INFO - Started process (PID=3272) to work on /home/airflow/.local/lib/python3.12/site-packages/airflow/example_dags/tutorial.py
[2024-12-09T20:47:40.580+0000] {processor.py:914} INFO - Processing file /home/airflow/.local/lib/python3.12/site-packages/airflow/example_dags/tutorial.py for tasks to queue
[2024-12-09T20:47:40.582+0000] {logging_mixin.py:190} INFO - [2024-12-09T20:47:40.581+0000] {dagbag.py:588} INFO - Filling up the DagBag from /home/airflow/.local/lib/python3.12/site-packages/airflow/example_dags/tutorial.py
[2024-12-09T20:47:40.588+0000] {processor.py:925} INFO - DAG(s) 'tutorial' retrieved from /home/airflow/.local/lib/python3.12/site-packages/airflow/example_dags/tutorial.py
[2024-12-09T20:47:40.603+0000] {logging_mixin.py:190} INFO - [2024-12-09T20:47:40.602+0000] {dag.py:3239} INFO - Sync 1 DAGs
[2024-12-09T20:47:40.622+0000] {logging_mixin.py:190} INFO - [2024-12-09T20:47:40.622+0000] {dag.py:4180} INFO - Setting next_dagrun for tutorial to 2024-12-09 00:00:00+00:00, run_after=2024-12-10 00:00:00+00:00
[2024-12-09T20:47:40.767+0000] {processor.py:208} INFO - Processing /home/airflow/.local/lib/python3.12/site-packages/airflow/example_dags/tutorial.py took 0.192 seconds
[2024-12-09T20:48:11.167+0000] {processor.py:186} INFO - Started process (PID=3340) to work on /home/airflow/.local/lib/python3.12/site-packages/airflow/example_dags/tutorial.py
[2024-12-09T20:48:11.168+0000] {processor.py:914} INFO - Processing file /home/airflow/.local/lib/python3.12/site-packages/airflow/example_dags/tutorial.py for tasks to queue
[2024-12-09T20:48:11.170+0000] {logging_mixin.py:190} INFO - [2024-12-09T20:48:11.170+0000] {dagbag.py:588} INFO - Filling up the DagBag from /home/airflow/.local/lib/python3.12/site-packages/airflow/example_dags/tutorial.py
[2024-12-09T20:48:11.180+0000] {processor.py:925} INFO - DAG(s) 'tutorial' retrieved from /home/airflow/.local/lib/python3.12/site-packages/airflow/example_dags/tutorial.py
[2024-12-09T20:48:11.198+0000] {logging_mixin.py:190} INFO - [2024-12-09T20:48:11.198+0000] {dag.py:3239} INFO - Sync 1 DAGs
[2024-12-09T20:48:11.217+0000] {logging_mixin.py:190} INFO - [2024-12-09T20:48:11.217+0000] {dag.py:4180} INFO - Setting next_dagrun for tutorial to 2024-12-09 00:00:00+00:00, run_after=2024-12-10 00:00:00+00:00
[2024-12-09T20:48:11.232+0000] {processor.py:208} INFO - Processing /home/airflow/.local/lib/python3.12/site-packages/airflow/example_dags/tutorial.py took 0.071 seconds
[2024-12-09T20:48:41.684+0000] {processor.py:186} INFO - Started process (PID=3408) to work on /home/airflow/.local/lib/python3.12/site-packages/airflow/example_dags/tutorial.py
[2024-12-09T20:48:41.685+0000] {processor.py:914} INFO - Processing file /home/airflow/.local/lib/python3.12/site-packages/airflow/example_dags/tutorial.py for tasks to queue
[2024-12-09T20:48:41.686+0000] {logging_mixin.py:190} INFO - [2024-12-09T20:48:41.686+0000] {dagbag.py:588} INFO - Filling up the DagBag from /home/airflow/.local/lib/python3.12/site-packages/airflow/example_dags/tutorial.py
[2024-12-09T20:48:41.693+0000] {processor.py:925} INFO - DAG(s) 'tutorial' retrieved from /home/airflow/.local/lib/python3.12/site-packages/airflow/example_dags/tutorial.py
[2024-12-09T20:48:41.708+0000] {logging_mixin.py:190} INFO - [2024-12-09T20:48:41.707+0000] {dag.py:3239} INFO - Sync 1 DAGs
[2024-12-09T20:48:41.725+0000] {logging_mixin.py:190} INFO - [2024-12-09T20:48:41.724+0000] {dag.py:4180} INFO - Setting next_dagrun for tutorial to 2024-12-09 00:00:00+00:00, run_after=2024-12-10 00:00:00+00:00
[2024-12-09T20:48:41.739+0000] {processor.py:208} INFO - Processing /home/airflow/.local/lib/python3.12/site-packages/airflow/example_dags/tutorial.py took 0.060 seconds
[2024-12-09T20:49:12.424+0000] {processor.py:186} INFO - Started process (PID=3476) to work on /home/airflow/.local/lib/python3.12/site-packages/airflow/example_dags/tutorial.py
[2024-12-09T20:49:12.425+0000] {processor.py:914} INFO - Processing file /home/airflow/.local/lib/python3.12/site-packages/airflow/example_dags/tutorial.py for tasks to queue
[2024-12-09T20:49:12.428+0000] {logging_mixin.py:190} INFO - [2024-12-09T20:49:12.428+0000] {dagbag.py:588} INFO - Filling up the DagBag from /home/airflow/.local/lib/python3.12/site-packages/airflow/example_dags/tutorial.py
[2024-12-09T20:49:12.436+0000] {processor.py:925} INFO - DAG(s) 'tutorial' retrieved from /home/airflow/.local/lib/python3.12/site-packages/airflow/example_dags/tutorial.py
[2024-12-09T20:49:12.455+0000] {logging_mixin.py:190} INFO - [2024-12-09T20:49:12.454+0000] {dag.py:3239} INFO - Sync 1 DAGs
[2024-12-09T20:49:12.473+0000] {logging_mixin.py:190} INFO - [2024-12-09T20:49:12.473+0000] {dag.py:4180} INFO - Setting next_dagrun for tutorial to 2024-12-09 00:00:00+00:00, run_after=2024-12-10 00:00:00+00:00
[2024-12-09T20:49:12.489+0000] {processor.py:208} INFO - Processing /home/airflow/.local/lib/python3.12/site-packages/airflow/example_dags/tutorial.py took 0.071 seconds
[2024-12-09T20:49:44.403+0000] {processor.py:186} INFO - Started process (PID=3543) to work on /home/airflow/.local/lib/python3.12/site-packages/airflow/example_dags/tutorial.py
[2024-12-09T20:49:44.404+0000] {processor.py:914} INFO - Processing file /home/airflow/.local/lib/python3.12/site-packages/airflow/example_dags/tutorial.py for tasks to queue
[2024-12-09T20:49:44.406+0000] {logging_mixin.py:190} INFO - [2024-12-09T20:49:44.405+0000] {dagbag.py:588} INFO - Filling up the DagBag from /home/airflow/.local/lib/python3.12/site-packages/airflow/example_dags/tutorial.py
[2024-12-09T20:49:44.413+0000] {processor.py:925} INFO - DAG(s) 'tutorial' retrieved from /home/airflow/.local/lib/python3.12/site-packages/airflow/example_dags/tutorial.py
[2024-12-09T20:49:44.579+0000] {logging_mixin.py:190} INFO - [2024-12-09T20:49:44.579+0000] {dag.py:3239} INFO - Sync 1 DAGs
[2024-12-09T20:49:44.594+0000] {logging_mixin.py:190} INFO - [2024-12-09T20:49:44.594+0000] {dag.py:4180} INFO - Setting next_dagrun for tutorial to 2024-12-09 00:00:00+00:00, run_after=2024-12-10 00:00:00+00:00
[2024-12-09T20:49:44.608+0000] {processor.py:208} INFO - Processing /home/airflow/.local/lib/python3.12/site-packages/airflow/example_dags/tutorial.py took 0.211 seconds
[2024-12-09T20:50:15.717+0000] {processor.py:186} INFO - Started process (PID=3615) to work on /home/airflow/.local/lib/python3.12/site-packages/airflow/example_dags/tutorial.py
[2024-12-09T20:50:15.718+0000] {processor.py:914} INFO - Processing file /home/airflow/.local/lib/python3.12/site-packages/airflow/example_dags/tutorial.py for tasks to queue
[2024-12-09T20:50:15.720+0000] {logging_mixin.py:190} INFO - [2024-12-09T20:50:15.720+0000] {dagbag.py:588} INFO - Filling up the DagBag from /home/airflow/.local/lib/python3.12/site-packages/airflow/example_dags/tutorial.py
[2024-12-09T20:50:15.726+0000] {processor.py:925} INFO - DAG(s) 'tutorial' retrieved from /home/airflow/.local/lib/python3.12/site-packages/airflow/example_dags/tutorial.py
[2024-12-09T20:50:15.742+0000] {logging_mixin.py:190} INFO - [2024-12-09T20:50:15.741+0000] {dag.py:3239} INFO - Sync 1 DAGs
[2024-12-09T20:50:15.900+0000] {logging_mixin.py:190} INFO - [2024-12-09T20:50:15.900+0000] {dag.py:4180} INFO - Setting next_dagrun for tutorial to 2024-12-09 00:00:00+00:00, run_after=2024-12-10 00:00:00+00:00
[2024-12-09T20:50:15.914+0000] {processor.py:208} INFO - Processing /home/airflow/.local/lib/python3.12/site-packages/airflow/example_dags/tutorial.py took 0.202 seconds
[2024-12-09T20:50:46.078+0000] {processor.py:186} INFO - Started process (PID=3683) to work on /home/airflow/.local/lib/python3.12/site-packages/airflow/example_dags/tutorial.py
[2024-12-09T20:50:46.079+0000] {processor.py:914} INFO - Processing file /home/airflow/.local/lib/python3.12/site-packages/airflow/example_dags/tutorial.py for tasks to queue
[2024-12-09T20:50:46.082+0000] {logging_mixin.py:190} INFO - [2024-12-09T20:50:46.081+0000] {dagbag.py:588} INFO - Filling up the DagBag from /home/airflow/.local/lib/python3.12/site-packages/airflow/example_dags/tutorial.py
[2024-12-09T20:50:46.090+0000] {processor.py:925} INFO - DAG(s) 'tutorial' retrieved from /home/airflow/.local/lib/python3.12/site-packages/airflow/example_dags/tutorial.py
[2024-12-09T20:50:46.105+0000] {logging_mixin.py:190} INFO - [2024-12-09T20:50:46.105+0000] {dag.py:3239} INFO - Sync 1 DAGs
[2024-12-09T20:50:46.123+0000] {logging_mixin.py:190} INFO - [2024-12-09T20:50:46.123+0000] {dag.py:4180} INFO - Setting next_dagrun for tutorial to 2024-12-09 00:00:00+00:00, run_after=2024-12-10 00:00:00+00:00
[2024-12-09T20:50:46.138+0000] {processor.py:208} INFO - Processing /home/airflow/.local/lib/python3.12/site-packages/airflow/example_dags/tutorial.py took 0.066 seconds
[2024-12-09T20:51:16.924+0000] {processor.py:186} INFO - Started process (PID=3751) to work on /home/airflow/.local/lib/python3.12/site-packages/airflow/example_dags/tutorial.py
[2024-12-09T20:51:16.925+0000] {processor.py:914} INFO - Processing file /home/airflow/.local/lib/python3.12/site-packages/airflow/example_dags/tutorial.py for tasks to queue
[2024-12-09T20:51:16.928+0000] {logging_mixin.py:190} INFO - [2024-12-09T20:51:16.927+0000] {dagbag.py:588} INFO - Filling up the DagBag from /home/airflow/.local/lib/python3.12/site-packages/airflow/example_dags/tutorial.py
[2024-12-09T20:51:16.934+0000] {processor.py:925} INFO - DAG(s) 'tutorial' retrieved from /home/airflow/.local/lib/python3.12/site-packages/airflow/example_dags/tutorial.py
[2024-12-09T20:51:16.949+0000] {logging_mixin.py:190} INFO - [2024-12-09T20:51:16.949+0000] {dag.py:3239} INFO - Sync 1 DAGs
[2024-12-09T20:51:16.968+0000] {logging_mixin.py:190} INFO - [2024-12-09T20:51:16.967+0000] {dag.py:4180} INFO - Setting next_dagrun for tutorial to 2024-12-09 00:00:00+00:00, run_after=2024-12-10 00:00:00+00:00
[2024-12-09T20:51:16.982+0000] {processor.py:208} INFO - Processing /home/airflow/.local/lib/python3.12/site-packages/airflow/example_dags/tutorial.py took 0.064 seconds
[2024-12-09T20:51:47.785+0000] {processor.py:186} INFO - Started process (PID=3819) to work on /home/airflow/.local/lib/python3.12/site-packages/airflow/example_dags/tutorial.py
[2024-12-09T20:51:47.786+0000] {processor.py:914} INFO - Processing file /home/airflow/.local/lib/python3.12/site-packages/airflow/example_dags/tutorial.py for tasks to queue
[2024-12-09T20:51:47.788+0000] {logging_mixin.py:190} INFO - [2024-12-09T20:51:47.788+0000] {dagbag.py:588} INFO - Filling up the DagBag from /home/airflow/.local/lib/python3.12/site-packages/airflow/example_dags/tutorial.py
[2024-12-09T20:51:47.795+0000] {processor.py:925} INFO - DAG(s) 'tutorial' retrieved from /home/airflow/.local/lib/python3.12/site-packages/airflow/example_dags/tutorial.py
[2024-12-09T20:51:47.810+0000] {logging_mixin.py:190} INFO - [2024-12-09T20:51:47.810+0000] {dag.py:3239} INFO - Sync 1 DAGs
[2024-12-09T20:51:47.829+0000] {logging_mixin.py:190} INFO - [2024-12-09T20:51:47.829+0000] {dag.py:4180} INFO - Setting next_dagrun for tutorial to 2024-12-09 00:00:00+00:00, run_after=2024-12-10 00:00:00+00:00
[2024-12-09T20:51:47.843+0000] {processor.py:208} INFO - Processing /home/airflow/.local/lib/python3.12/site-packages/airflow/example_dags/tutorial.py took 0.063 seconds
[2024-12-09T20:52:18.753+0000] {processor.py:186} INFO - Started process (PID=3887) to work on /home/airflow/.local/lib/python3.12/site-packages/airflow/example_dags/tutorial.py
[2024-12-09T20:52:18.754+0000] {processor.py:914} INFO - Processing file /home/airflow/.local/lib/python3.12/site-packages/airflow/example_dags/tutorial.py for tasks to queue
[2024-12-09T20:52:18.756+0000] {logging_mixin.py:190} INFO - [2024-12-09T20:52:18.756+0000] {dagbag.py:588} INFO - Filling up the DagBag from /home/airflow/.local/lib/python3.12/site-packages/airflow/example_dags/tutorial.py
[2024-12-09T20:52:18.763+0000] {processor.py:925} INFO - DAG(s) 'tutorial' retrieved from /home/airflow/.local/lib/python3.12/site-packages/airflow/example_dags/tutorial.py
[2024-12-09T20:52:18.779+0000] {logging_mixin.py:190} INFO - [2024-12-09T20:52:18.779+0000] {dag.py:3239} INFO - Sync 1 DAGs
[2024-12-09T20:52:18.798+0000] {logging_mixin.py:190} INFO - [2024-12-09T20:52:18.798+0000] {dag.py:4180} INFO - Setting next_dagrun for tutorial to 2024-12-09 00:00:00+00:00, run_after=2024-12-10 00:00:00+00:00
[2024-12-09T20:52:18.814+0000] {processor.py:208} INFO - Processing /home/airflow/.local/lib/python3.12/site-packages/airflow/example_dags/tutorial.py took 0.065 seconds
[2024-12-09T20:52:49.758+0000] {processor.py:186} INFO - Started process (PID=3961) to work on /home/airflow/.local/lib/python3.12/site-packages/airflow/example_dags/tutorial.py
[2024-12-09T20:52:49.759+0000] {processor.py:914} INFO - Processing file /home/airflow/.local/lib/python3.12/site-packages/airflow/example_dags/tutorial.py for tasks to queue
[2024-12-09T20:52:49.761+0000] {logging_mixin.py:190} INFO - [2024-12-09T20:52:49.761+0000] {dagbag.py:588} INFO - Filling up the DagBag from /home/airflow/.local/lib/python3.12/site-packages/airflow/example_dags/tutorial.py
[2024-12-09T20:52:49.768+0000] {processor.py:925} INFO - DAG(s) 'tutorial' retrieved from /home/airflow/.local/lib/python3.12/site-packages/airflow/example_dags/tutorial.py
[2024-12-09T20:52:49.785+0000] {logging_mixin.py:190} INFO - [2024-12-09T20:52:49.785+0000] {dag.py:3239} INFO - Sync 1 DAGs
[2024-12-09T20:52:49.804+0000] {logging_mixin.py:190} INFO - [2024-12-09T20:52:49.804+0000] {dag.py:4180} INFO - Setting next_dagrun for tutorial to 2024-12-09 00:00:00+00:00, run_after=2024-12-10 00:00:00+00:00
[2024-12-09T20:52:49.820+0000] {processor.py:208} INFO - Processing /home/airflow/.local/lib/python3.12/site-packages/airflow/example_dags/tutorial.py took 0.067 seconds
[2024-12-09T20:53:20.193+0000] {processor.py:186} INFO - Started process (PID=4029) to work on /home/airflow/.local/lib/python3.12/site-packages/airflow/example_dags/tutorial.py
[2024-12-09T20:53:20.194+0000] {processor.py:914} INFO - Processing file /home/airflow/.local/lib/python3.12/site-packages/airflow/example_dags/tutorial.py for tasks to queue
[2024-12-09T20:53:20.196+0000] {logging_mixin.py:190} INFO - [2024-12-09T20:53:20.196+0000] {dagbag.py:588} INFO - Filling up the DagBag from /home/airflow/.local/lib/python3.12/site-packages/airflow/example_dags/tutorial.py
[2024-12-09T20:53:20.203+0000] {processor.py:925} INFO - DAG(s) 'tutorial' retrieved from /home/airflow/.local/lib/python3.12/site-packages/airflow/example_dags/tutorial.py
[2024-12-09T20:53:20.217+0000] {logging_mixin.py:190} INFO - [2024-12-09T20:53:20.217+0000] {dag.py:3239} INFO - Sync 1 DAGs
[2024-12-09T20:53:20.235+0000] {logging_mixin.py:190} INFO - [2024-12-09T20:53:20.234+0000] {dag.py:4180} INFO - Setting next_dagrun for tutorial to 2024-12-09 00:00:00+00:00, run_after=2024-12-10 00:00:00+00:00
[2024-12-09T20:53:20.248+0000] {processor.py:208} INFO - Processing /home/airflow/.local/lib/python3.12/site-packages/airflow/example_dags/tutorial.py took 0.059 seconds
[2024-12-09T20:53:51.136+0000] {processor.py:186} INFO - Started process (PID=4097) to work on /home/airflow/.local/lib/python3.12/site-packages/airflow/example_dags/tutorial.py
[2024-12-09T20:53:51.137+0000] {processor.py:914} INFO - Processing file /home/airflow/.local/lib/python3.12/site-packages/airflow/example_dags/tutorial.py for tasks to queue
[2024-12-09T20:53:51.139+0000] {logging_mixin.py:190} INFO - [2024-12-09T20:53:51.139+0000] {dagbag.py:588} INFO - Filling up the DagBag from /home/airflow/.local/lib/python3.12/site-packages/airflow/example_dags/tutorial.py
[2024-12-09T20:53:51.146+0000] {processor.py:925} INFO - DAG(s) 'tutorial' retrieved from /home/airflow/.local/lib/python3.12/site-packages/airflow/example_dags/tutorial.py
[2024-12-09T20:53:51.161+0000] {logging_mixin.py:190} INFO - [2024-12-09T20:53:51.161+0000] {dag.py:3239} INFO - Sync 1 DAGs
[2024-12-09T20:53:51.182+0000] {logging_mixin.py:190} INFO - [2024-12-09T20:53:51.182+0000] {dag.py:4180} INFO - Setting next_dagrun for tutorial to 2024-12-09 00:00:00+00:00, run_after=2024-12-10 00:00:00+00:00
[2024-12-09T20:53:51.197+0000] {processor.py:208} INFO - Processing /home/airflow/.local/lib/python3.12/site-packages/airflow/example_dags/tutorial.py took 0.066 seconds
[2024-12-09T20:54:21.901+0000] {processor.py:186} INFO - Started process (PID=4165) to work on /home/airflow/.local/lib/python3.12/site-packages/airflow/example_dags/tutorial.py
[2024-12-09T20:54:21.902+0000] {processor.py:914} INFO - Processing file /home/airflow/.local/lib/python3.12/site-packages/airflow/example_dags/tutorial.py for tasks to queue
[2024-12-09T20:54:21.904+0000] {logging_mixin.py:190} INFO - [2024-12-09T20:54:21.904+0000] {dagbag.py:588} INFO - Filling up the DagBag from /home/airflow/.local/lib/python3.12/site-packages/airflow/example_dags/tutorial.py
[2024-12-09T20:54:21.910+0000] {processor.py:925} INFO - DAG(s) 'tutorial' retrieved from /home/airflow/.local/lib/python3.12/site-packages/airflow/example_dags/tutorial.py
[2024-12-09T20:54:21.925+0000] {logging_mixin.py:190} INFO - [2024-12-09T20:54:21.925+0000] {dag.py:3239} INFO - Sync 1 DAGs
[2024-12-09T20:54:21.943+0000] {logging_mixin.py:190} INFO - [2024-12-09T20:54:21.942+0000] {dag.py:4180} INFO - Setting next_dagrun for tutorial to 2024-12-09 00:00:00+00:00, run_after=2024-12-10 00:00:00+00:00
[2024-12-09T20:54:21.957+0000] {processor.py:208} INFO - Processing /home/airflow/.local/lib/python3.12/site-packages/airflow/example_dags/tutorial.py took 0.061 seconds
[2024-12-09T20:54:52.550+0000] {processor.py:186} INFO - Started process (PID=4233) to work on /home/airflow/.local/lib/python3.12/site-packages/airflow/example_dags/tutorial.py
[2024-12-09T20:54:52.551+0000] {processor.py:914} INFO - Processing file /home/airflow/.local/lib/python3.12/site-packages/airflow/example_dags/tutorial.py for tasks to queue
[2024-12-09T20:54:52.553+0000] {logging_mixin.py:190} INFO - [2024-12-09T20:54:52.552+0000] {dagbag.py:588} INFO - Filling up the DagBag from /home/airflow/.local/lib/python3.12/site-packages/airflow/example_dags/tutorial.py
[2024-12-09T20:54:52.559+0000] {processor.py:925} INFO - DAG(s) 'tutorial' retrieved from /home/airflow/.local/lib/python3.12/site-packages/airflow/example_dags/tutorial.py
[2024-12-09T20:54:52.574+0000] {logging_mixin.py:190} INFO - [2024-12-09T20:54:52.574+0000] {dag.py:3239} INFO - Sync 1 DAGs
[2024-12-09T20:54:52.591+0000] {logging_mixin.py:190} INFO - [2024-12-09T20:54:52.590+0000] {dag.py:4180} INFO - Setting next_dagrun for tutorial to 2024-12-09 00:00:00+00:00, run_after=2024-12-10 00:00:00+00:00
[2024-12-09T20:54:52.604+0000] {processor.py:208} INFO - Processing /home/airflow/.local/lib/python3.12/site-packages/airflow/example_dags/tutorial.py took 0.059 seconds
[2024-12-09T20:55:23.593+0000] {processor.py:186} INFO - Started process (PID=4301) to work on /home/airflow/.local/lib/python3.12/site-packages/airflow/example_dags/tutorial.py
[2024-12-09T20:55:23.594+0000] {processor.py:914} INFO - Processing file /home/airflow/.local/lib/python3.12/site-packages/airflow/example_dags/tutorial.py for tasks to queue
[2024-12-09T20:55:23.596+0000] {logging_mixin.py:190} INFO - [2024-12-09T20:55:23.596+0000] {dagbag.py:588} INFO - Filling up the DagBag from /home/airflow/.local/lib/python3.12/site-packages/airflow/example_dags/tutorial.py
[2024-12-09T20:55:23.603+0000] {processor.py:925} INFO - DAG(s) 'tutorial' retrieved from /home/airflow/.local/lib/python3.12/site-packages/airflow/example_dags/tutorial.py
[2024-12-09T20:55:23.618+0000] {logging_mixin.py:190} INFO - [2024-12-09T20:55:23.618+0000] {dag.py:3239} INFO - Sync 1 DAGs
[2024-12-09T20:55:23.635+0000] {logging_mixin.py:190} INFO - [2024-12-09T20:55:23.634+0000] {dag.py:4180} INFO - Setting next_dagrun for tutorial to 2024-12-09 00:00:00+00:00, run_after=2024-12-10 00:00:00+00:00
[2024-12-09T20:55:23.648+0000] {processor.py:208} INFO - Processing /home/airflow/.local/lib/python3.12/site-packages/airflow/example_dags/tutorial.py took 0.059 seconds
[2024-12-09T20:55:54.246+0000] {processor.py:186} INFO - Started process (PID=4369) to work on /home/airflow/.local/lib/python3.12/site-packages/airflow/example_dags/tutorial.py
[2024-12-09T20:55:54.247+0000] {processor.py:914} INFO - Processing file /home/airflow/.local/lib/python3.12/site-packages/airflow/example_dags/tutorial.py for tasks to queue
[2024-12-09T20:55:54.249+0000] {logging_mixin.py:190} INFO - [2024-12-09T20:55:54.249+0000] {dagbag.py:588} INFO - Filling up the DagBag from /home/airflow/.local/lib/python3.12/site-packages/airflow/example_dags/tutorial.py
[2024-12-09T20:55:54.256+0000] {processor.py:925} INFO - DAG(s) 'tutorial' retrieved from /home/airflow/.local/lib/python3.12/site-packages/airflow/example_dags/tutorial.py
[2024-12-09T20:55:54.272+0000] {logging_mixin.py:190} INFO - [2024-12-09T20:55:54.271+0000] {dag.py:3239} INFO - Sync 1 DAGs
[2024-12-09T20:55:54.290+0000] {logging_mixin.py:190} INFO - [2024-12-09T20:55:54.289+0000] {dag.py:4180} INFO - Setting next_dagrun for tutorial to 2024-12-09 00:00:00+00:00, run_after=2024-12-10 00:00:00+00:00
[2024-12-09T20:55:54.302+0000] {processor.py:208} INFO - Processing /home/airflow/.local/lib/python3.12/site-packages/airflow/example_dags/tutorial.py took 0.061 seconds
[2024-12-09T20:56:24.967+0000] {processor.py:186} INFO - Started process (PID=4437) to work on /home/airflow/.local/lib/python3.12/site-packages/airflow/example_dags/tutorial.py
[2024-12-09T20:56:24.968+0000] {processor.py:914} INFO - Processing file /home/airflow/.local/lib/python3.12/site-packages/airflow/example_dags/tutorial.py for tasks to queue
[2024-12-09T20:56:24.970+0000] {logging_mixin.py:190} INFO - [2024-12-09T20:56:24.970+0000] {dagbag.py:588} INFO - Filling up the DagBag from /home/airflow/.local/lib/python3.12/site-packages/airflow/example_dags/tutorial.py
[2024-12-09T20:56:24.977+0000] {processor.py:925} INFO - DAG(s) 'tutorial' retrieved from /home/airflow/.local/lib/python3.12/site-packages/airflow/example_dags/tutorial.py
[2024-12-09T20:56:24.993+0000] {logging_mixin.py:190} INFO - [2024-12-09T20:56:24.993+0000] {dag.py:3239} INFO - Sync 1 DAGs
[2024-12-09T20:56:25.011+0000] {logging_mixin.py:190} INFO - [2024-12-09T20:56:25.011+0000] {dag.py:4180} INFO - Setting next_dagrun for tutorial to 2024-12-09 00:00:00+00:00, run_after=2024-12-10 00:00:00+00:00
[2024-12-09T20:56:25.025+0000] {processor.py:208} INFO - Processing /home/airflow/.local/lib/python3.12/site-packages/airflow/example_dags/tutorial.py took 0.063 seconds
[2024-12-09T20:56:55.918+0000] {processor.py:186} INFO - Started process (PID=4505) to work on /home/airflow/.local/lib/python3.12/site-packages/airflow/example_dags/tutorial.py
[2024-12-09T20:56:55.919+0000] {processor.py:914} INFO - Processing file /home/airflow/.local/lib/python3.12/site-packages/airflow/example_dags/tutorial.py for tasks to queue
[2024-12-09T20:56:55.921+0000] {logging_mixin.py:190} INFO - [2024-12-09T20:56:55.921+0000] {dagbag.py:588} INFO - Filling up the DagBag from /home/airflow/.local/lib/python3.12/site-packages/airflow/example_dags/tutorial.py
[2024-12-09T20:56:55.928+0000] {processor.py:925} INFO - DAG(s) 'tutorial' retrieved from /home/airflow/.local/lib/python3.12/site-packages/airflow/example_dags/tutorial.py
[2024-12-09T20:56:55.943+0000] {logging_mixin.py:190} INFO - [2024-12-09T20:56:55.942+0000] {dag.py:3239} INFO - Sync 1 DAGs
[2024-12-09T20:56:55.960+0000] {logging_mixin.py:190} INFO - [2024-12-09T20:56:55.960+0000] {dag.py:4180} INFO - Setting next_dagrun for tutorial to 2024-12-09 00:00:00+00:00, run_after=2024-12-10 00:00:00+00:00
[2024-12-09T20:56:55.975+0000] {processor.py:208} INFO - Processing /home/airflow/.local/lib/python3.12/site-packages/airflow/example_dags/tutorial.py took 0.061 seconds
[2024-12-09T20:57:26.772+0000] {processor.py:186} INFO - Started process (PID=4573) to work on /home/airflow/.local/lib/python3.12/site-packages/airflow/example_dags/tutorial.py
[2024-12-09T20:57:26.773+0000] {processor.py:914} INFO - Processing file /home/airflow/.local/lib/python3.12/site-packages/airflow/example_dags/tutorial.py for tasks to queue
[2024-12-09T20:57:26.775+0000] {logging_mixin.py:190} INFO - [2024-12-09T20:57:26.775+0000] {dagbag.py:588} INFO - Filling up the DagBag from /home/airflow/.local/lib/python3.12/site-packages/airflow/example_dags/tutorial.py
[2024-12-09T20:57:26.782+0000] {processor.py:925} INFO - DAG(s) 'tutorial' retrieved from /home/airflow/.local/lib/python3.12/site-packages/airflow/example_dags/tutorial.py
[2024-12-09T20:57:26.800+0000] {logging_mixin.py:190} INFO - [2024-12-09T20:57:26.799+0000] {dag.py:3239} INFO - Sync 1 DAGs
[2024-12-09T20:57:26.819+0000] {logging_mixin.py:190} INFO - [2024-12-09T20:57:26.819+0000] {dag.py:4180} INFO - Setting next_dagrun for tutorial to 2024-12-09 00:00:00+00:00, run_after=2024-12-10 00:00:00+00:00
[2024-12-09T20:57:26.834+0000] {processor.py:208} INFO - Processing /home/airflow/.local/lib/python3.12/site-packages/airflow/example_dags/tutorial.py took 0.068 seconds
[2024-12-09T20:57:57.766+0000] {processor.py:186} INFO - Started process (PID=4641) to work on /home/airflow/.local/lib/python3.12/site-packages/airflow/example_dags/tutorial.py
[2024-12-09T20:57:57.768+0000] {processor.py:914} INFO - Processing file /home/airflow/.local/lib/python3.12/site-packages/airflow/example_dags/tutorial.py for tasks to queue
[2024-12-09T20:57:57.770+0000] {logging_mixin.py:190} INFO - [2024-12-09T20:57:57.770+0000] {dagbag.py:588} INFO - Filling up the DagBag from /home/airflow/.local/lib/python3.12/site-packages/airflow/example_dags/tutorial.py
[2024-12-09T20:57:57.778+0000] {processor.py:925} INFO - DAG(s) 'tutorial' retrieved from /home/airflow/.local/lib/python3.12/site-packages/airflow/example_dags/tutorial.py
[2024-12-09T20:57:57.796+0000] {logging_mixin.py:190} INFO - [2024-12-09T20:57:57.795+0000] {dag.py:3239} INFO - Sync 1 DAGs
[2024-12-09T20:57:57.816+0000] {logging_mixin.py:190} INFO - [2024-12-09T20:57:57.816+0000] {dag.py:4180} INFO - Setting next_dagrun for tutorial to 2024-12-09 00:00:00+00:00, run_after=2024-12-10 00:00:00+00:00
[2024-12-09T20:57:57.831+0000] {processor.py:208} INFO - Processing /home/airflow/.local/lib/python3.12/site-packages/airflow/example_dags/tutorial.py took 0.070 seconds
[2024-12-09T20:58:28.639+0000] {processor.py:186} INFO - Started process (PID=4709) to work on /home/airflow/.local/lib/python3.12/site-packages/airflow/example_dags/tutorial.py
[2024-12-09T20:58:28.640+0000] {processor.py:914} INFO - Processing file /home/airflow/.local/lib/python3.12/site-packages/airflow/example_dags/tutorial.py for tasks to queue
[2024-12-09T20:58:28.642+0000] {logging_mixin.py:190} INFO - [2024-12-09T20:58:28.642+0000] {dagbag.py:588} INFO - Filling up the DagBag from /home/airflow/.local/lib/python3.12/site-packages/airflow/example_dags/tutorial.py
[2024-12-09T20:58:28.649+0000] {processor.py:925} INFO - DAG(s) 'tutorial' retrieved from /home/airflow/.local/lib/python3.12/site-packages/airflow/example_dags/tutorial.py
[2024-12-09T20:58:28.663+0000] {logging_mixin.py:190} INFO - [2024-12-09T20:58:28.663+0000] {dag.py:3239} INFO - Sync 1 DAGs
[2024-12-09T20:58:28.680+0000] {logging_mixin.py:190} INFO - [2024-12-09T20:58:28.680+0000] {dag.py:4180} INFO - Setting next_dagrun for tutorial to 2024-12-09 00:00:00+00:00, run_after=2024-12-10 00:00:00+00:00
[2024-12-09T20:58:28.694+0000] {processor.py:208} INFO - Processing /home/airflow/.local/lib/python3.12/site-packages/airflow/example_dags/tutorial.py took 0.060 seconds
[2024-12-09T20:58:59.642+0000] {processor.py:186} INFO - Started process (PID=4777) to work on /home/airflow/.local/lib/python3.12/site-packages/airflow/example_dags/tutorial.py
[2024-12-09T20:58:59.643+0000] {processor.py:914} INFO - Processing file /home/airflow/.local/lib/python3.12/site-packages/airflow/example_dags/tutorial.py for tasks to queue
[2024-12-09T20:58:59.645+0000] {logging_mixin.py:190} INFO - [2024-12-09T20:58:59.645+0000] {dagbag.py:588} INFO - Filling up the DagBag from /home/airflow/.local/lib/python3.12/site-packages/airflow/example_dags/tutorial.py
[2024-12-09T20:58:59.652+0000] {processor.py:925} INFO - DAG(s) 'tutorial' retrieved from /home/airflow/.local/lib/python3.12/site-packages/airflow/example_dags/tutorial.py
[2024-12-09T20:58:59.668+0000] {logging_mixin.py:190} INFO - [2024-12-09T20:58:59.668+0000] {dag.py:3239} INFO - Sync 1 DAGs
[2024-12-09T20:58:59.685+0000] {logging_mixin.py:190} INFO - [2024-12-09T20:58:59.685+0000] {dag.py:4180} INFO - Setting next_dagrun for tutorial to 2024-12-09 00:00:00+00:00, run_after=2024-12-10 00:00:00+00:00
[2024-12-09T20:58:59.701+0000] {processor.py:208} INFO - Processing /home/airflow/.local/lib/python3.12/site-packages/airflow/example_dags/tutorial.py took 0.064 seconds
[2024-12-09T21:00:20.562+0000] {processor.py:186} INFO - Started process (PID=105) to work on /home/airflow/.local/lib/python3.12/site-packages/airflow/example_dags/tutorial.py
[2024-12-09T21:00:20.563+0000] {processor.py:914} INFO - Processing file /home/airflow/.local/lib/python3.12/site-packages/airflow/example_dags/tutorial.py for tasks to queue
[2024-12-09T21:00:20.565+0000] {logging_mixin.py:190} INFO - [2024-12-09T21:00:20.565+0000] {dagbag.py:588} INFO - Filling up the DagBag from /home/airflow/.local/lib/python3.12/site-packages/airflow/example_dags/tutorial.py
[2024-12-09T21:00:20.574+0000] {processor.py:925} INFO - DAG(s) 'tutorial' retrieved from /home/airflow/.local/lib/python3.12/site-packages/airflow/example_dags/tutorial.py
[2024-12-09T21:00:20.598+0000] {logging_mixin.py:190} INFO - [2024-12-09T21:00:20.598+0000] {dag.py:3239} INFO - Sync 1 DAGs
[2024-12-09T21:00:20.622+0000] {logging_mixin.py:190} INFO - [2024-12-09T21:00:20.621+0000] {dag.py:4180} INFO - Setting next_dagrun for tutorial to 2024-12-09 00:00:00+00:00, run_after=2024-12-10 00:00:00+00:00
[2024-12-09T21:00:20.640+0000] {processor.py:208} INFO - Processing /home/airflow/.local/lib/python3.12/site-packages/airflow/example_dags/tutorial.py took 0.085 seconds
[2024-12-09T21:00:51.700+0000] {processor.py:186} INFO - Started process (PID=177) to work on /home/airflow/.local/lib/python3.12/site-packages/airflow/example_dags/tutorial.py
[2024-12-09T21:00:51.701+0000] {processor.py:914} INFO - Processing file /home/airflow/.local/lib/python3.12/site-packages/airflow/example_dags/tutorial.py for tasks to queue
[2024-12-09T21:00:51.704+0000] {logging_mixin.py:190} INFO - [2024-12-09T21:00:51.703+0000] {dagbag.py:588} INFO - Filling up the DagBag from /home/airflow/.local/lib/python3.12/site-packages/airflow/example_dags/tutorial.py
[2024-12-09T21:00:51.712+0000] {processor.py:925} INFO - DAG(s) 'tutorial' retrieved from /home/airflow/.local/lib/python3.12/site-packages/airflow/example_dags/tutorial.py
[2024-12-09T21:00:51.730+0000] {logging_mixin.py:190} INFO - [2024-12-09T21:00:51.729+0000] {dag.py:3239} INFO - Sync 1 DAGs
[2024-12-09T21:00:51.750+0000] {logging_mixin.py:190} INFO - [2024-12-09T21:00:51.749+0000] {dag.py:4180} INFO - Setting next_dagrun for tutorial to 2024-12-09 00:00:00+00:00, run_after=2024-12-10 00:00:00+00:00
[2024-12-09T21:00:51.764+0000] {processor.py:208} INFO - Processing /home/airflow/.local/lib/python3.12/site-packages/airflow/example_dags/tutorial.py took 0.070 seconds
[2024-12-09T21:01:22.138+0000] {processor.py:186} INFO - Started process (PID=244) to work on /home/airflow/.local/lib/python3.12/site-packages/airflow/example_dags/tutorial.py
[2024-12-09T21:01:22.139+0000] {processor.py:914} INFO - Processing file /home/airflow/.local/lib/python3.12/site-packages/airflow/example_dags/tutorial.py for tasks to queue
[2024-12-09T21:01:22.141+0000] {logging_mixin.py:190} INFO - [2024-12-09T21:01:22.141+0000] {dagbag.py:588} INFO - Filling up the DagBag from /home/airflow/.local/lib/python3.12/site-packages/airflow/example_dags/tutorial.py
[2024-12-09T21:01:22.148+0000] {processor.py:925} INFO - DAG(s) 'tutorial' retrieved from /home/airflow/.local/lib/python3.12/site-packages/airflow/example_dags/tutorial.py
[2024-12-09T21:01:22.163+0000] {logging_mixin.py:190} INFO - [2024-12-09T21:01:22.163+0000] {dag.py:3239} INFO - Sync 1 DAGs
[2024-12-09T21:01:22.181+0000] {logging_mixin.py:190} INFO - [2024-12-09T21:01:22.181+0000] {dag.py:4180} INFO - Setting next_dagrun for tutorial to 2024-12-09 00:00:00+00:00, run_after=2024-12-10 00:00:00+00:00
[2024-12-09T21:01:22.195+0000] {processor.py:208} INFO - Processing /home/airflow/.local/lib/python3.12/site-packages/airflow/example_dags/tutorial.py took 0.061 seconds
[2024-12-09T21:01:52.911+0000] {processor.py:186} INFO - Started process (PID=315) to work on /home/airflow/.local/lib/python3.12/site-packages/airflow/example_dags/tutorial.py
[2024-12-09T21:01:52.912+0000] {processor.py:914} INFO - Processing file /home/airflow/.local/lib/python3.12/site-packages/airflow/example_dags/tutorial.py for tasks to queue
[2024-12-09T21:01:52.914+0000] {logging_mixin.py:190} INFO - [2024-12-09T21:01:52.914+0000] {dagbag.py:588} INFO - Filling up the DagBag from /home/airflow/.local/lib/python3.12/site-packages/airflow/example_dags/tutorial.py
[2024-12-09T21:01:52.920+0000] {processor.py:925} INFO - DAG(s) 'tutorial' retrieved from /home/airflow/.local/lib/python3.12/site-packages/airflow/example_dags/tutorial.py
[2024-12-09T21:01:52.935+0000] {logging_mixin.py:190} INFO - [2024-12-09T21:01:52.935+0000] {dag.py:3239} INFO - Sync 1 DAGs
[2024-12-09T21:01:52.952+0000] {logging_mixin.py:190} INFO - [2024-12-09T21:01:52.952+0000] {dag.py:4180} INFO - Setting next_dagrun for tutorial to 2024-12-09 00:00:00+00:00, run_after=2024-12-10 00:00:00+00:00
[2024-12-09T21:01:52.967+0000] {processor.py:208} INFO - Processing /home/airflow/.local/lib/python3.12/site-packages/airflow/example_dags/tutorial.py took 0.062 seconds
[2024-12-09T21:02:23.558+0000] {processor.py:186} INFO - Started process (PID=387) to work on /home/airflow/.local/lib/python3.12/site-packages/airflow/example_dags/tutorial.py
[2024-12-09T21:02:23.559+0000] {processor.py:914} INFO - Processing file /home/airflow/.local/lib/python3.12/site-packages/airflow/example_dags/tutorial.py for tasks to queue
[2024-12-09T21:02:23.561+0000] {logging_mixin.py:190} INFO - [2024-12-09T21:02:23.560+0000] {dagbag.py:588} INFO - Filling up the DagBag from /home/airflow/.local/lib/python3.12/site-packages/airflow/example_dags/tutorial.py
[2024-12-09T21:02:23.567+0000] {processor.py:925} INFO - DAG(s) 'tutorial' retrieved from /home/airflow/.local/lib/python3.12/site-packages/airflow/example_dags/tutorial.py
[2024-12-09T21:02:23.582+0000] {logging_mixin.py:190} INFO - [2024-12-09T21:02:23.582+0000] {dag.py:3239} INFO - Sync 1 DAGs
[2024-12-09T21:02:23.604+0000] {logging_mixin.py:190} INFO - [2024-12-09T21:02:23.604+0000] {dag.py:4180} INFO - Setting next_dagrun for tutorial to 2024-12-09 00:00:00+00:00, run_after=2024-12-10 00:00:00+00:00
[2024-12-09T21:02:23.622+0000] {processor.py:208} INFO - Processing /home/airflow/.local/lib/python3.12/site-packages/airflow/example_dags/tutorial.py took 0.069 seconds
[2024-12-09T21:02:54.316+0000] {processor.py:186} INFO - Started process (PID=455) to work on /home/airflow/.local/lib/python3.12/site-packages/airflow/example_dags/tutorial.py
[2024-12-09T21:02:54.317+0000] {processor.py:914} INFO - Processing file /home/airflow/.local/lib/python3.12/site-packages/airflow/example_dags/tutorial.py for tasks to queue
[2024-12-09T21:02:54.319+0000] {logging_mixin.py:190} INFO - [2024-12-09T21:02:54.318+0000] {dagbag.py:588} INFO - Filling up the DagBag from /home/airflow/.local/lib/python3.12/site-packages/airflow/example_dags/tutorial.py
[2024-12-09T21:02:54.325+0000] {processor.py:925} INFO - DAG(s) 'tutorial' retrieved from /home/airflow/.local/lib/python3.12/site-packages/airflow/example_dags/tutorial.py
[2024-12-09T21:02:54.341+0000] {logging_mixin.py:190} INFO - [2024-12-09T21:02:54.340+0000] {dag.py:3239} INFO - Sync 1 DAGs
[2024-12-09T21:02:54.358+0000] {logging_mixin.py:190} INFO - [2024-12-09T21:02:54.358+0000] {dag.py:4180} INFO - Setting next_dagrun for tutorial to 2024-12-09 00:00:00+00:00, run_after=2024-12-10 00:00:00+00:00
[2024-12-09T21:02:54.372+0000] {processor.py:208} INFO - Processing /home/airflow/.local/lib/python3.12/site-packages/airflow/example_dags/tutorial.py took 0.062 seconds
[2024-12-09T21:03:25.257+0000] {processor.py:186} INFO - Started process (PID=523) to work on /home/airflow/.local/lib/python3.12/site-packages/airflow/example_dags/tutorial.py
[2024-12-09T21:03:25.257+0000] {processor.py:914} INFO - Processing file /home/airflow/.local/lib/python3.12/site-packages/airflow/example_dags/tutorial.py for tasks to queue
[2024-12-09T21:03:25.260+0000] {logging_mixin.py:190} INFO - [2024-12-09T21:03:25.259+0000] {dagbag.py:588} INFO - Filling up the DagBag from /home/airflow/.local/lib/python3.12/site-packages/airflow/example_dags/tutorial.py
[2024-12-09T21:03:25.267+0000] {processor.py:925} INFO - DAG(s) 'tutorial' retrieved from /home/airflow/.local/lib/python3.12/site-packages/airflow/example_dags/tutorial.py
[2024-12-09T21:03:25.283+0000] {logging_mixin.py:190} INFO - [2024-12-09T21:03:25.283+0000] {dag.py:3239} INFO - Sync 1 DAGs
[2024-12-09T21:03:25.301+0000] {logging_mixin.py:190} INFO - [2024-12-09T21:03:25.301+0000] {dag.py:4180} INFO - Setting next_dagrun for tutorial to 2024-12-09 00:00:00+00:00, run_after=2024-12-10 00:00:00+00:00
[2024-12-09T21:03:25.315+0000] {processor.py:208} INFO - Processing /home/airflow/.local/lib/python3.12/site-packages/airflow/example_dags/tutorial.py took 0.064 seconds
[2024-12-09T21:03:55.850+0000] {processor.py:186} INFO - Started process (PID=591) to work on /home/airflow/.local/lib/python3.12/site-packages/airflow/example_dags/tutorial.py
[2024-12-09T21:03:55.851+0000] {processor.py:914} INFO - Processing file /home/airflow/.local/lib/python3.12/site-packages/airflow/example_dags/tutorial.py for tasks to queue
[2024-12-09T21:03:55.853+0000] {logging_mixin.py:190} INFO - [2024-12-09T21:03:55.852+0000] {dagbag.py:588} INFO - Filling up the DagBag from /home/airflow/.local/lib/python3.12/site-packages/airflow/example_dags/tutorial.py
[2024-12-09T21:03:55.859+0000] {processor.py:925} INFO - DAG(s) 'tutorial' retrieved from /home/airflow/.local/lib/python3.12/site-packages/airflow/example_dags/tutorial.py
[2024-12-09T21:03:55.873+0000] {logging_mixin.py:190} INFO - [2024-12-09T21:03:55.873+0000] {dag.py:3239} INFO - Sync 1 DAGs
[2024-12-09T21:03:55.891+0000] {logging_mixin.py:190} INFO - [2024-12-09T21:03:55.891+0000] {dag.py:4180} INFO - Setting next_dagrun for tutorial to 2024-12-09 00:00:00+00:00, run_after=2024-12-10 00:00:00+00:00
[2024-12-09T21:03:55.905+0000] {processor.py:208} INFO - Processing /home/airflow/.local/lib/python3.12/site-packages/airflow/example_dags/tutorial.py took 0.060 seconds
