[2024-12-09T20:10:14.486+0000] {processor.py:186} INFO - Started process (PID=113) to work on /home/airflow/.local/lib/python3.12/site-packages/airflow/example_dags/tutorial_dag.py
[2024-12-09T20:10:14.488+0000] {processor.py:914} INFO - Processing file /home/airflow/.local/lib/python3.12/site-packages/airflow/example_dags/tutorial_dag.py for tasks to queue
[2024-12-09T20:10:14.492+0000] {logging_mixin.py:190} INFO - [2024-12-09T20:10:14.491+0000] {dagbag.py:588} INFO - Filling up the DagBag from /home/airflow/.local/lib/python3.12/site-packages/airflow/example_dags/tutorial_dag.py
[2024-12-09T20:10:14.515+0000] {processor.py:925} INFO - DAG(s) 'tutorial_dag' retrieved from /home/airflow/.local/lib/python3.12/site-packages/airflow/example_dags/tutorial_dag.py
[2024-12-09T20:10:14.588+0000] {logging_mixin.py:190} INFO - [2024-12-09T20:10:14.586+0000] {dag.py:3239} INFO - Sync 1 DAGs
[2024-12-09T20:10:14.635+0000] {logging_mixin.py:190} INFO - [2024-12-09T20:10:14.635+0000] {dag.py:4180} INFO - Setting next_dagrun for tutorial_dag to None, run_after=None
[2024-12-09T20:10:14.681+0000] {processor.py:208} INFO - Processing /home/airflow/.local/lib/python3.12/site-packages/airflow/example_dags/tutorial_dag.py took 0.207 seconds
[2024-12-09T20:24:24.881+0000] {processor.py:186} INFO - Started process (PID=107) to work on /home/airflow/.local/lib/python3.12/site-packages/airflow/example_dags/tutorial_dag.py
[2024-12-09T20:24:24.883+0000] {processor.py:914} INFO - Processing file /home/airflow/.local/lib/python3.12/site-packages/airflow/example_dags/tutorial_dag.py for tasks to queue
[2024-12-09T20:24:24.887+0000] {logging_mixin.py:190} INFO - [2024-12-09T20:24:24.887+0000] {dagbag.py:588} INFO - Filling up the DagBag from /home/airflow/.local/lib/python3.12/site-packages/airflow/example_dags/tutorial_dag.py
[2024-12-09T20:24:24.902+0000] {processor.py:925} INFO - DAG(s) 'tutorial_dag' retrieved from /home/airflow/.local/lib/python3.12/site-packages/airflow/example_dags/tutorial_dag.py
[2024-12-09T20:24:24.950+0000] {logging_mixin.py:190} INFO - [2024-12-09T20:24:24.950+0000] {dag.py:3239} INFO - Sync 1 DAGs
[2024-12-09T20:24:24.976+0000] {logging_mixin.py:190} INFO - [2024-12-09T20:24:24.976+0000] {dag.py:4180} INFO - Setting next_dagrun for tutorial_dag to None, run_after=None
[2024-12-09T20:24:25.017+0000] {processor.py:208} INFO - Processing /home/airflow/.local/lib/python3.12/site-packages/airflow/example_dags/tutorial_dag.py took 0.144 seconds
[2024-12-09T20:24:55.770+0000] {processor.py:186} INFO - Started process (PID=195) to work on /home/airflow/.local/lib/python3.12/site-packages/airflow/example_dags/tutorial_dag.py
[2024-12-09T20:24:55.772+0000] {processor.py:914} INFO - Processing file /home/airflow/.local/lib/python3.12/site-packages/airflow/example_dags/tutorial_dag.py for tasks to queue
[2024-12-09T20:24:55.777+0000] {logging_mixin.py:190} INFO - [2024-12-09T20:24:55.776+0000] {dagbag.py:588} INFO - Filling up the DagBag from /home/airflow/.local/lib/python3.12/site-packages/airflow/example_dags/tutorial_dag.py
[2024-12-09T20:24:55.788+0000] {processor.py:925} INFO - DAG(s) 'tutorial_dag' retrieved from /home/airflow/.local/lib/python3.12/site-packages/airflow/example_dags/tutorial_dag.py
[2024-12-09T20:24:55.818+0000] {logging_mixin.py:190} INFO - [2024-12-09T20:24:55.818+0000] {dag.py:3239} INFO - Sync 1 DAGs
[2024-12-09T20:24:55.843+0000] {logging_mixin.py:190} INFO - [2024-12-09T20:24:55.843+0000] {dag.py:4180} INFO - Setting next_dagrun for tutorial_dag to None, run_after=None
[2024-12-09T20:24:55.871+0000] {processor.py:208} INFO - Processing /home/airflow/.local/lib/python3.12/site-packages/airflow/example_dags/tutorial_dag.py took 0.109 seconds
[2024-12-09T20:25:26.691+0000] {processor.py:186} INFO - Started process (PID=263) to work on /home/airflow/.local/lib/python3.12/site-packages/airflow/example_dags/tutorial_dag.py
[2024-12-09T20:25:26.692+0000] {processor.py:914} INFO - Processing file /home/airflow/.local/lib/python3.12/site-packages/airflow/example_dags/tutorial_dag.py for tasks to queue
[2024-12-09T20:25:26.695+0000] {logging_mixin.py:190} INFO - [2024-12-09T20:25:26.694+0000] {dagbag.py:588} INFO - Filling up the DagBag from /home/airflow/.local/lib/python3.12/site-packages/airflow/example_dags/tutorial_dag.py
[2024-12-09T20:25:26.701+0000] {processor.py:925} INFO - DAG(s) 'tutorial_dag' retrieved from /home/airflow/.local/lib/python3.12/site-packages/airflow/example_dags/tutorial_dag.py
[2024-12-09T20:25:26.716+0000] {logging_mixin.py:190} INFO - [2024-12-09T20:25:26.716+0000] {dag.py:3239} INFO - Sync 1 DAGs
[2024-12-09T20:25:26.728+0000] {logging_mixin.py:190} INFO - [2024-12-09T20:25:26.727+0000] {dag.py:4180} INFO - Setting next_dagrun for tutorial_dag to None, run_after=None
[2024-12-09T20:25:26.744+0000] {processor.py:208} INFO - Processing /home/airflow/.local/lib/python3.12/site-packages/airflow/example_dags/tutorial_dag.py took 0.058 seconds
[2024-12-09T20:25:57.471+0000] {processor.py:186} INFO - Started process (PID=331) to work on /home/airflow/.local/lib/python3.12/site-packages/airflow/example_dags/tutorial_dag.py
[2024-12-09T20:25:57.472+0000] {processor.py:914} INFO - Processing file /home/airflow/.local/lib/python3.12/site-packages/airflow/example_dags/tutorial_dag.py for tasks to queue
[2024-12-09T20:25:57.474+0000] {logging_mixin.py:190} INFO - [2024-12-09T20:25:57.474+0000] {dagbag.py:588} INFO - Filling up the DagBag from /home/airflow/.local/lib/python3.12/site-packages/airflow/example_dags/tutorial_dag.py
[2024-12-09T20:25:57.481+0000] {processor.py:925} INFO - DAG(s) 'tutorial_dag' retrieved from /home/airflow/.local/lib/python3.12/site-packages/airflow/example_dags/tutorial_dag.py
[2024-12-09T20:25:57.501+0000] {logging_mixin.py:190} INFO - [2024-12-09T20:25:57.500+0000] {dag.py:3239} INFO - Sync 1 DAGs
[2024-12-09T20:25:57.515+0000] {logging_mixin.py:190} INFO - [2024-12-09T20:25:57.515+0000] {dag.py:4180} INFO - Setting next_dagrun for tutorial_dag to None, run_after=None
[2024-12-09T20:25:57.532+0000] {processor.py:208} INFO - Processing /home/airflow/.local/lib/python3.12/site-packages/airflow/example_dags/tutorial_dag.py took 0.068 seconds
[2024-12-09T20:26:27.593+0000] {processor.py:186} INFO - Started process (PID=398) to work on /home/airflow/.local/lib/python3.12/site-packages/airflow/example_dags/tutorial_dag.py
[2024-12-09T20:26:27.594+0000] {processor.py:914} INFO - Processing file /home/airflow/.local/lib/python3.12/site-packages/airflow/example_dags/tutorial_dag.py for tasks to queue
[2024-12-09T20:26:27.596+0000] {logging_mixin.py:190} INFO - [2024-12-09T20:26:27.596+0000] {dagbag.py:588} INFO - Filling up the DagBag from /home/airflow/.local/lib/python3.12/site-packages/airflow/example_dags/tutorial_dag.py
[2024-12-09T20:26:27.602+0000] {processor.py:925} INFO - DAG(s) 'tutorial_dag' retrieved from /home/airflow/.local/lib/python3.12/site-packages/airflow/example_dags/tutorial_dag.py
[2024-12-09T20:26:27.620+0000] {logging_mixin.py:190} INFO - [2024-12-09T20:26:27.619+0000] {dag.py:3239} INFO - Sync 1 DAGs
[2024-12-09T20:26:27.631+0000] {logging_mixin.py:190} INFO - [2024-12-09T20:26:27.631+0000] {dag.py:4180} INFO - Setting next_dagrun for tutorial_dag to None, run_after=None
[2024-12-09T20:26:27.647+0000] {processor.py:208} INFO - Processing /home/airflow/.local/lib/python3.12/site-packages/airflow/example_dags/tutorial_dag.py took 0.058 seconds
[2024-12-09T20:26:58.254+0000] {processor.py:186} INFO - Started process (PID=466) to work on /home/airflow/.local/lib/python3.12/site-packages/airflow/example_dags/tutorial_dag.py
[2024-12-09T20:26:58.255+0000] {processor.py:914} INFO - Processing file /home/airflow/.local/lib/python3.12/site-packages/airflow/example_dags/tutorial_dag.py for tasks to queue
[2024-12-09T20:26:58.257+0000] {logging_mixin.py:190} INFO - [2024-12-09T20:26:58.257+0000] {dagbag.py:588} INFO - Filling up the DagBag from /home/airflow/.local/lib/python3.12/site-packages/airflow/example_dags/tutorial_dag.py
[2024-12-09T20:26:58.264+0000] {processor.py:925} INFO - DAG(s) 'tutorial_dag' retrieved from /home/airflow/.local/lib/python3.12/site-packages/airflow/example_dags/tutorial_dag.py
[2024-12-09T20:26:58.279+0000] {logging_mixin.py:190} INFO - [2024-12-09T20:26:58.279+0000] {dag.py:3239} INFO - Sync 1 DAGs
[2024-12-09T20:26:58.291+0000] {logging_mixin.py:190} INFO - [2024-12-09T20:26:58.291+0000] {dag.py:4180} INFO - Setting next_dagrun for tutorial_dag to None, run_after=None
[2024-12-09T20:26:58.306+0000] {processor.py:208} INFO - Processing /home/airflow/.local/lib/python3.12/site-packages/airflow/example_dags/tutorial_dag.py took 0.056 seconds
[2024-12-09T20:27:28.988+0000] {processor.py:186} INFO - Started process (PID=534) to work on /home/airflow/.local/lib/python3.12/site-packages/airflow/example_dags/tutorial_dag.py
[2024-12-09T20:27:28.989+0000] {processor.py:914} INFO - Processing file /home/airflow/.local/lib/python3.12/site-packages/airflow/example_dags/tutorial_dag.py for tasks to queue
[2024-12-09T20:27:28.990+0000] {logging_mixin.py:190} INFO - [2024-12-09T20:27:28.990+0000] {dagbag.py:588} INFO - Filling up the DagBag from /home/airflow/.local/lib/python3.12/site-packages/airflow/example_dags/tutorial_dag.py
[2024-12-09T20:27:28.996+0000] {processor.py:925} INFO - DAG(s) 'tutorial_dag' retrieved from /home/airflow/.local/lib/python3.12/site-packages/airflow/example_dags/tutorial_dag.py
[2024-12-09T20:27:29.011+0000] {logging_mixin.py:190} INFO - [2024-12-09T20:27:29.010+0000] {dag.py:3239} INFO - Sync 1 DAGs
[2024-12-09T20:27:29.021+0000] {logging_mixin.py:190} INFO - [2024-12-09T20:27:29.021+0000] {dag.py:4180} INFO - Setting next_dagrun for tutorial_dag to None, run_after=None
[2024-12-09T20:27:29.036+0000] {processor.py:208} INFO - Processing /home/airflow/.local/lib/python3.12/site-packages/airflow/example_dags/tutorial_dag.py took 0.053 seconds
[2024-12-09T20:27:59.892+0000] {processor.py:186} INFO - Started process (PID=602) to work on /home/airflow/.local/lib/python3.12/site-packages/airflow/example_dags/tutorial_dag.py
[2024-12-09T20:27:59.893+0000] {processor.py:914} INFO - Processing file /home/airflow/.local/lib/python3.12/site-packages/airflow/example_dags/tutorial_dag.py for tasks to queue
[2024-12-09T20:27:59.895+0000] {logging_mixin.py:190} INFO - [2024-12-09T20:27:59.895+0000] {dagbag.py:588} INFO - Filling up the DagBag from /home/airflow/.local/lib/python3.12/site-packages/airflow/example_dags/tutorial_dag.py
[2024-12-09T20:27:59.902+0000] {processor.py:925} INFO - DAG(s) 'tutorial_dag' retrieved from /home/airflow/.local/lib/python3.12/site-packages/airflow/example_dags/tutorial_dag.py
[2024-12-09T20:27:59.917+0000] {logging_mixin.py:190} INFO - [2024-12-09T20:27:59.917+0000] {dag.py:3239} INFO - Sync 1 DAGs
[2024-12-09T20:27:59.929+0000] {logging_mixin.py:190} INFO - [2024-12-09T20:27:59.928+0000] {dag.py:4180} INFO - Setting next_dagrun for tutorial_dag to None, run_after=None
[2024-12-09T20:27:59.943+0000] {processor.py:208} INFO - Processing /home/airflow/.local/lib/python3.12/site-packages/airflow/example_dags/tutorial_dag.py took 0.057 seconds
[2024-12-09T20:28:30.454+0000] {processor.py:186} INFO - Started process (PID=670) to work on /home/airflow/.local/lib/python3.12/site-packages/airflow/example_dags/tutorial_dag.py
[2024-12-09T20:28:30.455+0000] {processor.py:914} INFO - Processing file /home/airflow/.local/lib/python3.12/site-packages/airflow/example_dags/tutorial_dag.py for tasks to queue
[2024-12-09T20:28:30.457+0000] {logging_mixin.py:190} INFO - [2024-12-09T20:28:30.457+0000] {dagbag.py:588} INFO - Filling up the DagBag from /home/airflow/.local/lib/python3.12/site-packages/airflow/example_dags/tutorial_dag.py
[2024-12-09T20:28:30.463+0000] {processor.py:925} INFO - DAG(s) 'tutorial_dag' retrieved from /home/airflow/.local/lib/python3.12/site-packages/airflow/example_dags/tutorial_dag.py
[2024-12-09T20:28:30.478+0000] {logging_mixin.py:190} INFO - [2024-12-09T20:28:30.477+0000] {dag.py:3239} INFO - Sync 1 DAGs
[2024-12-09T20:28:30.488+0000] {logging_mixin.py:190} INFO - [2024-12-09T20:28:30.488+0000] {dag.py:4180} INFO - Setting next_dagrun for tutorial_dag to None, run_after=None
[2024-12-09T20:28:30.502+0000] {processor.py:208} INFO - Processing /home/airflow/.local/lib/python3.12/site-packages/airflow/example_dags/tutorial_dag.py took 0.053 seconds
[2024-12-09T20:29:01.260+0000] {processor.py:186} INFO - Started process (PID=738) to work on /home/airflow/.local/lib/python3.12/site-packages/airflow/example_dags/tutorial_dag.py
[2024-12-09T20:29:01.261+0000] {processor.py:914} INFO - Processing file /home/airflow/.local/lib/python3.12/site-packages/airflow/example_dags/tutorial_dag.py for tasks to queue
[2024-12-09T20:29:01.263+0000] {logging_mixin.py:190} INFO - [2024-12-09T20:29:01.263+0000] {dagbag.py:588} INFO - Filling up the DagBag from /home/airflow/.local/lib/python3.12/site-packages/airflow/example_dags/tutorial_dag.py
[2024-12-09T20:29:01.269+0000] {processor.py:925} INFO - DAG(s) 'tutorial_dag' retrieved from /home/airflow/.local/lib/python3.12/site-packages/airflow/example_dags/tutorial_dag.py
[2024-12-09T20:29:01.284+0000] {logging_mixin.py:190} INFO - [2024-12-09T20:29:01.284+0000] {dag.py:3239} INFO - Sync 1 DAGs
[2024-12-09T20:29:01.296+0000] {logging_mixin.py:190} INFO - [2024-12-09T20:29:01.295+0000] {dag.py:4180} INFO - Setting next_dagrun for tutorial_dag to None, run_after=None
[2024-12-09T20:29:01.310+0000] {processor.py:208} INFO - Processing /home/airflow/.local/lib/python3.12/site-packages/airflow/example_dags/tutorial_dag.py took 0.055 seconds
[2024-12-09T20:29:32.139+0000] {processor.py:186} INFO - Started process (PID=810) to work on /home/airflow/.local/lib/python3.12/site-packages/airflow/example_dags/tutorial_dag.py
[2024-12-09T20:29:32.139+0000] {processor.py:914} INFO - Processing file /home/airflow/.local/lib/python3.12/site-packages/airflow/example_dags/tutorial_dag.py for tasks to queue
[2024-12-09T20:29:32.141+0000] {logging_mixin.py:190} INFO - [2024-12-09T20:29:32.141+0000] {dagbag.py:588} INFO - Filling up the DagBag from /home/airflow/.local/lib/python3.12/site-packages/airflow/example_dags/tutorial_dag.py
[2024-12-09T20:29:32.147+0000] {processor.py:925} INFO - DAG(s) 'tutorial_dag' retrieved from /home/airflow/.local/lib/python3.12/site-packages/airflow/example_dags/tutorial_dag.py
[2024-12-09T20:29:32.162+0000] {logging_mixin.py:190} INFO - [2024-12-09T20:29:32.162+0000] {dag.py:3239} INFO - Sync 1 DAGs
[2024-12-09T20:29:32.172+0000] {logging_mixin.py:190} INFO - [2024-12-09T20:29:32.172+0000] {dag.py:4180} INFO - Setting next_dagrun for tutorial_dag to None, run_after=None
[2024-12-09T20:29:32.188+0000] {processor.py:208} INFO - Processing /home/airflow/.local/lib/python3.12/site-packages/airflow/example_dags/tutorial_dag.py took 0.054 seconds
[2024-12-09T20:30:02.667+0000] {processor.py:186} INFO - Started process (PID=878) to work on /home/airflow/.local/lib/python3.12/site-packages/airflow/example_dags/tutorial_dag.py
[2024-12-09T20:30:02.668+0000] {processor.py:914} INFO - Processing file /home/airflow/.local/lib/python3.12/site-packages/airflow/example_dags/tutorial_dag.py for tasks to queue
[2024-12-09T20:30:02.670+0000] {logging_mixin.py:190} INFO - [2024-12-09T20:30:02.669+0000] {dagbag.py:588} INFO - Filling up the DagBag from /home/airflow/.local/lib/python3.12/site-packages/airflow/example_dags/tutorial_dag.py
[2024-12-09T20:30:02.676+0000] {processor.py:925} INFO - DAG(s) 'tutorial_dag' retrieved from /home/airflow/.local/lib/python3.12/site-packages/airflow/example_dags/tutorial_dag.py
[2024-12-09T20:30:02.691+0000] {logging_mixin.py:190} INFO - [2024-12-09T20:30:02.691+0000] {dag.py:3239} INFO - Sync 1 DAGs
[2024-12-09T20:30:02.702+0000] {logging_mixin.py:190} INFO - [2024-12-09T20:30:02.702+0000] {dag.py:4180} INFO - Setting next_dagrun for tutorial_dag to None, run_after=None
[2024-12-09T20:30:02.717+0000] {processor.py:208} INFO - Processing /home/airflow/.local/lib/python3.12/site-packages/airflow/example_dags/tutorial_dag.py took 0.055 seconds
[2024-12-09T20:30:34.279+0000] {processor.py:186} INFO - Started process (PID=948) to work on /home/airflow/.local/lib/python3.12/site-packages/airflow/example_dags/tutorial_dag.py
[2024-12-09T20:30:34.280+0000] {processor.py:914} INFO - Processing file /home/airflow/.local/lib/python3.12/site-packages/airflow/example_dags/tutorial_dag.py for tasks to queue
[2024-12-09T20:30:34.282+0000] {logging_mixin.py:190} INFO - [2024-12-09T20:30:34.282+0000] {dagbag.py:588} INFO - Filling up the DagBag from /home/airflow/.local/lib/python3.12/site-packages/airflow/example_dags/tutorial_dag.py
[2024-12-09T20:30:34.288+0000] {processor.py:925} INFO - DAG(s) 'tutorial_dag' retrieved from /home/airflow/.local/lib/python3.12/site-packages/airflow/example_dags/tutorial_dag.py
[2024-12-09T20:30:34.302+0000] {logging_mixin.py:190} INFO - [2024-12-09T20:30:34.302+0000] {dag.py:3239} INFO - Sync 1 DAGs
[2024-12-09T20:30:34.313+0000] {logging_mixin.py:190} INFO - [2024-12-09T20:30:34.313+0000] {dag.py:4180} INFO - Setting next_dagrun for tutorial_dag to None, run_after=None
[2024-12-09T20:30:34.328+0000] {processor.py:208} INFO - Processing /home/airflow/.local/lib/python3.12/site-packages/airflow/example_dags/tutorial_dag.py took 0.053 seconds
[2024-12-09T20:31:05.157+0000] {processor.py:186} INFO - Started process (PID=1016) to work on /home/airflow/.local/lib/python3.12/site-packages/airflow/example_dags/tutorial_dag.py
[2024-12-09T20:31:05.158+0000] {processor.py:914} INFO - Processing file /home/airflow/.local/lib/python3.12/site-packages/airflow/example_dags/tutorial_dag.py for tasks to queue
[2024-12-09T20:31:05.160+0000] {logging_mixin.py:190} INFO - [2024-12-09T20:31:05.160+0000] {dagbag.py:588} INFO - Filling up the DagBag from /home/airflow/.local/lib/python3.12/site-packages/airflow/example_dags/tutorial_dag.py
[2024-12-09T20:31:05.167+0000] {processor.py:925} INFO - DAG(s) 'tutorial_dag' retrieved from /home/airflow/.local/lib/python3.12/site-packages/airflow/example_dags/tutorial_dag.py
[2024-12-09T20:31:05.187+0000] {logging_mixin.py:190} INFO - [2024-12-09T20:31:05.187+0000] {dag.py:3239} INFO - Sync 1 DAGs
[2024-12-09T20:31:05.201+0000] {logging_mixin.py:190} INFO - [2024-12-09T20:31:05.201+0000] {dag.py:4180} INFO - Setting next_dagrun for tutorial_dag to None, run_after=None
[2024-12-09T20:31:05.218+0000] {processor.py:208} INFO - Processing /home/airflow/.local/lib/python3.12/site-packages/airflow/example_dags/tutorial_dag.py took 0.067 seconds
[2024-12-09T20:31:36.391+0000] {processor.py:186} INFO - Started process (PID=1101) to work on /home/airflow/.local/lib/python3.12/site-packages/airflow/example_dags/tutorial_dag.py
[2024-12-09T20:31:36.392+0000] {processor.py:914} INFO - Processing file /home/airflow/.local/lib/python3.12/site-packages/airflow/example_dags/tutorial_dag.py for tasks to queue
[2024-12-09T20:31:36.394+0000] {logging_mixin.py:190} INFO - [2024-12-09T20:31:36.394+0000] {dagbag.py:588} INFO - Filling up the DagBag from /home/airflow/.local/lib/python3.12/site-packages/airflow/example_dags/tutorial_dag.py
[2024-12-09T20:31:36.399+0000] {processor.py:925} INFO - DAG(s) 'tutorial_dag' retrieved from /home/airflow/.local/lib/python3.12/site-packages/airflow/example_dags/tutorial_dag.py
[2024-12-09T20:31:36.414+0000] {logging_mixin.py:190} INFO - [2024-12-09T20:31:36.414+0000] {dag.py:3239} INFO - Sync 1 DAGs
[2024-12-09T20:31:36.425+0000] {logging_mixin.py:190} INFO - [2024-12-09T20:31:36.425+0000] {dag.py:4180} INFO - Setting next_dagrun for tutorial_dag to None, run_after=None
[2024-12-09T20:31:36.438+0000] {processor.py:208} INFO - Processing /home/airflow/.local/lib/python3.12/site-packages/airflow/example_dags/tutorial_dag.py took 0.052 seconds
[2024-12-09T20:32:07.281+0000] {processor.py:186} INFO - Started process (PID=1169) to work on /home/airflow/.local/lib/python3.12/site-packages/airflow/example_dags/tutorial_dag.py
[2024-12-09T20:32:07.282+0000] {processor.py:914} INFO - Processing file /home/airflow/.local/lib/python3.12/site-packages/airflow/example_dags/tutorial_dag.py for tasks to queue
[2024-12-09T20:32:07.284+0000] {logging_mixin.py:190} INFO - [2024-12-09T20:32:07.284+0000] {dagbag.py:588} INFO - Filling up the DagBag from /home/airflow/.local/lib/python3.12/site-packages/airflow/example_dags/tutorial_dag.py
[2024-12-09T20:32:07.291+0000] {processor.py:925} INFO - DAG(s) 'tutorial_dag' retrieved from /home/airflow/.local/lib/python3.12/site-packages/airflow/example_dags/tutorial_dag.py
[2024-12-09T20:32:07.307+0000] {logging_mixin.py:190} INFO - [2024-12-09T20:32:07.307+0000] {dag.py:3239} INFO - Sync 1 DAGs
[2024-12-09T20:32:07.318+0000] {logging_mixin.py:190} INFO - [2024-12-09T20:32:07.318+0000] {dag.py:4180} INFO - Setting next_dagrun for tutorial_dag to None, run_after=None
[2024-12-09T20:32:07.332+0000] {processor.py:208} INFO - Processing /home/airflow/.local/lib/python3.12/site-packages/airflow/example_dags/tutorial_dag.py took 0.056 seconds
[2024-12-09T20:32:37.975+0000] {processor.py:186} INFO - Started process (PID=1237) to work on /home/airflow/.local/lib/python3.12/site-packages/airflow/example_dags/tutorial_dag.py
[2024-12-09T20:32:37.976+0000] {processor.py:914} INFO - Processing file /home/airflow/.local/lib/python3.12/site-packages/airflow/example_dags/tutorial_dag.py for tasks to queue
[2024-12-09T20:32:37.978+0000] {logging_mixin.py:190} INFO - [2024-12-09T20:32:37.977+0000] {dagbag.py:588} INFO - Filling up the DagBag from /home/airflow/.local/lib/python3.12/site-packages/airflow/example_dags/tutorial_dag.py
[2024-12-09T20:32:37.983+0000] {processor.py:925} INFO - DAG(s) 'tutorial_dag' retrieved from /home/airflow/.local/lib/python3.12/site-packages/airflow/example_dags/tutorial_dag.py
[2024-12-09T20:32:37.998+0000] {logging_mixin.py:190} INFO - [2024-12-09T20:32:37.997+0000] {dag.py:3239} INFO - Sync 1 DAGs
[2024-12-09T20:32:38.009+0000] {logging_mixin.py:190} INFO - [2024-12-09T20:32:38.008+0000] {dag.py:4180} INFO - Setting next_dagrun for tutorial_dag to None, run_after=None
[2024-12-09T20:32:38.023+0000] {processor.py:208} INFO - Processing /home/airflow/.local/lib/python3.12/site-packages/airflow/example_dags/tutorial_dag.py took 0.053 seconds
[2024-12-09T20:33:09.631+0000] {processor.py:186} INFO - Started process (PID=1305) to work on /home/airflow/.local/lib/python3.12/site-packages/airflow/example_dags/tutorial_dag.py
[2024-12-09T20:33:09.632+0000] {processor.py:914} INFO - Processing file /home/airflow/.local/lib/python3.12/site-packages/airflow/example_dags/tutorial_dag.py for tasks to queue
[2024-12-09T20:33:09.634+0000] {logging_mixin.py:190} INFO - [2024-12-09T20:33:09.633+0000] {dagbag.py:588} INFO - Filling up the DagBag from /home/airflow/.local/lib/python3.12/site-packages/airflow/example_dags/tutorial_dag.py
[2024-12-09T20:33:09.640+0000] {processor.py:925} INFO - DAG(s) 'tutorial_dag' retrieved from /home/airflow/.local/lib/python3.12/site-packages/airflow/example_dags/tutorial_dag.py
[2024-12-09T20:33:09.658+0000] {logging_mixin.py:190} INFO - [2024-12-09T20:33:09.657+0000] {dag.py:3239} INFO - Sync 1 DAGs
[2024-12-09T20:33:09.669+0000] {logging_mixin.py:190} INFO - [2024-12-09T20:33:09.669+0000] {dag.py:4180} INFO - Setting next_dagrun for tutorial_dag to None, run_after=None
[2024-12-09T20:33:09.685+0000] {processor.py:208} INFO - Processing /home/airflow/.local/lib/python3.12/site-packages/airflow/example_dags/tutorial_dag.py took 0.059 seconds
[2024-12-09T20:33:41.264+0000] {processor.py:186} INFO - Started process (PID=1374) to work on /home/airflow/.local/lib/python3.12/site-packages/airflow/example_dags/tutorial_dag.py
[2024-12-09T20:33:41.265+0000] {processor.py:914} INFO - Processing file /home/airflow/.local/lib/python3.12/site-packages/airflow/example_dags/tutorial_dag.py for tasks to queue
[2024-12-09T20:33:41.267+0000] {logging_mixin.py:190} INFO - [2024-12-09T20:33:41.266+0000] {dagbag.py:588} INFO - Filling up the DagBag from /home/airflow/.local/lib/python3.12/site-packages/airflow/example_dags/tutorial_dag.py
[2024-12-09T20:33:41.272+0000] {processor.py:925} INFO - DAG(s) 'tutorial_dag' retrieved from /home/airflow/.local/lib/python3.12/site-packages/airflow/example_dags/tutorial_dag.py
[2024-12-09T20:33:41.287+0000] {logging_mixin.py:190} INFO - [2024-12-09T20:33:41.287+0000] {dag.py:3239} INFO - Sync 1 DAGs
[2024-12-09T20:33:41.299+0000] {logging_mixin.py:190} INFO - [2024-12-09T20:33:41.299+0000] {dag.py:4180} INFO - Setting next_dagrun for tutorial_dag to None, run_after=None
[2024-12-09T20:33:41.315+0000] {processor.py:208} INFO - Processing /home/airflow/.local/lib/python3.12/site-packages/airflow/example_dags/tutorial_dag.py took 0.055 seconds
[2024-12-09T20:34:11.841+0000] {processor.py:186} INFO - Started process (PID=1446) to work on /home/airflow/.local/lib/python3.12/site-packages/airflow/example_dags/tutorial_dag.py
[2024-12-09T20:34:11.842+0000] {processor.py:914} INFO - Processing file /home/airflow/.local/lib/python3.12/site-packages/airflow/example_dags/tutorial_dag.py for tasks to queue
[2024-12-09T20:34:11.844+0000] {logging_mixin.py:190} INFO - [2024-12-09T20:34:11.844+0000] {dagbag.py:588} INFO - Filling up the DagBag from /home/airflow/.local/lib/python3.12/site-packages/airflow/example_dags/tutorial_dag.py
[2024-12-09T20:34:11.850+0000] {processor.py:925} INFO - DAG(s) 'tutorial_dag' retrieved from /home/airflow/.local/lib/python3.12/site-packages/airflow/example_dags/tutorial_dag.py
[2024-12-09T20:34:11.866+0000] {logging_mixin.py:190} INFO - [2024-12-09T20:34:11.866+0000] {dag.py:3239} INFO - Sync 1 DAGs
[2024-12-09T20:34:11.877+0000] {logging_mixin.py:190} INFO - [2024-12-09T20:34:11.877+0000] {dag.py:4180} INFO - Setting next_dagrun for tutorial_dag to None, run_after=None
[2024-12-09T20:34:11.893+0000] {processor.py:208} INFO - Processing /home/airflow/.local/lib/python3.12/site-packages/airflow/example_dags/tutorial_dag.py took 0.056 seconds
[2024-12-09T20:34:43.300+0000] {processor.py:186} INFO - Started process (PID=1514) to work on /home/airflow/.local/lib/python3.12/site-packages/airflow/example_dags/tutorial_dag.py
[2024-12-09T20:34:43.300+0000] {processor.py:914} INFO - Processing file /home/airflow/.local/lib/python3.12/site-packages/airflow/example_dags/tutorial_dag.py for tasks to queue
[2024-12-09T20:34:43.302+0000] {logging_mixin.py:190} INFO - [2024-12-09T20:34:43.302+0000] {dagbag.py:588} INFO - Filling up the DagBag from /home/airflow/.local/lib/python3.12/site-packages/airflow/example_dags/tutorial_dag.py
[2024-12-09T20:34:43.309+0000] {processor.py:925} INFO - DAG(s) 'tutorial_dag' retrieved from /home/airflow/.local/lib/python3.12/site-packages/airflow/example_dags/tutorial_dag.py
[2024-12-09T20:34:43.324+0000] {logging_mixin.py:190} INFO - [2024-12-09T20:34:43.324+0000] {dag.py:3239} INFO - Sync 1 DAGs
[2024-12-09T20:34:43.336+0000] {logging_mixin.py:190} INFO - [2024-12-09T20:34:43.336+0000] {dag.py:4180} INFO - Setting next_dagrun for tutorial_dag to None, run_after=None
[2024-12-09T20:34:43.351+0000] {processor.py:208} INFO - Processing /home/airflow/.local/lib/python3.12/site-packages/airflow/example_dags/tutorial_dag.py took 0.056 seconds
[2024-12-09T20:35:14.685+0000] {processor.py:186} INFO - Started process (PID=1585) to work on /home/airflow/.local/lib/python3.12/site-packages/airflow/example_dags/tutorial_dag.py
[2024-12-09T20:35:14.686+0000] {processor.py:914} INFO - Processing file /home/airflow/.local/lib/python3.12/site-packages/airflow/example_dags/tutorial_dag.py for tasks to queue
[2024-12-09T20:35:14.688+0000] {logging_mixin.py:190} INFO - [2024-12-09T20:35:14.687+0000] {dagbag.py:588} INFO - Filling up the DagBag from /home/airflow/.local/lib/python3.12/site-packages/airflow/example_dags/tutorial_dag.py
[2024-12-09T20:35:14.694+0000] {processor.py:925} INFO - DAG(s) 'tutorial_dag' retrieved from /home/airflow/.local/lib/python3.12/site-packages/airflow/example_dags/tutorial_dag.py
[2024-12-09T20:35:14.709+0000] {logging_mixin.py:190} INFO - [2024-12-09T20:35:14.709+0000] {dag.py:3239} INFO - Sync 1 DAGs
[2024-12-09T20:35:14.720+0000] {logging_mixin.py:190} INFO - [2024-12-09T20:35:14.720+0000] {dag.py:4180} INFO - Setting next_dagrun for tutorial_dag to None, run_after=None
[2024-12-09T20:35:14.734+0000] {processor.py:208} INFO - Processing /home/airflow/.local/lib/python3.12/site-packages/airflow/example_dags/tutorial_dag.py took 0.054 seconds
[2024-12-09T20:35:45.877+0000] {processor.py:186} INFO - Started process (PID=1653) to work on /home/airflow/.local/lib/python3.12/site-packages/airflow/example_dags/tutorial_dag.py
[2024-12-09T20:35:45.878+0000] {processor.py:914} INFO - Processing file /home/airflow/.local/lib/python3.12/site-packages/airflow/example_dags/tutorial_dag.py for tasks to queue
[2024-12-09T20:35:45.881+0000] {logging_mixin.py:190} INFO - [2024-12-09T20:35:45.880+0000] {dagbag.py:588} INFO - Filling up the DagBag from /home/airflow/.local/lib/python3.12/site-packages/airflow/example_dags/tutorial_dag.py
[2024-12-09T20:35:45.887+0000] {processor.py:925} INFO - DAG(s) 'tutorial_dag' retrieved from /home/airflow/.local/lib/python3.12/site-packages/airflow/example_dags/tutorial_dag.py
[2024-12-09T20:35:45.903+0000] {logging_mixin.py:190} INFO - [2024-12-09T20:35:45.902+0000] {dag.py:3239} INFO - Sync 1 DAGs
[2024-12-09T20:35:45.914+0000] {logging_mixin.py:190} INFO - [2024-12-09T20:35:45.913+0000] {dag.py:4180} INFO - Setting next_dagrun for tutorial_dag to None, run_after=None
[2024-12-09T20:35:45.929+0000] {processor.py:208} INFO - Processing /home/airflow/.local/lib/python3.12/site-packages/airflow/example_dags/tutorial_dag.py took 0.057 seconds
[2024-12-09T20:36:17.289+0000] {processor.py:186} INFO - Started process (PID=1721) to work on /home/airflow/.local/lib/python3.12/site-packages/airflow/example_dags/tutorial_dag.py
[2024-12-09T20:36:17.291+0000] {processor.py:914} INFO - Processing file /home/airflow/.local/lib/python3.12/site-packages/airflow/example_dags/tutorial_dag.py for tasks to queue
[2024-12-09T20:36:17.293+0000] {logging_mixin.py:190} INFO - [2024-12-09T20:36:17.292+0000] {dagbag.py:588} INFO - Filling up the DagBag from /home/airflow/.local/lib/python3.12/site-packages/airflow/example_dags/tutorial_dag.py
[2024-12-09T20:36:17.299+0000] {processor.py:925} INFO - DAG(s) 'tutorial_dag' retrieved from /home/airflow/.local/lib/python3.12/site-packages/airflow/example_dags/tutorial_dag.py
[2024-12-09T20:36:17.316+0000] {logging_mixin.py:190} INFO - [2024-12-09T20:36:17.316+0000] {dag.py:3239} INFO - Sync 1 DAGs
[2024-12-09T20:36:17.327+0000] {logging_mixin.py:190} INFO - [2024-12-09T20:36:17.327+0000] {dag.py:4180} INFO - Setting next_dagrun for tutorial_dag to None, run_after=None
[2024-12-09T20:36:17.344+0000] {processor.py:208} INFO - Processing /home/airflow/.local/lib/python3.12/site-packages/airflow/example_dags/tutorial_dag.py took 0.059 seconds
[2024-12-09T20:36:48.261+0000] {processor.py:186} INFO - Started process (PID=1793) to work on /home/airflow/.local/lib/python3.12/site-packages/airflow/example_dags/tutorial_dag.py
[2024-12-09T20:36:48.262+0000] {processor.py:914} INFO - Processing file /home/airflow/.local/lib/python3.12/site-packages/airflow/example_dags/tutorial_dag.py for tasks to queue
[2024-12-09T20:36:48.264+0000] {logging_mixin.py:190} INFO - [2024-12-09T20:36:48.264+0000] {dagbag.py:588} INFO - Filling up the DagBag from /home/airflow/.local/lib/python3.12/site-packages/airflow/example_dags/tutorial_dag.py
[2024-12-09T20:36:48.270+0000] {processor.py:925} INFO - DAG(s) 'tutorial_dag' retrieved from /home/airflow/.local/lib/python3.12/site-packages/airflow/example_dags/tutorial_dag.py
[2024-12-09T20:36:48.285+0000] {logging_mixin.py:190} INFO - [2024-12-09T20:36:48.285+0000] {dag.py:3239} INFO - Sync 1 DAGs
[2024-12-09T20:36:48.296+0000] {logging_mixin.py:190} INFO - [2024-12-09T20:36:48.296+0000] {dag.py:4180} INFO - Setting next_dagrun for tutorial_dag to None, run_after=None
[2024-12-09T20:36:48.311+0000] {processor.py:208} INFO - Processing /home/airflow/.local/lib/python3.12/site-packages/airflow/example_dags/tutorial_dag.py took 0.055 seconds
[2024-12-09T20:37:19.436+0000] {processor.py:186} INFO - Started process (PID=1875) to work on /home/airflow/.local/lib/python3.12/site-packages/airflow/example_dags/tutorial_dag.py
[2024-12-09T20:37:19.437+0000] {processor.py:914} INFO - Processing file /home/airflow/.local/lib/python3.12/site-packages/airflow/example_dags/tutorial_dag.py for tasks to queue
[2024-12-09T20:37:19.439+0000] {logging_mixin.py:190} INFO - [2024-12-09T20:37:19.438+0000] {dagbag.py:588} INFO - Filling up the DagBag from /home/airflow/.local/lib/python3.12/site-packages/airflow/example_dags/tutorial_dag.py
[2024-12-09T20:37:19.446+0000] {processor.py:925} INFO - DAG(s) 'tutorial_dag' retrieved from /home/airflow/.local/lib/python3.12/site-packages/airflow/example_dags/tutorial_dag.py
[2024-12-09T20:37:19.463+0000] {logging_mixin.py:190} INFO - [2024-12-09T20:37:19.463+0000] {dag.py:3239} INFO - Sync 1 DAGs
[2024-12-09T20:37:19.475+0000] {logging_mixin.py:190} INFO - [2024-12-09T20:37:19.475+0000] {dag.py:4180} INFO - Setting next_dagrun for tutorial_dag to None, run_after=None
[2024-12-09T20:37:19.492+0000] {processor.py:208} INFO - Processing /home/airflow/.local/lib/python3.12/site-packages/airflow/example_dags/tutorial_dag.py took 0.061 seconds
[2024-12-09T20:37:50.555+0000] {processor.py:186} INFO - Started process (PID=1942) to work on /home/airflow/.local/lib/python3.12/site-packages/airflow/example_dags/tutorial_dag.py
[2024-12-09T20:37:50.556+0000] {processor.py:914} INFO - Processing file /home/airflow/.local/lib/python3.12/site-packages/airflow/example_dags/tutorial_dag.py for tasks to queue
[2024-12-09T20:37:50.558+0000] {logging_mixin.py:190} INFO - [2024-12-09T20:37:50.558+0000] {dagbag.py:588} INFO - Filling up the DagBag from /home/airflow/.local/lib/python3.12/site-packages/airflow/example_dags/tutorial_dag.py
[2024-12-09T20:37:50.565+0000] {processor.py:925} INFO - DAG(s) 'tutorial_dag' retrieved from /home/airflow/.local/lib/python3.12/site-packages/airflow/example_dags/tutorial_dag.py
[2024-12-09T20:37:50.583+0000] {logging_mixin.py:190} INFO - [2024-12-09T20:37:50.583+0000] {dag.py:3239} INFO - Sync 1 DAGs
[2024-12-09T20:37:50.596+0000] {logging_mixin.py:190} INFO - [2024-12-09T20:37:50.596+0000] {dag.py:4180} INFO - Setting next_dagrun for tutorial_dag to None, run_after=None
[2024-12-09T20:37:50.612+0000] {processor.py:208} INFO - Processing /home/airflow/.local/lib/python3.12/site-packages/airflow/example_dags/tutorial_dag.py took 0.062 seconds
[2024-12-09T20:38:21.909+0000] {processor.py:186} INFO - Started process (PID=2010) to work on /home/airflow/.local/lib/python3.12/site-packages/airflow/example_dags/tutorial_dag.py
[2024-12-09T20:38:21.910+0000] {processor.py:914} INFO - Processing file /home/airflow/.local/lib/python3.12/site-packages/airflow/example_dags/tutorial_dag.py for tasks to queue
[2024-12-09T20:38:21.912+0000] {logging_mixin.py:190} INFO - [2024-12-09T20:38:21.911+0000] {dagbag.py:588} INFO - Filling up the DagBag from /home/airflow/.local/lib/python3.12/site-packages/airflow/example_dags/tutorial_dag.py
[2024-12-09T20:38:21.918+0000] {processor.py:925} INFO - DAG(s) 'tutorial_dag' retrieved from /home/airflow/.local/lib/python3.12/site-packages/airflow/example_dags/tutorial_dag.py
[2024-12-09T20:38:21.933+0000] {logging_mixin.py:190} INFO - [2024-12-09T20:38:21.933+0000] {dag.py:3239} INFO - Sync 1 DAGs
[2024-12-09T20:38:21.945+0000] {logging_mixin.py:190} INFO - [2024-12-09T20:38:21.945+0000] {dag.py:4180} INFO - Setting next_dagrun for tutorial_dag to None, run_after=None
[2024-12-09T20:38:21.960+0000] {processor.py:208} INFO - Processing /home/airflow/.local/lib/python3.12/site-packages/airflow/example_dags/tutorial_dag.py took 0.056 seconds
[2024-12-09T20:38:53.414+0000] {processor.py:186} INFO - Started process (PID=2081) to work on /home/airflow/.local/lib/python3.12/site-packages/airflow/example_dags/tutorial_dag.py
[2024-12-09T20:38:53.415+0000] {processor.py:914} INFO - Processing file /home/airflow/.local/lib/python3.12/site-packages/airflow/example_dags/tutorial_dag.py for tasks to queue
[2024-12-09T20:38:53.416+0000] {logging_mixin.py:190} INFO - [2024-12-09T20:38:53.416+0000] {dagbag.py:588} INFO - Filling up the DagBag from /home/airflow/.local/lib/python3.12/site-packages/airflow/example_dags/tutorial_dag.py
[2024-12-09T20:38:53.422+0000] {processor.py:925} INFO - DAG(s) 'tutorial_dag' retrieved from /home/airflow/.local/lib/python3.12/site-packages/airflow/example_dags/tutorial_dag.py
[2024-12-09T20:38:53.436+0000] {logging_mixin.py:190} INFO - [2024-12-09T20:38:53.436+0000] {dag.py:3239} INFO - Sync 1 DAGs
[2024-12-09T20:38:53.448+0000] {logging_mixin.py:190} INFO - [2024-12-09T20:38:53.447+0000] {dag.py:4180} INFO - Setting next_dagrun for tutorial_dag to None, run_after=None
[2024-12-09T20:38:53.463+0000] {processor.py:208} INFO - Processing /home/airflow/.local/lib/python3.12/site-packages/airflow/example_dags/tutorial_dag.py took 0.053 seconds
[2024-12-09T20:39:24.748+0000] {processor.py:186} INFO - Started process (PID=2153) to work on /home/airflow/.local/lib/python3.12/site-packages/airflow/example_dags/tutorial_dag.py
[2024-12-09T20:39:24.749+0000] {processor.py:914} INFO - Processing file /home/airflow/.local/lib/python3.12/site-packages/airflow/example_dags/tutorial_dag.py for tasks to queue
[2024-12-09T20:39:24.751+0000] {logging_mixin.py:190} INFO - [2024-12-09T20:39:24.750+0000] {dagbag.py:588} INFO - Filling up the DagBag from /home/airflow/.local/lib/python3.12/site-packages/airflow/example_dags/tutorial_dag.py
[2024-12-09T20:39:24.756+0000] {processor.py:925} INFO - DAG(s) 'tutorial_dag' retrieved from /home/airflow/.local/lib/python3.12/site-packages/airflow/example_dags/tutorial_dag.py
[2024-12-09T20:39:24.771+0000] {logging_mixin.py:190} INFO - [2024-12-09T20:39:24.771+0000] {dag.py:3239} INFO - Sync 1 DAGs
[2024-12-09T20:39:24.782+0000] {logging_mixin.py:190} INFO - [2024-12-09T20:39:24.782+0000] {dag.py:4180} INFO - Setting next_dagrun for tutorial_dag to None, run_after=None
[2024-12-09T20:39:24.797+0000] {processor.py:208} INFO - Processing /home/airflow/.local/lib/python3.12/site-packages/airflow/example_dags/tutorial_dag.py took 0.053 seconds
[2024-12-09T20:39:56.139+0000] {processor.py:186} INFO - Started process (PID=2221) to work on /home/airflow/.local/lib/python3.12/site-packages/airflow/example_dags/tutorial_dag.py
[2024-12-09T20:39:56.140+0000] {processor.py:914} INFO - Processing file /home/airflow/.local/lib/python3.12/site-packages/airflow/example_dags/tutorial_dag.py for tasks to queue
[2024-12-09T20:39:56.142+0000] {logging_mixin.py:190} INFO - [2024-12-09T20:39:56.141+0000] {dagbag.py:588} INFO - Filling up the DagBag from /home/airflow/.local/lib/python3.12/site-packages/airflow/example_dags/tutorial_dag.py
[2024-12-09T20:39:56.148+0000] {processor.py:925} INFO - DAG(s) 'tutorial_dag' retrieved from /home/airflow/.local/lib/python3.12/site-packages/airflow/example_dags/tutorial_dag.py
[2024-12-09T20:39:56.163+0000] {logging_mixin.py:190} INFO - [2024-12-09T20:39:56.163+0000] {dag.py:3239} INFO - Sync 1 DAGs
[2024-12-09T20:39:56.174+0000] {logging_mixin.py:190} INFO - [2024-12-09T20:39:56.174+0000] {dag.py:4180} INFO - Setting next_dagrun for tutorial_dag to None, run_after=None
[2024-12-09T20:39:56.190+0000] {processor.py:208} INFO - Processing /home/airflow/.local/lib/python3.12/site-packages/airflow/example_dags/tutorial_dag.py took 0.055 seconds
[2024-12-09T20:40:27.610+0000] {processor.py:186} INFO - Started process (PID=2291) to work on /home/airflow/.local/lib/python3.12/site-packages/airflow/example_dags/tutorial_dag.py
[2024-12-09T20:40:27.611+0000] {processor.py:914} INFO - Processing file /home/airflow/.local/lib/python3.12/site-packages/airflow/example_dags/tutorial_dag.py for tasks to queue
[2024-12-09T20:40:27.613+0000] {logging_mixin.py:190} INFO - [2024-12-09T20:40:27.613+0000] {dagbag.py:588} INFO - Filling up the DagBag from /home/airflow/.local/lib/python3.12/site-packages/airflow/example_dags/tutorial_dag.py
[2024-12-09T20:40:27.619+0000] {processor.py:925} INFO - DAG(s) 'tutorial_dag' retrieved from /home/airflow/.local/lib/python3.12/site-packages/airflow/example_dags/tutorial_dag.py
[2024-12-09T20:40:27.634+0000] {logging_mixin.py:190} INFO - [2024-12-09T20:40:27.634+0000] {dag.py:3239} INFO - Sync 1 DAGs
[2024-12-09T20:40:27.644+0000] {logging_mixin.py:190} INFO - [2024-12-09T20:40:27.644+0000] {dag.py:4180} INFO - Setting next_dagrun for tutorial_dag to None, run_after=None
[2024-12-09T20:40:27.659+0000] {processor.py:208} INFO - Processing /home/airflow/.local/lib/python3.12/site-packages/airflow/example_dags/tutorial_dag.py took 0.053 seconds
[2024-12-09T20:40:58.421+0000] {processor.py:186} INFO - Started process (PID=2366) to work on /home/airflow/.local/lib/python3.12/site-packages/airflow/example_dags/tutorial_dag.py
[2024-12-09T20:40:58.422+0000] {processor.py:914} INFO - Processing file /home/airflow/.local/lib/python3.12/site-packages/airflow/example_dags/tutorial_dag.py for tasks to queue
[2024-12-09T20:40:58.424+0000] {logging_mixin.py:190} INFO - [2024-12-09T20:40:58.424+0000] {dagbag.py:588} INFO - Filling up the DagBag from /home/airflow/.local/lib/python3.12/site-packages/airflow/example_dags/tutorial_dag.py
[2024-12-09T20:40:58.432+0000] {processor.py:925} INFO - DAG(s) 'tutorial_dag' retrieved from /home/airflow/.local/lib/python3.12/site-packages/airflow/example_dags/tutorial_dag.py
[2024-12-09T20:40:58.457+0000] {logging_mixin.py:190} INFO - [2024-12-09T20:40:58.457+0000] {dag.py:3239} INFO - Sync 1 DAGs
[2024-12-09T20:40:58.472+0000] {logging_mixin.py:190} INFO - [2024-12-09T20:40:58.472+0000] {dag.py:4180} INFO - Setting next_dagrun for tutorial_dag to None, run_after=None
[2024-12-09T20:40:58.491+0000] {processor.py:208} INFO - Processing /home/airflow/.local/lib/python3.12/site-packages/airflow/example_dags/tutorial_dag.py took 0.078 seconds
[2024-12-09T20:41:29.352+0000] {processor.py:186} INFO - Started process (PID=2439) to work on /home/airflow/.local/lib/python3.12/site-packages/airflow/example_dags/tutorial_dag.py
[2024-12-09T20:41:29.353+0000] {processor.py:914} INFO - Processing file /home/airflow/.local/lib/python3.12/site-packages/airflow/example_dags/tutorial_dag.py for tasks to queue
[2024-12-09T20:41:29.355+0000] {logging_mixin.py:190} INFO - [2024-12-09T20:41:29.355+0000] {dagbag.py:588} INFO - Filling up the DagBag from /home/airflow/.local/lib/python3.12/site-packages/airflow/example_dags/tutorial_dag.py
[2024-12-09T20:41:29.361+0000] {processor.py:925} INFO - DAG(s) 'tutorial_dag' retrieved from /home/airflow/.local/lib/python3.12/site-packages/airflow/example_dags/tutorial_dag.py
[2024-12-09T20:41:29.375+0000] {logging_mixin.py:190} INFO - [2024-12-09T20:41:29.375+0000] {dag.py:3239} INFO - Sync 1 DAGs
[2024-12-09T20:41:29.387+0000] {logging_mixin.py:190} INFO - [2024-12-09T20:41:29.387+0000] {dag.py:4180} INFO - Setting next_dagrun for tutorial_dag to None, run_after=None
[2024-12-09T20:41:29.402+0000] {processor.py:208} INFO - Processing /home/airflow/.local/lib/python3.12/site-packages/airflow/example_dags/tutorial_dag.py took 0.055 seconds
[2024-12-09T20:41:59.962+0000] {processor.py:186} INFO - Started process (PID=2512) to work on /home/airflow/.local/lib/python3.12/site-packages/airflow/example_dags/tutorial_dag.py
[2024-12-09T20:41:59.963+0000] {processor.py:914} INFO - Processing file /home/airflow/.local/lib/python3.12/site-packages/airflow/example_dags/tutorial_dag.py for tasks to queue
[2024-12-09T20:41:59.965+0000] {logging_mixin.py:190} INFO - [2024-12-09T20:41:59.964+0000] {dagbag.py:588} INFO - Filling up the DagBag from /home/airflow/.local/lib/python3.12/site-packages/airflow/example_dags/tutorial_dag.py
[2024-12-09T20:41:59.972+0000] {processor.py:925} INFO - DAG(s) 'tutorial_dag' retrieved from /home/airflow/.local/lib/python3.12/site-packages/airflow/example_dags/tutorial_dag.py
[2024-12-09T20:41:59.989+0000] {logging_mixin.py:190} INFO - [2024-12-09T20:41:59.989+0000] {dag.py:3239} INFO - Sync 1 DAGs
[2024-12-09T20:42:00.001+0000] {logging_mixin.py:190} INFO - [2024-12-09T20:42:00.001+0000] {dag.py:4180} INFO - Setting next_dagrun for tutorial_dag to None, run_after=None
[2024-12-09T20:42:00.018+0000] {processor.py:208} INFO - Processing /home/airflow/.local/lib/python3.12/site-packages/airflow/example_dags/tutorial_dag.py took 0.061 seconds
[2024-12-09T20:42:31.406+0000] {processor.py:186} INFO - Started process (PID=2580) to work on /home/airflow/.local/lib/python3.12/site-packages/airflow/example_dags/tutorial_dag.py
[2024-12-09T20:42:31.407+0000] {processor.py:914} INFO - Processing file /home/airflow/.local/lib/python3.12/site-packages/airflow/example_dags/tutorial_dag.py for tasks to queue
[2024-12-09T20:42:31.409+0000] {logging_mixin.py:190} INFO - [2024-12-09T20:42:31.409+0000] {dagbag.py:588} INFO - Filling up the DagBag from /home/airflow/.local/lib/python3.12/site-packages/airflow/example_dags/tutorial_dag.py
[2024-12-09T20:42:31.415+0000] {processor.py:925} INFO - DAG(s) 'tutorial_dag' retrieved from /home/airflow/.local/lib/python3.12/site-packages/airflow/example_dags/tutorial_dag.py
[2024-12-09T20:42:31.430+0000] {logging_mixin.py:190} INFO - [2024-12-09T20:42:31.430+0000] {dag.py:3239} INFO - Sync 1 DAGs
[2024-12-09T20:42:31.443+0000] {logging_mixin.py:190} INFO - [2024-12-09T20:42:31.443+0000] {dag.py:4180} INFO - Setting next_dagrun for tutorial_dag to None, run_after=None
[2024-12-09T20:42:31.459+0000] {processor.py:208} INFO - Processing /home/airflow/.local/lib/python3.12/site-packages/airflow/example_dags/tutorial_dag.py took 0.058 seconds
[2024-12-09T20:43:01.957+0000] {processor.py:186} INFO - Started process (PID=2648) to work on /home/airflow/.local/lib/python3.12/site-packages/airflow/example_dags/tutorial_dag.py
[2024-12-09T20:43:01.957+0000] {processor.py:914} INFO - Processing file /home/airflow/.local/lib/python3.12/site-packages/airflow/example_dags/tutorial_dag.py for tasks to queue
[2024-12-09T20:43:01.959+0000] {logging_mixin.py:190} INFO - [2024-12-09T20:43:01.959+0000] {dagbag.py:588} INFO - Filling up the DagBag from /home/airflow/.local/lib/python3.12/site-packages/airflow/example_dags/tutorial_dag.py
[2024-12-09T20:43:01.966+0000] {processor.py:925} INFO - DAG(s) 'tutorial_dag' retrieved from /home/airflow/.local/lib/python3.12/site-packages/airflow/example_dags/tutorial_dag.py
[2024-12-09T20:43:01.981+0000] {logging_mixin.py:190} INFO - [2024-12-09T20:43:01.981+0000] {dag.py:3239} INFO - Sync 1 DAGs
[2024-12-09T20:43:01.992+0000] {logging_mixin.py:190} INFO - [2024-12-09T20:43:01.992+0000] {dag.py:4180} INFO - Setting next_dagrun for tutorial_dag to None, run_after=None
[2024-12-09T20:43:02.007+0000] {processor.py:208} INFO - Processing /home/airflow/.local/lib/python3.12/site-packages/airflow/example_dags/tutorial_dag.py took 0.055 seconds
[2024-12-09T20:43:33.313+0000] {processor.py:186} INFO - Started process (PID=2716) to work on /home/airflow/.local/lib/python3.12/site-packages/airflow/example_dags/tutorial_dag.py
[2024-12-09T20:43:33.314+0000] {processor.py:914} INFO - Processing file /home/airflow/.local/lib/python3.12/site-packages/airflow/example_dags/tutorial_dag.py for tasks to queue
[2024-12-09T20:43:33.316+0000] {logging_mixin.py:190} INFO - [2024-12-09T20:43:33.316+0000] {dagbag.py:588} INFO - Filling up the DagBag from /home/airflow/.local/lib/python3.12/site-packages/airflow/example_dags/tutorial_dag.py
[2024-12-09T20:43:33.322+0000] {processor.py:925} INFO - DAG(s) 'tutorial_dag' retrieved from /home/airflow/.local/lib/python3.12/site-packages/airflow/example_dags/tutorial_dag.py
[2024-12-09T20:43:33.338+0000] {logging_mixin.py:190} INFO - [2024-12-09T20:43:33.337+0000] {dag.py:3239} INFO - Sync 1 DAGs
[2024-12-09T20:43:33.349+0000] {logging_mixin.py:190} INFO - [2024-12-09T20:43:33.349+0000] {dag.py:4180} INFO - Setting next_dagrun for tutorial_dag to None, run_after=None
[2024-12-09T20:43:33.364+0000] {processor.py:208} INFO - Processing /home/airflow/.local/lib/python3.12/site-packages/airflow/example_dags/tutorial_dag.py took 0.056 seconds
[2024-12-09T20:44:04.650+0000] {processor.py:186} INFO - Started process (PID=2784) to work on /home/airflow/.local/lib/python3.12/site-packages/airflow/example_dags/tutorial_dag.py
[2024-12-09T20:44:04.651+0000] {processor.py:914} INFO - Processing file /home/airflow/.local/lib/python3.12/site-packages/airflow/example_dags/tutorial_dag.py for tasks to queue
[2024-12-09T20:44:04.653+0000] {logging_mixin.py:190} INFO - [2024-12-09T20:44:04.653+0000] {dagbag.py:588} INFO - Filling up the DagBag from /home/airflow/.local/lib/python3.12/site-packages/airflow/example_dags/tutorial_dag.py
[2024-12-09T20:44:04.659+0000] {processor.py:925} INFO - DAG(s) 'tutorial_dag' retrieved from /home/airflow/.local/lib/python3.12/site-packages/airflow/example_dags/tutorial_dag.py
[2024-12-09T20:44:04.675+0000] {logging_mixin.py:190} INFO - [2024-12-09T20:44:04.675+0000] {dag.py:3239} INFO - Sync 1 DAGs
[2024-12-09T20:44:04.685+0000] {logging_mixin.py:190} INFO - [2024-12-09T20:44:04.685+0000] {dag.py:4180} INFO - Setting next_dagrun for tutorial_dag to None, run_after=None
[2024-12-09T20:44:04.701+0000] {processor.py:208} INFO - Processing /home/airflow/.local/lib/python3.12/site-packages/airflow/example_dags/tutorial_dag.py took 0.055 seconds
[2024-12-09T20:44:35.968+0000] {processor.py:186} INFO - Started process (PID=2852) to work on /home/airflow/.local/lib/python3.12/site-packages/airflow/example_dags/tutorial_dag.py
[2024-12-09T20:44:35.969+0000] {processor.py:914} INFO - Processing file /home/airflow/.local/lib/python3.12/site-packages/airflow/example_dags/tutorial_dag.py for tasks to queue
[2024-12-09T20:44:35.971+0000] {logging_mixin.py:190} INFO - [2024-12-09T20:44:35.971+0000] {dagbag.py:588} INFO - Filling up the DagBag from /home/airflow/.local/lib/python3.12/site-packages/airflow/example_dags/tutorial_dag.py
[2024-12-09T20:44:35.977+0000] {processor.py:925} INFO - DAG(s) 'tutorial_dag' retrieved from /home/airflow/.local/lib/python3.12/site-packages/airflow/example_dags/tutorial_dag.py
[2024-12-09T20:44:35.992+0000] {logging_mixin.py:190} INFO - [2024-12-09T20:44:35.991+0000] {dag.py:3239} INFO - Sync 1 DAGs
[2024-12-09T20:44:36.002+0000] {logging_mixin.py:190} INFO - [2024-12-09T20:44:36.002+0000] {dag.py:4180} INFO - Setting next_dagrun for tutorial_dag to None, run_after=None
[2024-12-09T20:44:36.016+0000] {processor.py:208} INFO - Processing /home/airflow/.local/lib/python3.12/site-packages/airflow/example_dags/tutorial_dag.py took 0.053 seconds
[2024-12-09T20:45:06.981+0000] {processor.py:186} INFO - Started process (PID=2921) to work on /home/airflow/.local/lib/python3.12/site-packages/airflow/example_dags/tutorial_dag.py
[2024-12-09T20:45:06.982+0000] {processor.py:914} INFO - Processing file /home/airflow/.local/lib/python3.12/site-packages/airflow/example_dags/tutorial_dag.py for tasks to queue
[2024-12-09T20:45:06.984+0000] {logging_mixin.py:190} INFO - [2024-12-09T20:45:06.984+0000] {dagbag.py:588} INFO - Filling up the DagBag from /home/airflow/.local/lib/python3.12/site-packages/airflow/example_dags/tutorial_dag.py
[2024-12-09T20:45:06.991+0000] {processor.py:925} INFO - DAG(s) 'tutorial_dag' retrieved from /home/airflow/.local/lib/python3.12/site-packages/airflow/example_dags/tutorial_dag.py
[2024-12-09T20:45:07.008+0000] {logging_mixin.py:190} INFO - [2024-12-09T20:45:07.008+0000] {dag.py:3239} INFO - Sync 1 DAGs
[2024-12-09T20:45:07.020+0000] {logging_mixin.py:190} INFO - [2024-12-09T20:45:07.020+0000] {dag.py:4180} INFO - Setting next_dagrun for tutorial_dag to None, run_after=None
[2024-12-09T20:45:07.034+0000] {processor.py:208} INFO - Processing /home/airflow/.local/lib/python3.12/site-packages/airflow/example_dags/tutorial_dag.py took 0.059 seconds
[2024-12-09T20:45:37.760+0000] {processor.py:186} INFO - Started process (PID=2990) to work on /home/airflow/.local/lib/python3.12/site-packages/airflow/example_dags/tutorial_dag.py
[2024-12-09T20:45:37.760+0000] {processor.py:914} INFO - Processing file /home/airflow/.local/lib/python3.12/site-packages/airflow/example_dags/tutorial_dag.py for tasks to queue
[2024-12-09T20:45:37.763+0000] {logging_mixin.py:190} INFO - [2024-12-09T20:45:37.762+0000] {dagbag.py:588} INFO - Filling up the DagBag from /home/airflow/.local/lib/python3.12/site-packages/airflow/example_dags/tutorial_dag.py
[2024-12-09T20:45:37.769+0000] {processor.py:925} INFO - DAG(s) 'tutorial_dag' retrieved from /home/airflow/.local/lib/python3.12/site-packages/airflow/example_dags/tutorial_dag.py
[2024-12-09T20:45:37.784+0000] {logging_mixin.py:190} INFO - [2024-12-09T20:45:37.784+0000] {dag.py:3239} INFO - Sync 1 DAGs
[2024-12-09T20:45:37.796+0000] {logging_mixin.py:190} INFO - [2024-12-09T20:45:37.796+0000] {dag.py:4180} INFO - Setting next_dagrun for tutorial_dag to None, run_after=None
[2024-12-09T20:45:37.813+0000] {processor.py:208} INFO - Processing /home/airflow/.local/lib/python3.12/site-packages/airflow/example_dags/tutorial_dag.py took 0.058 seconds
[2024-12-09T20:46:08.672+0000] {processor.py:186} INFO - Started process (PID=3066) to work on /home/airflow/.local/lib/python3.12/site-packages/airflow/example_dags/tutorial_dag.py
[2024-12-09T20:46:08.673+0000] {processor.py:914} INFO - Processing file /home/airflow/.local/lib/python3.12/site-packages/airflow/example_dags/tutorial_dag.py for tasks to queue
[2024-12-09T20:46:08.675+0000] {logging_mixin.py:190} INFO - [2024-12-09T20:46:08.675+0000] {dagbag.py:588} INFO - Filling up the DagBag from /home/airflow/.local/lib/python3.12/site-packages/airflow/example_dags/tutorial_dag.py
[2024-12-09T20:46:08.682+0000] {processor.py:925} INFO - DAG(s) 'tutorial_dag' retrieved from /home/airflow/.local/lib/python3.12/site-packages/airflow/example_dags/tutorial_dag.py
[2024-12-09T20:46:08.698+0000] {logging_mixin.py:190} INFO - [2024-12-09T20:46:08.697+0000] {dag.py:3239} INFO - Sync 1 DAGs
[2024-12-09T20:46:08.710+0000] {logging_mixin.py:190} INFO - [2024-12-09T20:46:08.709+0000] {dag.py:4180} INFO - Setting next_dagrun for tutorial_dag to None, run_after=None
[2024-12-09T20:46:08.725+0000] {processor.py:208} INFO - Processing /home/airflow/.local/lib/python3.12/site-packages/airflow/example_dags/tutorial_dag.py took 0.057 seconds
[2024-12-09T20:46:39.482+0000] {processor.py:186} INFO - Started process (PID=3138) to work on /home/airflow/.local/lib/python3.12/site-packages/airflow/example_dags/tutorial_dag.py
[2024-12-09T20:46:39.483+0000] {processor.py:914} INFO - Processing file /home/airflow/.local/lib/python3.12/site-packages/airflow/example_dags/tutorial_dag.py for tasks to queue
[2024-12-09T20:46:39.485+0000] {logging_mixin.py:190} INFO - [2024-12-09T20:46:39.485+0000] {dagbag.py:588} INFO - Filling up the DagBag from /home/airflow/.local/lib/python3.12/site-packages/airflow/example_dags/tutorial_dag.py
[2024-12-09T20:46:39.491+0000] {processor.py:925} INFO - DAG(s) 'tutorial_dag' retrieved from /home/airflow/.local/lib/python3.12/site-packages/airflow/example_dags/tutorial_dag.py
[2024-12-09T20:46:39.506+0000] {logging_mixin.py:190} INFO - [2024-12-09T20:46:39.506+0000] {dag.py:3239} INFO - Sync 1 DAGs
[2024-12-09T20:46:39.517+0000] {logging_mixin.py:190} INFO - [2024-12-09T20:46:39.517+0000] {dag.py:4180} INFO - Setting next_dagrun for tutorial_dag to None, run_after=None
[2024-12-09T20:46:39.531+0000] {processor.py:208} INFO - Processing /home/airflow/.local/lib/python3.12/site-packages/airflow/example_dags/tutorial_dag.py took 0.054 seconds
[2024-12-09T20:47:10.551+0000] {processor.py:186} INFO - Started process (PID=3206) to work on /home/airflow/.local/lib/python3.12/site-packages/airflow/example_dags/tutorial_dag.py
[2024-12-09T20:47:10.552+0000] {processor.py:914} INFO - Processing file /home/airflow/.local/lib/python3.12/site-packages/airflow/example_dags/tutorial_dag.py for tasks to queue
[2024-12-09T20:47:10.554+0000] {logging_mixin.py:190} INFO - [2024-12-09T20:47:10.554+0000] {dagbag.py:588} INFO - Filling up the DagBag from /home/airflow/.local/lib/python3.12/site-packages/airflow/example_dags/tutorial_dag.py
[2024-12-09T20:47:10.561+0000] {processor.py:925} INFO - DAG(s) 'tutorial_dag' retrieved from /home/airflow/.local/lib/python3.12/site-packages/airflow/example_dags/tutorial_dag.py
[2024-12-09T20:47:10.583+0000] {logging_mixin.py:190} INFO - [2024-12-09T20:47:10.583+0000] {dag.py:3239} INFO - Sync 1 DAGs
[2024-12-09T20:47:10.597+0000] {logging_mixin.py:190} INFO - [2024-12-09T20:47:10.597+0000] {dag.py:4180} INFO - Setting next_dagrun for tutorial_dag to None, run_after=None
[2024-12-09T20:47:10.616+0000] {processor.py:208} INFO - Processing /home/airflow/.local/lib/python3.12/site-packages/airflow/example_dags/tutorial_dag.py took 0.070 seconds
[2024-12-09T20:47:40.646+0000] {processor.py:186} INFO - Started process (PID=3273) to work on /home/airflow/.local/lib/python3.12/site-packages/airflow/example_dags/tutorial_dag.py
[2024-12-09T20:47:40.647+0000] {processor.py:914} INFO - Processing file /home/airflow/.local/lib/python3.12/site-packages/airflow/example_dags/tutorial_dag.py for tasks to queue
[2024-12-09T20:47:40.649+0000] {logging_mixin.py:190} INFO - [2024-12-09T20:47:40.649+0000] {dagbag.py:588} INFO - Filling up the DagBag from /home/airflow/.local/lib/python3.12/site-packages/airflow/example_dags/tutorial_dag.py
[2024-12-09T20:47:40.655+0000] {processor.py:925} INFO - DAG(s) 'tutorial_dag' retrieved from /home/airflow/.local/lib/python3.12/site-packages/airflow/example_dags/tutorial_dag.py
[2024-12-09T20:47:40.671+0000] {logging_mixin.py:190} INFO - [2024-12-09T20:47:40.671+0000] {dag.py:3239} INFO - Sync 1 DAGs
[2024-12-09T20:47:40.681+0000] {logging_mixin.py:190} INFO - [2024-12-09T20:47:40.681+0000] {dag.py:4180} INFO - Setting next_dagrun for tutorial_dag to None, run_after=None
[2024-12-09T20:47:40.697+0000] {processor.py:208} INFO - Processing /home/airflow/.local/lib/python3.12/site-packages/airflow/example_dags/tutorial_dag.py took 0.055 seconds
[2024-12-09T20:48:11.184+0000] {processor.py:186} INFO - Started process (PID=3341) to work on /home/airflow/.local/lib/python3.12/site-packages/airflow/example_dags/tutorial_dag.py
[2024-12-09T20:48:11.185+0000] {processor.py:914} INFO - Processing file /home/airflow/.local/lib/python3.12/site-packages/airflow/example_dags/tutorial_dag.py for tasks to queue
[2024-12-09T20:48:11.188+0000] {logging_mixin.py:190} INFO - [2024-12-09T20:48:11.187+0000] {dagbag.py:588} INFO - Filling up the DagBag from /home/airflow/.local/lib/python3.12/site-packages/airflow/example_dags/tutorial_dag.py
[2024-12-09T20:48:11.195+0000] {processor.py:925} INFO - DAG(s) 'tutorial_dag' retrieved from /home/airflow/.local/lib/python3.12/site-packages/airflow/example_dags/tutorial_dag.py
[2024-12-09T20:48:11.211+0000] {logging_mixin.py:190} INFO - [2024-12-09T20:48:11.211+0000] {dag.py:3239} INFO - Sync 1 DAGs
[2024-12-09T20:48:11.223+0000] {logging_mixin.py:190} INFO - [2024-12-09T20:48:11.223+0000] {dag.py:4180} INFO - Setting next_dagrun for tutorial_dag to None, run_after=None
[2024-12-09T20:48:11.239+0000] {processor.py:208} INFO - Processing /home/airflow/.local/lib/python3.12/site-packages/airflow/example_dags/tutorial_dag.py took 0.062 seconds
[2024-12-09T20:48:41.692+0000] {processor.py:186} INFO - Started process (PID=3409) to work on /home/airflow/.local/lib/python3.12/site-packages/airflow/example_dags/tutorial_dag.py
[2024-12-09T20:48:41.692+0000] {processor.py:914} INFO - Processing file /home/airflow/.local/lib/python3.12/site-packages/airflow/example_dags/tutorial_dag.py for tasks to queue
[2024-12-09T20:48:41.694+0000] {logging_mixin.py:190} INFO - [2024-12-09T20:48:41.694+0000] {dagbag.py:588} INFO - Filling up the DagBag from /home/airflow/.local/lib/python3.12/site-packages/airflow/example_dags/tutorial_dag.py
[2024-12-09T20:48:41.701+0000] {processor.py:925} INFO - DAG(s) 'tutorial_dag' retrieved from /home/airflow/.local/lib/python3.12/site-packages/airflow/example_dags/tutorial_dag.py
[2024-12-09T20:48:41.715+0000] {logging_mixin.py:190} INFO - [2024-12-09T20:48:41.715+0000] {dag.py:3239} INFO - Sync 1 DAGs
[2024-12-09T20:48:41.726+0000] {logging_mixin.py:190} INFO - [2024-12-09T20:48:41.726+0000] {dag.py:4180} INFO - Setting next_dagrun for tutorial_dag to None, run_after=None
[2024-12-09T20:48:41.740+0000] {processor.py:208} INFO - Processing /home/airflow/.local/lib/python3.12/site-packages/airflow/example_dags/tutorial_dag.py took 0.053 seconds
[2024-12-09T20:49:12.517+0000] {processor.py:186} INFO - Started process (PID=3477) to work on /home/airflow/.local/lib/python3.12/site-packages/airflow/example_dags/tutorial_dag.py
[2024-12-09T20:49:12.518+0000] {processor.py:914} INFO - Processing file /home/airflow/.local/lib/python3.12/site-packages/airflow/example_dags/tutorial_dag.py for tasks to queue
[2024-12-09T20:49:12.520+0000] {logging_mixin.py:190} INFO - [2024-12-09T20:49:12.520+0000] {dagbag.py:588} INFO - Filling up the DagBag from /home/airflow/.local/lib/python3.12/site-packages/airflow/example_dags/tutorial_dag.py
[2024-12-09T20:49:12.527+0000] {processor.py:925} INFO - DAG(s) 'tutorial_dag' retrieved from /home/airflow/.local/lib/python3.12/site-packages/airflow/example_dags/tutorial_dag.py
[2024-12-09T20:49:12.542+0000] {logging_mixin.py:190} INFO - [2024-12-09T20:49:12.542+0000] {dag.py:3239} INFO - Sync 1 DAGs
[2024-12-09T20:49:12.555+0000] {logging_mixin.py:190} INFO - [2024-12-09T20:49:12.554+0000] {dag.py:4180} INFO - Setting next_dagrun for tutorial_dag to None, run_after=None
[2024-12-09T20:49:12.572+0000] {processor.py:208} INFO - Processing /home/airflow/.local/lib/python3.12/site-packages/airflow/example_dags/tutorial_dag.py took 0.060 seconds
[2024-12-09T20:49:44.546+0000] {processor.py:186} INFO - Started process (PID=3544) to work on /home/airflow/.local/lib/python3.12/site-packages/airflow/example_dags/tutorial_dag.py
[2024-12-09T20:49:44.547+0000] {processor.py:914} INFO - Processing file /home/airflow/.local/lib/python3.12/site-packages/airflow/example_dags/tutorial_dag.py for tasks to queue
[2024-12-09T20:49:44.550+0000] {logging_mixin.py:190} INFO - [2024-12-09T20:49:44.549+0000] {dagbag.py:588} INFO - Filling up the DagBag from /home/airflow/.local/lib/python3.12/site-packages/airflow/example_dags/tutorial_dag.py
[2024-12-09T20:49:44.557+0000] {processor.py:925} INFO - DAG(s) 'tutorial_dag' retrieved from /home/airflow/.local/lib/python3.12/site-packages/airflow/example_dags/tutorial_dag.py
[2024-12-09T20:49:44.574+0000] {logging_mixin.py:190} INFO - [2024-12-09T20:49:44.574+0000] {dag.py:3239} INFO - Sync 1 DAGs
[2024-12-09T20:49:44.738+0000] {logging_mixin.py:190} INFO - [2024-12-09T20:49:44.737+0000] {dag.py:4180} INFO - Setting next_dagrun for tutorial_dag to None, run_after=None
[2024-12-09T20:49:44.755+0000] {processor.py:208} INFO - Processing /home/airflow/.local/lib/python3.12/site-packages/airflow/example_dags/tutorial_dag.py took 0.214 seconds
[2024-12-09T20:50:15.923+0000] {processor.py:186} INFO - Started process (PID=3616) to work on /home/airflow/.local/lib/python3.12/site-packages/airflow/example_dags/tutorial_dag.py
[2024-12-09T20:50:15.923+0000] {processor.py:914} INFO - Processing file /home/airflow/.local/lib/python3.12/site-packages/airflow/example_dags/tutorial_dag.py for tasks to queue
[2024-12-09T20:50:15.925+0000] {logging_mixin.py:190} INFO - [2024-12-09T20:50:15.925+0000] {dagbag.py:588} INFO - Filling up the DagBag from /home/airflow/.local/lib/python3.12/site-packages/airflow/example_dags/tutorial_dag.py
[2024-12-09T20:50:15.932+0000] {processor.py:925} INFO - DAG(s) 'tutorial_dag' retrieved from /home/airflow/.local/lib/python3.12/site-packages/airflow/example_dags/tutorial_dag.py
[2024-12-09T20:50:15.947+0000] {logging_mixin.py:190} INFO - [2024-12-09T20:50:15.946+0000] {dag.py:3239} INFO - Sync 1 DAGs
[2024-12-09T20:50:16.116+0000] {logging_mixin.py:190} INFO - [2024-12-09T20:50:16.116+0000] {dag.py:4180} INFO - Setting next_dagrun for tutorial_dag to None, run_after=None
[2024-12-09T20:50:16.129+0000] {processor.py:208} INFO - Processing /home/airflow/.local/lib/python3.12/site-packages/airflow/example_dags/tutorial_dag.py took 0.211 seconds
[2024-12-09T20:50:46.174+0000] {processor.py:186} INFO - Started process (PID=3684) to work on /home/airflow/.local/lib/python3.12/site-packages/airflow/example_dags/tutorial_dag.py
[2024-12-09T20:50:46.175+0000] {processor.py:914} INFO - Processing file /home/airflow/.local/lib/python3.12/site-packages/airflow/example_dags/tutorial_dag.py for tasks to queue
[2024-12-09T20:50:46.177+0000] {logging_mixin.py:190} INFO - [2024-12-09T20:50:46.177+0000] {dagbag.py:588} INFO - Filling up the DagBag from /home/airflow/.local/lib/python3.12/site-packages/airflow/example_dags/tutorial_dag.py
[2024-12-09T20:50:46.184+0000] {processor.py:925} INFO - DAG(s) 'tutorial_dag' retrieved from /home/airflow/.local/lib/python3.12/site-packages/airflow/example_dags/tutorial_dag.py
[2024-12-09T20:50:46.200+0000] {logging_mixin.py:190} INFO - [2024-12-09T20:50:46.200+0000] {dag.py:3239} INFO - Sync 1 DAGs
[2024-12-09T20:50:46.212+0000] {logging_mixin.py:190} INFO - [2024-12-09T20:50:46.212+0000] {dag.py:4180} INFO - Setting next_dagrun for tutorial_dag to None, run_after=None
[2024-12-09T20:50:46.231+0000] {processor.py:208} INFO - Processing /home/airflow/.local/lib/python3.12/site-packages/airflow/example_dags/tutorial_dag.py took 0.062 seconds
[2024-12-09T20:51:16.951+0000] {processor.py:186} INFO - Started process (PID=3752) to work on /home/airflow/.local/lib/python3.12/site-packages/airflow/example_dags/tutorial_dag.py
[2024-12-09T20:51:16.952+0000] {processor.py:914} INFO - Processing file /home/airflow/.local/lib/python3.12/site-packages/airflow/example_dags/tutorial_dag.py for tasks to queue
[2024-12-09T20:51:16.954+0000] {logging_mixin.py:190} INFO - [2024-12-09T20:51:16.953+0000] {dagbag.py:588} INFO - Filling up the DagBag from /home/airflow/.local/lib/python3.12/site-packages/airflow/example_dags/tutorial_dag.py
[2024-12-09T20:51:16.960+0000] {processor.py:925} INFO - DAG(s) 'tutorial_dag' retrieved from /home/airflow/.local/lib/python3.12/site-packages/airflow/example_dags/tutorial_dag.py
[2024-12-09T20:51:16.975+0000] {logging_mixin.py:190} INFO - [2024-12-09T20:51:16.975+0000] {dag.py:3239} INFO - Sync 1 DAGs
[2024-12-09T20:51:16.987+0000] {logging_mixin.py:190} INFO - [2024-12-09T20:51:16.986+0000] {dag.py:4180} INFO - Setting next_dagrun for tutorial_dag to None, run_after=None
[2024-12-09T20:51:17.001+0000] {processor.py:208} INFO - Processing /home/airflow/.local/lib/python3.12/site-packages/airflow/example_dags/tutorial_dag.py took 0.055 seconds
[2024-12-09T20:51:47.816+0000] {processor.py:186} INFO - Started process (PID=3820) to work on /home/airflow/.local/lib/python3.12/site-packages/airflow/example_dags/tutorial_dag.py
[2024-12-09T20:51:47.817+0000] {processor.py:914} INFO - Processing file /home/airflow/.local/lib/python3.12/site-packages/airflow/example_dags/tutorial_dag.py for tasks to queue
[2024-12-09T20:51:47.819+0000] {logging_mixin.py:190} INFO - [2024-12-09T20:51:47.819+0000] {dagbag.py:588} INFO - Filling up the DagBag from /home/airflow/.local/lib/python3.12/site-packages/airflow/example_dags/tutorial_dag.py
[2024-12-09T20:51:47.826+0000] {processor.py:925} INFO - DAG(s) 'tutorial_dag' retrieved from /home/airflow/.local/lib/python3.12/site-packages/airflow/example_dags/tutorial_dag.py
[2024-12-09T20:51:47.841+0000] {logging_mixin.py:190} INFO - [2024-12-09T20:51:47.841+0000] {dag.py:3239} INFO - Sync 1 DAGs
[2024-12-09T20:51:47.853+0000] {logging_mixin.py:190} INFO - [2024-12-09T20:51:47.853+0000] {dag.py:4180} INFO - Setting next_dagrun for tutorial_dag to None, run_after=None
[2024-12-09T20:51:47.868+0000] {processor.py:208} INFO - Processing /home/airflow/.local/lib/python3.12/site-packages/airflow/example_dags/tutorial_dag.py took 0.057 seconds
[2024-12-09T20:52:18.770+0000] {processor.py:186} INFO - Started process (PID=3888) to work on /home/airflow/.local/lib/python3.12/site-packages/airflow/example_dags/tutorial_dag.py
[2024-12-09T20:52:18.771+0000] {processor.py:914} INFO - Processing file /home/airflow/.local/lib/python3.12/site-packages/airflow/example_dags/tutorial_dag.py for tasks to queue
[2024-12-09T20:52:18.773+0000] {logging_mixin.py:190} INFO - [2024-12-09T20:52:18.773+0000] {dagbag.py:588} INFO - Filling up the DagBag from /home/airflow/.local/lib/python3.12/site-packages/airflow/example_dags/tutorial_dag.py
[2024-12-09T20:52:18.779+0000] {processor.py:925} INFO - DAG(s) 'tutorial_dag' retrieved from /home/airflow/.local/lib/python3.12/site-packages/airflow/example_dags/tutorial_dag.py
[2024-12-09T20:52:18.795+0000] {logging_mixin.py:190} INFO - [2024-12-09T20:52:18.794+0000] {dag.py:3239} INFO - Sync 1 DAGs
[2024-12-09T20:52:18.805+0000] {logging_mixin.py:190} INFO - [2024-12-09T20:52:18.805+0000] {dag.py:4180} INFO - Setting next_dagrun for tutorial_dag to None, run_after=None
[2024-12-09T20:52:18.820+0000] {processor.py:208} INFO - Processing /home/airflow/.local/lib/python3.12/site-packages/airflow/example_dags/tutorial_dag.py took 0.055 seconds
[2024-12-09T20:52:49.794+0000] {processor.py:186} INFO - Started process (PID=3962) to work on /home/airflow/.local/lib/python3.12/site-packages/airflow/example_dags/tutorial_dag.py
[2024-12-09T20:52:49.795+0000] {processor.py:914} INFO - Processing file /home/airflow/.local/lib/python3.12/site-packages/airflow/example_dags/tutorial_dag.py for tasks to queue
[2024-12-09T20:52:49.797+0000] {logging_mixin.py:190} INFO - [2024-12-09T20:52:49.796+0000] {dagbag.py:588} INFO - Filling up the DagBag from /home/airflow/.local/lib/python3.12/site-packages/airflow/example_dags/tutorial_dag.py
[2024-12-09T20:52:49.804+0000] {processor.py:925} INFO - DAG(s) 'tutorial_dag' retrieved from /home/airflow/.local/lib/python3.12/site-packages/airflow/example_dags/tutorial_dag.py
[2024-12-09T20:52:49.820+0000] {logging_mixin.py:190} INFO - [2024-12-09T20:52:49.820+0000] {dag.py:3239} INFO - Sync 1 DAGs
[2024-12-09T20:52:49.832+0000] {logging_mixin.py:190} INFO - [2024-12-09T20:52:49.831+0000] {dag.py:4180} INFO - Setting next_dagrun for tutorial_dag to None, run_after=None
[2024-12-09T20:52:49.846+0000] {processor.py:208} INFO - Processing /home/airflow/.local/lib/python3.12/site-packages/airflow/example_dags/tutorial_dag.py took 0.057 seconds
[2024-12-09T20:53:20.216+0000] {processor.py:186} INFO - Started process (PID=4030) to work on /home/airflow/.local/lib/python3.12/site-packages/airflow/example_dags/tutorial_dag.py
[2024-12-09T20:53:20.217+0000] {processor.py:914} INFO - Processing file /home/airflow/.local/lib/python3.12/site-packages/airflow/example_dags/tutorial_dag.py for tasks to queue
[2024-12-09T20:53:20.219+0000] {logging_mixin.py:190} INFO - [2024-12-09T20:53:20.219+0000] {dagbag.py:588} INFO - Filling up the DagBag from /home/airflow/.local/lib/python3.12/site-packages/airflow/example_dags/tutorial_dag.py
[2024-12-09T20:53:20.225+0000] {processor.py:925} INFO - DAG(s) 'tutorial_dag' retrieved from /home/airflow/.local/lib/python3.12/site-packages/airflow/example_dags/tutorial_dag.py
[2024-12-09T20:53:20.239+0000] {logging_mixin.py:190} INFO - [2024-12-09T20:53:20.239+0000] {dag.py:3239} INFO - Sync 1 DAGs
[2024-12-09T20:53:20.250+0000] {logging_mixin.py:190} INFO - [2024-12-09T20:53:20.250+0000] {dag.py:4180} INFO - Setting next_dagrun for tutorial_dag to None, run_after=None
[2024-12-09T20:53:20.264+0000] {processor.py:208} INFO - Processing /home/airflow/.local/lib/python3.12/site-packages/airflow/example_dags/tutorial_dag.py took 0.053 seconds
[2024-12-09T20:53:51.162+0000] {processor.py:186} INFO - Started process (PID=4098) to work on /home/airflow/.local/lib/python3.12/site-packages/airflow/example_dags/tutorial_dag.py
[2024-12-09T20:53:51.163+0000] {processor.py:914} INFO - Processing file /home/airflow/.local/lib/python3.12/site-packages/airflow/example_dags/tutorial_dag.py for tasks to queue
[2024-12-09T20:53:51.165+0000] {logging_mixin.py:190} INFO - [2024-12-09T20:53:51.165+0000] {dagbag.py:588} INFO - Filling up the DagBag from /home/airflow/.local/lib/python3.12/site-packages/airflow/example_dags/tutorial_dag.py
[2024-12-09T20:53:51.172+0000] {processor.py:925} INFO - DAG(s) 'tutorial_dag' retrieved from /home/airflow/.local/lib/python3.12/site-packages/airflow/example_dags/tutorial_dag.py
[2024-12-09T20:53:51.189+0000] {logging_mixin.py:190} INFO - [2024-12-09T20:53:51.189+0000] {dag.py:3239} INFO - Sync 1 DAGs
[2024-12-09T20:53:51.200+0000] {logging_mixin.py:190} INFO - [2024-12-09T20:53:51.200+0000] {dag.py:4180} INFO - Setting next_dagrun for tutorial_dag to None, run_after=None
[2024-12-09T20:53:51.214+0000] {processor.py:208} INFO - Processing /home/airflow/.local/lib/python3.12/site-packages/airflow/example_dags/tutorial_dag.py took 0.057 seconds
[2024-12-09T20:54:21.920+0000] {processor.py:186} INFO - Started process (PID=4166) to work on /home/airflow/.local/lib/python3.12/site-packages/airflow/example_dags/tutorial_dag.py
[2024-12-09T20:54:21.921+0000] {processor.py:914} INFO - Processing file /home/airflow/.local/lib/python3.12/site-packages/airflow/example_dags/tutorial_dag.py for tasks to queue
[2024-12-09T20:54:21.923+0000] {logging_mixin.py:190} INFO - [2024-12-09T20:54:21.923+0000] {dagbag.py:588} INFO - Filling up the DagBag from /home/airflow/.local/lib/python3.12/site-packages/airflow/example_dags/tutorial_dag.py
[2024-12-09T20:54:21.930+0000] {processor.py:925} INFO - DAG(s) 'tutorial_dag' retrieved from /home/airflow/.local/lib/python3.12/site-packages/airflow/example_dags/tutorial_dag.py
[2024-12-09T20:54:21.945+0000] {logging_mixin.py:190} INFO - [2024-12-09T20:54:21.944+0000] {dag.py:3239} INFO - Sync 1 DAGs
[2024-12-09T20:54:21.955+0000] {logging_mixin.py:190} INFO - [2024-12-09T20:54:21.955+0000] {dag.py:4180} INFO - Setting next_dagrun for tutorial_dag to None, run_after=None
[2024-12-09T20:54:21.970+0000] {processor.py:208} INFO - Processing /home/airflow/.local/lib/python3.12/site-packages/airflow/example_dags/tutorial_dag.py took 0.055 seconds
[2024-12-09T20:54:52.572+0000] {processor.py:186} INFO - Started process (PID=4234) to work on /home/airflow/.local/lib/python3.12/site-packages/airflow/example_dags/tutorial_dag.py
[2024-12-09T20:54:52.573+0000] {processor.py:914} INFO - Processing file /home/airflow/.local/lib/python3.12/site-packages/airflow/example_dags/tutorial_dag.py for tasks to queue
[2024-12-09T20:54:52.575+0000] {logging_mixin.py:190} INFO - [2024-12-09T20:54:52.575+0000] {dagbag.py:588} INFO - Filling up the DagBag from /home/airflow/.local/lib/python3.12/site-packages/airflow/example_dags/tutorial_dag.py
[2024-12-09T20:54:52.581+0000] {processor.py:925} INFO - DAG(s) 'tutorial_dag' retrieved from /home/airflow/.local/lib/python3.12/site-packages/airflow/example_dags/tutorial_dag.py
[2024-12-09T20:54:52.594+0000] {logging_mixin.py:190} INFO - [2024-12-09T20:54:52.594+0000] {dag.py:3239} INFO - Sync 1 DAGs
[2024-12-09T20:54:52.604+0000] {logging_mixin.py:190} INFO - [2024-12-09T20:54:52.604+0000] {dag.py:4180} INFO - Setting next_dagrun for tutorial_dag to None, run_after=None
[2024-12-09T20:54:52.620+0000] {processor.py:208} INFO - Processing /home/airflow/.local/lib/python3.12/site-packages/airflow/example_dags/tutorial_dag.py took 0.053 seconds
[2024-12-09T20:55:23.626+0000] {processor.py:186} INFO - Started process (PID=4302) to work on /home/airflow/.local/lib/python3.12/site-packages/airflow/example_dags/tutorial_dag.py
[2024-12-09T20:55:23.627+0000] {processor.py:914} INFO - Processing file /home/airflow/.local/lib/python3.12/site-packages/airflow/example_dags/tutorial_dag.py for tasks to queue
[2024-12-09T20:55:23.629+0000] {logging_mixin.py:190} INFO - [2024-12-09T20:55:23.628+0000] {dagbag.py:588} INFO - Filling up the DagBag from /home/airflow/.local/lib/python3.12/site-packages/airflow/example_dags/tutorial_dag.py
[2024-12-09T20:55:23.635+0000] {processor.py:925} INFO - DAG(s) 'tutorial_dag' retrieved from /home/airflow/.local/lib/python3.12/site-packages/airflow/example_dags/tutorial_dag.py
[2024-12-09T20:55:23.649+0000] {logging_mixin.py:190} INFO - [2024-12-09T20:55:23.649+0000] {dag.py:3239} INFO - Sync 1 DAGs
[2024-12-09T20:55:23.660+0000] {logging_mixin.py:190} INFO - [2024-12-09T20:55:23.660+0000] {dag.py:4180} INFO - Setting next_dagrun for tutorial_dag to None, run_after=None
[2024-12-09T20:55:23.675+0000] {processor.py:208} INFO - Processing /home/airflow/.local/lib/python3.12/site-packages/airflow/example_dags/tutorial_dag.py took 0.053 seconds
[2024-12-09T20:55:54.334+0000] {processor.py:186} INFO - Started process (PID=4370) to work on /home/airflow/.local/lib/python3.12/site-packages/airflow/example_dags/tutorial_dag.py
[2024-12-09T20:55:54.334+0000] {processor.py:914} INFO - Processing file /home/airflow/.local/lib/python3.12/site-packages/airflow/example_dags/tutorial_dag.py for tasks to queue
[2024-12-09T20:55:54.337+0000] {logging_mixin.py:190} INFO - [2024-12-09T20:55:54.336+0000] {dagbag.py:588} INFO - Filling up the DagBag from /home/airflow/.local/lib/python3.12/site-packages/airflow/example_dags/tutorial_dag.py
[2024-12-09T20:55:54.343+0000] {processor.py:925} INFO - DAG(s) 'tutorial_dag' retrieved from /home/airflow/.local/lib/python3.12/site-packages/airflow/example_dags/tutorial_dag.py
[2024-12-09T20:55:54.360+0000] {logging_mixin.py:190} INFO - [2024-12-09T20:55:54.360+0000] {dag.py:3239} INFO - Sync 1 DAGs
[2024-12-09T20:55:54.372+0000] {logging_mixin.py:190} INFO - [2024-12-09T20:55:54.372+0000] {dag.py:4180} INFO - Setting next_dagrun for tutorial_dag to None, run_after=None
[2024-12-09T20:55:54.388+0000] {processor.py:208} INFO - Processing /home/airflow/.local/lib/python3.12/site-packages/airflow/example_dags/tutorial_dag.py took 0.059 seconds
[2024-12-09T20:56:25.003+0000] {processor.py:186} INFO - Started process (PID=4438) to work on /home/airflow/.local/lib/python3.12/site-packages/airflow/example_dags/tutorial_dag.py
[2024-12-09T20:56:25.004+0000] {processor.py:914} INFO - Processing file /home/airflow/.local/lib/python3.12/site-packages/airflow/example_dags/tutorial_dag.py for tasks to queue
[2024-12-09T20:56:25.006+0000] {logging_mixin.py:190} INFO - [2024-12-09T20:56:25.006+0000] {dagbag.py:588} INFO - Filling up the DagBag from /home/airflow/.local/lib/python3.12/site-packages/airflow/example_dags/tutorial_dag.py
[2024-12-09T20:56:25.012+0000] {processor.py:925} INFO - DAG(s) 'tutorial_dag' retrieved from /home/airflow/.local/lib/python3.12/site-packages/airflow/example_dags/tutorial_dag.py
[2024-12-09T20:56:25.027+0000] {logging_mixin.py:190} INFO - [2024-12-09T20:56:25.027+0000] {dag.py:3239} INFO - Sync 1 DAGs
[2024-12-09T20:56:25.038+0000] {logging_mixin.py:190} INFO - [2024-12-09T20:56:25.038+0000] {dag.py:4180} INFO - Setting next_dagrun for tutorial_dag to None, run_after=None
[2024-12-09T20:56:25.053+0000] {processor.py:208} INFO - Processing /home/airflow/.local/lib/python3.12/site-packages/airflow/example_dags/tutorial_dag.py took 0.055 seconds
[2024-12-09T20:56:55.948+0000] {processor.py:186} INFO - Started process (PID=4506) to work on /home/airflow/.local/lib/python3.12/site-packages/airflow/example_dags/tutorial_dag.py
[2024-12-09T20:56:55.949+0000] {processor.py:914} INFO - Processing file /home/airflow/.local/lib/python3.12/site-packages/airflow/example_dags/tutorial_dag.py for tasks to queue
[2024-12-09T20:56:55.951+0000] {logging_mixin.py:190} INFO - [2024-12-09T20:56:55.951+0000] {dagbag.py:588} INFO - Filling up the DagBag from /home/airflow/.local/lib/python3.12/site-packages/airflow/example_dags/tutorial_dag.py
[2024-12-09T20:56:55.958+0000] {processor.py:925} INFO - DAG(s) 'tutorial_dag' retrieved from /home/airflow/.local/lib/python3.12/site-packages/airflow/example_dags/tutorial_dag.py
[2024-12-09T20:56:55.973+0000] {logging_mixin.py:190} INFO - [2024-12-09T20:56:55.973+0000] {dag.py:3239} INFO - Sync 1 DAGs
[2024-12-09T20:56:55.983+0000] {logging_mixin.py:190} INFO - [2024-12-09T20:56:55.983+0000] {dag.py:4180} INFO - Setting next_dagrun for tutorial_dag to None, run_after=None
[2024-12-09T20:56:55.996+0000] {processor.py:208} INFO - Processing /home/airflow/.local/lib/python3.12/site-packages/airflow/example_dags/tutorial_dag.py took 0.053 seconds
[2024-12-09T20:57:26.795+0000] {processor.py:186} INFO - Started process (PID=4574) to work on /home/airflow/.local/lib/python3.12/site-packages/airflow/example_dags/tutorial_dag.py
[2024-12-09T20:57:26.796+0000] {processor.py:914} INFO - Processing file /home/airflow/.local/lib/python3.12/site-packages/airflow/example_dags/tutorial_dag.py for tasks to queue
[2024-12-09T20:57:26.799+0000] {logging_mixin.py:190} INFO - [2024-12-09T20:57:26.798+0000] {dagbag.py:588} INFO - Filling up the DagBag from /home/airflow/.local/lib/python3.12/site-packages/airflow/example_dags/tutorial_dag.py
[2024-12-09T20:57:26.806+0000] {processor.py:925} INFO - DAG(s) 'tutorial_dag' retrieved from /home/airflow/.local/lib/python3.12/site-packages/airflow/example_dags/tutorial_dag.py
[2024-12-09T20:57:26.823+0000] {logging_mixin.py:190} INFO - [2024-12-09T20:57:26.823+0000] {dag.py:3239} INFO - Sync 1 DAGs
[2024-12-09T20:57:26.835+0000] {logging_mixin.py:190} INFO - [2024-12-09T20:57:26.834+0000] {dag.py:4180} INFO - Setting next_dagrun for tutorial_dag to None, run_after=None
[2024-12-09T20:57:26.850+0000] {processor.py:208} INFO - Processing /home/airflow/.local/lib/python3.12/site-packages/airflow/example_dags/tutorial_dag.py took 0.061 seconds
[2024-12-09T20:57:57.785+0000] {processor.py:186} INFO - Started process (PID=4642) to work on /home/airflow/.local/lib/python3.12/site-packages/airflow/example_dags/tutorial_dag.py
[2024-12-09T20:57:57.786+0000] {processor.py:914} INFO - Processing file /home/airflow/.local/lib/python3.12/site-packages/airflow/example_dags/tutorial_dag.py for tasks to queue
[2024-12-09T20:57:57.788+0000] {logging_mixin.py:190} INFO - [2024-12-09T20:57:57.788+0000] {dagbag.py:588} INFO - Filling up the DagBag from /home/airflow/.local/lib/python3.12/site-packages/airflow/example_dags/tutorial_dag.py
[2024-12-09T20:57:57.795+0000] {processor.py:925} INFO - DAG(s) 'tutorial_dag' retrieved from /home/airflow/.local/lib/python3.12/site-packages/airflow/example_dags/tutorial_dag.py
[2024-12-09T20:57:57.813+0000] {logging_mixin.py:190} INFO - [2024-12-09T20:57:57.813+0000] {dag.py:3239} INFO - Sync 1 DAGs
[2024-12-09T20:57:57.825+0000] {logging_mixin.py:190} INFO - [2024-12-09T20:57:57.825+0000] {dag.py:4180} INFO - Setting next_dagrun for tutorial_dag to None, run_after=None
[2024-12-09T20:57:57.842+0000] {processor.py:208} INFO - Processing /home/airflow/.local/lib/python3.12/site-packages/airflow/example_dags/tutorial_dag.py took 0.063 seconds
[2024-12-09T20:58:28.670+0000] {processor.py:186} INFO - Started process (PID=4710) to work on /home/airflow/.local/lib/python3.12/site-packages/airflow/example_dags/tutorial_dag.py
[2024-12-09T20:58:28.671+0000] {processor.py:914} INFO - Processing file /home/airflow/.local/lib/python3.12/site-packages/airflow/example_dags/tutorial_dag.py for tasks to queue
[2024-12-09T20:58:28.673+0000] {logging_mixin.py:190} INFO - [2024-12-09T20:58:28.673+0000] {dagbag.py:588} INFO - Filling up the DagBag from /home/airflow/.local/lib/python3.12/site-packages/airflow/example_dags/tutorial_dag.py
[2024-12-09T20:58:28.679+0000] {processor.py:925} INFO - DAG(s) 'tutorial_dag' retrieved from /home/airflow/.local/lib/python3.12/site-packages/airflow/example_dags/tutorial_dag.py
[2024-12-09T20:58:28.693+0000] {logging_mixin.py:190} INFO - [2024-12-09T20:58:28.693+0000] {dag.py:3239} INFO - Sync 1 DAGs
[2024-12-09T20:58:28.704+0000] {logging_mixin.py:190} INFO - [2024-12-09T20:58:28.704+0000] {dag.py:4180} INFO - Setting next_dagrun for tutorial_dag to None, run_after=None
[2024-12-09T20:58:28.717+0000] {processor.py:208} INFO - Processing /home/airflow/.local/lib/python3.12/site-packages/airflow/example_dags/tutorial_dag.py took 0.052 seconds
[2024-12-09T20:58:59.662+0000] {processor.py:186} INFO - Started process (PID=4778) to work on /home/airflow/.local/lib/python3.12/site-packages/airflow/example_dags/tutorial_dag.py
[2024-12-09T20:58:59.663+0000] {processor.py:914} INFO - Processing file /home/airflow/.local/lib/python3.12/site-packages/airflow/example_dags/tutorial_dag.py for tasks to queue
[2024-12-09T20:58:59.665+0000] {logging_mixin.py:190} INFO - [2024-12-09T20:58:59.665+0000] {dagbag.py:588} INFO - Filling up the DagBag from /home/airflow/.local/lib/python3.12/site-packages/airflow/example_dags/tutorial_dag.py
[2024-12-09T20:58:59.672+0000] {processor.py:925} INFO - DAG(s) 'tutorial_dag' retrieved from /home/airflow/.local/lib/python3.12/site-packages/airflow/example_dags/tutorial_dag.py
[2024-12-09T20:58:59.686+0000] {logging_mixin.py:190} INFO - [2024-12-09T20:58:59.686+0000] {dag.py:3239} INFO - Sync 1 DAGs
[2024-12-09T20:58:59.698+0000] {logging_mixin.py:190} INFO - [2024-12-09T20:58:59.698+0000] {dag.py:4180} INFO - Setting next_dagrun for tutorial_dag to None, run_after=None
[2024-12-09T20:58:59.716+0000] {processor.py:208} INFO - Processing /home/airflow/.local/lib/python3.12/site-packages/airflow/example_dags/tutorial_dag.py took 0.059 seconds
[2024-12-09T21:00:20.644+0000] {processor.py:186} INFO - Started process (PID=106) to work on /home/airflow/.local/lib/python3.12/site-packages/airflow/example_dags/tutorial_dag.py
[2024-12-09T21:00:20.645+0000] {processor.py:914} INFO - Processing file /home/airflow/.local/lib/python3.12/site-packages/airflow/example_dags/tutorial_dag.py for tasks to queue
[2024-12-09T21:00:20.648+0000] {logging_mixin.py:190} INFO - [2024-12-09T21:00:20.648+0000] {dagbag.py:588} INFO - Filling up the DagBag from /home/airflow/.local/lib/python3.12/site-packages/airflow/example_dags/tutorial_dag.py
[2024-12-09T21:00:20.656+0000] {processor.py:925} INFO - DAG(s) 'tutorial_dag' retrieved from /home/airflow/.local/lib/python3.12/site-packages/airflow/example_dags/tutorial_dag.py
[2024-12-09T21:00:20.682+0000] {logging_mixin.py:190} INFO - [2024-12-09T21:00:20.681+0000] {dag.py:3239} INFO - Sync 1 DAGs
[2024-12-09T21:00:20.698+0000] {logging_mixin.py:190} INFO - [2024-12-09T21:00:20.698+0000] {dag.py:4180} INFO - Setting next_dagrun for tutorial_dag to None, run_after=None
[2024-12-09T21:00:20.718+0000] {processor.py:208} INFO - Processing /home/airflow/.local/lib/python3.12/site-packages/airflow/example_dags/tutorial_dag.py took 0.080 seconds
[2024-12-09T21:00:51.795+0000] {processor.py:186} INFO - Started process (PID=178) to work on /home/airflow/.local/lib/python3.12/site-packages/airflow/example_dags/tutorial_dag.py
[2024-12-09T21:00:51.796+0000] {processor.py:914} INFO - Processing file /home/airflow/.local/lib/python3.12/site-packages/airflow/example_dags/tutorial_dag.py for tasks to queue
[2024-12-09T21:00:51.798+0000] {logging_mixin.py:190} INFO - [2024-12-09T21:00:51.798+0000] {dagbag.py:588} INFO - Filling up the DagBag from /home/airflow/.local/lib/python3.12/site-packages/airflow/example_dags/tutorial_dag.py
[2024-12-09T21:00:51.806+0000] {processor.py:925} INFO - DAG(s) 'tutorial_dag' retrieved from /home/airflow/.local/lib/python3.12/site-packages/airflow/example_dags/tutorial_dag.py
[2024-12-09T21:00:51.824+0000] {logging_mixin.py:190} INFO - [2024-12-09T21:00:51.824+0000] {dag.py:3239} INFO - Sync 1 DAGs
[2024-12-09T21:00:51.838+0000] {logging_mixin.py:190} INFO - [2024-12-09T21:00:51.837+0000] {dag.py:4180} INFO - Setting next_dagrun for tutorial_dag to None, run_after=None
[2024-12-09T21:00:51.854+0000] {processor.py:208} INFO - Processing /home/airflow/.local/lib/python3.12/site-packages/airflow/example_dags/tutorial_dag.py took 0.066 seconds
[2024-12-09T21:01:22.228+0000] {processor.py:186} INFO - Started process (PID=246) to work on /home/airflow/.local/lib/python3.12/site-packages/airflow/example_dags/tutorial_dag.py
[2024-12-09T21:01:22.229+0000] {processor.py:914} INFO - Processing file /home/airflow/.local/lib/python3.12/site-packages/airflow/example_dags/tutorial_dag.py for tasks to queue
[2024-12-09T21:01:22.230+0000] {logging_mixin.py:190} INFO - [2024-12-09T21:01:22.230+0000] {dagbag.py:588} INFO - Filling up the DagBag from /home/airflow/.local/lib/python3.12/site-packages/airflow/example_dags/tutorial_dag.py
[2024-12-09T21:01:22.236+0000] {processor.py:925} INFO - DAG(s) 'tutorial_dag' retrieved from /home/airflow/.local/lib/python3.12/site-packages/airflow/example_dags/tutorial_dag.py
[2024-12-09T21:01:22.251+0000] {logging_mixin.py:190} INFO - [2024-12-09T21:01:22.251+0000] {dag.py:3239} INFO - Sync 1 DAGs
[2024-12-09T21:01:22.262+0000] {logging_mixin.py:190} INFO - [2024-12-09T21:01:22.261+0000] {dag.py:4180} INFO - Setting next_dagrun for tutorial_dag to None, run_after=None
[2024-12-09T21:01:22.277+0000] {processor.py:208} INFO - Processing /home/airflow/.local/lib/python3.12/site-packages/airflow/example_dags/tutorial_dag.py took 0.054 seconds
[2024-12-09T21:01:52.944+0000] {processor.py:186} INFO - Started process (PID=316) to work on /home/airflow/.local/lib/python3.12/site-packages/airflow/example_dags/tutorial_dag.py
[2024-12-09T21:01:52.945+0000] {processor.py:914} INFO - Processing file /home/airflow/.local/lib/python3.12/site-packages/airflow/example_dags/tutorial_dag.py for tasks to queue
[2024-12-09T21:01:52.947+0000] {logging_mixin.py:190} INFO - [2024-12-09T21:01:52.947+0000] {dagbag.py:588} INFO - Filling up the DagBag from /home/airflow/.local/lib/python3.12/site-packages/airflow/example_dags/tutorial_dag.py
[2024-12-09T21:01:52.953+0000] {processor.py:925} INFO - DAG(s) 'tutorial_dag' retrieved from /home/airflow/.local/lib/python3.12/site-packages/airflow/example_dags/tutorial_dag.py
[2024-12-09T21:01:52.970+0000] {logging_mixin.py:190} INFO - [2024-12-09T21:01:52.970+0000] {dag.py:3239} INFO - Sync 1 DAGs
[2024-12-09T21:01:52.981+0000] {logging_mixin.py:190} INFO - [2024-12-09T21:01:52.980+0000] {dag.py:4180} INFO - Setting next_dagrun for tutorial_dag to None, run_after=None
[2024-12-09T21:01:52.993+0000] {processor.py:208} INFO - Processing /home/airflow/.local/lib/python3.12/site-packages/airflow/example_dags/tutorial_dag.py took 0.054 seconds
[2024-12-09T21:02:23.621+0000] {processor.py:186} INFO - Started process (PID=388) to work on /home/airflow/.local/lib/python3.12/site-packages/airflow/example_dags/tutorial_dag.py
[2024-12-09T21:02:23.622+0000] {processor.py:914} INFO - Processing file /home/airflow/.local/lib/python3.12/site-packages/airflow/example_dags/tutorial_dag.py for tasks to queue
[2024-12-09T21:02:23.624+0000] {logging_mixin.py:190} INFO - [2024-12-09T21:02:23.624+0000] {dagbag.py:588} INFO - Filling up the DagBag from /home/airflow/.local/lib/python3.12/site-packages/airflow/example_dags/tutorial_dag.py
[2024-12-09T21:02:23.631+0000] {processor.py:925} INFO - DAG(s) 'tutorial_dag' retrieved from /home/airflow/.local/lib/python3.12/site-packages/airflow/example_dags/tutorial_dag.py
[2024-12-09T21:02:23.648+0000] {logging_mixin.py:190} INFO - [2024-12-09T21:02:23.648+0000] {dag.py:3239} INFO - Sync 1 DAGs
[2024-12-09T21:02:23.659+0000] {logging_mixin.py:190} INFO - [2024-12-09T21:02:23.659+0000] {dag.py:4180} INFO - Setting next_dagrun for tutorial_dag to None, run_after=None
[2024-12-09T21:02:23.673+0000] {processor.py:208} INFO - Processing /home/airflow/.local/lib/python3.12/site-packages/airflow/example_dags/tutorial_dag.py took 0.058 seconds
[2024-12-09T21:02:54.330+0000] {processor.py:186} INFO - Started process (PID=456) to work on /home/airflow/.local/lib/python3.12/site-packages/airflow/example_dags/tutorial_dag.py
[2024-12-09T21:02:54.331+0000] {processor.py:914} INFO - Processing file /home/airflow/.local/lib/python3.12/site-packages/airflow/example_dags/tutorial_dag.py for tasks to queue
[2024-12-09T21:02:54.333+0000] {logging_mixin.py:190} INFO - [2024-12-09T21:02:54.332+0000] {dagbag.py:588} INFO - Filling up the DagBag from /home/airflow/.local/lib/python3.12/site-packages/airflow/example_dags/tutorial_dag.py
[2024-12-09T21:02:54.339+0000] {processor.py:925} INFO - DAG(s) 'tutorial_dag' retrieved from /home/airflow/.local/lib/python3.12/site-packages/airflow/example_dags/tutorial_dag.py
[2024-12-09T21:02:54.354+0000] {logging_mixin.py:190} INFO - [2024-12-09T21:02:54.354+0000] {dag.py:3239} INFO - Sync 1 DAGs
[2024-12-09T21:02:54.365+0000] {logging_mixin.py:190} INFO - [2024-12-09T21:02:54.365+0000] {dag.py:4180} INFO - Setting next_dagrun for tutorial_dag to None, run_after=None
[2024-12-09T21:02:54.378+0000] {processor.py:208} INFO - Processing /home/airflow/.local/lib/python3.12/site-packages/airflow/example_dags/tutorial_dag.py took 0.053 seconds
[2024-12-09T21:03:25.290+0000] {processor.py:186} INFO - Started process (PID=524) to work on /home/airflow/.local/lib/python3.12/site-packages/airflow/example_dags/tutorial_dag.py
[2024-12-09T21:03:25.290+0000] {processor.py:914} INFO - Processing file /home/airflow/.local/lib/python3.12/site-packages/airflow/example_dags/tutorial_dag.py for tasks to queue
[2024-12-09T21:03:25.292+0000] {logging_mixin.py:190} INFO - [2024-12-09T21:03:25.292+0000] {dagbag.py:588} INFO - Filling up the DagBag from /home/airflow/.local/lib/python3.12/site-packages/airflow/example_dags/tutorial_dag.py
[2024-12-09T21:03:25.299+0000] {processor.py:925} INFO - DAG(s) 'tutorial_dag' retrieved from /home/airflow/.local/lib/python3.12/site-packages/airflow/example_dags/tutorial_dag.py
[2024-12-09T21:03:25.314+0000] {logging_mixin.py:190} INFO - [2024-12-09T21:03:25.313+0000] {dag.py:3239} INFO - Sync 1 DAGs
[2024-12-09T21:03:25.325+0000] {logging_mixin.py:190} INFO - [2024-12-09T21:03:25.325+0000] {dag.py:4180} INFO - Setting next_dagrun for tutorial_dag to None, run_after=None
[2024-12-09T21:03:25.339+0000] {processor.py:208} INFO - Processing /home/airflow/.local/lib/python3.12/site-packages/airflow/example_dags/tutorial_dag.py took 0.054 seconds
[2024-12-09T21:03:55.867+0000] {processor.py:186} INFO - Started process (PID=592) to work on /home/airflow/.local/lib/python3.12/site-packages/airflow/example_dags/tutorial_dag.py
[2024-12-09T21:03:55.868+0000] {processor.py:914} INFO - Processing file /home/airflow/.local/lib/python3.12/site-packages/airflow/example_dags/tutorial_dag.py for tasks to queue
[2024-12-09T21:03:55.870+0000] {logging_mixin.py:190} INFO - [2024-12-09T21:03:55.870+0000] {dagbag.py:588} INFO - Filling up the DagBag from /home/airflow/.local/lib/python3.12/site-packages/airflow/example_dags/tutorial_dag.py
[2024-12-09T21:03:55.876+0000] {processor.py:925} INFO - DAG(s) 'tutorial_dag' retrieved from /home/airflow/.local/lib/python3.12/site-packages/airflow/example_dags/tutorial_dag.py
[2024-12-09T21:03:55.892+0000] {logging_mixin.py:190} INFO - [2024-12-09T21:03:55.891+0000] {dag.py:3239} INFO - Sync 1 DAGs
[2024-12-09T21:03:55.904+0000] {logging_mixin.py:190} INFO - [2024-12-09T21:03:55.904+0000] {dag.py:4180} INFO - Setting next_dagrun for tutorial_dag to None, run_after=None
[2024-12-09T21:03:55.920+0000] {processor.py:208} INFO - Processing /home/airflow/.local/lib/python3.12/site-packages/airflow/example_dags/tutorial_dag.py took 0.057 seconds
