[2024-12-03T14:01:56.232+0000] {local_task_job_runner.py:123} INFO - ::group::Pre task execution logs
[2024-12-03T14:01:56.255+0000] {taskinstance.py:2613} INFO - Dependencies all met for dep_context=non-requeueable deps ti=<TaskInstance: etl_data_pipeline_mongodb.extract_data manual__2024-12-03T14:01:41.118100+00:00 [queued]>
[2024-12-03T14:01:56.266+0000] {taskinstance.py:2613} INFO - Dependencies all met for dep_context=requeueable deps ti=<TaskInstance: etl_data_pipeline_mongodb.extract_data manual__2024-12-03T14:01:41.118100+00:00 [queued]>
[2024-12-03T14:01:56.267+0000] {taskinstance.py:2866} INFO - Starting attempt 1 of 2
[2024-12-03T14:01:56.495+0000] {taskinstance.py:2889} INFO - Executing <Task(PythonOperator): extract_data> on 2024-12-03 14:01:41.118100+00:00
[2024-12-03T14:01:56.512+0000] {warnings.py:112} WARNING - /home/***/.local/lib/python3.12/site-packages/***/task/task_runner/standard_task_runner.py:70: DeprecationWarning: This process (pid=195) is multi-threaded, use of fork() may lead to deadlocks in the child.
  pid = os.fork()

[2024-12-03T14:01:56.520+0000] {standard_task_runner.py:72} INFO - Started process 204 to run task
[2024-12-03T14:01:56.521+0000] {standard_task_runner.py:104} INFO - Running: ['***', 'tasks', 'run', 'etl_data_pipeline_mongodb', 'extract_data', 'manual__2024-12-03T14:01:41.118100+00:00', '--job-id', '175', '--raw', '--subdir', 'DAGS_FOLDER/etl_data_pipeline_mongodb.py', '--cfg-path', '/tmp/tmpeyhnr6bo']
[2024-12-03T14:01:56.523+0000] {standard_task_runner.py:105} INFO - Job 175: Subtask extract_data
[2024-12-03T14:01:59.560+0000] {task_command.py:467} INFO - Running <TaskInstance: etl_data_pipeline_mongodb.extract_data manual__2024-12-03T14:01:41.118100+00:00 [running]> on host ed9532b68cd8
[2024-12-03T14:01:59.649+0000] {taskinstance.py:3132} INFO - Exporting env vars: AIRFLOW_CTX_DAG_OWNER='***' AIRFLOW_CTX_DAG_ID='etl_data_pipeline_mongodb' AIRFLOW_CTX_TASK_ID='extract_data' AIRFLOW_CTX_EXECUTION_DATE='2024-12-03T14:01:41.118100+00:00' AIRFLOW_CTX_TRY_NUMBER='1' AIRFLOW_CTX_DAG_RUN_ID='manual__2024-12-03T14:01:41.118100+00:00'
[2024-12-03T14:01:59.650+0000] {logging_mixin.py:190} INFO - Task instance is in running state
[2024-12-03T14:01:59.651+0000] {logging_mixin.py:190} INFO -  Previous state of the Task instance: queued
[2024-12-03T14:01:59.651+0000] {logging_mixin.py:190} INFO - Current task name:extract_data state:running start_date:2024-12-03 14:01:56.256443+00:00
[2024-12-03T14:01:59.652+0000] {logging_mixin.py:190} INFO - Dag name:etl_data_pipeline_mongodb and current dag run status:running
[2024-12-03T14:01:59.652+0000] {taskinstance.py:731} INFO - ::endgroup::
[2024-12-03T14:02:01.305+0000] {logging_mixin.py:190} INFO - Fichier téléchargé et sauvegardé sous /tmp/data.csv
[2024-12-03T14:02:01.307+0000] {python.py:240} INFO - Done. Returned value was: None
[2024-12-03T14:02:01.320+0000] {taskinstance.py:340} INFO - ::group::Post task execution logs
[2024-12-03T14:02:01.321+0000] {taskinstance.py:352} INFO - Marking task as SUCCESS. dag_id=etl_data_pipeline_mongodb, task_id=extract_data, run_id=manual__2024-12-03T14:01:41.118100+00:00, execution_date=20241203T140141, start_date=20241203T140156, end_date=20241203T140201
[2024-12-03T14:02:01.354+0000] {logging_mixin.py:190} INFO - Task instance in success state
[2024-12-03T14:02:01.355+0000] {logging_mixin.py:190} INFO -  Previous state of the Task instance: running
[2024-12-03T14:02:01.355+0000] {logging_mixin.py:190} INFO - Dag name:etl_data_pipeline_mongodb queued_at:2024-12-03 14:01:42.335959+00:00
[2024-12-03T14:02:01.356+0000] {logging_mixin.py:190} INFO - Task hostname:ed9532b68cd8 operator:PythonOperator
[2024-12-03T14:02:01.397+0000] {local_task_job_runner.py:266} INFO - Task exited with return code 0
[2024-12-03T14:02:01.642+0000] {standard_task_runner.py:217} INFO - Process not found (most likely exited), stop collecting metrics
[2024-12-03T14:02:01.659+0000] {taskinstance.py:3895} INFO - 1 downstream tasks scheduled from follow-on schedule check
[2024-12-03T14:02:01.682+0000] {local_task_job_runner.py:245} INFO - ::endgroup::
