[2024-12-09T21:00:46.007+0000] {local_task_job_runner.py:123} INFO - ::group::Pre task execution logs
[2024-12-09T21:00:46.019+0000] {taskinstance.py:2613} INFO - Dependencies all met for dep_context=non-requeueable deps ti=<TaskInstance: etl_data_pipeline_mongodb_complex.extract_data_source_1 manual__2024-12-09T21:00:41.632133+00:00 [queued]>
[2024-12-09T21:00:46.026+0000] {taskinstance.py:2613} INFO - Dependencies all met for dep_context=requeueable deps ti=<TaskInstance: etl_data_pipeline_mongodb_complex.extract_data_source_1 manual__2024-12-09T21:00:41.632133+00:00 [queued]>
[2024-12-09T21:00:46.026+0000] {taskinstance.py:2866} INFO - Starting attempt 1 of 2
[2024-12-09T21:00:46.038+0000] {taskinstance.py:2889} INFO - Executing <Task(PythonOperator): extract_data_source_1> on 2024-12-09 21:00:41.632133+00:00
[2024-12-09T21:00:46.043+0000] {warnings.py:112} WARNING - /home/***/.local/lib/python3.12/site-packages/***/task/task_runner/standard_task_runner.py:70: DeprecationWarning: This process (pid=77) is multi-threaded, use of fork() may lead to deadlocks in the child.
  pid = os.fork()

[2024-12-09T21:00:46.045+0000] {standard_task_runner.py:72} INFO - Started process 81 to run task
[2024-12-09T21:00:46.045+0000] {standard_task_runner.py:104} INFO - Running: ['***', 'tasks', 'run', 'etl_data_pipeline_mongodb_complex', 'extract_data_source_1', 'manual__2024-12-09T21:00:41.632133+00:00', '--job-id', '342', '--raw', '--subdir', 'DAGS_FOLDER/etl_data_pipeline_mongodb_complex.py', '--cfg-path', '/tmp/tmp4e_bgjch']
[2024-12-09T21:00:46.046+0000] {standard_task_runner.py:105} INFO - Job 342: Subtask extract_data_source_1
[2024-12-09T21:00:46.085+0000] {task_command.py:467} INFO - Running <TaskInstance: etl_data_pipeline_mongodb_complex.extract_data_source_1 manual__2024-12-09T21:00:41.632133+00:00 [running]> on host 90de14a479be
[2024-12-09T21:00:46.176+0000] {taskinstance.py:3132} INFO - Exporting env vars: AIRFLOW_CTX_DAG_OWNER='***' AIRFLOW_CTX_DAG_ID='etl_data_pipeline_mongodb_complex' AIRFLOW_CTX_TASK_ID='extract_data_source_1' AIRFLOW_CTX_EXECUTION_DATE='2024-12-09T21:00:41.632133+00:00' AIRFLOW_CTX_TRY_NUMBER='1' AIRFLOW_CTX_DAG_RUN_ID='manual__2024-12-09T21:00:41.632133+00:00'
[2024-12-09T21:00:46.178+0000] {logging_mixin.py:190} INFO - Task instance is in running state
[2024-12-09T21:00:46.178+0000] {logging_mixin.py:190} INFO -  Previous state of the Task instance: queued
[2024-12-09T21:00:46.179+0000] {logging_mixin.py:190} INFO - Current task name:extract_data_source_1 state:running start_date:2024-12-09 21:00:46.020359+00:00
[2024-12-09T21:00:46.179+0000] {logging_mixin.py:190} INFO - Dag name:etl_data_pipeline_mongodb_complex and current dag run status:running
[2024-12-09T21:00:46.180+0000] {taskinstance.py:731} INFO - ::endgroup::
[2024-12-09T21:00:47.071+0000] {logging_mixin.py:190} INFO - Source 1 téléchargée.
[2024-12-09T21:00:47.073+0000] {python.py:240} INFO - Done. Returned value was: None
[2024-12-09T21:00:47.083+0000] {taskinstance.py:340} INFO - ::group::Post task execution logs
[2024-12-09T21:00:47.084+0000] {taskinstance.py:352} INFO - Marking task as SUCCESS. dag_id=etl_data_pipeline_mongodb_complex, task_id=extract_data_source_1, run_id=manual__2024-12-09T21:00:41.632133+00:00, execution_date=20241209T210041, start_date=20241209T210046, end_date=20241209T210047
[2024-12-09T21:00:47.098+0000] {logging_mixin.py:190} INFO - Task instance in success state
[2024-12-09T21:00:47.099+0000] {logging_mixin.py:190} INFO -  Previous state of the Task instance: running
[2024-12-09T21:00:47.100+0000] {logging_mixin.py:190} INFO - Dag name:etl_data_pipeline_mongodb_complex queued_at:2024-12-09 21:00:41.647542+00:00
[2024-12-09T21:00:47.101+0000] {logging_mixin.py:190} INFO - Task hostname:90de14a479be operator:PythonOperator
[2024-12-09T21:00:47.143+0000] {local_task_job_runner.py:266} INFO - Task exited with return code 0
[2024-12-09T21:00:47.170+0000] {taskinstance.py:3895} INFO - 1 downstream tasks scheduled from follow-on schedule check
[2024-12-09T21:00:47.172+0000] {local_task_job_runner.py:245} INFO - ::endgroup::
