[2024-12-07T20:07:14.696+0000] {local_task_job_runner.py:123} INFO - ::group::Pre task execution logs
[2024-12-07T20:07:14.722+0000] {taskinstance.py:2613} INFO - Dependencies all met for dep_context=non-requeueable deps ti=<TaskInstance: etl_data_pipeline_mongodb.extract_data scheduled__2024-12-03T00:00:00+00:00 [queued]>
[2024-12-07T20:07:14.737+0000] {taskinstance.py:2613} INFO - Dependencies all met for dep_context=requeueable deps ti=<TaskInstance: etl_data_pipeline_mongodb.extract_data scheduled__2024-12-03T00:00:00+00:00 [queued]>
[2024-12-07T20:07:14.739+0000] {taskinstance.py:2866} INFO - Starting attempt 1 of 2
[2024-12-07T20:07:14.760+0000] {taskinstance.py:2889} INFO - Executing <Task(PythonOperator): extract_data> on 2024-12-03 00:00:00+00:00
[2024-12-07T20:07:14.777+0000] {warnings.py:112} WARNING - /home/***/.local/lib/python3.12/site-packages/***/task/task_runner/standard_task_runner.py:70: DeprecationWarning: This process (pid=80) is multi-threaded, use of fork() may lead to deadlocks in the child.
  pid = os.fork()

[2024-12-07T20:07:14.781+0000] {standard_task_runner.py:72} INFO - Started process 99 to run task
[2024-12-07T20:07:14.783+0000] {standard_task_runner.py:104} INFO - Running: ['***', 'tasks', 'run', 'etl_data_pipeline_mongodb', 'extract_data', 'scheduled__2024-12-03T00:00:00+00:00', '--job-id', '200', '--raw', '--subdir', 'DAGS_FOLDER/etl_data_pipeline_mongodb.py', '--cfg-path', '/tmp/tmp_tq65fc5']
[2024-12-07T20:07:14.784+0000] {standard_task_runner.py:105} INFO - Job 200: Subtask extract_data
[2024-12-07T20:07:14.860+0000] {task_command.py:467} INFO - Running <TaskInstance: etl_data_pipeline_mongodb.extract_data scheduled__2024-12-03T00:00:00+00:00 [running]> on host 8553af9ff67b
[2024-12-07T20:07:15.016+0000] {taskinstance.py:3132} INFO - Exporting env vars: AIRFLOW_CTX_DAG_OWNER='***' AIRFLOW_CTX_DAG_ID='etl_data_pipeline_mongodb' AIRFLOW_CTX_TASK_ID='extract_data' AIRFLOW_CTX_EXECUTION_DATE='2024-12-03T00:00:00+00:00' AIRFLOW_CTX_TRY_NUMBER='1' AIRFLOW_CTX_DAG_RUN_ID='scheduled__2024-12-03T00:00:00+00:00'
[2024-12-07T20:07:15.019+0000] {logging_mixin.py:190} INFO - Task instance is in running state
[2024-12-07T20:07:15.033+0000] {logging_mixin.py:190} INFO -  Previous state of the Task instance: queued
[2024-12-07T20:07:15.034+0000] {logging_mixin.py:190} INFO - Current task name:extract_data state:running start_date:2024-12-07 20:07:14.723752+00:00
[2024-12-07T20:07:15.034+0000] {logging_mixin.py:190} INFO - Dag name:etl_data_pipeline_mongodb and current dag run status:running
[2024-12-07T20:07:15.035+0000] {taskinstance.py:731} INFO - ::endgroup::
[2024-12-07T20:07:16.035+0000] {logging_mixin.py:190} INFO - Fichier téléchargé et sauvegardé sous /tmp/data.csv
[2024-12-07T20:07:16.037+0000] {python.py:240} INFO - Done. Returned value was: None
[2024-12-07T20:07:16.052+0000] {taskinstance.py:340} INFO - ::group::Post task execution logs
[2024-12-07T20:07:16.054+0000] {taskinstance.py:352} INFO - Marking task as SUCCESS. dag_id=etl_data_pipeline_mongodb, task_id=extract_data, run_id=scheduled__2024-12-03T00:00:00+00:00, execution_date=20241203T000000, start_date=20241207T200714, end_date=20241207T200716
[2024-12-07T20:07:16.075+0000] {logging_mixin.py:190} INFO - Task instance in success state
[2024-12-07T20:07:16.076+0000] {logging_mixin.py:190} INFO -  Previous state of the Task instance: running
[2024-12-07T20:07:16.076+0000] {logging_mixin.py:190} INFO - Dag name:etl_data_pipeline_mongodb queued_at:2024-12-07 20:07:05.632065+00:00
[2024-12-07T20:07:16.078+0000] {logging_mixin.py:190} INFO - Task hostname:8553af9ff67b operator:PythonOperator
[2024-12-07T20:07:16.123+0000] {local_task_job_runner.py:266} INFO - Task exited with return code 0
[2024-12-07T20:07:16.166+0000] {taskinstance.py:3895} INFO - 1 downstream tasks scheduled from follow-on schedule check
[2024-12-07T20:07:16.170+0000] {local_task_job_runner.py:245} INFO - ::endgroup::
