[2024-12-09T20:24:25.219+0000] {local_task_job_runner.py:123} INFO - ::group::Pre task execution logs
[2024-12-09T20:24:25.244+0000] {taskinstance.py:2613} INFO - Dependencies all met for dep_context=non-requeueable deps ti=<TaskInstance: tutorial.templated scheduled__2024-12-08T00:00:00+00:00 [queued]>
[2024-12-09T20:24:25.256+0000] {taskinstance.py:2613} INFO - Dependencies all met for dep_context=requeueable deps ti=<TaskInstance: tutorial.templated scheduled__2024-12-08T00:00:00+00:00 [queued]>
[2024-12-09T20:24:25.258+0000] {taskinstance.py:2866} INFO - Starting attempt 1 of 2
[2024-12-09T20:24:25.284+0000] {taskinstance.py:2889} INFO - Executing <Task(BashOperator): templated> on 2024-12-08 00:00:00+00:00
[2024-12-09T20:24:25.338+0000] {warnings.py:112} WARNING - /home/***/.local/lib/python3.12/site-packages/***/task/task_runner/standard_task_runner.py:70: DeprecationWarning: This process (pid=77) is multi-threaded, use of fork() may lead to deadlocks in the child.
  pid = os.fork()

[2024-12-09T20:24:25.352+0000] {standard_task_runner.py:72} INFO - Started process 103 to run task
[2024-12-09T20:24:25.354+0000] {standard_task_runner.py:104} INFO - Running: ['***', 'tasks', 'run', 'tutorial', 'templated', 'scheduled__2024-12-08T00:00:00+00:00', '--job-id', '243', '--raw', '--subdir', '/home/***/.local/lib/python3.12/site-packages/***/example_dags/tutorial.py', '--cfg-path', '/tmp/tmpaa5n7sa1']
[2024-12-09T20:24:25.357+0000] {standard_task_runner.py:105} INFO - Job 243: Subtask templated
[2024-12-09T20:24:25.486+0000] {task_command.py:467} INFO - Running <TaskInstance: tutorial.templated scheduled__2024-12-08T00:00:00+00:00 [running]> on host 8553af9ff67b
[2024-12-09T20:24:25.668+0000] {taskinstance.py:3132} INFO - Exporting env vars: AIRFLOW_CTX_DAG_EMAIL='***@example.com' AIRFLOW_CTX_DAG_OWNER='***' AIRFLOW_CTX_DAG_ID='tutorial' AIRFLOW_CTX_TASK_ID='templated' AIRFLOW_CTX_EXECUTION_DATE='2024-12-08T00:00:00+00:00' AIRFLOW_CTX_TRY_NUMBER='1' AIRFLOW_CTX_DAG_RUN_ID='scheduled__2024-12-08T00:00:00+00:00'
[2024-12-09T20:24:25.675+0000] {logging_mixin.py:190} INFO - Task instance is in running state
[2024-12-09T20:24:25.677+0000] {logging_mixin.py:190} INFO -  Previous state of the Task instance: queued
[2024-12-09T20:24:25.679+0000] {logging_mixin.py:190} INFO - Current task name:templated state:running start_date:2024-12-09 20:24:25.245585+00:00
[2024-12-09T20:24:25.681+0000] {logging_mixin.py:190} INFO - Dag name:tutorial and current dag run status:running
[2024-12-09T20:24:25.681+0000] {taskinstance.py:731} INFO - ::endgroup::
[2024-12-09T20:24:25.684+0000] {subprocess.py:78} INFO - Tmp dir root location: /tmp
[2024-12-09T20:24:25.688+0000] {subprocess.py:88} INFO - Running command: ['/usr/bin/bash', '-c', '\n\n    echo "2024-12-08"\n    echo "2024-12-15"\n\n    echo "2024-12-08"\n    echo "2024-12-15"\n\n    echo "2024-12-08"\n    echo "2024-12-15"\n\n    echo "2024-12-08"\n    echo "2024-12-15"\n\n    echo "2024-12-08"\n    echo "2024-12-15"\n']
[2024-12-09T20:24:25.711+0000] {subprocess.py:99} INFO - Output:
[2024-12-09T20:24:25.715+0000] {subprocess.py:106} INFO - 2024-12-08
[2024-12-09T20:24:25.716+0000] {subprocess.py:106} INFO - 2024-12-15
[2024-12-09T20:24:25.716+0000] {subprocess.py:106} INFO - 2024-12-08
[2024-12-09T20:24:25.717+0000] {subprocess.py:106} INFO - 2024-12-15
[2024-12-09T20:24:25.717+0000] {subprocess.py:106} INFO - 2024-12-08
[2024-12-09T20:24:25.718+0000] {subprocess.py:106} INFO - 2024-12-15
[2024-12-09T20:24:25.719+0000] {subprocess.py:106} INFO - 2024-12-08
[2024-12-09T20:24:25.720+0000] {subprocess.py:106} INFO - 2024-12-15
[2024-12-09T20:24:25.720+0000] {subprocess.py:106} INFO - 2024-12-08
[2024-12-09T20:24:25.721+0000] {subprocess.py:106} INFO - 2024-12-15
[2024-12-09T20:24:25.722+0000] {subprocess.py:110} INFO - Command exited with return code 0
[2024-12-09T20:24:25.794+0000] {taskinstance.py:340} INFO - ::group::Post task execution logs
[2024-12-09T20:24:25.799+0000] {taskinstance.py:352} INFO - Marking task as SUCCESS. dag_id=tutorial, task_id=templated, run_id=scheduled__2024-12-08T00:00:00+00:00, execution_date=20241208T000000, start_date=20241209T202425, end_date=20241209T202425
[2024-12-09T20:24:25.825+0000] {logging_mixin.py:190} INFO - Task instance in success state
[2024-12-09T20:24:25.830+0000] {logging_mixin.py:190} INFO -  Previous state of the Task instance: running
[2024-12-09T20:24:25.833+0000] {logging_mixin.py:190} INFO - Dag name:tutorial queued_at:2024-12-09 20:10:07.342959+00:00
[2024-12-09T20:24:25.834+0000] {logging_mixin.py:190} INFO - Task hostname:8553af9ff67b operator:BashOperator
[2024-12-09T20:24:25.860+0000] {local_task_job_runner.py:266} INFO - Task exited with return code 0
[2024-12-09T20:24:25.900+0000] {taskinstance.py:3895} INFO - 0 downstream tasks scheduled from follow-on schedule check
[2024-12-09T20:24:25.903+0000] {local_task_job_runner.py:245} INFO - ::endgroup::
