[2024-12-07T20:07:14.535+0000] {local_task_job_runner.py:123} INFO - ::group::Pre task execution logs
[2024-12-07T20:07:14.562+0000] {taskinstance.py:2613} INFO - Dependencies all met for dep_context=non-requeueable deps ti=<TaskInstance: etl_data_pipeline.extract_data scheduled__2024-12-06T00:00:00+00:00 [queued]>
[2024-12-07T20:07:14.574+0000] {taskinstance.py:2613} INFO - Dependencies all met for dep_context=requeueable deps ti=<TaskInstance: etl_data_pipeline.extract_data scheduled__2024-12-06T00:00:00+00:00 [queued]>
[2024-12-07T20:07:14.575+0000] {taskinstance.py:2866} INFO - Starting attempt 1 of 2
[2024-12-07T20:07:14.847+0000] {taskinstance.py:2889} INFO - Executing <Task(PythonOperator): extract_data> on 2024-12-06 00:00:00+00:00
[2024-12-07T20:07:14.870+0000] {warnings.py:112} WARNING - /home/***/.local/lib/python3.12/site-packages/***/task/task_runner/standard_task_runner.py:70: DeprecationWarning: This process (pid=75) is multi-threaded, use of fork() may lead to deadlocks in the child.
  pid = os.fork()

[2024-12-07T20:07:14.872+0000] {standard_task_runner.py:104} INFO - Running: ['***', 'tasks', 'run', 'etl_data_pipeline', 'extract_data', 'scheduled__2024-12-06T00:00:00+00:00', '--job-id', '196', '--raw', '--subdir', 'DAGS_FOLDER/etl_data_pipeline.py', '--cfg-path', '/tmp/tmpfld70k0q']
[2024-12-07T20:07:14.874+0000] {standard_task_runner.py:72} INFO - Started process 106 to run task
[2024-12-07T20:07:14.874+0000] {standard_task_runner.py:105} INFO - Job 196: Subtask extract_data
[2024-12-07T20:07:14.966+0000] {task_command.py:467} INFO - Running <TaskInstance: etl_data_pipeline.extract_data scheduled__2024-12-06T00:00:00+00:00 [running]> on host 8553af9ff67b
[2024-12-07T20:07:15.090+0000] {taskinstance.py:3132} INFO - Exporting env vars: AIRFLOW_CTX_DAG_OWNER='***' AIRFLOW_CTX_DAG_ID='etl_data_pipeline' AIRFLOW_CTX_TASK_ID='extract_data' AIRFLOW_CTX_EXECUTION_DATE='2024-12-06T00:00:00+00:00' AIRFLOW_CTX_TRY_NUMBER='1' AIRFLOW_CTX_DAG_RUN_ID='scheduled__2024-12-06T00:00:00+00:00'
[2024-12-07T20:07:15.091+0000] {logging_mixin.py:190} INFO - Task instance is in running state
[2024-12-07T20:07:15.092+0000] {logging_mixin.py:190} INFO -  Previous state of the Task instance: queued
[2024-12-07T20:07:15.093+0000] {logging_mixin.py:190} INFO - Current task name:extract_data state:running start_date:2024-12-07 20:07:14.563278+00:00
[2024-12-07T20:07:15.094+0000] {logging_mixin.py:190} INFO - Dag name:etl_data_pipeline and current dag run status:running
[2024-12-07T20:07:15.094+0000] {taskinstance.py:731} INFO - ::endgroup::
[2024-12-07T20:07:16.027+0000] {logging_mixin.py:190} INFO - Fichier téléchargé et sauvegardé sous /tmp/data.csv
[2024-12-07T20:07:16.028+0000] {python.py:240} INFO - Done. Returned value was: None
[2024-12-07T20:07:16.045+0000] {taskinstance.py:340} INFO - ::group::Post task execution logs
[2024-12-07T20:07:16.046+0000] {taskinstance.py:352} INFO - Marking task as SUCCESS. dag_id=etl_data_pipeline, task_id=extract_data, run_id=scheduled__2024-12-06T00:00:00+00:00, execution_date=20241206T000000, start_date=20241207T200714, end_date=20241207T200716
[2024-12-07T20:07:16.065+0000] {logging_mixin.py:190} INFO - Task instance in success state
[2024-12-07T20:07:16.066+0000] {logging_mixin.py:190} INFO -  Previous state of the Task instance: running
[2024-12-07T20:07:16.067+0000] {logging_mixin.py:190} INFO - Dag name:etl_data_pipeline queued_at:2024-12-07 20:07:06.981416+00:00
[2024-12-07T20:07:16.067+0000] {logging_mixin.py:190} INFO - Task hostname:8553af9ff67b operator:PythonOperator
[2024-12-07T20:07:16.097+0000] {local_task_job_runner.py:266} INFO - Task exited with return code 0
[2024-12-07T20:07:16.142+0000] {taskinstance.py:3895} INFO - 1 downstream tasks scheduled from follow-on schedule check
[2024-12-07T20:07:16.146+0000] {local_task_job_runner.py:245} INFO - ::endgroup::
