[2024-12-09T20:24:25.187+0000] {local_task_job_runner.py:123} INFO - ::group::Pre task execution logs
[2024-12-09T20:24:25.243+0000] {taskinstance.py:2613} INFO - Dependencies all met for dep_context=non-requeueable deps ti=<TaskInstance: example_branch_python_operator_decorator.branch_c scheduled__2024-12-08T00:00:00+00:00 [queued]>
[2024-12-09T20:24:25.259+0000] {taskinstance.py:2613} INFO - Dependencies all met for dep_context=requeueable deps ti=<TaskInstance: example_branch_python_operator_decorator.branch_c scheduled__2024-12-08T00:00:00+00:00 [queued]>
[2024-12-09T20:24:25.260+0000] {taskinstance.py:2866} INFO - Starting attempt 1 of 1
[2024-12-09T20:24:25.283+0000] {taskinstance.py:2889} INFO - Executing <Task(_PythonDecoratedOperator): branch_c> on 2024-12-08 00:00:00+00:00
[2024-12-09T20:24:25.341+0000] {warnings.py:112} WARNING - /home/***/.local/lib/python3.12/site-packages/***/task/task_runner/standard_task_runner.py:70: DeprecationWarning: This process (pid=76) is multi-threaded, use of fork() may lead to deadlocks in the child.
  pid = os.fork()

[2024-12-09T20:24:25.347+0000] {standard_task_runner.py:72} INFO - Started process 104 to run task
[2024-12-09T20:24:25.352+0000] {standard_task_runner.py:104} INFO - Running: ['***', 'tasks', 'run', 'example_branch_python_operator_decorator', 'branch_c', 'scheduled__2024-12-08T00:00:00+00:00', '--job-id', '239', '--raw', '--subdir', '/home/***/.local/lib/python3.12/site-packages/***/example_dags/example_branch_operator_decorator.py', '--cfg-path', '/tmp/tmp34sirndb']
[2024-12-09T20:24:25.355+0000] {standard_task_runner.py:105} INFO - Job 239: Subtask branch_c
[2024-12-09T20:24:25.480+0000] {task_command.py:467} INFO - Running <TaskInstance: example_branch_python_operator_decorator.branch_c scheduled__2024-12-08T00:00:00+00:00 [running]> on host 8553af9ff67b
[2024-12-09T20:24:25.642+0000] {taskinstance.py:3132} INFO - Exporting env vars: AIRFLOW_CTX_DAG_OWNER='***' AIRFLOW_CTX_DAG_ID='example_branch_python_operator_decorator' AIRFLOW_CTX_TASK_ID='branch_c' AIRFLOW_CTX_EXECUTION_DATE='2024-12-08T00:00:00+00:00' AIRFLOW_CTX_TRY_NUMBER='1' AIRFLOW_CTX_DAG_RUN_ID='scheduled__2024-12-08T00:00:00+00:00'
[2024-12-09T20:24:25.645+0000] {logging_mixin.py:190} INFO - Task instance is in running state
[2024-12-09T20:24:25.647+0000] {logging_mixin.py:190} INFO -  Previous state of the Task instance: queued
[2024-12-09T20:24:25.648+0000] {logging_mixin.py:190} INFO - Current task name:branch_c state:running start_date:2024-12-09 20:24:25.243701+00:00
[2024-12-09T20:24:25.648+0000] {logging_mixin.py:190} INFO - Dag name:example_branch_python_operator_decorator and current dag run status:running
[2024-12-09T20:24:25.649+0000] {taskinstance.py:731} INFO - ::endgroup::
[2024-12-09T20:24:25.651+0000] {logging_mixin.py:190} INFO - doing something in Python
[2024-12-09T20:24:25.652+0000] {python.py:240} INFO - Done. Returned value was: None
[2024-12-09T20:24:25.674+0000] {taskinstance.py:340} INFO - ::group::Post task execution logs
[2024-12-09T20:24:25.675+0000] {taskinstance.py:352} INFO - Marking task as SUCCESS. dag_id=example_branch_python_operator_decorator, task_id=branch_c, run_id=scheduled__2024-12-08T00:00:00+00:00, execution_date=20241208T000000, start_date=20241209T202425, end_date=20241209T202425
[2024-12-09T20:24:25.690+0000] {logging_mixin.py:190} INFO - Task instance in success state
[2024-12-09T20:24:25.692+0000] {logging_mixin.py:190} INFO -  Previous state of the Task instance: running
[2024-12-09T20:24:25.694+0000] {logging_mixin.py:190} INFO - Dag name:example_branch_python_operator_decorator queued_at:2024-12-09 20:10:07.353973+00:00
[2024-12-09T20:24:25.694+0000] {logging_mixin.py:190} INFO - Task hostname:8553af9ff67b operator:_PythonDecoratedOperator
[2024-12-09T20:24:25.731+0000] {local_task_job_runner.py:266} INFO - Task exited with return code 0
[2024-12-09T20:24:25.803+0000] {taskinstance.py:3895} INFO - 0 downstream tasks scheduled from follow-on schedule check
[2024-12-09T20:24:25.810+0000] {local_task_job_runner.py:245} INFO - ::endgroup::
