[2024-12-09T20:10:15.979+0000] {local_task_job_runner.py:123} INFO - ::group::Pre task execution logs
[2024-12-09T20:10:16.013+0000] {taskinstance.py:2613} INFO - Dependencies all met for dep_context=non-requeueable deps ti=<TaskInstance: tutorial.print_date scheduled__2024-12-08T00:00:00+00:00 [queued]>
[2024-12-09T20:10:16.043+0000] {taskinstance.py:2613} INFO - Dependencies all met for dep_context=requeueable deps ti=<TaskInstance: tutorial.print_date scheduled__2024-12-08T00:00:00+00:00 [queued]>
[2024-12-09T20:10:16.047+0000] {taskinstance.py:2866} INFO - Starting attempt 1 of 2
[2024-12-09T20:10:16.074+0000] {taskinstance.py:2889} INFO - Executing <Task(BashOperator): print_date> on 2024-12-08 00:00:00+00:00
[2024-12-09T20:10:16.088+0000] {warnings.py:112} WARNING - /home/***/.local/lib/python3.12/site-packages/***/task/task_runner/standard_task_runner.py:70: DeprecationWarning: This process (pid=86) is multi-threaded, use of fork() may lead to deadlocks in the child.
  pid = os.fork()

[2024-12-09T20:10:16.090+0000] {standard_task_runner.py:72} INFO - Started process 118 to run task
[2024-12-09T20:10:16.091+0000] {standard_task_runner.py:104} INFO - Running: ['***', 'tasks', 'run', 'tutorial', 'print_date', 'scheduled__2024-12-08T00:00:00+00:00', '--job-id', '231', '--raw', '--subdir', '/home/***/.local/lib/python3.12/site-packages/***/example_dags/tutorial.py', '--cfg-path', '/tmp/tmpcxa4juau']
[2024-12-09T20:10:16.093+0000] {standard_task_runner.py:105} INFO - Job 231: Subtask print_date
[2024-12-09T20:10:16.181+0000] {task_command.py:467} INFO - Running <TaskInstance: tutorial.print_date scheduled__2024-12-08T00:00:00+00:00 [running]> on host 8553af9ff67b
[2024-12-09T20:10:16.345+0000] {taskinstance.py:3132} INFO - Exporting env vars: AIRFLOW_CTX_DAG_EMAIL='***@example.com' AIRFLOW_CTX_DAG_OWNER='***' AIRFLOW_CTX_DAG_ID='tutorial' AIRFLOW_CTX_TASK_ID='print_date' AIRFLOW_CTX_EXECUTION_DATE='2024-12-08T00:00:00+00:00' AIRFLOW_CTX_TRY_NUMBER='1' AIRFLOW_CTX_DAG_RUN_ID='scheduled__2024-12-08T00:00:00+00:00'
[2024-12-09T20:10:16.348+0000] {logging_mixin.py:190} INFO - Task instance is in running state
[2024-12-09T20:10:16.349+0000] {logging_mixin.py:190} INFO -  Previous state of the Task instance: queued
[2024-12-09T20:10:16.350+0000] {logging_mixin.py:190} INFO - Current task name:print_date state:running start_date:2024-12-09 20:10:16.015660+00:00
[2024-12-09T20:10:16.350+0000] {logging_mixin.py:190} INFO - Dag name:tutorial and current dag run status:running
[2024-12-09T20:10:16.351+0000] {taskinstance.py:731} INFO - ::endgroup::
[2024-12-09T20:10:16.352+0000] {subprocess.py:78} INFO - Tmp dir root location: /tmp
[2024-12-09T20:10:16.353+0000] {subprocess.py:88} INFO - Running command: ['/usr/bin/bash', '-c', 'date']
[2024-12-09T20:10:16.368+0000] {subprocess.py:99} INFO - Output:
[2024-12-09T20:10:16.375+0000] {subprocess.py:106} INFO - Mon Dec  9 20:10:16 UTC 2024
[2024-12-09T20:10:16.376+0000] {subprocess.py:110} INFO - Command exited with return code 0
[2024-12-09T20:10:16.407+0000] {taskinstance.py:340} INFO - ::group::Post task execution logs
[2024-12-09T20:10:16.408+0000] {taskinstance.py:352} INFO - Marking task as SUCCESS. dag_id=tutorial, task_id=print_date, run_id=scheduled__2024-12-08T00:00:00+00:00, execution_date=20241208T000000, start_date=20241209T201016, end_date=20241209T201016
[2024-12-09T20:10:16.420+0000] {logging_mixin.py:190} INFO - Task instance in success state
[2024-12-09T20:10:16.421+0000] {logging_mixin.py:190} INFO -  Previous state of the Task instance: running
[2024-12-09T20:10:16.421+0000] {logging_mixin.py:190} INFO - Dag name:tutorial queued_at:2024-12-09 20:10:07.342959+00:00
[2024-12-09T20:10:16.422+0000] {logging_mixin.py:190} INFO - Task hostname:8553af9ff67b operator:BashOperator
[2024-12-09T20:10:16.470+0000] {local_task_job_runner.py:266} INFO - Task exited with return code 0
[2024-12-09T20:10:16.497+0000] {taskinstance.py:3895} INFO - 2 downstream tasks scheduled from follow-on schedule check
[2024-12-09T20:10:16.499+0000] {local_task_job_runner.py:245} INFO - ::endgroup::
