[2024-12-07T20:07:14.533+0000] {local_task_job_runner.py:123} INFO - ::group::Pre task execution logs
[2024-12-07T20:07:14.560+0000] {taskinstance.py:2613} INFO - Dependencies all met for dep_context=non-requeueable deps ti=<TaskInstance: example_branch_python_operator_decorator.branching scheduled__2024-12-06T00:00:00+00:00 [queued]>
[2024-12-07T20:07:14.572+0000] {taskinstance.py:2613} INFO - Dependencies all met for dep_context=requeueable deps ti=<TaskInstance: example_branch_python_operator_decorator.branching scheduled__2024-12-06T00:00:00+00:00 [queued]>
[2024-12-07T20:07:14.573+0000] {taskinstance.py:2866} INFO - Starting attempt 1 of 1
[2024-12-07T20:07:14.598+0000] {taskinstance.py:2889} INFO - Executing <Task(_BranchPythonDecoratedOperator): branching> on 2024-12-06 00:00:00+00:00
[2024-12-07T20:07:14.625+0000] {warnings.py:112} WARNING - /home/***/.local/lib/python3.12/site-packages/***/task/task_runner/standard_task_runner.py:70: DeprecationWarning: This process (pid=76) is multi-threaded, use of fork() may lead to deadlocks in the child.
  pid = os.fork()

[2024-12-07T20:07:14.627+0000] {standard_task_runner.py:72} INFO - Started process 93 to run task
[2024-12-07T20:07:14.633+0000] {standard_task_runner.py:104} INFO - Running: ['***', 'tasks', 'run', 'example_branch_python_operator_decorator', 'branching', 'scheduled__2024-12-06T00:00:00+00:00', '--job-id', '193', '--raw', '--subdir', '/home/***/.local/lib/python3.12/site-packages/***/example_dags/example_branch_operator_decorator.py', '--cfg-path', '/tmp/tmp6i3u8t2w']
[2024-12-07T20:07:14.636+0000] {standard_task_runner.py:105} INFO - Job 193: Subtask branching
[2024-12-07T20:07:15.102+0000] {task_command.py:467} INFO - Running <TaskInstance: example_branch_python_operator_decorator.branching scheduled__2024-12-06T00:00:00+00:00 [running]> on host 8553af9ff67b
[2024-12-07T20:07:15.198+0000] {taskinstance.py:3132} INFO - Exporting env vars: AIRFLOW_CTX_DAG_OWNER='***' AIRFLOW_CTX_DAG_ID='example_branch_python_operator_decorator' AIRFLOW_CTX_TASK_ID='branching' AIRFLOW_CTX_EXECUTION_DATE='2024-12-06T00:00:00+00:00' AIRFLOW_CTX_TRY_NUMBER='1' AIRFLOW_CTX_DAG_RUN_ID='scheduled__2024-12-06T00:00:00+00:00'
[2024-12-07T20:07:15.199+0000] {logging_mixin.py:190} INFO - Task instance is in running state
[2024-12-07T20:07:15.200+0000] {logging_mixin.py:190} INFO -  Previous state of the Task instance: queued
[2024-12-07T20:07:15.200+0000] {logging_mixin.py:190} INFO - Current task name:branching state:running start_date:2024-12-07 20:07:14.561098+00:00
[2024-12-07T20:07:15.201+0000] {logging_mixin.py:190} INFO - Dag name:example_branch_python_operator_decorator and current dag run status:running
[2024-12-07T20:07:15.201+0000] {taskinstance.py:731} INFO - ::endgroup::
[2024-12-07T20:07:15.202+0000] {python.py:240} INFO - Done. Returned value was: branch_d
[2024-12-07T20:07:15.203+0000] {branch.py:38} INFO - Branch into branch_d
[2024-12-07T20:07:15.203+0000] {skipmixin.py:230} INFO - Following branch ('branch_d',)
[2024-12-07T20:07:15.220+0000] {skipmixin.py:278} INFO - Skipping tasks [('branch_c', -1), ('branch_a', -1), ('branch_b', -1)]
[2024-12-07T20:07:15.257+0000] {taskinstance.py:340} INFO - ::group::Post task execution logs
[2024-12-07T20:07:15.258+0000] {taskinstance.py:352} INFO - Marking task as SUCCESS. dag_id=example_branch_python_operator_decorator, task_id=branching, run_id=scheduled__2024-12-06T00:00:00+00:00, execution_date=20241206T000000, start_date=20241207T200714, end_date=20241207T200715
[2024-12-07T20:07:15.269+0000] {logging_mixin.py:190} INFO - Task instance in success state
[2024-12-07T20:07:15.269+0000] {logging_mixin.py:190} INFO -  Previous state of the Task instance: running
[2024-12-07T20:07:15.270+0000] {logging_mixin.py:190} INFO - Dag name:example_branch_python_operator_decorator queued_at:2024-12-07 20:07:06.968261+00:00
[2024-12-07T20:07:15.270+0000] {logging_mixin.py:190} INFO - Task hostname:8553af9ff67b operator:_BranchPythonDecoratedOperator
[2024-12-07T20:07:15.287+0000] {local_task_job_runner.py:266} INFO - Task exited with return code 0
[2024-12-07T20:07:15.493+0000] {taskinstance.py:3895} INFO - 1 downstream tasks scheduled from follow-on schedule check
[2024-12-07T20:07:15.496+0000] {local_task_job_runner.py:245} INFO - ::endgroup::
