[2024-12-09T20:41:43.479+0000] {local_task_job_runner.py:123} INFO - ::group::Pre task execution logs
[2024-12-09T20:41:43.491+0000] {taskinstance.py:2613} INFO - Dependencies all met for dep_context=non-requeueable deps ti=<TaskInstance: etl_data_pipeline_mongodb_complex.transform_data manual__2024-12-09T20:41:33.882109+00:00 [queued]>
[2024-12-09T20:41:43.498+0000] {taskinstance.py:2613} INFO - Dependencies all met for dep_context=requeueable deps ti=<TaskInstance: etl_data_pipeline_mongodb_complex.transform_data manual__2024-12-09T20:41:33.882109+00:00 [queued]>
[2024-12-09T20:41:43.498+0000] {taskinstance.py:2866} INFO - Starting attempt 1 of 2
[2024-12-09T20:41:43.509+0000] {taskinstance.py:2889} INFO - Executing <Task(PythonOperator): transform_data> on 2024-12-09 20:41:33.882109+00:00
[2024-12-09T20:41:43.517+0000] {warnings.py:112} WARNING - /home/***/.local/lib/python3.12/site-packages/***/task/task_runner/standard_task_runner.py:70: DeprecationWarning: This process (pid=767) is multi-threaded, use of fork() may lead to deadlocks in the child.
  pid = os.fork()

[2024-12-09T20:41:43.519+0000] {standard_task_runner.py:72} INFO - Started process 769 to run task
[2024-12-09T20:41:43.519+0000] {standard_task_runner.py:104} INFO - Running: ['***', 'tasks', 'run', 'etl_data_pipeline_mongodb_complex', 'transform_data', 'manual__2024-12-09T20:41:33.882109+00:00', '--job-id', '311', '--raw', '--subdir', 'DAGS_FOLDER/etl_data_pipeline_mongodb_complex.py', '--cfg-path', '/tmp/tmpyx19p6o7']
[2024-12-09T20:41:43.520+0000] {standard_task_runner.py:105} INFO - Job 311: Subtask transform_data
[2024-12-09T20:41:43.563+0000] {task_command.py:467} INFO - Running <TaskInstance: etl_data_pipeline_mongodb_complex.transform_data manual__2024-12-09T20:41:33.882109+00:00 [running]> on host 8553af9ff67b
[2024-12-09T20:41:43.840+0000] {taskinstance.py:3132} INFO - Exporting env vars: AIRFLOW_CTX_DAG_OWNER='***' AIRFLOW_CTX_DAG_ID='etl_data_pipeline_mongodb_complex' AIRFLOW_CTX_TASK_ID='transform_data' AIRFLOW_CTX_EXECUTION_DATE='2024-12-09T20:41:33.882109+00:00' AIRFLOW_CTX_TRY_NUMBER='1' AIRFLOW_CTX_DAG_RUN_ID='manual__2024-12-09T20:41:33.882109+00:00'
[2024-12-09T20:41:43.841+0000] {logging_mixin.py:190} INFO - Task instance is in running state
[2024-12-09T20:41:43.841+0000] {logging_mixin.py:190} INFO -  Previous state of the Task instance: queued
[2024-12-09T20:41:43.842+0000] {logging_mixin.py:190} INFO - Current task name:transform_data state:running start_date:2024-12-09 20:41:43.492425+00:00
[2024-12-09T20:41:43.842+0000] {logging_mixin.py:190} INFO - Dag name:etl_data_pipeline_mongodb_complex and current dag run status:running
[2024-12-09T20:41:43.843+0000] {taskinstance.py:731} INFO - ::endgroup::
[2024-12-09T20:41:43.854+0000] {logging_mixin.py:190} INFO - Données brutes combinées :
[2024-12-09T20:41:43.871+0000] {logging_mixin.py:190} INFO -   Month   "1958"   "1959"   "1960"  ...  "Test3"  "Test4"  "Final"  "Grade"
0   JAN    340.0    360.0    417.0  ...      NaN      NaN     None     None
1   FEB    318.0    342.0    391.0  ...      NaN      NaN     None     None
2   MAR    362.0    406.0    419.0  ...      NaN      NaN     None     None
3   APR    348.0    396.0    461.0  ...      NaN      NaN     None     None
4   MAY    363.0    420.0    472.0  ...      NaN      NaN     None     None

[5 rows x 13 columns]
[2024-12-09T20:41:43.902+0000] {logging_mixin.py:190} INFO -    Month   "1958"   "1959"   "1960"  ...  "Test3"  "Test4"   "Final"  "Grade"
0    JAN    340.0    360.0    417.0  ...      NaN      NaN      None     None
1    FEB    318.0    342.0    391.0  ...      NaN      NaN      None     None
2    MAR    362.0    406.0    419.0  ...      NaN      NaN      None     None
3    APR    348.0    396.0    461.0  ...      NaN      NaN      None     None
4    MAY    363.0    420.0    472.0  ...      NaN      NaN      None     None
5    JUN    435.0    472.0    535.0  ...      NaN      NaN      None     None
6    JUL    491.0    548.0    622.0  ...      NaN      NaN      None     None
7    AUG    505.0    559.0    606.0  ...      NaN      NaN      None     None
8    SEP    404.0    463.0    508.0  ...      NaN      NaN      None     None
9    OCT    359.0    407.0    461.0  ...      NaN      NaN      None     None
10   NOV    310.0    362.0    390.0  ...      NaN      NaN      None     None
11   DEC    337.0    405.0    432.0  ...      NaN      NaN      None     None
12  None      NaN      NaN      NaN  ...    100.0     83.0      49.0     "D-"
13  None      NaN      NaN      NaN  ...     96.0     97.0      48.0     "D+"
14  None      NaN      NaN      NaN  ...     60.0     40.0      44.0      "C"
15  None      NaN      NaN      NaN  ...     36.0     45.0      47.0     "B-"
16  None      NaN      NaN      NaN  ...     88.0     77.0      45.0     "A-"
17  None      NaN      NaN      NaN  ...     80.0     90.0      46.0     "C-"
18  None      NaN      NaN      NaN  ...     -1.0      4.0      43.0      "F"
19  None      NaN      NaN      NaN  ...     30.0     40.0      50.0     "B+"
20  None      NaN      NaN      NaN  ...    100.0     83.0       "A"     None
21  None      NaN      NaN      NaN  ...     97.0     96.0      97.0     "A+"
22  None      NaN      NaN      NaN  ...     80.0     60.0      40.0     "D+"
23  None      NaN      NaN      NaN  ...     23.0     36.0      45.0     "C+"
24  None      NaN      NaN      NaN  ...     78.0     88.0      77.0     "B-"
25  None      NaN      NaN      NaN  ...     90.0     80.0      90.0     "B-"
26  None      NaN      NaN      NaN  ...     11.0     -1.0       4.0      "B"
27  None      NaN      NaN      NaN  ...     20.0     30.0      40.0      "C"

[28 rows x 13 columns]
[2024-12-09T20:41:43.903+0000] {logging_mixin.py:190} INFO - Données nettoyées et sauvegardées sous /tmp/cleaned_data.json
[2024-12-09T20:41:43.903+0000] {python.py:240} INFO - Done. Returned value was: {'nb_lignes': 28}
[2024-12-09T20:41:43.921+0000] {taskinstance.py:340} INFO - ::group::Post task execution logs
[2024-12-09T20:41:43.922+0000] {taskinstance.py:352} INFO - Marking task as SUCCESS. dag_id=etl_data_pipeline_mongodb_complex, task_id=transform_data, run_id=manual__2024-12-09T20:41:33.882109+00:00, execution_date=20241209T204133, start_date=20241209T204143, end_date=20241209T204143
[2024-12-09T20:41:43.931+0000] {logging_mixin.py:190} INFO - Task instance in success state
[2024-12-09T20:41:43.931+0000] {logging_mixin.py:190} INFO -  Previous state of the Task instance: running
[2024-12-09T20:41:43.932+0000] {logging_mixin.py:190} INFO - Dag name:etl_data_pipeline_mongodb_complex queued_at:2024-12-09 20:41:33.893261+00:00
[2024-12-09T20:41:43.932+0000] {logging_mixin.py:190} INFO - Task hostname:8553af9ff67b operator:PythonOperator
[2024-12-09T20:41:43.974+0000] {local_task_job_runner.py:266} INFO - Task exited with return code 0
[2024-12-09T20:41:44.133+0000] {taskinstance.py:3895} INFO - 1 downstream tasks scheduled from follow-on schedule check
[2024-12-09T20:41:44.136+0000] {local_task_job_runner.py:245} INFO - ::endgroup::
