[2024-12-07T20:07:18.092+0000] {local_task_job_runner.py:123} INFO - ::group::Pre task execution logs
[2024-12-07T20:07:18.120+0000] {taskinstance.py:2613} INFO - Dependencies all met for dep_context=non-requeueable deps ti=<TaskInstance: example_branch_python_operator_decorator.branch_b scheduled__2024-12-03T00:00:00+00:00 [queued]>
[2024-12-07T20:07:18.133+0000] {taskinstance.py:2613} INFO - Dependencies all met for dep_context=requeueable deps ti=<TaskInstance: example_branch_python_operator_decorator.branch_b scheduled__2024-12-03T00:00:00+00:00 [queued]>
[2024-12-07T20:07:18.134+0000] {taskinstance.py:2866} INFO - Starting attempt 1 of 1
[2024-12-07T20:07:18.149+0000] {taskinstance.py:2889} INFO - Executing <Task(_PythonDecoratedOperator): branch_b> on 2024-12-03 00:00:00+00:00
[2024-12-07T20:07:18.158+0000] {warnings.py:112} WARNING - /home/***/.local/lib/python3.12/site-packages/***/task/task_runner/standard_task_runner.py:70: DeprecationWarning: This process (pid=124) is multi-threaded, use of fork() may lead to deadlocks in the child.
  pid = os.fork()

[2024-12-07T20:07:18.160+0000] {standard_task_runner.py:72} INFO - Started process 147 to run task
[2024-12-07T20:07:18.161+0000] {standard_task_runner.py:104} INFO - Running: ['***', 'tasks', 'run', 'example_branch_python_operator_decorator', 'branch_b', 'scheduled__2024-12-03T00:00:00+00:00', '--job-id', '207', '--raw', '--subdir', '/home/***/.local/lib/python3.12/site-packages/***/example_dags/example_branch_operator_decorator.py', '--cfg-path', '/tmp/tmppu199ft4']
[2024-12-07T20:07:18.162+0000] {standard_task_runner.py:105} INFO - Job 207: Subtask branch_b
[2024-12-07T20:07:18.214+0000] {task_command.py:467} INFO - Running <TaskInstance: example_branch_python_operator_decorator.branch_b scheduled__2024-12-03T00:00:00+00:00 [running]> on host 8553af9ff67b
[2024-12-07T20:07:18.299+0000] {taskinstance.py:3132} INFO - Exporting env vars: AIRFLOW_CTX_DAG_OWNER='***' AIRFLOW_CTX_DAG_ID='example_branch_python_operator_decorator' AIRFLOW_CTX_TASK_ID='branch_b' AIRFLOW_CTX_EXECUTION_DATE='2024-12-03T00:00:00+00:00' AIRFLOW_CTX_TRY_NUMBER='1' AIRFLOW_CTX_DAG_RUN_ID='scheduled__2024-12-03T00:00:00+00:00'
[2024-12-07T20:07:18.300+0000] {logging_mixin.py:190} INFO - Task instance is in running state
[2024-12-07T20:07:18.301+0000] {logging_mixin.py:190} INFO -  Previous state of the Task instance: queued
[2024-12-07T20:07:18.301+0000] {logging_mixin.py:190} INFO - Current task name:branch_b state:running start_date:2024-12-07 20:07:18.121104+00:00
[2024-12-07T20:07:18.301+0000] {logging_mixin.py:190} INFO - Dag name:example_branch_python_operator_decorator and current dag run status:running
[2024-12-07T20:07:18.302+0000] {taskinstance.py:731} INFO - ::endgroup::
[2024-12-07T20:07:18.302+0000] {logging_mixin.py:190} INFO - doing something in Python
[2024-12-07T20:07:18.303+0000] {python.py:240} INFO - Done. Returned value was: None
[2024-12-07T20:07:18.313+0000] {taskinstance.py:340} INFO - ::group::Post task execution logs
[2024-12-07T20:07:18.314+0000] {taskinstance.py:352} INFO - Marking task as SUCCESS. dag_id=example_branch_python_operator_decorator, task_id=branch_b, run_id=scheduled__2024-12-03T00:00:00+00:00, execution_date=20241203T000000, start_date=20241207T200718, end_date=20241207T200718
[2024-12-07T20:07:18.322+0000] {logging_mixin.py:190} INFO - Task instance in success state
[2024-12-07T20:07:18.322+0000] {logging_mixin.py:190} INFO -  Previous state of the Task instance: running
[2024-12-07T20:07:18.322+0000] {logging_mixin.py:190} INFO - Dag name:example_branch_python_operator_decorator queued_at:2024-12-07 20:07:05.619403+00:00
[2024-12-07T20:07:18.323+0000] {logging_mixin.py:190} INFO - Task hostname:8553af9ff67b operator:_PythonDecoratedOperator
[2024-12-07T20:07:18.336+0000] {local_task_job_runner.py:266} INFO - Task exited with return code 0
[2024-12-07T20:07:18.349+0000] {local_task_job_runner.py:245} INFO - ::endgroup::
