[2024-12-09T20:37:20.037+0000] {local_task_job_runner.py:123} INFO - ::group::Pre task execution logs
[2024-12-09T20:37:20.056+0000] {taskinstance.py:2613} INFO - Dependencies all met for dep_context=non-requeueable deps ti=<TaskInstance: etl_data_pipeline_mongodb_complex.combine_sources manual__2024-12-09T20:37:12.390123+00:00 [queued]>
[2024-12-09T20:37:20.066+0000] {taskinstance.py:2613} INFO - Dependencies all met for dep_context=requeueable deps ti=<TaskInstance: etl_data_pipeline_mongodb_complex.combine_sources manual__2024-12-09T20:37:12.390123+00:00 [queued]>
[2024-12-09T20:37:20.067+0000] {taskinstance.py:2866} INFO - Starting attempt 1 of 2
[2024-12-09T20:37:20.082+0000] {taskinstance.py:2889} INFO - Executing <Task(PythonOperator): combine_sources> on 2024-12-09 20:37:12.390123+00:00
[2024-12-09T20:37:20.091+0000] {warnings.py:112} WARNING - /home/***/.local/lib/python3.12/site-packages/***/task/task_runner/standard_task_runner.py:70: DeprecationWarning: This process (pid=608) is multi-threaded, use of fork() may lead to deadlocks in the child.
  pid = os.fork()

[2024-12-09T20:37:20.092+0000] {standard_task_runner.py:72} INFO - Started process 617 to run task
[2024-12-09T20:37:20.094+0000] {standard_task_runner.py:104} INFO - Running: ['***', 'tasks', 'run', 'etl_data_pipeline_mongodb_complex', 'combine_sources', 'manual__2024-12-09T20:37:12.390123+00:00', '--job-id', '287', '--raw', '--subdir', 'DAGS_FOLDER/etl_data_pipeline_mongodb_complex.py', '--cfg-path', '/tmp/tmpff3b6kiz']
[2024-12-09T20:37:20.095+0000] {standard_task_runner.py:105} INFO - Job 287: Subtask combine_sources
[2024-12-09T20:37:20.350+0000] {task_command.py:467} INFO - Running <TaskInstance: etl_data_pipeline_mongodb_complex.combine_sources manual__2024-12-09T20:37:12.390123+00:00 [running]> on host 8553af9ff67b
[2024-12-09T20:37:20.419+0000] {taskinstance.py:3132} INFO - Exporting env vars: AIRFLOW_CTX_DAG_OWNER='***' AIRFLOW_CTX_DAG_ID='etl_data_pipeline_mongodb_complex' AIRFLOW_CTX_TASK_ID='combine_sources' AIRFLOW_CTX_EXECUTION_DATE='2024-12-09T20:37:12.390123+00:00' AIRFLOW_CTX_TRY_NUMBER='1' AIRFLOW_CTX_DAG_RUN_ID='manual__2024-12-09T20:37:12.390123+00:00'
[2024-12-09T20:37:20.420+0000] {logging_mixin.py:190} INFO - Task instance is in running state
[2024-12-09T20:37:20.421+0000] {logging_mixin.py:190} INFO -  Previous state of the Task instance: queued
[2024-12-09T20:37:20.421+0000] {logging_mixin.py:190} INFO - Current task name:combine_sources state:running start_date:2024-12-09 20:37:20.057366+00:00
[2024-12-09T20:37:20.421+0000] {logging_mixin.py:190} INFO - Dag name:etl_data_pipeline_mongodb_complex and current dag run status:running
[2024-12-09T20:37:20.422+0000] {taskinstance.py:731} INFO - ::endgroup::
[2024-12-09T20:37:20.434+0000] {logging_mixin.py:190} INFO -    Month   "1958"   "1959"   "1960"
0    JAN      340      360      417
1    FEB      318      342      391
2    MAR      362      406      419
3    APR      348      396      461
4    MAY      363      420      472
5    JUN      435      472      535
6    JUL      491      548      622
7    AUG      505      559      606
8    SEP      404      463      508
9    OCT      359      407      461
10   NOV      310      362      390
11   DEC      337      405      432
[2024-12-09T20:37:20.450+0000] {logging_mixin.py:190} INFO -     Last name      "First name"  ...   "Final"  "Grade"
0     Alfalfa        "Aloysius"  ...      49.0     "D-"
1      Alfred      "University"  ...      48.0     "D+"
2       Gerty          "Gramma"  ...      44.0      "C"
3     Android        "Electric"  ...      47.0     "B-"
4     Bumpkin            "Fred"  ...      45.0     "A-"
5      Rubble           "Betty"  ...      46.0     "C-"
6      Noshow           "Cecil"  ...      43.0      "F"
7        Buff             "Bif"  ...      50.0     "B+"
8     Airpump          "Andrew"  ...       "A"      NaN
9      Backus             "Jim"  ...      97.0     "A+"
10  Carnivore             "Art"  ...      40.0     "D+"
11      Dandy             "Jim"  ...      45.0     "C+"
12   Elephant             "Ima"  ...      77.0     "B-"
13   Franklin           "Benny"  ...      90.0     "B-"
14     George             "Boy"  ...       4.0      "B"
15  Heffalump          "Harvey"  ...      40.0      "C"

[16 rows x 9 columns]
[2024-12-09T20:37:20.486+0000] {logging_mixin.py:190} INFO -    Month   "1958"   "1959"   "1960"  ...  "Test3"  "Test4"   "Final"  "Grade"
0    JAN    340.0    360.0    417.0  ...      NaN      NaN       NaN      NaN
1    FEB    318.0    342.0    391.0  ...      NaN      NaN       NaN      NaN
2    MAR    362.0    406.0    419.0  ...      NaN      NaN       NaN      NaN
3    APR    348.0    396.0    461.0  ...      NaN      NaN       NaN      NaN
4    MAY    363.0    420.0    472.0  ...      NaN      NaN       NaN      NaN
5    JUN    435.0    472.0    535.0  ...      NaN      NaN       NaN      NaN
6    JUL    491.0    548.0    622.0  ...      NaN      NaN       NaN      NaN
7    AUG    505.0    559.0    606.0  ...      NaN      NaN       NaN      NaN
8    SEP    404.0    463.0    508.0  ...      NaN      NaN       NaN      NaN
9    OCT    359.0    407.0    461.0  ...      NaN      NaN       NaN      NaN
10   NOV    310.0    362.0    390.0  ...      NaN      NaN       NaN      NaN
11   DEC    337.0    405.0    432.0  ...      NaN      NaN       NaN      NaN
12   NaN      NaN      NaN      NaN  ...    100.0     83.0      49.0     "D-"
13   NaN      NaN      NaN      NaN  ...     96.0     97.0      48.0     "D+"
14   NaN      NaN      NaN      NaN  ...     60.0     40.0      44.0      "C"
15   NaN      NaN      NaN      NaN  ...     36.0     45.0      47.0     "B-"
16   NaN      NaN      NaN      NaN  ...     88.0     77.0      45.0     "A-"
17   NaN      NaN      NaN      NaN  ...     80.0     90.0      46.0     "C-"
18   NaN      NaN      NaN      NaN  ...     -1.0      4.0      43.0      "F"
19   NaN      NaN      NaN      NaN  ...     30.0     40.0      50.0     "B+"
20   NaN      NaN      NaN      NaN  ...    100.0     83.0       "A"      NaN
21   NaN      NaN      NaN      NaN  ...     97.0     96.0      97.0     "A+"
22   NaN      NaN      NaN      NaN  ...     80.0     60.0      40.0     "D+"
23   NaN      NaN      NaN      NaN  ...     23.0     36.0      45.0     "C+"
24   NaN      NaN      NaN      NaN  ...     78.0     88.0      77.0     "B-"
25   NaN      NaN      NaN      NaN  ...     90.0     80.0      90.0     "B-"
26   NaN      NaN      NaN      NaN  ...     11.0     -1.0       4.0      "B"
27   NaN      NaN      NaN      NaN  ...     20.0     30.0      40.0      "C"

[28 rows x 13 columns]
[2024-12-09T20:37:20.486+0000] {logging_mixin.py:190} INFO - Données combinées et sauvegardées sous /tmp/combined_data.json
[2024-12-09T20:37:20.487+0000] {python.py:240} INFO - Done. Returned value was: None
[2024-12-09T20:37:20.496+0000] {taskinstance.py:340} INFO - ::group::Post task execution logs
[2024-12-09T20:37:20.497+0000] {taskinstance.py:352} INFO - Marking task as SUCCESS. dag_id=etl_data_pipeline_mongodb_complex, task_id=combine_sources, run_id=manual__2024-12-09T20:37:12.390123+00:00, execution_date=20241209T203712, start_date=20241209T203720, end_date=20241209T203720
[2024-12-09T20:37:20.505+0000] {logging_mixin.py:190} INFO - Task instance in success state
[2024-12-09T20:37:20.506+0000] {logging_mixin.py:190} INFO -  Previous state of the Task instance: running
[2024-12-09T20:37:20.506+0000] {logging_mixin.py:190} INFO - Dag name:etl_data_pipeline_mongodb_complex queued_at:2024-12-09 20:37:12.397216+00:00
[2024-12-09T20:37:20.506+0000] {logging_mixin.py:190} INFO - Task hostname:8553af9ff67b operator:PythonOperator
[2024-12-09T20:37:20.548+0000] {local_task_job_runner.py:266} INFO - Task exited with return code 0
[2024-12-09T20:37:20.743+0000] {taskinstance.py:3895} INFO - 1 downstream tasks scheduled from follow-on schedule check
[2024-12-09T20:37:20.746+0000] {local_task_job_runner.py:245} INFO - ::endgroup::
